<?xml version="1.0" encoding="utf-8"?>
<Events>
<Event xmlns="http://schemas.microsoft.com/win/2004/08/events/event">
  <System>
    <Provider Name="Microsoft-Windows-Sysmon" Guid="{5770385f-c22a-43e0-bf4c-06f5698ffbd9}"/>
    <EventID>1</EventID>
    <Version>5</Version>
    <Level>4</Level>
    <Task>1</Task>
    <Opcode>0</Opcode>
    <Keywords>0x8000000000000000</Keywords>
    <TimeCreated SystemTime="2024-06-11T13:01:29.2753736Z"/>
    <EventRecordID>1013154</EventRecordID>
    <Correlation/>
    <Execution ProcessID="2800" ThreadID="3936"/>
    <Channel>Microsoft-Windows-Sysmon/Operational</Channel>
    <Computer>FILE-01.meridianledger.local</Computer>
    <Security UserID="S-1-5-18"/>
  </System>
  <EventData>
    
    <Data Name="RuleName">-</Data>
    <Data Name="UtcTime">2024-06-11 13:01:29.274</Data>
    <Data Name="ProcessGuid">{4a53743f-4aa9-6668-9002-0010a9026e84}</Data>
    <Data Name="ProcessId">6892</Data>
    <Data Name="Image">C:\Windows\System32\dllhost.exe</Data>
    <Data Name="FileVersion">10.0.20348.1</Data>
    <Data Name="Description">COM Surrogate</Data>
    <Data Name="Product">Microsoft Windows Operating System</Data>
    <Data Name="Company">Microsoft Corporation</Data>
    <Data Name="OriginalFileName">dllhost.exe</Data>
    <Data Name="CommandLine">dllhost.exe /Processid:{3EB3C877-1F16-487C-9050-104DBCD66683}</Data>
    <Data Name="CurrentDirectory">C:\Windows\System32\</Data>
    <Data Name="User">NT AUTHORITY\SYSTEM</Data>
    <Data Name="LogonGuid">{00000000-0000-0000-0000-000000000000}</Data>
    <Data Name="LogonId">0x3e7</Data>
    <Data Name="TerminalSessionId">0</Data>
    <Data Name="IntegrityLevel">System</Data>
    <Data Name="Hashes">SHA1=30A1BB5B6488DA366EC6CB150CFBC5E1D38AE4EC,MD5=0CF8A7A200AB4EC5554D66B94C14DBF1,SHA256=7330E24D8462CB4C728FAFB454B8F7B81D74B116E290264CC3727466370C3B00,IMPHASH=32EF2A6E05BBEAE7E85E49CA7C70F08E</Data>
    <Data Name="ParentProcessGuid">{4a53743f-0459-6663-4900-0010ba9049ad}</Data>
    <Data Name="ParentProcessId">5756</Data>
    <Data Name="ParentImage">C:\Windows\System32\svchost.exe</Data>
    <Data Name="ParentCommandLine">svchost.exe -k DcomLaunch</Data>
    <Data Name="ParentUser">NT AUTHORITY\SYSTEM</Data>
    
  </EventData>
</Event>
<Event xmlns="http://schemas.microsoft.com/win/2004/08/events/event">
  <System>
    <Provider Name="Microsoft-Windows-Sysmon" Guid="{5770385f-c22a-43e0-bf4c-06f5698ffbd9}"/>
    <EventID>5</EventID>
    <Version>3</Version>
    <Level>4</Level>
    <Task>5</Task>
    <Opcode>0</Opcode>
    <Keywords>0x8000000000000000</Keywords>
    <TimeCreated SystemTime="2024-06-11T13:01:56.7214746Z"/>
    <EventRecordID>1013156</EventRecordID>
    <Correlation/>
    <Execution ProcessID="2800" ThreadID="3936"/>
    <Channel>Microsoft-Windows-Sysmon/Operational</Channel>
    <Computer>FILE-01.meridianledger.local</Computer>
    <Security UserID="S-1-5-18"/>
  </System>
  <EventData>
    
    <Data Name="RuleName">-</Data>
    <Data Name="UtcTime">2024-06-11 13:01:56.720</Data>
    <Data Name="ProcessGuid">{4a53743f-4aa9-6668-9002-0010a9026e84}</Data>
    <Data Name="ProcessId">6892</Data>
    <Data Name="Image">C:\Windows\System32\dllhost.exe</Data>
    <Data Name="User">NT AUTHORITY\SYSTEM</Data>
    
  </EventData>
</Event>
<Event xmlns="http://schemas.microsoft.com/win/2004/08/events/event">
  <System>
    <Provider Name="Microsoft-Windows-Sysmon" Guid="{5770385f-c22a-43e0-bf4c-06f5698ffbd9}"/>
    <EventID>10</EventID>
    <Version>3</Version>
    <Level>4</Level>
    <Task>10</Task>
    <Opcode>0</Opcode>
    <Keywords>0x8000000000000000</Keywords>
    <TimeCreated SystemTime="2024-06-11T13:02:40.3083255Z"/>
    <EventRecordID>1013158</EventRecordID>
    <Correlation/>
    <Execution ProcessID="2800" ThreadID="1492"/>
    <Channel>Microsoft-Windows-Sysmon/Operational</Channel>
    <Computer>FILE-01.meridianledger.local</Computer>
    <Security UserID="S-1-5-18"/>
  </System>
  <EventData>
    
    <Data Name="RuleName">-</Data>
    <Data Name="UtcTime">2024-06-11 13:02:40.306</Data>
    <Data Name="SourceProcessGUID">{4a53743f-0462-6663-9b02-0000a74c1fe0}</Data>
    <Data Name="SourceProcessId">5916</Data>
    <Data Name="SourceThreadId">13000</Data>
    <Data Name="SourceImage">C:\ProgramData\Microsoft\Windows Defender\Platform\4.18.2301.6-0\MsMpEng.exe</Data>
    <Data Name="TargetProcessGUID">{4a53743f-045a-6663-5802-00006ec721e5}</Data>
    <Data Name="TargetProcessId">5804</Data>
    <Data Name="TargetImage">C:\Windows\System32\svchost.exe</Data>
    <Data Name="GrantedAccess">0x1010</Data>
    <Data Name="CallTrace">C:\Windows\SYSTEM32\ntdll.dll+9EAAE|C:\Windows\SYSTEM32\KERNELBASE.dll+2EAD1|C:\Windows\SYSTEM32\advapi32.dll+4BCAB</Data>
    <Data Name="SourceUser">NT AUTHORITY\SYSTEM</Data>
    <Data Name="TargetUser">NT AUTHORITY\NETWORK SERVICE</Data>
    
  </EventData>
</Event>
<Event xmlns="http://schemas.microsoft.com/win/2004/08/events/event">
  <System>
    <Provider Name="Microsoft-Windows-Sysmon" Guid="{5770385f-c22a-43e0-bf4c-06f5698ffbd9}"/>
    <EventID>10</EventID>
    <Version>3</Version>
    <Level>4</Level>
    <Task>10</Task>
    <Opcode>0</Opcode>
    <Keywords>0x8000000000000000</Keywords>
    <TimeCreated SystemTime="2024-06-11T13:03:09.2162231Z"/>
    <EventRecordID>1013159</EventRecordID>
    <Correlation/>
    <Execution ProcessID="2800" ThreadID="1492"/>
    <Channel>Microsoft-Windows-Sysmon/Operational</Channel>
    <Computer>FILE-01.meridianledger.local</Computer>
    <Security UserID="S-1-5-18"/>
  </System>
  <EventData>
    
    <Data Name="RuleName">-</Data>
    <Data Name="UtcTime">2024-06-11 13:03:09.212</Data>
    <Data Name="SourceProcessGUID">{4a53743f-045a-6663-ee00-00101e9df102}</Data>
    <Data Name="SourceProcessId">5792</Data>
    <Data Name="SourceThreadId">12688</Data>
    <Data Name="SourceImage">C:\Windows\System32\svchost.exe</Data>
    <Data Name="TargetProcessGUID">{4a53743f-0456-6663-f902-0010b5b23e63}</Data>
    <Data Name="TargetProcessId">5736</Data>
    <Data Name="TargetImage">C:\Windows\System32\lsass.exe</Data>
    <Data Name="GrantedAccess">0x1010</Data>
    <Data Name="CallTrace">C:\Windows\SYSTEM32\ntdll.dll+9C334|C:\Windows\SYSTEM32\RPCRT4.dll+7EFBC|C:\Windows\SYSTEM32\KERNELBASE.dll+2E3B5</Data>
    <Data Name="SourceUser">NT AUTHORITY\SYSTEM</Data>
    <Data Name="TargetUser">NT AUTHORITY\SYSTEM</Data>
    
  </EventData>
</Event>
<Event xmlns="http://schemas.microsoft.com/win/2004/08/events/event">
  <System>
    <Provider Name="Microsoft-Windows-Sysmon" Guid="{5770385f-c22a-43e0-bf4c-06f5698ffbd9}"/>
    <EventID>10</EventID>
    <Version>3</Version>
    <Level>4</Level>
    <Task>10</Task>
    <Opcode>0</Opcode>
    <Keywords>0x8000000000000000</Keywords>
    <TimeCreated SystemTime="2024-06-11T13:04:05.9241233Z"/>
    <EventRecordID>1013161</EventRecordID>
    <Correlation/>
    <Execution ProcessID="2800" ThreadID="1492"/>
    <Channel>Microsoft-Windows-Sysmon/Operational</Channel>
    <Computer>FILE-01.meridianledger.local</Computer>
    <Security UserID="S-1-5-18"/>
  </System>
  <EventData>
    
    <Data Name="RuleName">-</Data>
    <Data Name="UtcTime">2024-06-11 13:04:05.923</Data>
    <Data Name="SourceProcessGUID">{4a53743f-0452-6663-fd00-00108e224e12}</Data>
    <Data Name="SourceProcessId">5668</Data>
    <Data Name="SourceThreadId">12568</Data>
    <Data Name="SourceImage">C:\Windows\System32\csrss.exe</Data>
    <Data Name="TargetProcessGUID">{4a53743f-045a-6663-ee00-00101e9df102}</Data>
    <Data Name="TargetProcessId">5792</Data>
    <Data Name="TargetImage">C:\Windows\System32\svchost.exe</Data>
    <Data Name="GrantedAccess">0x1000</Data>
    <Data Name="CallTrace">C:\Windows\SYSTEM32\ntdll.dll+9C456</Data>
    <Data Name="SourceUser">NT AUTHORITY\SYSTEM</Data>
    <Data Name="TargetUser">NT AUTHORITY\SYSTEM</Data>
    
  </EventData>
</Event>
<Event xmlns="http://schemas.microsoft.com/win/2004/08/events/event">
  <System>
    <Provider Name="Microsoft-Windows-Sysmon" Guid="{5770385f-c22a-43e0-bf4c-06f5698ffbd9}"/>
    <EventID>5</EventID>
    <Version>3</Version>
    <Level>4</Level>
    <Task>5</Task>
    <Opcode>0</Opcode>
    <Keywords>0x8000000000000000</Keywords>
    <TimeCreated SystemTime="2024-06-11T13:05:38.2982116Z"/>
    <EventRecordID>1013164</EventRecordID>
    <Correlation/>
    <Execution ProcessID="2800" ThreadID="4316"/>
    <Channel>Microsoft-Windows-Sysmon/Operational</Channel>
    <Computer>FILE-01.meridianledger.local</Computer>
    <Security UserID="S-1-5-18"/>
  </System>
  <EventData>
    
    <Data Name="RuleName">-</Data>
    <Data Name="UtcTime">2024-06-11 13:05:38.297</Data>
    <Data Name="ProcessGuid">{4a53743f-48bf-6668-2700-0000322e54d3}</Data>
    <Data Name="ProcessId">6724</Data>
    <Data Name="Image">C:\Windows\System32\wbem\WmiPrvSE.exe</Data>
    <Data Name="User">NT AUTHORITY\SYSTEM</Data>
    
  </EventData>
</Event>
<Event xmlns="http://schemas.microsoft.com/win/2004/08/events/event">
  <System>
    <Provider Name="Microsoft-Windows-Sysmon" Guid="{5770385f-c22a-43e0-bf4c-06f5698ffbd9}"/>
    <EventID>5</EventID>
    <Version>3</Version>
    <Level>4</Level>
    <Task>5</Task>
    <Opcode>0</Opcode>
    <Keywords>0x8000000000000000</Keywords>
    <TimeCreated SystemTime="2024-06-11T13:06:14.4279088Z"/>
    <EventRecordID>1013165</EventRecordID>
    <Correlation/>
    <Execution ProcessID="2800" ThreadID="4316"/>
    <Channel>Microsoft-Windows-Sysmon/Operational</Channel>
    <Computer>FILE-01.meridianledger.local</Computer>
    <Security UserID="S-1-5-18"/>
  </System>
  <EventData>
    
    <Data Name="RuleName">-</Data>
    <Data Name="UtcTime">2024-06-11 13:06:14.425</Data>
    <Data Name="ProcessGuid">{4a53743f-4a4c-6668-d100-0010a5b73cfb}</Data>
    <Data Name="ProcessId">6788</Data>
    <Data Name="Image">C:\Windows\System32\wbem\WmiPrvSE.exe</Data>
    <Data Name="User">NT AUTHORITY\SYSTEM</Data>
    
  </EventData>
</Event>
<Event xmlns="http://schemas.microsoft.com/win/2004/08/events/event">
  <System>
    <Provider Name="Microsoft-Windows-Sysmon" Guid="{5770385f-c22a-43e0-bf4c-06f5698ffbd9}"/>
    <EventID>10</EventID>
    <Version>3</Version>
    <Level>4</Level>
    <Task>10</Task>
    <Opcode>0</Opcode>
    <Keywords>0x8000000000000000</Keywords>
    <TimeCreated SystemTime="2024-06-11T13:07:51.0865940Z"/>
    <EventRecordID>1013167</EventRecordID>
    <Correlation/>
    <Execution ProcessID="2800" ThreadID="1516"/>
    <Channel>Microsoft-Windows-Sysmon/Operational</Channel>
    <Computer>FILE-01.meridianledger.local</Computer>
    <Security UserID="S-1-5-18"/>
  </System>
  <EventData>
    
    <Data Name="RuleName">-</Data>
    <Data Name="UtcTime">2024-06-11 13:07:51.085</Data>
    <Data Name="SourceProcessGUID">{4a53743f-0452-6663-fd00-00108e224e12}</Data>
    <Data Name="SourceProcessId">5668</Data>
    <Data Name="SourceThreadId">12568</Data>
    <Data Name="SourceImage">C:\Windows\System32\csrss.exe</Data>
    <Data Name="TargetProcessGUID">{4a53743f-045a-6663-ee00-00101e9df102}</Data>
    <Data Name="TargetProcessId">5792</Data>
    <Data Name="TargetImage">C:\Windows\System32\svchost.exe</Data>
    <Data Name="GrantedAccess">0x1400</Data>
    <Data Name="CallTrace">C:\Windows\SYSTEM32\ntdll.dll+9C456</Data>
    <Data Name="SourceUser">NT AUTHORITY\SYSTEM</Data>
    <Data Name="TargetUser">NT AUTHORITY\SYSTEM</Data>
    
  </EventData>
</Event>
<Event xmlns="http://schemas.microsoft.com/win/2004/08/events/event">
  <System>
    <Provider Name="Microsoft-Windows-Sysmon" Guid="{5770385f-c22a-43e0-bf4c-06f5698ffbd9}"/>
    <EventID>10</EventID>
    <Version>3</Version>
    <Level>4</Level>
    <Task>10</Task>
    <Opcode>0</Opcode>
    <Keywords>0x8000000000000000</Keywords>
    <TimeCreated SystemTime="2024-06-11T13:12:28.1367783Z"/>
    <EventRecordID>1013174</EventRecordID>
    <Correlation/>
    <Execution ProcessID="2800" ThreadID="1516"/>
    <Channel>Microsoft-Windows-Sysmon/Operational</Channel>
    <Computer>FILE-01.meridianledger.local</Computer>
    <Security UserID="S-1-5-18"/>
  </System>
  <EventData>
    
    <Data Name="RuleName">-</Data>
    <Data Name="UtcTime">2024-06-11 13:12:28.135</Data>
    <Data Name="SourceProcessGUID">{4a53743f-0465-6663-6102-0010fe528344}</Data>
    <Data Name="SourceProcessId">5988</Data>
    <Data Name="SourceThreadId">13064</Data>
    <Data Name="SourceImage">C:\Windows\System32\dllhost.exe</Data>
    <Data Name="TargetProcessGUID">{4a53743f-046b-6663-9400-001060505f31}</Data>
    <Data Name="TargetProcessId">6132</Data>
    <Data Name="TargetImage">C:\Windows\System32\winlogon.exe</Data>
    <Data Name="GrantedAccess">0x0400</Data>
    <Data Name="CallTrace">C:\Windows\SYSTEM32\ntdll.dll+9E6AA|C:\Windows\SYSTEM32\KERNELBASE.dll+2C0D4</Data>
    <Data Name="SourceUser">NT AUTHORITY\SYSTEM</Data>
    <Data Name="TargetUser">NT AUTHORITY\SYSTEM</Data>
    
  </EventData>
</Event>
<Event xmlns="http://schemas.microsoft.com/win/2004/08/events/event">
  <System>
    <Provider Name="Microsoft-Windows-Sysmon" Guid="{5770385f-c22a-43e0-bf4c-06f5698ffbd9}"/>
    <EventID>1</EventID>
    <Version>5</Version>
    <Level>4</Level>
    <Task>1</Task>
    <Opcode>0</Opcode>
    <Keywords>0x8000000000000000</Keywords>
    <TimeCreated SystemTime="2024-06-11T13:15:03.5658488Z"/>
    <EventRecordID>1013177</EventRecordID>
    <Correlation/>
    <Execution ProcessID="2800" ThreadID="4316"/>
    <Channel>Microsoft-Windows-Sysmon/Operational</Channel>
    <Computer>FILE-01.meridianledger.local</Computer>
    <Security UserID="S-1-5-18"/>
  </System>
  <EventData>
    
    <Data Name="RuleName">-</Data>
    <Data Name="UtcTime">2024-06-11 13:15:03.565</Data>
    <Data Name="ProcessGuid">{4a53743f-4dd7-6668-3a00-00008d8d0ac0}</Data>
    <Data Name="ProcessId">6880</Data>
    <Data Name="Image">C:\Windows\System32\conhost.exe</Data>
    <Data Name="FileVersion">10.0.20348.1</Data>
    <Data Name="Description">Console Window Host</Data>
    <Data Name="Product">Microsoft Windows Operating System</Data>
    <Data Name="Company">Microsoft Corporation</Data>
    <Data Name="OriginalFileName">conhost.exe</Data>
    <Data Name="CommandLine">\??\C:\Windows\system32\conhost.exe 0xffffffff -ForceV1</Data>
    <Data Name="CurrentDirectory">C:\Windows\System32\</Data>
    <Data Name="User">NT AUTHORITY\SYSTEM</Data>
    <Data Name="LogonGuid">{00000000-0000-0000-0000-000000000000}</Data>
    <Data Name="LogonId">0x3e7</Data>
    <Data Name="TerminalSessionId">0</Data>
    <Data Name="IntegrityLevel">System</Data>
    <Data Name="Hashes">SHA1=A21F01CD47C2566A531DDDA6295C5F2729AEB2DD,MD5=D5DD0A35623D416B52F2DF3E64573716,SHA256=AD5D2369D2F142C551BF783A7F30D5BD9DE38C580046305DEDBBE7CD844E1905,IMPHASH=259D1C1188D5A01EADD9B3F236B1C61A</Data>
    <Data Name="ParentProcessGuid">{4a53743f-0452-6663-fd00-00108e224e12}</Data>
    <Data Name="ParentProcessId">5668</Data>
    <Data Name="ParentImage">C:\Windows\System32\csrss.exe</Data>
    <Data Name="ParentCommandLine">csrss.exe</Data>
    <Data Name="ParentUser">NT AUTHORITY\SYSTEM</Data>
    
  </EventData>
</Event>
<Event xmlns="http://schemas.microsoft.com/win/2004/08/events/event">
  <System>
    <Provider Name="Microsoft-Windows-Sysmon" Guid="{5770385f-c22a-43e0-bf4c-06f5698ffbd9}"/>
    <EventID>5</EventID>
    <Version>3</Version>
    <Level>4</Level>
    <Task>5</Task>
    <Opcode>0</Opcode>
    <Keywords>0x8000000000000000</Keywords>
    <TimeCreated SystemTime="2024-06-11T13:15:14.9985433Z"/>
    <EventRecordID>1013178</EventRecordID>
    <Correlation/>
    <Execution ProcessID="2800" ThreadID="4316"/>
    <Channel>Microsoft-Windows-Sysmon/Operational</Channel>
    <Computer>FILE-01.meridianledger.local</Computer>
    <Security UserID="S-1-5-18"/>
  </System>
  <EventData>
    
    <Data Name="RuleName">-</Data>
    <Data Name="UtcTime">2024-06-11 13:15:14.997</Data>
    <Data Name="ProcessGuid">{4a53743f-4dd7-6668-3a00-00008d8d0ac0}</Data>
    <Data Name="ProcessId">6880</Data>
    <Data Name="Image">C:\Windows\System32\conhost.exe</Data>
    <Data Name="User">NT AUTHORITY\SYSTEM</Data>
    
  </EventData>
</Event>
<Event xmlns="http://schemas.microsoft.com/win/2004/08/events/event">
  <System>
    <Provider Name="Microsoft-Windows-Sysmon" Guid="{5770385f-c22a-43e0-bf4c-06f5698ffbd9}"/>
    <EventID>1</EventID>
    <Version>5</Version>
    <Level>4</Level>
    <Task>1</Task>
    <Opcode>0</Opcode>
    <Keywords>0x8000000000000000</Keywords>
    <TimeCreated SystemTime="2024-06-11T13:17:02.1397559Z"/>
    <EventRecordID>1013182</EventRecordID>
    <Correlation/>
    <Execution ProcessID="2800" ThreadID="4316"/>
    <Channel>Microsoft-Windows-Sysmon/Operational</Channel>
    <Computer>FILE-01.meridianledger.local</Computer>
    <Security UserID="S-1-5-18"/>
  </System>
  <EventData>
    
    <Data Name="RuleName">-</Data>
    <Data Name="UtcTime">2024-06-11 13:17:02.138</Data>
    <Data Name="ProcessGuid">{4a53743f-4e4e-6668-fe02-0010e6bf2e1a}</Data>
    <Data Name="ProcessId">6908</Data>
    <Data Name="Image">C:\Windows\System32\dllhost.exe</Data>
    <Data Name="FileVersion">10.0.20348.1</Data>
    <Data Name="Description">COM Surrogate</Data>
    <Data Name="Product">Microsoft Windows Operating System</Data>
    <Data Name="Company">Microsoft Corporation</Data>
    <Data Name="OriginalFileName">dllhost.exe</Data>
    <Data Name="CommandLine">dllhost.exe /Processid:{3EB3C877-1F16-487C-9050-104DBCD66683}</Data>
    <Data Name="CurrentDirectory">C:\Windows\System32\</Data>
    <Data Name="User">NT AUTHORITY\SYSTEM</Data>
    <Data Name="LogonGuid">{00000000-0000-0000-0000-000000000000}</Data>
    <Data Name="LogonId">0x3e7</Data>
    <Data Name="TerminalSessionId">0</Data>
    <Data Name="IntegrityLevel">System</Data>
    <Data Name="Hashes">SHA1=30A1BB5B6488DA366EC6CB150CFBC5E1D38AE4EC,MD5=0CF8A7A200AB4EC5554D66B94C14DBF1,SHA256=7330E24D8462CB4C728FAFB454B8F7B81D74B116E290264CC3727466370C3B00,IMPHASH=32EF2A6E05BBEAE7E85E49CA7C70F08E</Data>
    <Data Name="ParentProcessGuid">{4a53743f-0459-6663-4900-0010ba9049ad}</Data>
    <Data Name="ParentProcessId">5756</Data>
    <Data Name="ParentImage">C:\Windows\System32\svchost.exe</Data>
    <Data Name="ParentCommandLine">svchost.exe -k DcomLaunch</Data>
    <Data Name="ParentUser">NT AUTHORITY\SYSTEM</Data>
    
  </EventData>
</Event>
<Event xmlns="http://schemas.microsoft.com/win/2004/08/events/event">
  <System>
    <Provider Name="Microsoft-Windows-Sysmon" Guid="{5770385f-c22a-43e0-bf4c-06f5698ffbd9}"/>
    <EventID>13</EventID>
    <Version>2</Version>
    <Level>4</Level>
    <Task>13</Task>
    <Opcode>0</Opcode>
    <Keywords>0x8000000000000000</Keywords>
    <TimeCreated SystemTime="2024-06-11T13:18:31.6925365Z"/>
    <EventRecordID>1013184</EventRecordID>
    <Correlation/>
    <Execution ProcessID="2800" ThreadID="1408"/>
    <Channel>Microsoft-Windows-Sysmon/Operational</Channel>
    <Computer>FILE-01.meridianledger.local</Computer>
    <Security UserID="S-1-5-18"/>
  </System>
  <EventData>
    
    <Data Name="RuleName">-</Data>
    <Data Name="EventType">SetValue</Data>
    <Data Name="UtcTime">2024-06-11 13:18:31.689</Data>
    <Data Name="ProcessGuid">{4a53743f-045a-6663-5802-00006ec721e5}</Data>
    <Data Name="ProcessId">5804</Data>
    <Data Name="Image">C:\Windows\System32\svchost.exe</Data>
    <Data Name="TargetObject">HKLM\SOFTWARE\Microsoft\Windows\CurrentVersion\WINEVT\Channels\Microsoft-Windows-Sysmon/Operational\Enabled</Data>
    <Data Name="Details">DWORD (0x00000001)</Data>
    <Data Name="User">NT AUTHORITY\NETWORK SERVICE</Data>
    
  </EventData>
</Event>
<Event xmlns="http://schemas.microsoft.com/win/2004/08/events/event">
  <System>
    <Provider Name="Microsoft-Windows-Sysmon" Guid="{5770385f-c22a-43e0-bf4c-06f5698ffbd9}"/>
    <EventID>5</EventID>
    <Version>3</Version>
    <Level>4</Level>
    <Task>5</Task>
    <Opcode>0</Opcode>
    <Keywords>0x8000000000000000</Keywords>
    <TimeCreated SystemTime="2024-06-11T13:19:25.8564440Z"/>
    <EventRecordID>1013187</EventRecordID>
    <Correlation/>
    <Execution ProcessID="2800" ThreadID="4316"/>
    <Channel>Microsoft-Windows-Sysmon/Operational</Channel>
    <Computer>FILE-01.meridianledger.local</Computer>
    <Security UserID="S-1-5-18"/>
  </System>
  <EventData>
    
    <Data Name="RuleName">-</Data>
    <Data Name="UtcTime">2024-06-11 13:19:25.855</Data>
    <Data Name="ProcessGuid">{4a53743f-4e4e-6668-fe02-0010e6bf2e1a}</Data>
    <Data Name="ProcessId">6908</Data>
    <Data Name="Image">C:\Windows\System32\dllhost.exe</Data>
    <Data Name="User">NT AUTHORITY\SYSTEM</Data>
    
  </EventData>
</Event>
<Event xmlns="http://schemas.microsoft.com/win/2004/08/events/event">
  <System>
    <Provider Name="Microsoft-Windows-Sysmon" Guid="{5770385f-c22a-43e0-bf4c-06f5698ffbd9}"/>
    <EventID>10</EventID>
    <Version>3</Version>
    <Level>4</Level>
    <Task>10</Task>
    <Opcode>0</Opcode>
    <Keywords>0x8000000000000000</Keywords>
    <TimeCreated SystemTime="2024-06-11T13:21:17.3182768Z"/>
    <EventRecordID>1013188</EventRecordID>
    <Correlation/>
    <Execution ProcessID="2800" ThreadID="4316"/>
    <Channel>Microsoft-Windows-Sysmon/Operational</Channel>
    <Computer>FILE-01.meridianledger.local</Computer>
    <Security UserID="S-1-5-18"/>
  </System>
  <EventData>
    
    <Data Name="RuleName">-</Data>
    <Data Name="UtcTime">2024-06-11 13:21:17.318</Data>
    <Data Name="SourceProcessGUID">{4a53743f-045a-6663-ee00-00101e9df102}</Data>
    <Data Name="SourceProcessId">5792</Data>
    <Data Name="SourceThreadId">12688</Data>
    <Data Name="SourceImage">C:\Windows\System32\svchost.exe</Data>
    <Data Name="TargetProcessGUID">{4a53743f-0456-6663-f902-0010b5b23e63}</Data>
    <Data Name="TargetProcessId">5736</Data>
    <Data Name="TargetImage">C:\Windows\System32\lsass.exe</Data>
    <Data Name="GrantedAccess">0x1010</Data>
    <Data Name="CallTrace">C:\Windows\SYSTEM32\ntdll.dll+9D2F6|C:\Windows\SYSTEM32\KERNELBASE.dll+2EE56|C:\Windows\SYSTEM32\combase.dll+28588</Data>
    <Data Name="SourceUser">NT AUTHORITY\SYSTEM</Data>
    <Data Name="TargetUser">NT AUTHORITY\SYSTEM</Data>
    
  </EventData>
</Event>
<Event xmlns="http://schemas.microsoft.com/win/2004/08/events/event">
  <System>
    <Provider Name="Microsoft-Windows-Sysmon" Guid="{5770385f-c22a-43e0-bf4c-06f5698ffbd9}"/>
    <EventID>1</EventID>
    <Version>5</Version>
    <Level>4</Level>
    <Task>1</Task>
    <Opcode>0</Opcode>
    <Keywords>0x8000000000000000</Keywords>
    <TimeCreated SystemTime="2024-06-11T13:21:25.4265909Z"/>
    <EventRecordID>1013189</EventRecordID>
    <Correlation/>
    <Execution ProcessID="2800" ThreadID="1516"/>
    <Channel>Microsoft-Windows-Sysmon/Operational</Channel>
    <Computer>FILE-01.meridianledger.local</Computer>
    <Security UserID="S-1-5-18"/>
  </System>
  <EventData>
    
    <Data Name="RuleName">-</Data>
    <Data Name="UtcTime">2024-06-11 13:21:25.425</Data>
    <Data Name="ProcessGuid">{4a53743f-4f55-6668-db02-0000c178c2fc}</Data>
    <Data Name="ProcessId">6972</Data>
    <Data Name="Image">C:\Windows\System32\wbem\WmiPrvSE.exe</Data>
    <Data Name="FileVersion">10.0.20348.1</Data>
    <Data Name="Description">WMI Provider Host</Data>
    <Data Name="Product">Microsoft Windows Operating System</Data>
    <Data Name="Company">Microsoft Corporation</Data>
    <Data Name="OriginalFileName">WmiPrvSE.exe</Data>
    <Data Name="CommandLine">WmiPrvSE.exe -secured -Embedding</Data>
    <Data Name="CurrentDirectory">C:\Windows\System32\</Data>
    <Data Name="User">NT AUTHORITY\SYSTEM</Data>
    <Data Name="LogonGuid">{00000000-0000-0000-0000-000000000000}</Data>
    <Data Name="LogonId">0x3e7</Data>
    <Data Name="TerminalSessionId">0</Data>
    <Data Name="IntegrityLevel">System</Data>
    <Data Name="Hashes">SHA1=A5E3AF2A96B47DDFB49DA94A8671FB987C1FE2BB,MD5=7D26B8B7840F97C88857B470C235D9FE,SHA256=1066389BE1D488A653647CC3A656AC18A6219B4DDAFF89A68A5F31BACF2E0B3F,IMPHASH=7315DF3EBAFC67944E00B47EC7B4744A</Data>
    <Data Name="ParentProcessGuid">{4a53743f-0459-6663-4900-0010ba9049ad}</Data>
    <Data Name="ParentProcessId">5756</Data>
    <Data Name="ParentImage">C:\Windows\System32\svchost.exe</Data>
    <Data Name="ParentCommandLine">svchost.exe -k DcomLaunch</Data>
    <Data Name="ParentUser">NT AUTHORITY\SYSTEM</Data>
    
  </EventData>
</Event>
<Event xmlns="http://schemas.microsoft.com/win/2004/08/events/event">
  <System>
    <Provider Name="Microsoft-Windows-Sysmon" Guid="{5770385f-c22a-43e0-bf4c-06f5698ffbd9}"/>
    <EventID>1</EventID>
    <Version>5</Version>
    <Level>4</Level>
    <Task>1</Task>
    <Opcode>0</Opcode>
    <Keywords>0x8000000000000000</Keywords>
    <TimeCreated SystemTime="2024-06-11T13:21:28.0440966Z"/>
    <EventRecordID>1013190</EventRecordID>
    <Correlation/>
    <Execution ProcessID="2800" ThreadID="4316"/>
    <Channel>Microsoft-Windows-Sysmon/Operational</Channel>
    <Computer>FILE-01.meridianledger.local</Computer>
    <Security UserID="S-1-5-18"/>
  </System>
  <EventData>
    
    <Data Name="RuleName">-</Data>
    <Data Name="UtcTime">2024-06-11 13:21:28.043</Data>
    <Data Name="ProcessGuid">{4a53743f-4f58-6668-6300-00009c83c727}</Data>
    <Data Name="ProcessId">6904</Data>
    <Data Name="Image">C:\Windows\System32\wbem\WmiPrvSE.exe</Data>
    <Data Name="FileVersion">10.0.20348.1</Data>
    <Data Name="Description">WMI Provider Host</Data>
    <Data Name="Product">Microsoft Windows Operating System</Data>
    <Data Name="Company">Microsoft Corporation</Data>
    <Data Name="OriginalFileName">WmiPrvSE.exe</Data>
    <Data Name="CommandLine">WmiPrvSE.exe -secured -Embedding</Data>
    <Data Name="CurrentDirectory">C:\Windows\System32\</Data>
    <Data Name="User">NT AUTHORITY\SYSTEM</Data>
    <Data Name="LogonGuid">{00000000-0000-0000-0000-000000000000}</Data>
    <Data Name="LogonId">0x3e7</Data>
    <Data Name="TerminalSessionId">0</Data>
    <Data Name="IntegrityLevel">System</Data>
    <Data Name="Hashes">SHA1=A5E3AF2A96B47DDFB49DA94A8671FB987C1FE2BB,MD5=7D26B8B7840F97C88857B470C235D9FE,SHA256=1066389BE1D488A653647CC3A656AC18A6219B4DDAFF89A68A5F31BACF2E0B3F,IMPHASH=7315DF3EBAFC67944E00B47EC7B4744A</Data>
    <Data Name="ParentProcessGuid">{4a53743f-0459-6663-4900-0010ba9049ad}</Data>
    <Data Name="ParentProcessId">5756</Data>
    <Data Name="ParentImage">C:\Windows\System32\svchost.exe</Data>
    <Data Name="ParentCommandLine">svchost.exe -k DcomLaunch</Data>
    <Data Name="ParentUser">NT AUTHORITY\SYSTEM</Data>
    
  </EventData>
</Event>
<Event xmlns="http://schemas.microsoft.com/win/2004/08/events/event">
  <System>
    <Provider Name="Microsoft-Windows-Sysmon" Guid="{5770385f-c22a-43e0-bf4c-06f5698ffbd9}"/>
    <EventID>10</EventID>
    <Version>3</Version>
    <Level>4</Level>
    <Task>10</Task>
    <Opcode>0</Opcode>
    <Keywords>0x8000000000000000</Keywords>
    <TimeCreated SystemTime="2024-06-11T13:26:34.1598183Z"/>
    <EventRecordID>1013198</EventRecordID>
    <Correlation/>
    <Execution ProcessID="2800" ThreadID="1492"/>
    <Channel>Microsoft-Windows-Sysmon/Operational</Channel>
    <Computer>FILE-01.meridianledger.local</Computer>
    <Security UserID="S-1-5-18"/>
  </System>
  <EventData>
    
    <Data Name="RuleName">-</Data>
    <Data Name="UtcTime">2024-06-11 13:26:34.159</Data>
    <Data Name="SourceProcessGUID">{4a53743f-0462-6663-9b02-0000a74c1fe0}</Data>
    <Data Name="SourceProcessId">5916</Data>
    <Data Name="SourceThreadId">13000</Data>
    <Data Name="SourceImage">C:\ProgramData\Microsoft\Windows Defender\Platform\4.18.2301.6-0\MsMpEng.exe</Data>
    <Data Name="TargetProcessGUID">{4a53743f-045a-6663-5802-00006ec721e5}</Data>
    <Data Name="TargetProcessId">5804</Data>
    <Data Name="TargetImage">C:\Windows\System32\svchost.exe</Data>
    <Data Name="GrantedAccess">0x1010</Data>
    <Data Name="CallTrace">C:\Windows\SYSTEM32\ntdll.dll+9EAAE|C:\Windows\SYSTEM32\KERNELBASE.dll+2EAD1|C:\Windows\SYSTEM32\advapi32.dll+4BCAB</Data>
    <Data Name="SourceUser">NT AUTHORITY\SYSTEM</Data>
    <Data Name="TargetUser">NT AUTHORITY\NETWORK SERVICE</Data>
    
  </EventData>
</Event>
<Event xmlns="http://schemas.microsoft.com/win/2004/08/events/event">
  <System>
    <Provider Name="Microsoft-Windows-Sysmon" Guid="{5770385f-c22a-43e0-bf4c-06f5698ffbd9}"/>
    <EventID>1</EventID>
    <Version>5</Version>
    <Level>4</Level>
    <Task>1</Task>
    <Opcode>0</Opcode>
    <Keywords>0x8000000000000000</Keywords>
    <TimeCreated SystemTime="2024-06-11T13:29:48.0887514Z"/>
    <EventRecordID>1013201</EventRecordID>
    <Correlation/>
    <Execution ProcessID="2800" ThreadID="1408"/>
    <Channel>Microsoft-Windows-Sysmon/Operational</Channel>
    <Computer>FILE-01.meridianledger.local</Computer>
    <Security UserID="S-1-5-18"/>
  </System>
  <EventData>
    
    <Data Name="RuleName">-</Data>
    <Data Name="UtcTime">2024-06-11 13:29:48.087</Data>
    <Data Name="ProcessGuid">{4a53743f-514c-6668-1b00-001084b22e9f}</Data>
    <Data Name="ProcessId">7160</Data>
    <Data Name="Image">C:\Windows\System32\taskhostw.exe</Data>
    <Data Name="FileVersion">10.0.20348.1</Data>
    <Data Name="Description">Host Process for Windows Tasks</Data>
    <Data Name="Product">Microsoft Windows Operating System</Data>
    <Data Name="Company">Microsoft Corporation</Data>
    <Data Name="OriginalFileName">taskhostw.exe</Data>
    <Data Name="CommandLine">taskhostw.exe /Run</Data>
    <Data Name="CurrentDirectory">C:\Windows\System32\</Data>
    <Data Name="User">NT AUTHORITY\SYSTEM</Data>
    <Data Name="LogonGuid">{00000000-0000-0000-0000-000000000000}</Data>
    <Data Name="LogonId">0x3e7</Data>
    <Data Name="TerminalSessionId">0</Data>
    <Data Name="IntegrityLevel">System</Data>
    <Data Name="Hashes">SHA1=8619AEABA32A5BF02C7A7FEA0D605D220CC764C3,MD5=61B2B0A2846502D2A87C115BFC6844F2,SHA256=8DD50FB44A96C9A062B4243044C25FAE85D88190CF1715DE6640D6D2C51098AC,IMPHASH=03BE90DC9D714E2211C4EA3429EA7C04</Data>
    <Data Name="ParentProcessGuid">{4a53743f-045a-6663-ee00-00101e9df102}</Data>
    <Data Name="ParentProcessId">5792</Data>
    <Data Name="ParentImage">C:\Windows\System32\svchost.exe</Data>
    <Data Name="ParentCommandLine">svchost.exe -k LocalSystem</Data>
    <Data Name="ParentUser">NT AUTHORITY\SYSTEM</Data>
    
  </EventData>
</Event>
<Event xmlns="http://schemas.microsoft.com/win/2004/08/events/event">
  <System>
    <Provider Name="Microsoft-Windows-Sysmon" Guid="{5770385f-c22a-43e0-bf4c-06f5698ffbd9}"/>
    <EventID>10</EventID>
    <Version>3</Version>
    <Level>4</Level>
    <Task>10</Task>
    <Opcode>0</Opcode>
    <Keywords>0x8000000000000000</Keywords>
    <TimeCreated SystemTime="2024-06-11T13:29:58.1567144Z"/>
    <EventRecordID>1013202</EventRecordID>
    <Correlation/>
    <Execution ProcessID="2800" ThreadID="1492"/>
    <Channel>Microsoft-Windows-Sysmon/Operational</Channel>
    <Computer>FILE-01.meridianledger.local</Computer>
    <Security UserID="S-1-5-18"/>
  </System>
  <EventData>
    
    <Data Name="RuleName">-</Data>
    <Data Name="UtcTime">2024-06-11 13:29:58.155</Data>
    <Data Name="SourceProcessGUID">{4a53743f-0454-6663-fb00-0000b00cd2c6}</Data>
    <Data Name="SourceProcessId">5680</Data>
    <Data Name="SourceThreadId">12636</Data>
    <Data Name="SourceImage">C:\Windows\System32\services.exe</Data>
    <Data Name="TargetProcessGUID">{4a53743f-0456-6663-f902-0010b5b23e63}</Data>
    <Data Name="TargetProcessId">5736</Data>
    <Data Name="TargetImage">C:\Windows\System32\lsass.exe</Data>
    <Data Name="GrantedAccess">0x1000</Data>
    <Data Name="CallTrace">C:\Windows\SYSTEM32\ntdll.dll+9DA7E|C:\Windows\SYSTEM32\KERNELBASE.dll+2E47E|C:\Windows\SYSTEM32\sechost.dll+131E8</Data>
    <Data Name="SourceUser">NT AUTHORITY\SYSTEM</Data>
    <Data Name="TargetUser">NT AUTHORITY\SYSTEM</Data>
    
  </EventData>
</Event>
<Event xmlns="http://schemas.microsoft.com/win/2004/08/events/event">
  <System>
    <Provider Name="Microsoft-Windows-Sysmon" Guid="{5770385f-c22a-43e0-bf4c-06f5698ffbd9}"/>
    <EventID>1</EventID>
    <Version>5</Version>
    <Level>4</Level>
    <Task>1</Task>
    <Opcode>0</Opcode>
    <Keywords>0x8000000000000000</Keywords>
    <TimeCreated SystemTime="2024-06-11T13:30:05.9352606Z"/>
    <EventRecordID>1013203</EventRecordID>
    <Correlation/>
    <Execution ProcessID="2800" ThreadID="1516"/>
    <Channel>Microsoft-Windows-Sysmon/Operational</Channel>
    <Computer>FILE-01.meridianledger.local</Computer>
    <Security UserID="S-1-5-18"/>
  </System>
  <EventData>
    
    <Data Name="RuleName">-</Data>
    <Data Name="UtcTime">2024-06-11 13:30:05.934</Data>
    <Data Name="ProcessGuid">{4a53743f-515d-6668-d600-0010c5e022b7}</Data>
    <Data Name="ProcessId">6936</Data>
    <Data Name="Image">C:\Windows\System32\conhost.exe</Data>
    <Data Name="FileVersion">10.0.20348.1</Data>
    <Data Name="Description">Console Window Host</Data>
    <Data Name="Product">Microsoft Windows Operating System</Data>
    <Data Name="Company">Microsoft Corporation</Data>
    <Data Name="OriginalFileName">conhost.exe</Data>
    <Data Name="CommandLine">\??\C:\Windows\system32\conhost.exe 0xffffffff -ForceV1</Data>
    <Data Name="CurrentDirectory">C:\Windows\System32\</Data>
    <Data Name="User">NT AUTHORITY\SYSTEM</Data>
    <Data Name="LogonGuid">{00000000-0000-0000-0000-000000000000}</Data>
    <Data Name="LogonId">0x3e7</Data>
    <Data Name="TerminalSessionId">0</Data>
    <Data Name="IntegrityLevel">System</Data>
    <Data Name="Hashes">SHA1=A21F01CD47C2566A531DDDA6295C5F2729AEB2DD,MD5=D5DD0A35623D416B52F2DF3E64573716,SHA256=AD5D2369D2F142C551BF783A7F30D5BD9DE38C580046305DEDBBE7CD844E1905,IMPHASH=259D1C1188D5A01EADD9B3F236B1C61A</Data>
    <Data Name="ParentProcessGuid">{4a53743f-0452-6663-fd00-00108e224e12}</Data>
    <Data Name="ParentProcessId">5668</Data>
    <Data Name="ParentImage">C:\Windows\System32\csrss.exe</Data>
    <Data Name="ParentCommandLine">csrss.exe</Data>
    <Data Name="ParentUser">NT AUTHORITY\SYSTEM</Data>
    
  </EventData>
</Event>
<Event xmlns="http://schemas.microsoft.com/win/2004/08/events/event">
  <System>
    <Provider Name="Microsoft-Windows-Sysmon" Guid="{5770385f-c22a-43e0-bf4c-06f5698ffbd9}"/>
    <EventID>5</EventID>
    <Version>3</Version>
    <Level>4</Level>
    <Task>5</Task>
    <Opcode>0</Opcode>
    <Keywords>0x8000000000000000</Keywords>
    <TimeCreated SystemTime="2024-06-11T13:30:09.1150628Z"/>
    <EventRecordID>1013204</EventRecordID>
    <Correlation/>
    <Execution ProcessID="2800" ThreadID="1408"/>
    <Channel>Microsoft-Windows-Sysmon/Operational</Channel>
    <Computer>FILE-01.meridianledger.local</Computer>
    <Security UserID="S-1-5-18"/>
  </System>
  <EventData>
    
    <Data Name="RuleName">-</Data>
    <Data Name="UtcTime">2024-06-11 13:30:09.113</Data>
    <Data Name="ProcessGuid">{4a53743f-514c-6668-1b00-001084b22e9f}</Data>
    <Data Name="ProcessId">7160</Data>
    <Data Name="Image">C:\Windows\System32\taskhostw.exe</Data>
    <Data Name="User">NT AUTHORITY\SYSTEM</Data>
    
  </EventData>
</Event>
<Event xmlns="http://schemas.microsoft.com/win/2004/08/events/event">
  <System>
    <Provider Name="Microsoft-Windows-Sysmon" Guid="{5770385f-c22a-43e0-bf4c-06f5698ffbd9}"/>
    <EventID>1</EventID>
    <Version>5</Version>
    <Level>4</Level>
    <Task>1</Task>
    <Opcode>0</Opcode>
    <Keywords>0x8000000000000000</Keywords>
    <TimeCreated SystemTime="2024-06-11T13:33:07.1165300Z"/>
    <EventRecordID>1013207</EventRecordID>
    <Correlation/>
    <Execution ProcessID="2800" ThreadID="1408"/>
    <Channel>Microsoft-Windows-Sysmon/Operational</Channel>
    <Computer>FILE-01.meridianledger.local</Computer>
    <Security UserID="S-1-5-18"/>
  </System>
  <EventData>
    
    <Data Name="RuleName">-</Data>
    <Data Name="UtcTime">2024-06-11 13:33:07.116</Data>
    <Data Name="ProcessGuid">{4a53743f-5213-6668-6900-0000a8ae3f8f}</Data>
    <Data Name="ProcessId">7156</Data>
    <Data Name="Image">C:\Windows\System32\dllhost.exe</Data>
    <Data Name="FileVersion">10.0.20348.1</Data>
    <Data Name="Description">COM Surrogate</Data>
    <Data Name="Product">Microsoft Windows Operating System</Data>
    <Data Name="Company">Microsoft Corporation</Data>
    <Data Name="OriginalFileName">dllhost.exe</Data>
    <Data Name="CommandLine">dllhost.exe /Processid:{3EB3C877-1F16-487C-9050-104DBCD66683}</Data>
    <Data Name="CurrentDirectory">C:\Windows\System32\</Data>
    <Data Name="User">NT AUTHORITY\SYSTEM</Data>
    <Data Name="LogonGuid">{00000000-0000-0000-0000-000000000000}</Data>
    <Data Name="LogonId">0x3e7</Data>
    <Data Name="TerminalSessionId">0</Data>
    <Data Name="IntegrityLevel">System</Data>
    <Data Name="Hashes">SHA1=30A1BB5B6488DA366EC6CB150CFBC5E1D38AE4EC,MD5=0CF8A7A200AB4EC5554D66B94C14DBF1,SHA256=7330E24D8462CB4C728FAFB454B8F7B81D74B116E290264CC3727466370C3B00,IMPHASH=32EF2A6E05BBEAE7E85E49CA7C70F08E</Data>
    <Data Name="ParentProcessGuid">{4a53743f-0459-6663-4900-0010ba9049ad}</Data>
    <Data Name="ParentProcessId">5756</Data>
    <Data Name="ParentImage">C:\Windows\System32\svchost.exe</Data>
    <Data Name="ParentCommandLine">svchost.exe -k DcomLaunch</Data>
    <Data Name="ParentUser">NT AUTHORITY\SYSTEM</Data>
    
  </EventData>
</Event>
<Event xmlns="http://schemas.microsoft.com/win/2004/08/events/event">
  <System>
    <Provider Name="Microsoft-Windows-Sysmon" Guid="{5770385f-c22a-43e0-bf4c-06f5698ffbd9}"/>
    <EventID>10</EventID>
    <Version>3</Version>
    <Level>4</Level>
    <Task>10</Task>
    <Opcode>0</Opcode>
    <Keywords>0x8000000000000000</Keywords>
    <TimeCreated SystemTime="2024-06-11T13:33:34.4727867Z"/>
    <EventRecordID>1013210</EventRecordID>
    <Correlation/>
    <Execution ProcessID="2800" ThreadID="1492"/>
    <Channel>Microsoft-Windows-Sysmon/Operational</Channel>
    <Computer>FILE-01.meridianledger.local</Computer>
    <Security UserID="S-1-5-18"/>
  </System>
  <EventData>
    
    <Data Name="RuleName">-</Data>
    <Data Name="UtcTime">2024-06-11 13:33:34.472</Data>
    <Data Name="SourceProcessGUID">{4a53743f-0464-6663-4500-00004a60c9d2}</Data>
    <Data Name="SourceProcessId">5956</Data>
    <Data Name="SourceThreadId">13036</Data>
    <Data Name="SourceImage">C:\Windows\System32\wbem\WmiPrvSE.exe</Data>
    <Data Name="TargetProcessGUID">{4a53743f-045a-6663-ee00-00101e9df102}</Data>
    <Data Name="TargetProcessId">5792</Data>
    <Data Name="TargetImage">C:\Windows\System32\svchost.exe</Data>
    <Data Name="GrantedAccess">0x0400</Data>
    <Data Name="CallTrace">C:\Windows\SYSTEM32\ntdll.dll+9D2F6|C:\Windows\SYSTEM32\KERNELBASE.dll+2EE56|C:\Windows\SYSTEM32\combase.dll+28588</Data>
    <Data Name="SourceUser">NT AUTHORITY\NETWORK SERVICE</Data>
    <Data Name="TargetUser">NT AUTHORITY\SYSTEM</Data>
    
  </EventData>
</Event>
<Event xmlns="http://schemas.microsoft.com/win/2004/08/events/event">
  <System>
    <Provider Name="Microsoft-Windows-Sysmon" Guid="{5770385f-c22a-43e0-bf4c-06f5698ffbd9}"/>
    <EventID>5</EventID>
    <Version>3</Version>
    <Level>4</Level>
    <Task>5</Task>
    <Opcode>0</Opcode>
    <Keywords>0x8000000000000000</Keywords>
    <TimeCreated SystemTime="2024-06-11T13:35:07.3619811Z"/>
    <EventRecordID>1013215</EventRecordID>
    <Correlation/>
    <Execution ProcessID="2800" ThreadID="1492"/>
    <Channel>Microsoft-Windows-Sysmon/Operational</Channel>
    <Computer>FILE-01.meridianledger.local</Computer>
    <Security UserID="S-1-5-18"/>
  </System>
  <EventData>
    
    <Data Name="RuleName">-</Data>
    <Data Name="UtcTime">2024-06-11 13:35:07.361</Data>
    <Data Name="ProcessGuid">{4a53743f-4f55-6668-db02-0000c178c2fc}</Data>
    <Data Name="ProcessId">6972</Data>
    <Data Name="Image">C:\Windows\System32\wbem\WmiPrvSE.exe</Data>
    <Data Name="User">NT AUTHORITY\SYSTEM</Data>
    
  </EventData>
</Event>
<Event xmlns="http://schemas.microsoft.com/win/2004/08/events/event">
  <System>
    <Provider Name="Microsoft-Windows-Sysmon" Guid="{5770385f-c22a-43e0-bf4c-06f5698ffbd9}"/>
    <EventID>1</EventID>
    <Version>5</Version>
    <Level>4</Level>
    <Task>1</Task>
    <Opcode>0</Opcode>
    <Keywords>0x8000000000000000</Keywords>
    <TimeCreated SystemTime="2024-06-11T13:35:08.1975117Z"/>
    <EventRecordID>1013216</EventRecordID>
    <Correlation/>
    <Execution ProcessID="2800" ThreadID="1516"/>
    <Channel>Microsoft-Windows-Sysmon/Operational</Channel>
    <Computer>FILE-01.meridianledger.local</Computer>
    <Security UserID="S-1-5-18"/>
  </System>
  <EventData>
    
    <Data Name="RuleName">-</Data>
    <Data Name="UtcTime">2024-06-11 13:35:08.196</Data>
    <Data Name="ProcessGuid">{4a53743f-528c-6668-1000-001091111dc0}</Data>
    <Data Name="ProcessId">6960</Data>
    <Data Name="Image">C:\Windows\System32\conhost.exe</Data>
    <Data Name="FileVersion">10.0.20348.1</Data>
    <Data Name="Description">Console Window Host</Data>
    <Data Name="Product">Microsoft Windows Operating System</Data>
    <Data Name="Company">Microsoft Corporation</Data>
    <Data Name="OriginalFileName">conhost.exe</Data>
    <Data Name="CommandLine">\??\C:\Windows\system32\conhost.exe 0xffffffff -ForceV1</Data>
    <Data Name="CurrentDirectory">C:\Windows\System32\</Data>
    <Data Name="User">NT AUTHORITY\SYSTEM</Data>
    <Data Name="LogonGuid">{00000000-0000-0000-0000-000000000000}</Data>
    <Data Name="LogonId">0x3e7</Data>
    <Data Name="TerminalSessionId">0</Data>
    <Data Name="IntegrityLevel">System</Data>
    <Data Name="Hashes">SHA1=A21F01CD47C2566A531DDDA6295C5F2729AEB2DD,MD5=D5DD0A35623D416B52F2DF3E64573716,SHA256=AD5D2369D2F142C551BF783A7F30D5BD9DE38C580046305DEDBBE7CD844E1905,IMPHASH=259D1C1188D5A01EADD9B3F236B1C61A</Data>
    <Data Name="ParentProcessGuid">{4a53743f-0452-6663-fd00-00108e224e12}</Data>
    <Data Name="ParentProcessId">5668</Data>
    <Data Name="ParentImage">C:\Windows\System32\csrss.exe</Data>
    <Data Name="ParentCommandLine">csrss.exe</Data>
    <Data Name="ParentUser">NT AUTHORITY\SYSTEM</Data>
    
  </EventData>
</Event>
<Event xmlns="http://schemas.microsoft.com/win/2004/08/events/event">
  <System>
    <Provider Name="Microsoft-Windows-Sysmon" Guid="{5770385f-c22a-43e0-bf4c-06f5698ffbd9}"/>
    <EventID>5</EventID>
    <Version>3</Version>
    <Level>4</Level>
    <Task>5</Task>
    <Opcode>0</Opcode>
    <Keywords>0x8000000000000000</Keywords>
    <TimeCreated SystemTime="2024-06-11T13:35:28.0701887Z"/>
    <EventRecordID>1013218</EventRecordID>
    <Correlation/>
    <Execution ProcessID="2800" ThreadID="1516"/>
    <Channel>Microsoft-Windows-Sysmon/Operational</Channel>
    <Computer>FILE-01.meridianledger.local</Computer>
    <Security UserID="S-1-5-18"/>
  </System>
  <EventData>
    
    <Data Name="RuleName">-</Data>
    <Data Name="UtcTime">2024-06-11 13:35:28.069</Data>
    <Data Name="ProcessGuid">{4a53743f-528c-6668-1000-001091111dc0}</Data>
    <Data Name="ProcessId">6960</Data>
    <Data Name="Image">C:\Windows\System32\conhost.exe</Data>
    <Data Name="User">NT AUTHORITY\SYSTEM</Data>
    
  </EventData>
</Event>
<Event xmlns="http://schemas.microsoft.com/win/2004/08/events/event">
  <System>
    <Provider Name="Microsoft-Windows-Sysmon" Guid="{5770385f-c22a-43e0-bf4c-06f5698ffbd9}"/>
    <EventID>1</EventID>
    <Version>5</Version>
    <Level>4</Level>
    <Task>1</Task>
    <Opcode>0</Opcode>
    <Keywords>0x8000000000000000</Keywords>
    <TimeCreated SystemTime="2024-06-11T13:35:54.6911415Z"/>
    <EventRecordID>1013219</EventRecordID>
    <Correlation/>
    <Execution ProcessID="2800" ThreadID="4316"/>
    <Channel>Microsoft-Windows-Sysmon/Operational</Channel>
    <Computer>FILE-01.meridianledger.local</Computer>
    <Security UserID="S-1-5-18"/>
  </System>
  <EventData>
    
    <Data Name="RuleName">-</Data>
    <Data Name="UtcTime">2024-06-11 13:35:54.690</Data>
    <Data Name="ProcessGuid">{4a53743f-52ba-6668-c202-0000d026edea}</Data>
    <Data Name="ProcessId">7172</Data>
    <Data Name="Image">C:\Windows\System32\taskhostw.exe</Data>
    <Data Name="FileVersion">10.0.20348.1</Data>
    <Data Name="Description">Host Process for Windows Tasks</Data>
    <Data Name="Product">Microsoft Windows Operating System</Data>
    <Data Name="Company">Microsoft Corporation</Data>
    <Data Name="OriginalFileName">taskhostw.exe</Data>
    <Data Name="CommandLine">taskhostw.exe</Data>
    <Data Name="CurrentDirectory">C:\Windows\System32\</Data>
    <Data Name="User">NT AUTHORITY\SYSTEM</Data>
    <Data Name="LogonGuid">{00000000-0000-0000-0000-000000000000}</Data>
    <Data Name="LogonId">0x3e7</Data>
    <Data Name="TerminalSessionId">0</Data>
    <Data Name="IntegrityLevel">System</Data>
    <Data Name="Hashes">SHA1=8619AEABA32A5BF02C7A7FEA0D605D220CC764C3,MD5=61B2B0A2846502D2A87C115BFC6844F2,SHA256=8DD50FB44A96C9A062B4243044C25FAE85D88190CF1715DE6640D6D2C51098AC,IMPHASH=03BE90DC9D714E2211C4EA3429EA7C04</Data>
    <Data Name="ParentProcessGuid">{4a53743f-045a-6663-ee00-00101e9df102}</Data>
    <Data Name="ParentProcessId">5792</Data>
    <Data Name="ParentImage">C:\Windows\System32\svchost.exe</Data>
    <Data Name="ParentCommandLine">svchost.exe -k LocalSystem</Data>
    <Data Name="ParentUser">NT AUTHORITY\SYSTEM</Data>
    
  </EventData>
</Event>
<Event xmlns="http://schemas.microsoft.com/win/2004/08/events/event">
  <System>
    <Provider Name="Microsoft-Windows-Sysmon" Guid="{5770385f-c22a-43e0-bf4c-06f5698ffbd9}"/>
    <EventID>5</EventID>
    <Version>3</Version>
    <Level>4</Level>
    <Task>5</Task>
    <Opcode>0</Opcode>
    <Keywords>0x8000000000000000</Keywords>
    <TimeCreated SystemTime="2024-06-11T13:36:15.9419153Z"/>
    <EventRecordID>1013222</EventRecordID>
    <Correlation/>
    <Execution ProcessID="2800" ThreadID="1492"/>
    <Channel>Microsoft-Windows-Sysmon/Operational</Channel>
    <Computer>FILE-01.meridianledger.local</Computer>
    <Security UserID="S-1-5-18"/>
  </System>
  <EventData>
    
    <Data Name="RuleName">-</Data>
    <Data Name="UtcTime">2024-06-11 13:36:15.931</Data>
    <Data Name="ProcessGuid">{4a53743f-52ba-6668-c202-0000d026edea}</Data>
    <Data Name="ProcessId">7172</Data>
    <Data Name="Image">C:\Windows\System32\taskhostw.exe</Data>
    <Data Name="User">NT AUTHORITY\SYSTEM</Data>
    
  </EventData>
</Event>
<Event xmlns="http://schemas.microsoft.com/win/2004/08/events/event">
  <System>
    <Provider Name="Microsoft-Windows-Sysmon" Guid="{5770385f-c22a-43e0-bf4c-06f5698ffbd9}"/>
    <EventID>5</EventID>
    <Version>3</Version>
    <Level>4</Level>
    <Task>5</Task>
    <Opcode>0</Opcode>
    <Keywords>0x8000000000000000</Keywords>
    <TimeCreated SystemTime="2024-06-11T13:37:23.5281559Z"/>
    <EventRecordID>1013223</EventRecordID>
    <Correlation/>
    <Execution ProcessID="2800" ThreadID="1516"/>
    <Channel>Microsoft-Windows-Sysmon/Operational</Channel>
    <Computer>FILE-01.meridianledger.local</Computer>
    <Security UserID="S-1-5-18"/>
  </System>
  <EventData>
    
    <Data Name="RuleName">-</Data>
    <Data Name="UtcTime">2024-06-11 13:37:23.525</Data>
    <Data Name="ProcessGuid">{4a53743f-515d-6668-d600-0010c5e022b7}</Data>
    <Data Name="ProcessId">6936</Data>
    <Data Name="Image">C:\Windows\System32\conhost.exe</Data>
    <Data Name="User">NT AUTHORITY\SYSTEM</Data>
    
  </EventData>
</Event>
<Event xmlns="http://schemas.microsoft.com/win/2004/08/events/event">
  <System>
    <Provider Name="Microsoft-Windows-Sysmon" Guid="{5770385f-c22a-43e0-bf4c-06f5698ffbd9}"/>
    <EventID>5</EventID>
    <Version>3</Version>
    <Level>4</Level>
    <Task>5</Task>
    <Opcode>0</Opcode>
    <Keywords>0x8000000000000000</Keywords>
    <TimeCreated SystemTime="2024-06-11T13:37:52.2203489Z"/>
    <EventRecordID>1013224</EventRecordID>
    <Correlation/>
    <Execution ProcessID="2800" ThreadID="1408"/>
    <Channel>Microsoft-Windows-Sysmon/Operational</Channel>
    <Computer>FILE-01.meridianledger.local</Computer>
    <Security UserID="S-1-5-18"/>
  </System>
  <EventData>
    
    <Data Name="RuleName">-</Data>
    <Data Name="UtcTime">2024-06-11 13:37:52.219</Data>
    <Data Name="ProcessGuid">{4a53743f-5213-6668-6900-0000a8ae3f8f}</Data>
    <Data Name="ProcessId">7156</Data>
    <Data Name="Image">C:\Windows\System32\dllhost.exe</Data>
    <Data Name="User">NT AUTHORITY\SYSTEM</Data>
    
  </EventData>
</Event>
