<Event xmlns="http://schemas.microsoft.com/win/2004/08/events/event">
  <System>
    <Provider Name="Microsoft-Windows-Sysmon" Guid="{5770385f-c22a-43e0-bf4c-06f5698ffbd9}"/>
    <EventID>1</EventID>
    <Version>5</Version>
    <Level>4</Level>
    <Task>1</Task>
    <Opcode>0</Opcode>
    <Keywords>0x8000000000000000</Keywords>
    <TimeCreated SystemTime="2024-06-11T14:26:58.1291347Z"/>
    <EventRecordID>1013290</EventRecordID>
    <Correlation/>
    <Execution ProcessID="2800" ThreadID="4316"/>
    <Channel>Microsoft-Windows-Sysmon/Operational</Channel>
    <Computer>FILE-01.meridianledger.local</Computer>
    <Security UserID="S-1-5-18"/>
  </System>
  <EventData>
    
    <Data Name="RuleName">-</Data>
    <Data Name="UtcTime">2024-06-11 14:26:58.128</Data>
    <Data Name="ProcessGuid">{4a53743f-5eb2-6668-e900-00007e9e0b45}</Data>
    <Data Name="ProcessId">7284</Data>
    <Data Name="Image">C:\Windows\System32\conhost.exe</Data>
    <Data Name="FileVersion">10.0.20348.1</Data>
    <Data Name="Description">Console Window Host</Data>
    <Data Name="Product">Microsoft Windows Operating System</Data>
    <Data Name="Company">Microsoft Corporation</Data>
    <Data Name="OriginalFileName">conhost.exe</Data>
    <Data Name="CommandLine">conhost.exe 0x4</Data>
    <Data Name="CurrentDirectory">C:\Windows\System32\</Data>
    <Data Name="User">NT AUTHORITY\SYSTEM</Data>
    <Data Name="LogonGuid">{00000000-0000-0000-0000-000000000000}</Data>
    <Data Name="LogonId">0x3e7</Data>
    <Data Name="TerminalSessionId">0</Data>
    <Data Name="IntegrityLevel">System</Data>
    <Data Name="Hashes">SHA1=A21F01CD47C2566A531DDDA6295C5F2729AEB2DD,MD5=D5DD0A35623D416B52F2DF3E64573716,SHA256=AD5D2369D2F142C551BF783A7F30D5BD9DE38C580046305DEDBBE7CD844E1905,IMPHASH=259D1C1188D5A01EADD9B3F236B1C61A</Data>
    <Data Name="ParentProcessGuid">{4a53743f-0452-6663-fd00-00108e224e12}</Data>
    <Data Name="ParentProcessId">5668</Data>
    <Data Name="ParentImage">C:\Windows\System32\csrss.exe</Data>
    <Data Name="ParentCommandLine">csrss.exe</Data>
    <Data Name="ParentUser">NT AUTHORITY\SYSTEM</Data>
    
  </EventData>
</Event>
<Event xmlns="http://schemas.microsoft.com/win/2004/08/events/event">
  <System>
    <Provider Name="Microsoft-Windows-Sysmon" Guid="{5770385f-c22a-43e0-bf4c-06f5698ffbd9}"/>
    <EventID>10</EventID>
    <Version>3</Version>
    <Level>4</Level>
    <Task>10</Task>
    <Opcode>0</Opcode>
    <Keywords>0x8000000000000000</Keywords>
    <TimeCreated SystemTime="2024-06-11T14:27:07.0804449Z"/>
    <EventRecordID>1013291</EventRecordID>
    <Correlation/>
    <Execution ProcessID="2800" ThreadID="1516"/>
    <Channel>Microsoft-Windows-Sysmon/Operational</Channel>
    <Computer>FILE-01.meridianledger.local</Computer>
    <Security UserID="S-1-5-18"/>
  </System>
  <EventData>
    
    <Data Name="RuleName">-</Data>
    <Data Name="UtcTime">2024-06-11 14:27:07.078</Data>
    <Data Name="SourceProcessGUID">{4a53743f-0462-6663-9b02-0000a74c1fe0}</Data>
    <Data Name="SourceProcessId">5916</Data>
    <Data Name="SourceThreadId">13000</Data>
    <Data Name="SourceImage">C:\ProgramData\Microsoft\Windows Defender\Platform\4.18.2301.6-0\MsMpEng.exe</Data>
    <Data Name="TargetProcessGUID">{4a53743f-0456-6663-f902-0010b5b23e63}</Data>
    <Data Name="TargetProcessId">5736</Data>
    <Data Name="TargetImage">C:\Windows\System32\lsass.exe</Data>
    <Data Name="GrantedAccess">0x1410</Data>
    <Data Name="CallTrace">C:\Windows\SYSTEM32\ntdll.dll+9EAAE|C:\Windows\SYSTEM32\KERNELBASE.dll+2EAD1|C:\Windows\SYSTEM32\advapi32.dll+4BCAB</Data>
    <Data Name="SourceUser">NT AUTHORITY\SYSTEM</Data>
    <Data Name="TargetUser">NT AUTHORITY\SYSTEM</Data>
    
  </EventData>
</Event>
<Event xmlns="http://schemas.microsoft.com/win/2004/08/events/event">
  <System>
    <Provider Name="Microsoft-Windows-Sysmon" Guid="{5770385f-c22a-43e0-bf4c-06f5698ffbd9}"/>
    <EventID>5</EventID>
    <Version>3</Version>
    <Level>4</Level>
    <Task>5</Task>
    <Opcode>0</Opcode>
    <Keywords>0x8000000000000000</Keywords>
    <TimeCreated SystemTime="2024-06-11T14:32:01.5909112Z"/>
    <EventRecordID>1013295</EventRecordID>
    <Correlation/>
    <Execution ProcessID="2800" ThreadID="3936"/>
    <Channel>Microsoft-Windows-Sysmon/Operational</Channel>
    <Computer>FILE-01.meridianledger.local</Computer>
    <Security UserID="S-1-5-18"/>
  </System>
  <EventData>
    
    <Data Name="RuleName">-</Data>
    <Data Name="UtcTime">2024-06-11 14:32:01.590</Data>
    <Data Name="ProcessGuid">{4a53743f-5dfb-6668-f500-00002a92ca4e}</Data>
    <Data Name="ProcessId">7204</Data>
    <Data Name="Image">C:\Windows\System32\dllhost.exe</Data>
    <Data Name="User">NT AUTHORITY\SYSTEM</Data>
    
  </EventData>
</Event>
<Event xmlns="http://schemas.microsoft.com/win/2004/08/events/event">
  <System>
    <Provider Name="Microsoft-Windows-Sysmon" Guid="{5770385f-c22a-43e0-bf4c-06f5698ffbd9}"/>
    <EventID>1</EventID>
    <Version>5</Version>
    <Level>4</Level>
    <Task>1</Task>
    <Opcode>0</Opcode>
    <Keywords>0x8000000000000000</Keywords>
    <TimeCreated SystemTime="2024-06-11T14:32:06.6251731Z"/>
    <EventRecordID>1013296</EventRecordID>
    <Correlation/>
    <Execution ProcessID="2800" ThreadID="4316"/>
    <Channel>Microsoft-Windows-Sysmon/Operational</Channel>
    <Computer>FILE-01.meridianledger.local</Computer>
    <Security UserID="S-1-5-18"/>
  </System>
  <EventData>
    
    <Data Name="RuleName">-</Data>
    <Data Name="UtcTime">2024-06-11 14:32:06.624</Data>
    <Data Name="ProcessGuid">{4a53743f-5fe6-6668-4202-00107b869c9d}</Data>
    <Data Name="ProcessId">7248</Data>
    <Data Name="Image">C:\Windows\System32\wbem\WmiPrvSE.exe</Data>
    <Data Name="FileVersion">10.0.20348.1</Data>
    <Data Name="Description">WMI Provider Host</Data>
    <Data Name="Product">Microsoft Windows Operating System</Data>
    <Data Name="Company">Microsoft Corporation</Data>
    <Data Name="OriginalFileName">WmiPrvSE.exe</Data>
    <Data Name="CommandLine">WmiPrvSE.exe -secured -Embedding</Data>
    <Data Name="CurrentDirectory">C:\Windows\System32\</Data>
    <Data Name="User">NT AUTHORITY\SYSTEM</Data>
    <Data Name="LogonGuid">{00000000-0000-0000-0000-000000000000}</Data>
    <Data Name="LogonId">0x3e7</Data>
    <Data Name="TerminalSessionId">0</Data>
    <Data Name="IntegrityLevel">System</Data>
    <Data Name="Hashes">SHA1=A5E3AF2A96B47DDFB49DA94A8671FB987C1FE2BB,MD5=7D26B8B7840F97C88857B470C235D9FE,SHA256=1066389BE1D488A653647CC3A656AC18A6219B4DDAFF89A68A5F31BACF2E0B3F,IMPHASH=7315DF3EBAFC67944E00B47EC7B4744A</Data>
    <Data Name="ParentProcessGuid">{4a53743f-0459-6663-4900-0010ba9049ad}</Data>
    <Data Name="ParentProcessId">5756</Data>
    <Data Name="ParentImage">C:\Windows\System32\svchost.exe</Data>
    <Data Name="ParentCommandLine">svchost.exe -k DcomLaunch</Data>
    <Data Name="ParentUser">NT AUTHORITY\SYSTEM</Data>
    
  </EventData>
</Event>
<Event xmlns="http://schemas.microsoft.com/win/2004/08/events/event">
  <System>
    <Provider Name="Microsoft-Windows-Sysmon" Guid="{5770385f-c22a-43e0-bf4c-06f5698ffbd9}"/>
    <EventID>22</EventID>
    <Version>5</Version>
    <Level>4</Level>
    <Task>22</Task>
    <Opcode>0</Opcode>
    <Keywords>0x8000000000000000</Keywords>
    <TimeCreated SystemTime="2024-06-11T14:34:32.7831836Z"/>
    <EventRecordID>1013298</EventRecordID>
    <Correlation/>
    <Execution ProcessID="2800" ThreadID="4316"/>
    <Channel>Microsoft-Windows-Sysmon/Operational</Channel>
    <Computer>FILE-01.meridianledger.local</Computer>
    <Security UserID="S-1-5-18"/>
  </System>
  <EventData>
    
    <Data Name="RuleName">-</Data>
    <Data Name="UtcTime">2024-06-11 14:34:32.777</Data>
    <Data Name="ProcessGuid">{4a53743f-045a-6663-5802-00006ec721e5}</Data>
    <Data Name="ProcessId">5804</Data>
    <Data Name="QueryName">arc.msn.com</Data>
    <Data Name="QueryStatus">0</Data>
    <Data Name="QueryResults">13.107.246.42;204.79.197.203;</Data>
    <Data Name="Image">C:\Windows\System32\svchost.exe</Data>
    <Data Name="User">NT AUTHORITY\NETWORK SERVICE</Data>
    
  </EventData>
</Event>
<Event xmlns="http://schemas.microsoft.com/win/2004/08/events/event">
  <System>
    <Provider Name="Microsoft-Windows-Sysmon" Guid="{5770385f-c22a-43e0-bf4c-06f5698ffbd9}"/>
    <EventID>3</EventID>
    <Version>5</Version>
    <Level>4</Level>
    <Task>3</Task>
    <Opcode>0</Opcode>
    <Keywords>0x8000000000000000</Keywords>
    <TimeCreated SystemTime="2024-06-11T14:34:35.6329929Z"/>
    <EventRecordID>1013299</EventRecordID>
    <Correlation/>
    <Execution ProcessID="2800" ThreadID="1516"/>
    <Channel>Microsoft-Windows-Sysmon/Operational</Channel>
    <Computer>FILE-01.meridianledger.local</Computer>
    <Security UserID="S-1-5-18"/>
  </System>
  <EventData>
    
    <Data Name="RuleName">-</Data>
    <Data Name="UtcTime">2024-06-11 14:34:35.632</Data>
    <Data Name="ProcessGuid">{4a53743f-045a-6663-5802-00006ec721e5}</Data>
    <Data Name="ProcessId">5804</Data>
    <Data Name="Image">C:\Windows\System32\svchost.exe</Data>
    <Data Name="User">NT AUTHORITY\NETWORK SERVICE</Data>
    <Data Name="Protocol">tcp</Data>
    <Data Name="Initiated">true</Data>
    <Data Name="SourceIsIpv6">false</Data>
    <Data Name="SourceIp">10.30.20.10</Data>
    <Data Name="SourceHostname">FILE-01.meridianledger.local</Data>
    <Data Name="SourcePort">52891</Data>
    <Data Name="SourcePortName">-</Data>
    <Data Name="DestinationIsIpv6">false</Data>
    <Data Name="DestinationIp">13.107.246.42</Data>
    <Data Name="DestinationHostname">arc.msn.com</Data>
    <Data Name="DestinationPort">443</Data>
    <Data Name="DestinationPortName">https</Data>
    
  </EventData>
</Event>
<Event xmlns="http://schemas.microsoft.com/win/2004/08/events/event">
  <System>
    <Provider Name="Microsoft-Windows-Sysmon" Guid="{5770385f-c22a-43e0-bf4c-06f5698ffbd9}"/>
    <EventID>5</EventID>
    <Version>3</Version>
    <Level>4</Level>
    <Task>5</Task>
    <Opcode>0</Opcode>
    <Keywords>0x8000000000000000</Keywords>
    <TimeCreated SystemTime="2024-06-11T14:35:07.7737175Z"/>
    <EventRecordID>1013300</EventRecordID>
    <Correlation/>
    <Execution ProcessID="2800" ThreadID="1516"/>
    <Channel>Microsoft-Windows-Sysmon/Operational</Channel>
    <Computer>FILE-01.meridianledger.local</Computer>
    <Security UserID="S-1-5-18"/>
  </System>
  <EventData>
    
    <Data Name="RuleName">-</Data>
    <Data Name="UtcTime">2024-06-11 14:35:07.771</Data>
    <Data Name="ProcessGuid">{4a53743f-5e69-6668-9202-00108ebff4df}</Data>
    <Data Name="ProcessId">7200</Data>
    <Data Name="Image">C:\Windows\System32\dllhost.exe</Data>
    <Data Name="User">NT AUTHORITY\SYSTEM</Data>
    
  </EventData>
</Event>
<Event xmlns="http://schemas.microsoft.com/win/2004/08/events/event">
  <System>
    <Provider Name="Microsoft-Windows-Sysmon" Guid="{5770385f-c22a-43e0-bf4c-06f5698ffbd9}"/>
    <EventID>5</EventID>
    <Version>3</Version>
    <Level>4</Level>
    <Task>5</Task>
    <Opcode>0</Opcode>
    <Keywords>0x8000000000000000</Keywords>
    <TimeCreated SystemTime="2024-06-11T14:36:37.1274415Z"/>
    <EventRecordID>1013303</EventRecordID>
    <Correlation/>
    <Execution ProcessID="2800" ThreadID="4316"/>
    <Channel>Microsoft-Windows-Sysmon/Operational</Channel>
    <Computer>FILE-01.meridianledger.local</Computer>
    <Security UserID="S-1-5-18"/>
  </System>
  <EventData>
    
    <Data Name="RuleName">-</Data>
    <Data Name="UtcTime">2024-06-11 14:36:37.126</Data>
    <Data Name="ProcessGuid">{4a53743f-5fe6-6668-4202-00107b869c9d}</Data>
    <Data Name="ProcessId">7248</Data>
    <Data Name="Image">C:\Windows\System32\wbem\WmiPrvSE.exe</Data>
    <Data Name="User">NT AUTHORITY\SYSTEM</Data>
    
  </EventData>
</Event>
<Event xmlns="http://schemas.microsoft.com/win/2004/08/events/event">
  <System>
    <Provider Name="Microsoft-Windows-Sysmon" Guid="{5770385f-c22a-43e0-bf4c-06f5698ffbd9}"/>
    <EventID>1</EventID>
    <Version>5</Version>
    <Level>4</Level>
    <Task>1</Task>
    <Opcode>0</Opcode>
    <Keywords>0x8000000000000000</Keywords>
    <TimeCreated SystemTime="2024-06-11T14:38:24.8244461Z"/>
    <EventRecordID>1013308</EventRecordID>
    <Correlation/>
    <Execution ProcessID="2800" ThreadID="1492"/>
    <Channel>Microsoft-Windows-Sysmon/Operational</Channel>
    <Computer>FILE-01.meridianledger.local</Computer>
    <Security UserID="S-1-5-18"/>
  </System>
  <EventData>
    
    <Data Name="RuleName">-</Data>
    <Data Name="UtcTime">2024-06-11 14:38:24.824</Data>
    <Data Name="ProcessGuid">{4a53743f-6160-6668-f902-00000e792e72}</Data>
    <Data Name="ProcessId">7320</Data>
    <Data Name="Image">C:\Windows\System32\wbem\WmiPrvSE.exe</Data>
    <Data Name="FileVersion">10.0.20348.1</Data>
    <Data Name="Description">WMI Provider Host</Data>
    <Data Name="Product">Microsoft Windows Operating System</Data>
    <Data Name="Company">Microsoft Corporation</Data>
    <Data Name="OriginalFileName">WmiPrvSE.exe</Data>
    <Data Name="CommandLine">WmiPrvSE.exe -Embedding</Data>
    <Data Name="CurrentDirectory">C:\Windows\System32\</Data>
    <Data Name="User">NT AUTHORITY\SYSTEM</Data>
    <Data Name="LogonGuid">{00000000-0000-0000-0000-000000000000}</Data>
    <Data Name="LogonId">0x3e7</Data>
    <Data Name="TerminalSessionId">0</Data>
    <Data Name="IntegrityLevel">System</Data>
    <Data Name="Hashes">SHA1=A5E3AF2A96B47DDFB49DA94A8671FB987C1FE2BB,MD5=7D26B8B7840F97C88857B470C235D9FE,SHA256=1066389BE1D488A653647CC3A656AC18A6219B4DDAFF89A68A5F31BACF2E0B3F,IMPHASH=7315DF3EBAFC67944E00B47EC7B4744A</Data>
    <Data Name="ParentProcessGuid">{4a53743f-0459-6663-4900-0010ba9049ad}</Data>
    <Data Name="ParentProcessId">5756</Data>
    <Data Name="ParentImage">C:\Windows\System32\svchost.exe</Data>
    <Data Name="ParentCommandLine">svchost.exe -k DcomLaunch</Data>
    <Data Name="ParentUser">NT AUTHORITY\SYSTEM</Data>
    
  </EventData>
</Event>
<Event xmlns="http://schemas.microsoft.com/win/2004/08/events/event">
  <System>
    <Provider Name="Microsoft-Windows-Sysmon" Guid="{5770385f-c22a-43e0-bf4c-06f5698ffbd9}"/>
    <EventID>10</EventID>
    <Version>3</Version>
    <Level>4</Level>
    <Task>10</Task>
    <Opcode>0</Opcode>
    <Keywords>0x8000000000000000</Keywords>
    <TimeCreated SystemTime="2024-06-11T14:39:31.5546311Z"/>
    <EventRecordID>1013309</EventRecordID>
    <Correlation/>
    <Execution ProcessID="2800" ThreadID="1516"/>
    <Channel>Microsoft-Windows-Sysmon/Operational</Channel>
    <Computer>FILE-01.meridianledger.local</Computer>
    <Security UserID="S-1-5-18"/>
  </System>
  <EventData>
    
    <Data Name="RuleName">-</Data>
    <Data Name="UtcTime">2024-06-11 14:39:31.553</Data>
    <Data Name="SourceProcessGUID">{4a53743f-0452-6663-fd00-00108e224e12}</Data>
    <Data Name="SourceProcessId">5668</Data>
    <Data Name="SourceThreadId">12568</Data>
    <Data Name="SourceImage">C:\Windows\System32\csrss.exe</Data>
    <Data Name="TargetProcessGUID">{4a53743f-046b-6663-9400-001060505f31}</Data>
    <Data Name="TargetProcessId">6132</Data>
    <Data Name="TargetImage">C:\Windows\System32\winlogon.exe</Data>
    <Data Name="GrantedAccess">0x1400</Data>
    <Data Name="CallTrace">C:\Windows\SYSTEM32\ntdll.dll+9C456</Data>
    <Data Name="SourceUser">NT AUTHORITY\SYSTEM</Data>
    <Data Name="TargetUser">NT AUTHORITY\SYSTEM</Data>
    
  </EventData>
</Event>
<Event xmlns="http://schemas.microsoft.com/win/2004/08/events/event">
  <System>
    <Provider Name="Microsoft-Windows-Sysmon" Guid="{5770385f-c22a-43e0-bf4c-06f5698ffbd9}"/>
    <EventID>5</EventID>
    <Version>3</Version>
    <Level>4</Level>
    <Task>5</Task>
    <Opcode>0</Opcode>
    <Keywords>0x8000000000000000</Keywords>
    <TimeCreated SystemTime="2024-06-11T14:41:36.3609464Z"/>
    <EventRecordID>1013313</EventRecordID>
    <Correlation/>
    <Execution ProcessID="2800" ThreadID="3936"/>
    <Channel>Microsoft-Windows-Sysmon/Operational</Channel>
    <Computer>FILE-01.meridianledger.local</Computer>
    <Security UserID="S-1-5-18"/>
  </System>
  <EventData>
    
    <Data Name="RuleName">-</Data>
    <Data Name="UtcTime">2024-06-11 14:41:36.360</Data>
    <Data Name="ProcessGuid">{4a53743f-28b6-6668-1202-001012befc37}</Data>
    <Data Name="ProcessId">6416</Data>
    <Data Name="Image">C:\Windows\System32\winlogon.exe</Data>
    <Data Name="User">NT AUTHORITY\SYSTEM</Data>
    
  </EventData>
</Event>
<Event xmlns="http://schemas.microsoft.com/win/2004/08/events/event">
  <System>
    <Provider Name="Microsoft-Windows-Sysmon" Guid="{5770385f-c22a-43e0-bf4c-06f5698ffbd9}"/>
    <EventID>5</EventID>
    <Version>3</Version>
    <Level>4</Level>
    <Task>5</Task>
    <Opcode>0</Opcode>
    <Keywords>0x8000000000000000</Keywords>
    <TimeCreated SystemTime="2024-06-11T14:41:36.4427007Z"/>
    <EventRecordID>1013314</EventRecordID>
    <Correlation/>
    <Execution ProcessID="2800" ThreadID="3936"/>
    <Channel>Microsoft-Windows-Sysmon/Operational</Channel>
    <Computer>FILE-01.meridianledger.local</Computer>
    <Security UserID="S-1-5-18"/>
  </System>
  <EventData>
    
    <Data Name="RuleName">-</Data>
    <Data Name="UtcTime">2024-06-11 14:41:36.431</Data>
    <Data Name="ProcessGuid">{4a53743f-28b8-6668-9702-00000f999da6}</Data>
    <Data Name="ProcessId">6428</Data>
    <Data Name="Image">C:\Windows\explorer.exe</Data>
    <Data Name="User">MERIDIANLEDGER\rita.okafor</Data>
    
  </EventData>
</Event>
<Event xmlns="http://schemas.microsoft.com/win/2004/08/events/event">
  <System>
    <Provider Name="Microsoft-Windows-Sysmon" Guid="{5770385f-c22a-43e0-bf4c-06f5698ffbd9}"/>
    <EventID>5</EventID>
    <Version>3</Version>
    <Level>4</Level>
    <Task>5</Task>
    <Opcode>0</Opcode>
    <Keywords>0x8000000000000000</Keywords>
    <TimeCreated SystemTime="2024-06-11T14:41:58.6136111Z"/>
    <EventRecordID>1013315</EventRecordID>
    <Correlation/>
    <Execution ProcessID="2800" ThreadID="1516"/>
    <Channel>Microsoft-Windows-Sysmon/Operational</Channel>
    <Computer>FILE-01.meridianledger.local</Computer>
    <Security UserID="S-1-5-18"/>
  </System>
  <EventData>
    
    <Data Name="RuleName">-</Data>
    <Data Name="UtcTime">2024-06-11 14:41:58.612</Data>
    <Data Name="ProcessGuid">{4a53743f-5eb2-6668-e900-00007e9e0b45}</Data>
    <Data Name="ProcessId">7284</Data>
    <Data Name="Image">C:\Windows\System32\conhost.exe</Data>
    <Data Name="User">NT AUTHORITY\SYSTEM</Data>
    
  </EventData>
</Event>
<Event xmlns="http://schemas.microsoft.com/win/2004/08/events/event">
  <System>
    <Provider Name="Microsoft-Windows-Sysmon" Guid="{5770385f-c22a-43e0-bf4c-06f5698ffbd9}"/>
    <EventID>1</EventID>
    <Version>5</Version>
    <Level>4</Level>
    <Task>1</Task>
    <Opcode>0</Opcode>
    <Keywords>0x8000000000000000</Keywords>
    <TimeCreated SystemTime="2024-06-11T14:42:18.8800525Z"/>
    <EventRecordID>1013316</EventRecordID>
    <Correlation/>
    <Execution ProcessID="2800" ThreadID="1492"/>
    <Channel>Microsoft-Windows-Sysmon/Operational</Channel>
    <Computer>FILE-01.meridianledger.local</Computer>
    <Security UserID="S-1-5-18"/>
  </System>
  <EventData>
    
    <Data Name="RuleName">-</Data>
    <Data Name="UtcTime">2024-06-11 14:42:18.879</Data>
    <Data Name="ProcessGuid">{4a53743f-624a-6668-ea02-000085b7c062}</Data>
    <Data Name="ProcessId">7288</Data>
    <Data Name="Image">C:\Windows\System32\dllhost.exe</Data>
    <Data Name="FileVersion">10.0.20348.1</Data>
    <Data Name="Description">COM Surrogate</Data>
    <Data Name="Product">Microsoft Windows Operating System</Data>
    <Data Name="Company">Microsoft Corporation</Data>
    <Data Name="OriginalFileName">dllhost.exe</Data>
    <Data Name="CommandLine">dllhost.exe /Processid:{73E709EA-5D93-4B2E-BBB0-99B7938DA9E4}</Data>
    <Data Name="CurrentDirectory">C:\Windows\System32\</Data>
    <Data Name="User">NT AUTHORITY\SYSTEM</Data>
    <Data Name="LogonGuid">{00000000-0000-0000-0000-000000000000}</Data>
    <Data Name="LogonId">0x3e7</Data>
    <Data Name="TerminalSessionId">0</Data>
    <Data Name="IntegrityLevel">System</Data>
    <Data Name="Hashes">SHA1=30A1BB5B6488DA366EC6CB150CFBC5E1D38AE4EC,MD5=0CF8A7A200AB4EC5554D66B94C14DBF1,SHA256=7330E24D8462CB4C728FAFB454B8F7B81D74B116E290264CC3727466370C3B00,IMPHASH=32EF2A6E05BBEAE7E85E49CA7C70F08E</Data>
    <Data Name="ParentProcessGuid">{4a53743f-0459-6663-4900-0010ba9049ad}</Data>
    <Data Name="ParentProcessId">5756</Data>
    <Data Name="ParentImage">C:\Windows\System32\svchost.exe</Data>
    <Data Name="ParentCommandLine">svchost.exe -k DcomLaunch</Data>
    <Data Name="ParentUser">NT AUTHORITY\SYSTEM</Data>
    
  </EventData>
</Event>
<Event xmlns="http://schemas.microsoft.com/win/2004/08/events/event">
  <System>
    <Provider Name="Microsoft-Windows-Sysmon" Guid="{5770385f-c22a-43e0-bf4c-06f5698ffbd9}"/>
    <EventID>5</EventID>
    <Version>3</Version>
    <Level>4</Level>
    <Task>5</Task>
    <Opcode>0</Opcode>
    <Keywords>0x8000000000000000</Keywords>
    <TimeCreated SystemTime="2024-06-11T14:42:24.4589412Z"/>
    <EventRecordID>1013317</EventRecordID>
    <Correlation/>
    <Execution ProcessID="2800" ThreadID="1492"/>
    <Channel>Microsoft-Windows-Sysmon/Operational</Channel>
    <Computer>FILE-01.meridianledger.local</Computer>
    <Security UserID="S-1-5-18"/>
  </System>
  <EventData>
    
    <Data Name="RuleName">-</Data>
    <Data Name="UtcTime">2024-06-11 14:42:24.453</Data>
    <Data Name="ProcessGuid">{4a53743f-624a-6668-ea02-000085b7c062}</Data>
    <Data Name="ProcessId">7288</Data>
    <Data Name="Image">C:\Windows\System32\dllhost.exe</Data>
    <Data Name="User">NT AUTHORITY\SYSTEM</Data>
    
  </EventData>
</Event>
<Event xmlns="http://schemas.microsoft.com/win/2004/08/events/event">
  <System>
    <Provider Name="Microsoft-Windows-Sysmon" Guid="{5770385f-c22a-43e0-bf4c-06f5698ffbd9}"/>
    <EventID>10</EventID>
    <Version>3</Version>
    <Level>4</Level>
    <Task>10</Task>
    <Opcode>0</Opcode>
    <Keywords>0x8000000000000000</Keywords>
    <TimeCreated SystemTime="2024-06-11T14:43:07.1152933Z"/>
    <EventRecordID>1013318</EventRecordID>
    <Correlation/>
    <Execution ProcessID="2800" ThreadID="1516"/>
    <Channel>Microsoft-Windows-Sysmon/Operational</Channel>
    <Computer>FILE-01.meridianledger.local</Computer>
    <Security UserID="S-1-5-18"/>
  </System>
  <EventData>
    
    <Data Name="RuleName">-</Data>
    <Data Name="UtcTime">2024-06-11 14:43:07.114</Data>
    <Data Name="SourceProcessGUID">{4a53743f-0462-6663-9b02-0000a74c1fe0}</Data>
    <Data Name="SourceProcessId">5916</Data>
    <Data Name="SourceThreadId">13000</Data>
    <Data Name="SourceImage">C:\ProgramData\Microsoft\Windows Defender\Platform\4.18.2301.6-0\MsMpEng.exe</Data>
    <Data Name="TargetProcessGUID">{4a53743f-0456-6663-f902-0010b5b23e63}</Data>
    <Data Name="TargetProcessId">5736</Data>
    <Data Name="TargetImage">C:\Windows\System32\lsass.exe</Data>
    <Data Name="GrantedAccess">0x1410</Data>
    <Data Name="CallTrace">C:\Windows\SYSTEM32\ntdll.dll+9EAAE|C:\Windows\SYSTEM32\KERNELBASE.dll+2EAD1|C:\Windows\SYSTEM32\advapi32.dll+4BCAB</Data>
    <Data Name="SourceUser">NT AUTHORITY\SYSTEM</Data>
    <Data Name="TargetUser">NT AUTHORITY\SYSTEM</Data>
    
  </EventData>
</Event>
<Event xmlns="http://schemas.microsoft.com/win/2004/08/events/event">
  <System>
    <Provider Name="Microsoft-Windows-Sysmon" Guid="{5770385f-c22a-43e0-bf4c-06f5698ffbd9}"/>
    <EventID>1</EventID>
    <Version>5</Version>
    <Level>4</Level>
    <Task>1</Task>
    <Opcode>0</Opcode>
    <Keywords>0x8000000000000000</Keywords>
    <TimeCreated SystemTime="2024-06-11T14:44:40.6039078Z"/>
    <EventRecordID>1013321</EventRecordID>
    <Correlation/>
    <Execution ProcessID="2800" ThreadID="1516"/>
    <Channel>Microsoft-Windows-Sysmon/Operational</Channel>
    <Computer>FILE-01.meridianledger.local</Computer>
    <Security UserID="S-1-5-18"/>
  </System>
  <EventData>
    
    <Data Name="RuleName">-</Data>
    <Data Name="UtcTime">2024-06-11 14:44:40.602</Data>
    <Data Name="ProcessGuid">{4a53743f-62d8-6668-1402-00107b285810}</Data>
    <Data Name="ProcessId">7420</Data>
    <Data Name="Image">C:\Windows\System32\winlogon.exe</Data>
    <Data Name="FileVersion">-</Data>
    <Data Name="Description">-</Data>
    <Data Name="Product">-</Data>
    <Data Name="Company">-</Data>
    <Data Name="OriginalFileName">-</Data>
    <Data Name="CommandLine">winlogon.exe</Data>
    <Data Name="CurrentDirectory">C:\Windows\System32\</Data>
    <Data Name="User">NT AUTHORITY\SYSTEM</Data>
    <Data Name="LogonGuid">{00000000-0000-0000-0000-000000000000}</Data>
    <Data Name="LogonId">0x3e7</Data>
    <Data Name="TerminalSessionId">0</Data>
    <Data Name="IntegrityLevel">System</Data>
    <Data Name="Hashes">SHA1=9346FD5F83897428CBEEFE7541717E3A158E2B11,MD5=11A2E297BEA7B166F4A9D2C6BE5E2278,SHA256=6B0FA04BC5E8CE24A5DB36851D4A6CDBBB1030B9C471A3E4FC3BD613B85080E7,IMPHASH=57930F079A22768C8BF86A9C197BCDCF</Data>
    <Data Name="ParentProcessGuid">{4a53743f-0450-6663-7202-0010489469df}</Data>
    <Data Name="ParentProcessId">5660</Data>
    <Data Name="ParentImage">C:\Windows\System32\smss.exe</Data>
    <Data Name="ParentCommandLine">smss.exe</Data>
    <Data Name="ParentUser">NT AUTHORITY\SYSTEM</Data>
    
  </EventData>
</Event>
<Event xmlns="http://schemas.microsoft.com/win/2004/08/events/event">
  <System>
    <Provider Name="Microsoft-Windows-Sysmon" Guid="{5770385f-c22a-43e0-bf4c-06f5698ffbd9}"/>
    <EventID>1</EventID>
    <Version>5</Version>
    <Level>4</Level>
    <Task>1</Task>
    <Opcode>0</Opcode>
    <Keywords>0x8000000000000000</Keywords>
    <TimeCreated SystemTime="2024-06-11T14:44:42.5870943Z"/>
    <EventRecordID>1013322</EventRecordID>
    <Correlation/>
    <Execution ProcessID="2800" ThreadID="1516"/>
    <Channel>Microsoft-Windows-Sysmon/Operational</Channel>
    <Computer>FILE-01.meridianledger.local</Computer>
    <Security UserID="S-1-5-18"/>
  </System>
  <EventData>
    
    <Data Name="RuleName">-</Data>
    <Data Name="UtcTime">2024-06-11 14:44:42.586</Data>
    <Data Name="ProcessGuid">{4a53743f-62da-6668-a002-0010a596ed36}</Data>
    <Data Name="ProcessId">7440</Data>
    <Data Name="Image">C:\Windows\System32\userinit.exe</Data>
    <Data Name="FileVersion">-</Data>
    <Data Name="Description">-</Data>
    <Data Name="Product">-</Data>
    <Data Name="Company">-</Data>
    <Data Name="OriginalFileName">-</Data>
    <Data Name="CommandLine">userinit.exe</Data>
    <Data Name="CurrentDirectory">C:\Windows\System32\</Data>
    <Data Name="User">MERIDIANLEDGER\rita.okafor</Data>
    <Data Name="LogonGuid">{00000000-0000-0000-0000-000000000000}</Data>
    <Data Name="LogonId">0x383de15</Data>
    <Data Name="TerminalSessionId">5</Data>
    <Data Name="IntegrityLevel">Medium</Data>
    <Data Name="Hashes">SHA1=6A4714367CD4C105D4349C5F089354153BE58DD9,MD5=5A56268C48DE9F5E679EDCE87E08B276,SHA256=91665FC0325F4DE548C15AAFB5C01CD83C3A50136038AE6B7BB2DC31330399A9,IMPHASH=6B2B4605529C1A2D51ED6C8F0DFC02C4</Data>
    <Data Name="ParentProcessGuid">{4a53743f-62d8-6668-1402-00107b285810}</Data>
    <Data Name="ParentProcessId">7420</Data>
    <Data Name="ParentImage">C:\Windows\System32\winlogon.exe</Data>
    <Data Name="ParentCommandLine">winlogon.exe</Data>
    <Data Name="ParentUser">NT AUTHORITY\SYSTEM</Data>
    
  </EventData>
</Event>
<Event xmlns="http://schemas.microsoft.com/win/2004/08/events/event">
  <System>
    <Provider Name="Microsoft-Windows-Sysmon" Guid="{5770385f-c22a-43e0-bf4c-06f5698ffbd9}"/>
    <EventID>1</EventID>
    <Version>5</Version>
    <Level>4</Level>
    <Task>1</Task>
    <Opcode>0</Opcode>
    <Keywords>0x8000000000000000</Keywords>
    <TimeCreated SystemTime="2024-06-11T14:44:43.5085154Z"/>
    <EventRecordID>1013323</EventRecordID>
    <Correlation/>
    <Execution ProcessID="2800" ThreadID="4316"/>
    <Channel>Microsoft-Windows-Sysmon/Operational</Channel>
    <Computer>FILE-01.meridianledger.local</Computer>
    <Security UserID="S-1-5-18"/>
  </System>
  <EventData>
    
    <Data Name="RuleName">-</Data>
    <Data Name="UtcTime">2024-06-11 14:44:43.504</Data>
    <Data Name="ProcessGuid">{4a53743f-62db-6668-3302-00000720926b}</Data>
    <Data Name="ProcessId">7452</Data>
    <Data Name="Image">C:\Windows\explorer.exe</Data>
    <Data Name="FileVersion">10.0.20348.1</Data>
    <Data Name="Description">Windows Explorer</Data>
    <Data Name="Product">Microsoft Windows Operating System</Data>
    <Data Name="Company">Microsoft Corporation</Data>
    <Data Name="OriginalFileName">EXPLORER.EXE</Data>
    <Data Name="CommandLine">explorer.exe</Data>
    <Data Name="CurrentDirectory">C:\Windows\</Data>
    <Data Name="User">MERIDIANLEDGER\rita.okafor</Data>
    <Data Name="LogonGuid">{00000000-0000-0000-0000-000000000000}</Data>
    <Data Name="LogonId">0x383de15</Data>
    <Data Name="TerminalSessionId">5</Data>
    <Data Name="IntegrityLevel">Medium</Data>
    <Data Name="Hashes">SHA1=624F7A63B8CADD7CAB1E1BCE7570B31E4496FEBB,MD5=FF842C08C407025552BCBDA9FEF261DB,SHA256=B32AD49DBCCDFD4914B6DE8D83A254D492EA76AD72F666F0AB5BE5651449E0CA,IMPHASH=6F237278D12BCF7F349DD42D22159E8A</Data>
    <Data Name="ParentProcessGuid">{4a53743f-62da-6668-a002-0010a596ed36}</Data>
    <Data Name="ParentProcessId">7440</Data>
    <Data Name="ParentImage">C:\Windows\System32\userinit.exe</Data>
    <Data Name="ParentCommandLine">userinit.exe</Data>
    <Data Name="ParentUser">MERIDIANLEDGER\rita.okafor</Data>
    
  </EventData>
</Event>
<Event xmlns="http://schemas.microsoft.com/win/2004/08/events/event">
  <System>
    <Provider Name="Microsoft-Windows-Sysmon" Guid="{5770385f-c22a-43e0-bf4c-06f5698ffbd9}"/>
    <EventID>5</EventID>
    <Version>3</Version>
    <Level>4</Level>
    <Task>5</Task>
    <Opcode>0</Opcode>
    <Keywords>0x8000000000000000</Keywords>
    <TimeCreated SystemTime="2024-06-11T14:44:45.5896596Z"/>
    <EventRecordID>1013324</EventRecordID>
    <Correlation/>
    <Execution ProcessID="2800" ThreadID="4316"/>
    <Channel>Microsoft-Windows-Sysmon/Operational</Channel>
    <Computer>FILE-01.meridianledger.local</Computer>
    <Security UserID="S-1-5-18"/>
  </System>
  <EventData>
    
    <Data Name="RuleName">-</Data>
    <Data Name="UtcTime">2024-06-11 14:44:45.588</Data>
    <Data Name="ProcessGuid">{4a53743f-62da-6668-a002-0010a596ed36}</Data>
    <Data Name="ProcessId">7440</Data>
    <Data Name="Image">C:\Windows\System32\userinit.exe</Data>
    <Data Name="User">MERIDIANLEDGER\rita.okafor</Data>
    
  </EventData>
</Event>
<Event xmlns="http://schemas.microsoft.com/win/2004/08/events/event">
  <System>
    <Provider Name="Microsoft-Windows-Sysmon" Guid="{5770385f-c22a-43e0-bf4c-06f5698ffbd9}"/>
    <EventID>22</EventID>
    <Version>5</Version>
    <Level>4</Level>
    <Task>22</Task>
    <Opcode>0</Opcode>
    <Keywords>0x8000000000000000</Keywords>
    <TimeCreated SystemTime="2024-06-11T14:47:23.3354264Z"/>
    <EventRecordID>1013325</EventRecordID>
    <Correlation/>
    <Execution ProcessID="2800" ThreadID="4316"/>
    <Channel>Microsoft-Windows-Sysmon/Operational</Channel>
    <Computer>FILE-01.meridianledger.local</Computer>
    <Security UserID="S-1-5-18"/>
  </System>
  <EventData>
    
    <Data Name="RuleName">-</Data>
    <Data Name="UtcTime">2024-06-11 14:47:23.326</Data>
    <Data Name="ProcessGuid">{4a53743f-045a-6663-5802-00006ec721e5}</Data>
    <Data Name="ProcessId">5804</Data>
    <Data Name="QueryName">ctldl.windowsupdate.com</Data>
    <Data Name="QueryStatus">0</Data>
    <Data Name="QueryResults">52.114.132.73;52.114.128.40;</Data>
    <Data Name="Image">C:\Windows\System32\svchost.exe</Data>
    <Data Name="User">NT AUTHORITY\NETWORK SERVICE</Data>
    
  </EventData>
</Event>
<Event xmlns="http://schemas.microsoft.com/win/2004/08/events/event">
  <System>
    <Provider Name="Microsoft-Windows-Sysmon" Guid="{5770385f-c22a-43e0-bf4c-06f5698ffbd9}"/>
    <EventID>3</EventID>
    <Version>5</Version>
    <Level>4</Level>
    <Task>3</Task>
    <Opcode>0</Opcode>
    <Keywords>0x8000000000000000</Keywords>
    <TimeCreated SystemTime="2024-06-11T14:47:23.5584621Z"/>
    <EventRecordID>1013326</EventRecordID>
    <Correlation/>
    <Execution ProcessID="2800" ThreadID="4316"/>
    <Channel>Microsoft-Windows-Sysmon/Operational</Channel>
    <Computer>FILE-01.meridianledger.local</Computer>
    <Security UserID="S-1-5-18"/>
  </System>
  <EventData>
    
    <Data Name="RuleName">-</Data>
    <Data Name="UtcTime">2024-06-11 14:47:23.553</Data>
    <Data Name="ProcessGuid">{4a53743f-045b-6663-b500-0010c55004b7}</Data>
    <Data Name="ProcessId">5812</Data>
    <Data Name="Image">C:\Windows\System32\svchost.exe</Data>
    <Data Name="User">NT AUTHORITY\LOCAL SERVICE</Data>
    <Data Name="Protocol">udp</Data>
    <Data Name="Initiated">true</Data>
    <Data Name="SourceIsIpv6">false</Data>
    <Data Name="SourceIp">10.30.20.10</Data>
    <Data Name="SourceHostname">FILE-01.meridianledger.local</Data>
    <Data Name="SourcePort">63708</Data>
    <Data Name="SourcePortName">-</Data>
    <Data Name="DestinationIsIpv6">false</Data>
    <Data Name="DestinationIp">8.8.4.4</Data>
    <Data Name="DestinationHostname">-</Data>
    <Data Name="DestinationPort">53</Data>
    <Data Name="DestinationPortName">domain</Data>
    
  </EventData>
</Event>
<Event xmlns="http://schemas.microsoft.com/win/2004/08/events/event">
  <System>
    <Provider Name="Microsoft-Windows-Sysmon" Guid="{5770385f-c22a-43e0-bf4c-06f5698ffbd9}"/>
    <EventID>3</EventID>
    <Version>5</Version>
    <Level>4</Level>
    <Task>3</Task>
    <Opcode>0</Opcode>
    <Keywords>0x8000000000000000</Keywords>
    <TimeCreated SystemTime="2024-06-11T14:47:25.2820694Z"/>
    <EventRecordID>1013327</EventRecordID>
    <Correlation/>
    <Execution ProcessID="2800" ThreadID="1516"/>
    <Channel>Microsoft-Windows-Sysmon/Operational</Channel>
    <Computer>FILE-01.meridianledger.local</Computer>
    <Security UserID="S-1-5-18"/>
  </System>
  <EventData>
    
    <Data Name="RuleName">-</Data>
    <Data Name="UtcTime">2024-06-11 14:47:25.280</Data>
    <Data Name="ProcessGuid">{4a53743f-045a-6663-5802-00006ec721e5}</Data>
    <Data Name="ProcessId">5804</Data>
    <Data Name="Image">C:\Windows\System32\svchost.exe</Data>
    <Data Name="User">NT AUTHORITY\NETWORK SERVICE</Data>
    <Data Name="Protocol">tcp</Data>
    <Data Name="Initiated">true</Data>
    <Data Name="SourceIsIpv6">false</Data>
    <Data Name="SourceIp">10.30.20.10</Data>
    <Data Name="SourceHostname">FILE-01.meridianledger.local</Data>
    <Data Name="SourcePort">56104</Data>
    <Data Name="SourcePortName">-</Data>
    <Data Name="DestinationIsIpv6">false</Data>
    <Data Name="DestinationIp">52.114.132.73</Data>
    <Data Name="DestinationHostname">ctldl.windowsupdate.com</Data>
    <Data Name="DestinationPort">443</Data>
    <Data Name="DestinationPortName">https</Data>
    
  </EventData>
</Event>
<Event xmlns="http://schemas.microsoft.com/win/2004/08/events/event">
  <System>
    <Provider Name="Microsoft-Windows-Sysmon" Guid="{5770385f-c22a-43e0-bf4c-06f5698ffbd9}"/>
    <EventID>10</EventID>
    <Version>3</Version>
    <Level>4</Level>
    <Task>10</Task>
    <Opcode>0</Opcode>
    <Keywords>0x8000000000000000</Keywords>
    <TimeCreated SystemTime="2024-06-11T14:49:34.6025622Z"/>
    <EventRecordID>1013330</EventRecordID>
    <Correlation/>
    <Execution ProcessID="2800" ThreadID="4316"/>
    <Channel>Microsoft-Windows-Sysmon/Operational</Channel>
    <Computer>FILE-01.meridianledger.local</Computer>
    <Security UserID="S-1-5-18"/>
  </System>
  <EventData>
    
    <Data Name="RuleName">-</Data>
    <Data Name="UtcTime">2024-06-11 14:49:34.601</Data>
    <Data Name="SourceProcessGUID">{4a53743f-0452-6663-fd00-00108e224e12}</Data>
    <Data Name="SourceProcessId">5668</Data>
    <Data Name="SourceThreadId">12568</Data>
    <Data Name="SourceImage">C:\Windows\System32\csrss.exe</Data>
    <Data Name="TargetProcessGUID">{4a53743f-0456-6663-f902-0010b5b23e63}</Data>
    <Data Name="TargetProcessId">5736</Data>
    <Data Name="TargetImage">C:\Windows\System32\lsass.exe</Data>
    <Data Name="GrantedAccess">0x1400</Data>
    <Data Name="CallTrace">C:\Windows\SYSTEM32\ntdll.dll+9C456</Data>
    <Data Name="SourceUser">NT AUTHORITY\SYSTEM</Data>
    <Data Name="TargetUser">NT AUTHORITY\SYSTEM</Data>
    
  </EventData>
</Event>
<Event xmlns="http://schemas.microsoft.com/win/2004/08/events/event">
  <System>
    <Provider Name="Microsoft-Windows-Sysmon" Guid="{5770385f-c22a-43e0-bf4c-06f5698ffbd9}"/>
    <EventID>10</EventID>
    <Version>3</Version>
    <Level>4</Level>
    <Task>10</Task>
    <Opcode>0</Opcode>
    <Keywords>0x8000000000000000</Keywords>
    <TimeCreated SystemTime="2024-06-11T14:53:29.9184481Z"/>
    <EventRecordID>1013333</EventRecordID>
    <Correlation/>
    <Execution ProcessID="2800" ThreadID="1516"/>
    <Channel>Microsoft-Windows-Sysmon/Operational</Channel>
    <Computer>FILE-01.meridianledger.local</Computer>
    <Security UserID="S-1-5-18"/>
  </System>
  <EventData>
    
    <Data Name="RuleName">-</Data>
    <Data Name="UtcTime">2024-06-11 14:53:29.917</Data>
    <Data Name="SourceProcessGUID">{4a53743f-0463-6663-4200-0000d55f055f}</Data>
    <Data Name="SourceProcessId">5944</Data>
    <Data Name="SourceThreadId">13012</Data>
    <Data Name="SourceImage">C:\Windows\System32\SearchIndexer.exe</Data>
    <Data Name="TargetProcessGUID">{4a53743f-0465-6663-f302-0000df042194}</Data>
    <Data Name="TargetProcessId">6000</Data>
    <Data Name="TargetImage">C:\Windows\System32\SearchProtocolHost.exe</Data>
    <Data Name="GrantedAccess">0x1000</Data>
    <Data Name="CallTrace">C:\Windows\SYSTEM32\ntdll.dll+9D2F6|C:\Windows\SYSTEM32\KERNELBASE.dll+2EE56|C:\Windows\SYSTEM32\combase.dll+28588</Data>
    <Data Name="SourceUser">NT AUTHORITY\SYSTEM</Data>
    <Data Name="TargetUser">NT AUTHORITY\SYSTEM</Data>
    
  </EventData>
</Event>
<Event xmlns="http://schemas.microsoft.com/win/2004/08/events/event">
  <System>
    <Provider Name="Microsoft-Windows-Sysmon" Guid="{5770385f-c22a-43e0-bf4c-06f5698ffbd9}"/>
    <EventID>10</EventID>
    <Version>3</Version>
    <Level>4</Level>
    <Task>10</Task>
    <Opcode>0</Opcode>
    <Keywords>0x8000000000000000</Keywords>
    <TimeCreated SystemTime="2024-06-11T14:53:43.4821718Z"/>
    <EventRecordID>1013334</EventRecordID>
    <Correlation/>
    <Execution ProcessID="2800" ThreadID="1492"/>
    <Channel>Microsoft-Windows-Sysmon/Operational</Channel>
    <Computer>FILE-01.meridianledger.local</Computer>
    <Security UserID="S-1-5-18"/>
  </System>
  <EventData>
    
    <Data Name="RuleName">-</Data>
    <Data Name="UtcTime">2024-06-11 14:53:43.481</Data>
    <Data Name="SourceProcessGUID">{4a53743f-0465-6663-6102-0010fe528344}</Data>
    <Data Name="SourceProcessId">5988</Data>
    <Data Name="SourceThreadId">13064</Data>
    <Data Name="SourceImage">C:\Windows\System32\dllhost.exe</Data>
    <Data Name="TargetProcessGUID">{4a53743f-046b-6663-9400-001060505f31}</Data>
    <Data Name="TargetProcessId">6132</Data>
    <Data Name="TargetImage">C:\Windows\System32\winlogon.exe</Data>
    <Data Name="GrantedAccess">0x1000</Data>
    <Data Name="CallTrace">C:\Windows\SYSTEM32\ntdll.dll+9E99D|C:\Windows\SYSTEM32\KERNELBASE.dll+2EE13|C:\Windows\SYSTEM32\wbemcomn.dll+16986</Data>
    <Data Name="SourceUser">NT AUTHORITY\SYSTEM</Data>
    <Data Name="TargetUser">NT AUTHORITY\SYSTEM</Data>
    
  </EventData>
</Event>
<Event xmlns="http://schemas.microsoft.com/win/2004/08/events/event">
  <System>
    <Provider Name="Microsoft-Windows-Sysmon" Guid="{5770385f-c22a-43e0-bf4c-06f5698ffbd9}"/>
    <EventID>1</EventID>
    <Version>5</Version>
    <Level>4</Level>
    <Task>1</Task>
    <Opcode>0</Opcode>
    <Keywords>0x8000000000000000</Keywords>
    <TimeCreated SystemTime="2024-06-11T14:54:38.7607150Z"/>
    <EventRecordID>1013335</EventRecordID>
    <Correlation/>
    <Execution ProcessID="2800" ThreadID="1516"/>
    <Channel>Microsoft-Windows-Sysmon/Operational</Channel>
    <Computer>FILE-01.meridianledger.local</Computer>
    <Security UserID="S-1-5-18"/>
  </System>
  <EventData>
    
    <Data Name="RuleName">-</Data>
    <Data Name="UtcTime">2024-06-11 14:54:38.759</Data>
    <Data Name="ProcessGuid">{4a53743f-652e-6668-1900-0000d0244928}</Data>
    <Data Name="ProcessId">7212</Data>
    <Data Name="Image">C:\Windows\System32\msdtc.exe</Data>
    <Data Name="FileVersion">10.0.20348.1</Data>
    <Data Name="Description">Microsoft Distributed Transaction Coordinator</Data>
    <Data Name="Product">Microsoft Windows Operating System</Data>
    <Data Name="Company">Microsoft Corporation</Data>
    <Data Name="OriginalFileName">msdtc.exe</Data>
    <Data Name="CommandLine">msdtc.exe</Data>
    <Data Name="CurrentDirectory">C:\Windows\System32\</Data>
    <Data Name="User">NT AUTHORITY\SYSTEM</Data>
    <Data Name="LogonGuid">{00000000-0000-0000-0000-000000000000}</Data>
    <Data Name="LogonId">0x3e7</Data>
    <Data Name="TerminalSessionId">0</Data>
    <Data Name="IntegrityLevel">System</Data>
    <Data Name="Hashes">SHA1=AD90B9931CCE108D3D93849565AF4F6BC9A1B3BF,MD5=622345C7B612D6E1C9E36489C82979EB,SHA256=E0B777442C4E1F86ABDF435FECF0CDAA754503DA28F5DFFF0083F3A40E3C5B29,IMPHASH=FD7A65CCA0ED9B2371AEE34EA885F21C</Data>
    <Data Name="ParentProcessGuid">{4a53743f-0454-6663-fb00-0000b00cd2c6}</Data>
    <Data Name="ParentProcessId">5680</Data>
    <Data Name="ParentImage">C:\Windows\System32\services.exe</Data>
    <Data Name="ParentCommandLine">services.exe</Data>
    <Data Name="ParentUser">NT AUTHORITY\SYSTEM</Data>
    
  </EventData>
</Event>
<Event xmlns="http://schemas.microsoft.com/win/2004/08/events/event">
  <System>
    <Provider Name="Microsoft-Windows-Sysmon" Guid="{5770385f-c22a-43e0-bf4c-06f5698ffbd9}"/>
    <EventID>10</EventID>
    <Version>3</Version>
    <Level>4</Level>
    <Task>10</Task>
    <Opcode>0</Opcode>
    <Keywords>0x8000000000000000</Keywords>
    <TimeCreated SystemTime="2024-06-11T14:56:42.6313776Z"/>
    <EventRecordID>1013339</EventRecordID>
    <Correlation/>
    <Execution ProcessID="2800" ThreadID="1516"/>
    <Channel>Microsoft-Windows-Sysmon/Operational</Channel>
    <Computer>FILE-01.meridianledger.local</Computer>
    <Security UserID="S-1-5-18"/>
  </System>
  <EventData>
    
    <Data Name="RuleName">-</Data>
    <Data Name="UtcTime">2024-06-11 14:56:42.630</Data>
    <Data Name="SourceProcessGUID">{4a53743f-0467-6663-e002-0010ebd49e15}</Data>
    <Data Name="SourceProcessId">6048</Data>
    <Data Name="SourceThreadId">13160</Data>
    <Data Name="SourceImage">C:\ProgramData\Microsoft\Windows Defender\Platform\4.18.2301.6-0\MpCmdRun.exe</Data>
    <Data Name="TargetProcessGUID">{4a53743f-0462-6663-9b02-0000a74c1fe0}</Data>
    <Data Name="TargetProcessId">5916</Data>
    <Data Name="TargetImage">C:\ProgramData\Microsoft\Windows Defender\Platform\4.18.2301.6-0\MsMpEng.exe</Data>
    <Data Name="GrantedAccess">0x1410</Data>
    <Data Name="CallTrace">C:\Windows\SYSTEM32\ntdll.dll+9EAAE|C:\Windows\SYSTEM32\KERNELBASE.dll+2EAD1|C:\Windows\SYSTEM32\advapi32.dll+4BCAB</Data>
    <Data Name="SourceUser">NT AUTHORITY\SYSTEM</Data>
    <Data Name="TargetUser">NT AUTHORITY\SYSTEM</Data>
    
  </EventData>
</Event>
<Event xmlns="http://schemas.microsoft.com/win/2004/08/events/event">
  <System>
    <Provider Name="Microsoft-Windows-Sysmon" Guid="{5770385f-c22a-43e0-bf4c-06f5698ffbd9}"/>
    <EventID>5</EventID>
    <Version>3</Version>
    <Level>4</Level>
    <Task>5</Task>
    <Opcode>0</Opcode>
    <Keywords>0x8000000000000000</Keywords>
    <TimeCreated SystemTime="2024-06-11T14:58:12.2477157Z"/>
    <EventRecordID>1013342</EventRecordID>
    <Correlation/>
    <Execution ProcessID="2800" ThreadID="1492"/>
    <Channel>Microsoft-Windows-Sysmon/Operational</Channel>
    <Computer>FILE-01.meridianledger.local</Computer>
    <Security UserID="S-1-5-18"/>
  </System>
  <EventData>
    
    <Data Name="RuleName">-</Data>
    <Data Name="UtcTime">2024-06-11 14:58:12.246</Data>
    <Data Name="ProcessGuid">{4a53743f-59b6-6668-0202-00009f300eba}</Data>
    <Data Name="ProcessId">7240</Data>
    <Data Name="Image">C:\Windows\System32\wbem\WmiPrvSE.exe</Data>
    <Data Name="User">NT AUTHORITY\SYSTEM</Data>
    
  </EventData>
</Event>
<Event xmlns="http://schemas.microsoft.com/win/2004/08/events/event">
  <System>
    <Provider Name="Microsoft-Windows-Sysmon" Guid="{5770385f-c22a-43e0-bf4c-06f5698ffbd9}"/>
    <EventID>10</EventID>
    <Version>3</Version>
    <Level>4</Level>
    <Task>10</Task>
    <Opcode>0</Opcode>
    <Keywords>0x8000000000000000</Keywords>
    <TimeCreated SystemTime="2024-06-11T15:00:34.3607812Z"/>
    <EventRecordID>1013347</EventRecordID>
    <Correlation/>
    <Execution ProcessID="2800" ThreadID="1492"/>
    <Channel>Microsoft-Windows-Sysmon/Operational</Channel>
    <Computer>FILE-01.meridianledger.local</Computer>
    <Security UserID="S-1-5-18"/>
  </System>
  <EventData>
    
    <Data Name="RuleName">-</Data>
    <Data Name="UtcTime">2024-06-11 15:00:34.360</Data>
    <Data Name="SourceProcessGUID">{4a53743f-0452-6663-fd00-00108e224e12}</Data>
    <Data Name="SourceProcessId">5668</Data>
    <Data Name="SourceThreadId">12568</Data>
    <Data Name="SourceImage">C:\Windows\System32\csrss.exe</Data>
    <Data Name="TargetProcessGUID">{4a53743f-046b-6663-9400-001060505f31}</Data>
    <Data Name="TargetProcessId">6132</Data>
    <Data Name="TargetImage">C:\Windows\System32\winlogon.exe</Data>
    <Data Name="GrantedAccess">0x1400</Data>
    <Data Name="CallTrace">C:\Windows\SYSTEM32\ntdll.dll+9C456</Data>
    <Data Name="SourceUser">NT AUTHORITY\SYSTEM</Data>
    <Data Name="TargetUser">NT AUTHORITY\SYSTEM</Data>
    
  </EventData>
</Event>
<Event xmlns="http://schemas.microsoft.com/win/2004/08/events/event">
  <System>
    <Provider Name="Microsoft-Windows-Sysmon" Guid="{5770385f-c22a-43e0-bf4c-06f5698ffbd9}"/>
    <EventID>1</EventID>
    <Version>5</Version>
    <Level>4</Level>
    <Task>1</Task>
    <Opcode>0</Opcode>
    <Keywords>0x8000000000000000</Keywords>
    <TimeCreated SystemTime="2024-06-11T15:00:59.6582004Z"/>
    <EventRecordID>1013348</EventRecordID>
    <Correlation/>
    <Execution ProcessID="2800" ThreadID="1516"/>
    <Channel>Microsoft-Windows-Sysmon/Operational</Channel>
    <Computer>FILE-01.meridianledger.local</Computer>
    <Security UserID="S-1-5-18"/>
  </System>
  <EventData>
    
    <Data Name="RuleName">-</Data>
    <Data Name="UtcTime">2024-06-11 15:00:59.656</Data>
    <Data Name="ProcessGuid">{4a53743f-66ab-6668-be02-000003667657}</Data>
    <Data Name="ProcessId">7524</Data>
    <Data Name="Image">C:\Windows\System32\dllhost.exe</Data>
    <Data Name="FileVersion">10.0.20348.1</Data>
    <Data Name="Description">COM Surrogate</Data>
    <Data Name="Product">Microsoft Windows Operating System</Data>
    <Data Name="Company">Microsoft Corporation</Data>
    <Data Name="OriginalFileName">dllhost.exe</Data>
    <Data Name="CommandLine">dllhost.exe /Processid:{AB8902B4-09CA-4BB6-B78D-A8F59079A8D5}</Data>
    <Data Name="CurrentDirectory">C:\Windows\System32\</Data>
    <Data Name="User">NT AUTHORITY\SYSTEM</Data>
    <Data Name="LogonGuid">{00000000-0000-0000-0000-000000000000}</Data>
    <Data Name="LogonId">0x3e7</Data>
    <Data Name="TerminalSessionId">0</Data>
    <Data Name="IntegrityLevel">System</Data>
    <Data Name="Hashes">SHA1=30A1BB5B6488DA366EC6CB150CFBC5E1D38AE4EC,MD5=0CF8A7A200AB4EC5554D66B94C14DBF1,SHA256=7330E24D8462CB4C728FAFB454B8F7B81D74B116E290264CC3727466370C3B00,IMPHASH=32EF2A6E05BBEAE7E85E49CA7C70F08E</Data>
    <Data Name="ParentProcessGuid">{4a53743f-0459-6663-4900-0010ba9049ad}</Data>
    <Data Name="ParentProcessId">5756</Data>
    <Data Name="ParentImage">C:\Windows\System32\svchost.exe</Data>
    <Data Name="ParentCommandLine">svchost.exe -k DcomLaunch</Data>
    <Data Name="ParentUser">NT AUTHORITY\SYSTEM</Data>
    
  </EventData>
</Event>
<Event xmlns="http://schemas.microsoft.com/win/2004/08/events/event">
  <System>
    <Provider Name="Microsoft-Windows-Sysmon" Guid="{5770385f-c22a-43e0-bf4c-06f5698ffbd9}"/>
    <EventID>5</EventID>
    <Version>3</Version>
    <Level>4</Level>
    <Task>5</Task>
    <Opcode>0</Opcode>
    <Keywords>0x8000000000000000</Keywords>
    <TimeCreated SystemTime="2024-06-11T15:01:10.3916196Z"/>
    <EventRecordID>1013349</EventRecordID>
    <Correlation/>
    <Execution ProcessID="2800" ThreadID="1516"/>
    <Channel>Microsoft-Windows-Sysmon/Operational</Channel>
    <Computer>FILE-01.meridianledger.local</Computer>
    <Security UserID="S-1-5-18"/>
  </System>
  <EventData>
    
    <Data Name="RuleName">-</Data>
    <Data Name="UtcTime">2024-06-11 15:01:10.389</Data>
    <Data Name="ProcessGuid">{4a53743f-66ab-6668-be02-000003667657}</Data>
    <Data Name="ProcessId">7524</Data>
    <Data Name="Image">C:\Windows\System32\dllhost.exe</Data>
    <Data Name="User">NT AUTHORITY\SYSTEM</Data>
    
  </EventData>
</Event>
