<Event xmlns="http://schemas.microsoft.com/win/2004/08/events/event">
  <System>
    <Provider Name="Microsoft-Windows-Sysmon" Guid="{5770385f-c22a-43e0-bf4c-06f5698ffbd9}"/>
    <EventID>10</EventID>
    <Version>3</Version>
    <Level>4</Level>
    <Task>10</Task>
    <Opcode>0</Opcode>
    <Keywords>0x8000000000000000</Keywords>
    <TimeCreated SystemTime="2024-06-11T14:53:06.8859346Z"/>
    <EventRecordID>626583</EventRecordID>
    <Correlation/>
    <Execution ProcessID="1948" ThreadID="1812"/>
    <Channel>Microsoft-Windows-Sysmon/Operational</Channel>
    <Computer>WS-PIVERSON-01.meridianledger.local</Computer>
    <Security UserID="S-1-5-18"/>
  </System>
  <EventData>
    
    <Data Name="RuleName">-</Data>
    <Data Name="UtcTime">2024-06-11 14:53:06.884</Data>
    <Data Name="SourceProcessGUID">{039eecd9-83d7-6654-2200-000001e887ca}</Data>
    <Data Name="SourceProcessId">3992</Data>
    <Data Name="SourceThreadId">15096</Data>
    <Data Name="SourceImage">C:\Windows\System32\svchost.exe</Data>
    <Data Name="TargetProcessGUID">{039eecd9-83d4-6654-8200-001056d77f61}</Data>
    <Data Name="TargetProcessId">3944</Data>
    <Data Name="TargetImage">C:\Windows\System32\lsass.exe</Data>
    <Data Name="GrantedAccess">0x1010</Data>
    <Data Name="CallTrace">C:\Windows\SYSTEM32\ntdll.dll+9EFED|C:\Windows\SYSTEM32\KERNELBASE.dll+2E3BA|C:\Windows\SYSTEM32\combase.dll+2AD4D</Data>
    <Data Name="SourceUser">NT AUTHORITY\SYSTEM</Data>
    <Data Name="TargetUser">NT AUTHORITY\SYSTEM</Data>
    
  </EventData>
</Event>
<Event xmlns="http://schemas.microsoft.com/win/2004/08/events/event">
  <System>
    <Provider Name="Microsoft-Windows-Sysmon" Guid="{5770385f-c22a-43e0-bf4c-06f5698ffbd9}"/>
    <EventID>13</EventID>
    <Version>2</Version>
    <Level>4</Level>
    <Task>13</Task>
    <Opcode>0</Opcode>
    <Keywords>0x8000000000000000</Keywords>
    <TimeCreated SystemTime="2024-06-11T14:56:57.5733375Z"/>
    <EventRecordID>626584</EventRecordID>
    <Correlation/>
    <Execution ProcessID="1948" ThreadID="2072"/>
    <Channel>Microsoft-Windows-Sysmon/Operational</Channel>
    <Computer>WS-PIVERSON-01.meridianledger.local</Computer>
    <Security UserID="S-1-5-18"/>
  </System>
  <EventData>
    
    <Data Name="RuleName">-</Data>
    <Data Name="EventType">SetValue</Data>
    <Data Name="UtcTime">2024-06-11 14:56:57.571</Data>
    <Data Name="ProcessGuid">{039eecd9-83ee-6654-1c02-0000e55bb87f}</Data>
    <Data Name="ProcessId">4284</Data>
    <Data Name="Image">C:\Windows\explorer.exe</Data>
    <Data Name="TargetObject">HKU\S-1-5-21-3416918484-2318624181-2088882373-1001\Software\Microsoft\Windows\CurrentVersion\Explorer\UserAssist\{CEBFF5CD-ACE2-4F4F-9178-9926F41749EA}\Count\HRZR_EHACNGU:P:\Cebtenz Svyrf\Zvpebfbsg Bssvpr\ebbg\Bssvpr16\JVAJBEQ.RKR</Data>
    <Data Name="Details">00 00 00 00 3B 00 00 00 10 00 00 00 10 65 26 00 00 00 00 00 00 00 00 00 00 00 00 00 00 00 00 00 00 00 00 00 00 00 00 00 00 00 00 00 00 00 00 00 00 00 00 00 00 00 00 00 00 00 00 00 00 4B 4E 27 6C 83 DA 01 00 00 00 00</Data>
    <Data Name="User">MERIDIANLEDGER\paul.iverson</Data>
    
  </EventData>
</Event>
<Event xmlns="http://schemas.microsoft.com/win/2004/08/events/event">
  <System>
    <Provider Name="Microsoft-Windows-Sysmon" Guid="{5770385f-c22a-43e0-bf4c-06f5698ffbd9}"/>
    <EventID>5</EventID>
    <Version>3</Version>
    <Level>4</Level>
    <Task>5</Task>
    <Opcode>0</Opcode>
    <Keywords>0x8000000000000000</Keywords>
    <TimeCreated SystemTime="2024-06-11T15:00:40.2700646Z"/>
    <EventRecordID>626586</EventRecordID>
    <Correlation/>
    <Execution ProcessID="1948" ThreadID="2072"/>
    <Channel>Microsoft-Windows-Sysmon/Operational</Channel>
    <Computer>WS-PIVERSON-01.meridianledger.local</Computer>
    <Security UserID="S-1-5-18"/>
  </System>
  <EventData>
    
    <Data Name="RuleName">-</Data>
    <Data Name="UtcTime">2024-06-11 15:00:40.264</Data>
    <Data Name="ProcessGuid">{039eecd9-4566-6668-1600-00008c7bed9a}</Data>
    <Data Name="ProcessId">4716</Data>
    <Data Name="Image">C:\Windows\System32\SearchFilterHost.exe</Data>
    <Data Name="User">NT AUTHORITY\SYSTEM</Data>
    
  </EventData>
</Event>
<Event xmlns="http://schemas.microsoft.com/win/2004/08/events/event">
  <System>
    <Provider Name="Microsoft-Windows-Sysmon" Guid="{5770385f-c22a-43e0-bf4c-06f5698ffbd9}"/>
    <EventID>3</EventID>
    <Version>5</Version>
    <Level>4</Level>
    <Task>3</Task>
    <Opcode>0</Opcode>
    <Keywords>0x8000000000000000</Keywords>
    <TimeCreated SystemTime="2024-06-11T15:10:16.0720731Z"/>
    <EventRecordID>626589</EventRecordID>
    <Correlation/>
    <Execution ProcessID="1948" ThreadID="2072"/>
    <Channel>Microsoft-Windows-Sysmon/Operational</Channel>
    <Computer>WS-PIVERSON-01.meridianledger.local</Computer>
    <Security UserID="S-1-5-18"/>
  </System>
  <EventData>
    
    <Data Name="RuleName">-</Data>
    <Data Name="UtcTime">2024-06-11 15:10:16.069</Data>
    <Data Name="ProcessGuid">{039eecd9-83d8-6654-7c00-00009ad5a615}</Data>
    <Data Name="ProcessId">4024</Data>
    <Data Name="Image">C:\Windows\System32\svchost.exe</Data>
    <Data Name="User">NT AUTHORITY\LOCAL SERVICE</Data>
    <Data Name="Protocol">udp</Data>
    <Data Name="Initiated">true</Data>
    <Data Name="SourceIsIpv6">false</Data>
    <Data Name="SourceIp">10.30.10.11</Data>
    <Data Name="SourceHostname">WS-PIVERSON-01.meridianledger.local</Data>
    <Data Name="SourcePort">60575</Data>
    <Data Name="SourcePortName">-</Data>
    <Data Name="DestinationIsIpv6">false</Data>
    <Data Name="DestinationIp">1.0.0.1</Data>
    <Data Name="DestinationHostname">-</Data>
    <Data Name="DestinationPort">53</Data>
    <Data Name="DestinationPortName">domain</Data>
    
  </EventData>
</Event>
<Event xmlns="http://schemas.microsoft.com/win/2004/08/events/event">
  <System>
    <Provider Name="Microsoft-Windows-Sysmon" Guid="{5770385f-c22a-43e0-bf4c-06f5698ffbd9}"/>
    <EventID>22</EventID>
    <Version>5</Version>
    <Level>4</Level>
    <Task>22</Task>
    <Opcode>0</Opcode>
    <Keywords>0x8000000000000000</Keywords>
    <TimeCreated SystemTime="2024-06-11T15:10:16.0936244Z"/>
    <EventRecordID>626590</EventRecordID>
    <Correlation/>
    <Execution ProcessID="1948" ThreadID="2072"/>
    <Channel>Microsoft-Windows-Sysmon/Operational</Channel>
    <Computer>WS-PIVERSON-01.meridianledger.local</Computer>
    <Security UserID="S-1-5-18"/>
  </System>
  <EventData>
    
    <Data Name="RuleName">-</Data>
    <Data Name="UtcTime">2024-06-11 15:10:16.092</Data>
    <Data Name="ProcessGuid">{039eecd9-55b2-6668-ac02-0010d8fbc5cf}</Data>
    <Data Name="ProcessId">4900</Data>
    <Data Name="QueryName">zoom.us</Data>
    <Data Name="QueryStatus">0</Data>
    <Data Name="QueryResults">3.21.138.128;3.21.137.128;</Data>
    <Data Name="Image">C:\Program Files\Mozilla Firefox\firefox.exe</Data>
    <Data Name="User">MERIDIANLEDGER\paul.iverson</Data>
    
  </EventData>
</Event>
<Event xmlns="http://schemas.microsoft.com/win/2004/08/events/event">
  <System>
    <Provider Name="Microsoft-Windows-Sysmon" Guid="{5770385f-c22a-43e0-bf4c-06f5698ffbd9}"/>
    <EventID>22</EventID>
    <Version>5</Version>
    <Level>4</Level>
    <Task>22</Task>
    <Opcode>0</Opcode>
    <Keywords>0x8000000000000000</Keywords>
    <TimeCreated SystemTime="2024-06-11T15:10:17.4394022Z"/>
    <EventRecordID>626591</EventRecordID>
    <Correlation/>
    <Execution ProcessID="1948" ThreadID="2072"/>
    <Channel>Microsoft-Windows-Sysmon/Operational</Channel>
    <Computer>WS-PIVERSON-01.meridianledger.local</Computer>
    <Security UserID="S-1-5-18"/>
  </System>
  <EventData>
    
    <Data Name="RuleName">-</Data>
    <Data Name="UtcTime">2024-06-11 15:10:17.436</Data>
    <Data Name="ProcessGuid">{039eecd9-55b2-6668-ac02-0010d8fbc5cf}</Data>
    <Data Name="ProcessId">4900</Data>
    <Data Name="QueryName">st2.zoom.us</Data>
    <Data Name="QueryStatus">0</Data>
    <Data Name="QueryResults">3.235.70.8;3.235.69.8;</Data>
    <Data Name="Image">C:\Program Files\Mozilla Firefox\firefox.exe</Data>
    <Data Name="User">MERIDIANLEDGER\paul.iverson</Data>
    
  </EventData>
</Event>
<Event xmlns="http://schemas.microsoft.com/win/2004/08/events/event">
  <System>
    <Provider Name="Microsoft-Windows-Sysmon" Guid="{5770385f-c22a-43e0-bf4c-06f5698ffbd9}"/>
    <EventID>22</EventID>
    <Version>5</Version>
    <Level>4</Level>
    <Task>22</Task>
    <Opcode>0</Opcode>
    <Keywords>0x8000000000000000</Keywords>
    <TimeCreated SystemTime="2024-06-11T15:10:17.8539582Z"/>
    <EventRecordID>626592</EventRecordID>
    <Correlation/>
    <Execution ProcessID="1948" ThreadID="2072"/>
    <Channel>Microsoft-Windows-Sysmon/Operational</Channel>
    <Computer>WS-PIVERSON-01.meridianledger.local</Computer>
    <Security UserID="S-1-5-18"/>
  </System>
  <EventData>
    
    <Data Name="RuleName">-</Data>
    <Data Name="UtcTime">2024-06-11 15:10:17.850</Data>
    <Data Name="ProcessGuid">{039eecd9-55b2-6668-ac02-0010d8fbc5cf}</Data>
    <Data Name="ProcessId">4900</Data>
    <Data Name="QueryName">st1.zoom.us</Data>
    <Data Name="QueryStatus">0</Data>
    <Data Name="QueryResults">3.235.69.7;3.235.70.7;</Data>
    <Data Name="Image">C:\Program Files\Mozilla Firefox\firefox.exe</Data>
    <Data Name="User">MERIDIANLEDGER\paul.iverson</Data>
    
  </EventData>
</Event>
<Event xmlns="http://schemas.microsoft.com/win/2004/08/events/event">
  <System>
    <Provider Name="Microsoft-Windows-Sysmon" Guid="{5770385f-c22a-43e0-bf4c-06f5698ffbd9}"/>
    <EventID>22</EventID>
    <Version>5</Version>
    <Level>4</Level>
    <Task>22</Task>
    <Opcode>0</Opcode>
    <Keywords>0x8000000000000000</Keywords>
    <TimeCreated SystemTime="2024-06-11T15:10:17.8906870Z"/>
    <EventRecordID>626593</EventRecordID>
    <Correlation/>
    <Execution ProcessID="1948" ThreadID="2072"/>
    <Channel>Microsoft-Windows-Sysmon/Operational</Channel>
    <Computer>WS-PIVERSON-01.meridianledger.local</Computer>
    <Security UserID="S-1-5-18"/>
  </System>
  <EventData>
    
    <Data Name="RuleName">-</Data>
    <Data Name="UtcTime">2024-06-11 15:10:17.890</Data>
    <Data Name="ProcessGuid">{039eecd9-55b2-6668-ac02-0010d8fbc5cf}</Data>
    <Data Name="ProcessId">4900</Data>
    <Data Name="QueryName">st1.zoom.us</Data>
    <Data Name="QueryStatus">0</Data>
    <Data Name="QueryResults">-</Data>
    <Data Name="Image">C:\Program Files\Mozilla Firefox\firefox.exe</Data>
    <Data Name="User">MERIDIANLEDGER\paul.iverson</Data>
    
  </EventData>
</Event>
<Event xmlns="http://schemas.microsoft.com/win/2004/08/events/event">
  <System>
    <Provider Name="Microsoft-Windows-Sysmon" Guid="{5770385f-c22a-43e0-bf4c-06f5698ffbd9}"/>
    <EventID>3</EventID>
    <Version>5</Version>
    <Level>4</Level>
    <Task>3</Task>
    <Opcode>0</Opcode>
    <Keywords>0x8000000000000000</Keywords>
    <TimeCreated SystemTime="2024-06-11T15:10:18.0186054Z"/>
    <EventRecordID>626594</EventRecordID>
    <Correlation/>
    <Execution ProcessID="1948" ThreadID="2072"/>
    <Channel>Microsoft-Windows-Sysmon/Operational</Channel>
    <Computer>WS-PIVERSON-01.meridianledger.local</Computer>
    <Security UserID="S-1-5-18"/>
  </System>
  <EventData>
    
    <Data Name="RuleName">-</Data>
    <Data Name="UtcTime">2024-06-11 15:10:18.013</Data>
    <Data Name="ProcessGuid">{039eecd9-83d8-6654-7c00-00009ad5a615}</Data>
    <Data Name="ProcessId">4024</Data>
    <Data Name="Image">C:\Windows\System32\svchost.exe</Data>
    <Data Name="User">NT AUTHORITY\LOCAL SERVICE</Data>
    <Data Name="Protocol">udp</Data>
    <Data Name="Initiated">true</Data>
    <Data Name="SourceIsIpv6">false</Data>
    <Data Name="SourceIp">10.30.10.11</Data>
    <Data Name="SourceHostname">WS-PIVERSON-01.meridianledger.local</Data>
    <Data Name="SourcePort">63391</Data>
    <Data Name="SourcePortName">-</Data>
    <Data Name="DestinationIsIpv6">false</Data>
    <Data Name="DestinationIp">1.0.0.1</Data>
    <Data Name="DestinationHostname">-</Data>
    <Data Name="DestinationPort">53</Data>
    <Data Name="DestinationPortName">domain</Data>
    
  </EventData>
</Event>
<Event xmlns="http://schemas.microsoft.com/win/2004/08/events/event">
  <System>
    <Provider Name="Microsoft-Windows-Sysmon" Guid="{5770385f-c22a-43e0-bf4c-06f5698ffbd9}"/>
    <EventID>22</EventID>
    <Version>5</Version>
    <Level>4</Level>
    <Task>22</Task>
    <Opcode>0</Opcode>
    <Keywords>0x8000000000000000</Keywords>
    <TimeCreated SystemTime="2024-06-11T15:10:18.6321048Z"/>
    <EventRecordID>626595</EventRecordID>
    <Correlation/>
    <Execution ProcessID="1948" ThreadID="2072"/>
    <Channel>Microsoft-Windows-Sysmon/Operational</Channel>
    <Computer>WS-PIVERSON-01.meridianledger.local</Computer>
    <Security UserID="S-1-5-18"/>
  </System>
  <EventData>
    
    <Data Name="RuleName">-</Data>
    <Data Name="UtcTime">2024-06-11 15:10:18.629</Data>
    <Data Name="ProcessGuid">{039eecd9-55b2-6668-ac02-0010d8fbc5cf}</Data>
    <Data Name="ProcessId">4900</Data>
    <Data Name="QueryName">st1.zoom.us</Data>
    <Data Name="QueryStatus">0</Data>
    <Data Name="QueryResults">3.235.69.7;3.235.70.7;</Data>
    <Data Name="Image">C:\Program Files\Mozilla Firefox\firefox.exe</Data>
    <Data Name="User">MERIDIANLEDGER\paul.iverson</Data>
    
  </EventData>
</Event>
<Event xmlns="http://schemas.microsoft.com/win/2004/08/events/event">
  <System>
    <Provider Name="Microsoft-Windows-Sysmon" Guid="{5770385f-c22a-43e0-bf4c-06f5698ffbd9}"/>
    <EventID>7</EventID>
    <Version>3</Version>
    <Level>4</Level>
    <Task>7</Task>
    <Opcode>0</Opcode>
    <Keywords>0x8000000000000000</Keywords>
    <TimeCreated SystemTime="2024-06-11T15:10:56.5045298Z"/>
    <EventRecordID>626596</EventRecordID>
    <Correlation/>
    <Execution ProcessID="1948" ThreadID="3224"/>
    <Channel>Microsoft-Windows-Sysmon/Operational</Channel>
    <Computer>WS-PIVERSON-01.meridianledger.local</Computer>
    <Security UserID="S-1-5-18"/>
  </System>
  <EventData>
    
    <Data Name="RuleName">-</Data>
    <Data Name="UtcTime">2024-06-11 15:10:56.503</Data>
    <Data Name="ProcessGuid">{039eecd9-553d-6668-3102-00000559e5c2}</Data>
    <Data Name="ProcessId">4876</Data>
    <Data Name="Image">C:\Windows\explorer.exe</Data>
    <Data Name="ImageLoaded">C:\Program Files\Microsoft OneDrive\FileSyncShell64.dll</Data>
    <Data Name="FileVersion">24.020.0128.0003</Data>
    <Data Name="Description">Microsoft OneDrive Shell Extension</Data>
    <Data Name="Product">Microsoft OneDrive</Data>
    <Data Name="Company">Microsoft Corporation</Data>
    <Data Name="OriginalFileName">FileSyncShell64.dll</Data>
    <Data Name="Hashes">SHA1=8A8D2F92840400B12DF5B23067B3645614A6154C,MD5=6494F9E418717F254D9C51C1D6AB7776,SHA256=89CE72127ACEC3868EE255920B456C571E65F3478525757E8E9C7D9B594A2CAC,IMPHASH=B6F0CB2FEAC0D06F10AEF2E6082E5925</Data>
    <Data Name="Signed">true</Data>
    <Data Name="Signature">Microsoft Corporation</Data>
    <Data Name="SignatureStatus">Valid</Data>
    <Data Name="User">MERIDIANLEDGER\paul.iverson</Data>
    
  </EventData>
</Event>
<Event xmlns="http://schemas.microsoft.com/win/2004/08/events/event">
  <System>
    <Provider Name="Microsoft-Windows-Sysmon" Guid="{5770385f-c22a-43e0-bf4c-06f5698ffbd9}"/>
    <EventID>22</EventID>
    <Version>5</Version>
    <Level>4</Level>
    <Task>22</Task>
    <Opcode>0</Opcode>
    <Keywords>0x8000000000000000</Keywords>
    <TimeCreated SystemTime="2024-06-11T15:11:54.7694732Z"/>
    <EventRecordID>626597</EventRecordID>
    <Correlation/>
    <Execution ProcessID="1948" ThreadID="2516"/>
    <Channel>Microsoft-Windows-Sysmon/Operational</Channel>
    <Computer>WS-PIVERSON-01.meridianledger.local</Computer>
    <Security UserID="S-1-5-18"/>
  </System>
  <EventData>
    
    <Data Name="RuleName">-</Data>
    <Data Name="UtcTime">2024-06-11 15:11:54.768</Data>
    <Data Name="ProcessGuid">{039eecd9-83d7-6654-d702-00102abb7c2c}</Data>
    <Data Name="ProcessId">4004</Data>
    <Data Name="QueryName">ctldl.windowsupdate.com</Data>
    <Data Name="QueryStatus">0</Data>
    <Data Name="QueryResults">52.114.132.73;52.114.128.40;</Data>
    <Data Name="Image">C:\Windows\System32\svchost.exe</Data>
    <Data Name="User">NT AUTHORITY\NETWORK SERVICE</Data>
    
  </EventData>
</Event>
<Event xmlns="http://schemas.microsoft.com/win/2004/08/events/event">
  <System>
    <Provider Name="Microsoft-Windows-Sysmon" Guid="{5770385f-c22a-43e0-bf4c-06f5698ffbd9}"/>
    <EventID>3</EventID>
    <Version>5</Version>
    <Level>4</Level>
    <Task>3</Task>
    <Opcode>0</Opcode>
    <Keywords>0x8000000000000000</Keywords>
    <TimeCreated SystemTime="2024-06-11T15:11:56.5301824Z"/>
    <EventRecordID>626598</EventRecordID>
    <Correlation/>
    <Execution ProcessID="1948" ThreadID="2516"/>
    <Channel>Microsoft-Windows-Sysmon/Operational</Channel>
    <Computer>WS-PIVERSON-01.meridianledger.local</Computer>
    <Security UserID="S-1-5-18"/>
  </System>
  <EventData>
    
    <Data Name="RuleName">-</Data>
    <Data Name="UtcTime">2024-06-11 15:11:56.526</Data>
    <Data Name="ProcessGuid">{039eecd9-83d7-6654-d702-00102abb7c2c}</Data>
    <Data Name="ProcessId">4004</Data>
    <Data Name="Image">C:\Windows\System32\svchost.exe</Data>
    <Data Name="User">NT AUTHORITY\NETWORK SERVICE</Data>
    <Data Name="Protocol">tcp</Data>
    <Data Name="Initiated">true</Data>
    <Data Name="SourceIsIpv6">false</Data>
    <Data Name="SourceIp">10.30.10.11</Data>
    <Data Name="SourceHostname">WS-PIVERSON-01.meridianledger.local</Data>
    <Data Name="SourcePort">55448</Data>
    <Data Name="SourcePortName">-</Data>
    <Data Name="DestinationIsIpv6">false</Data>
    <Data Name="DestinationIp">52.114.132.73</Data>
    <Data Name="DestinationHostname">ctldl.windowsupdate.com</Data>
    <Data Name="DestinationPort">443</Data>
    <Data Name="DestinationPortName">https</Data>
    
  </EventData>
</Event>
<Event xmlns="http://schemas.microsoft.com/win/2004/08/events/event">
  <System>
    <Provider Name="Microsoft-Windows-Sysmon" Guid="{5770385f-c22a-43e0-bf4c-06f5698ffbd9}"/>
    <EventID>10</EventID>
    <Version>3</Version>
    <Level>4</Level>
    <Task>10</Task>
    <Opcode>0</Opcode>
    <Keywords>0x8000000000000000</Keywords>
    <TimeCreated SystemTime="2024-06-11T15:13:34.1643990Z"/>
    <EventRecordID>626599</EventRecordID>
    <Correlation/>
    <Execution ProcessID="1948" ThreadID="2072"/>
    <Channel>Microsoft-Windows-Sysmon/Operational</Channel>
    <Computer>WS-PIVERSON-01.meridianledger.local</Computer>
    <Security UserID="S-1-5-18"/>
  </System>
  <EventData>
    
    <Data Name="RuleName">-</Data>
    <Data Name="UtcTime">2024-06-11 15:13:34.164</Data>
    <Data Name="SourceProcessGUID">{039eecd9-83e9-6654-6802-000006fff4c7}</Data>
    <Data Name="SourceProcessId">4236</Data>
    <Data Name="SourceThreadId">15456</Data>
    <Data Name="SourceImage">C:\Windows\System32\taskhostw.exe</Data>
    <Data Name="TargetProcessGUID">{039eecd9-83f0-6654-f100-0010c98c825f}</Data>
    <Data Name="TargetProcessId">4288</Data>
    <Data Name="TargetImage">C:\Windows\System32\RuntimeBroker.exe</Data>
    <Data Name="GrantedAccess">0x1000</Data>
    <Data Name="CallTrace">C:\Windows\SYSTEM32\ntdll.dll+9C54F|C:\Windows\SYSTEM32\KERNELBASE.dll+2EB28</Data>
    <Data Name="SourceUser">NT AUTHORITY\SYSTEM</Data>
    <Data Name="TargetUser">MERIDIANLEDGER\paul.iverson</Data>
    
  </EventData>
</Event>
<Event xmlns="http://schemas.microsoft.com/win/2004/08/events/event">
  <System>
    <Provider Name="Microsoft-Windows-Sysmon" Guid="{5770385f-c22a-43e0-bf4c-06f5698ffbd9}"/>
    <EventID>22</EventID>
    <Version>5</Version>
    <Level>4</Level>
    <Task>22</Task>
    <Opcode>0</Opcode>
    <Keywords>0x8000000000000000</Keywords>
    <TimeCreated SystemTime="2024-06-11T15:13:44.8143052Z"/>
    <EventRecordID>626600</EventRecordID>
    <Correlation/>
    <Execution ProcessID="1948" ThreadID="2072"/>
    <Channel>Microsoft-Windows-Sysmon/Operational</Channel>
    <Computer>WS-PIVERSON-01.meridianledger.local</Computer>
    <Security UserID="S-1-5-18"/>
  </System>
  <EventData>
    
    <Data Name="RuleName">-</Data>
    <Data Name="UtcTime">2024-06-11 15:13:44.799</Data>
    <Data Name="ProcessGuid">{039eecd9-55b2-6668-ac02-0010d8fbc5cf}</Data>
    <Data Name="ProcessId">4900</Data>
    <Data Name="QueryName">news.ycombinator.com</Data>
    <Data Name="QueryStatus">0</Data>
    <Data Name="QueryResults">209.216.230.240;</Data>
    <Data Name="Image">C:\Program Files\Mozilla Firefox\firefox.exe</Data>
    <Data Name="User">MERIDIANLEDGER\paul.iverson</Data>
    
  </EventData>
</Event>
<Event xmlns="http://schemas.microsoft.com/win/2004/08/events/event">
  <System>
    <Provider Name="Microsoft-Windows-Sysmon" Guid="{5770385f-c22a-43e0-bf4c-06f5698ffbd9}"/>
    <EventID>3</EventID>
    <Version>5</Version>
    <Level>4</Level>
    <Task>3</Task>
    <Opcode>0</Opcode>
    <Keywords>0x8000000000000000</Keywords>
    <TimeCreated SystemTime="2024-06-11T15:13:47.1597903Z"/>
    <EventRecordID>626601</EventRecordID>
    <Correlation/>
    <Execution ProcessID="1948" ThreadID="1812"/>
    <Channel>Microsoft-Windows-Sysmon/Operational</Channel>
    <Computer>WS-PIVERSON-01.meridianledger.local</Computer>
    <Security UserID="S-1-5-18"/>
  </System>
  <EventData>
    
    <Data Name="RuleName">-</Data>
    <Data Name="UtcTime">2024-06-11 15:13:47.157</Data>
    <Data Name="ProcessGuid">{039eecd9-55b2-6668-ac02-0010d8fbc5cf}</Data>
    <Data Name="ProcessId">4900</Data>
    <Data Name="Image">C:\Program Files\Mozilla Firefox\firefox.exe</Data>
    <Data Name="User">MERIDIANLEDGER\paul.iverson</Data>
    <Data Name="Protocol">tcp</Data>
    <Data Name="Initiated">true</Data>
    <Data Name="SourceIsIpv6">false</Data>
    <Data Name="SourceIp">10.30.10.11</Data>
    <Data Name="SourceHostname">WS-PIVERSON-01.meridianledger.local</Data>
    <Data Name="SourcePort">59143</Data>
    <Data Name="SourcePortName">-</Data>
    <Data Name="DestinationIsIpv6">false</Data>
    <Data Name="DestinationIp">209.216.230.240</Data>
    <Data Name="DestinationHostname">news.ycombinator.com</Data>
    <Data Name="DestinationPort">443</Data>
    <Data Name="DestinationPortName">https</Data>
    
  </EventData>
</Event>
<Event xmlns="http://schemas.microsoft.com/win/2004/08/events/event">
  <System>
    <Provider Name="Microsoft-Windows-Sysmon" Guid="{5770385f-c22a-43e0-bf4c-06f5698ffbd9}"/>
    <EventID>13</EventID>
    <Version>2</Version>
    <Level>4</Level>
    <Task>13</Task>
    <Opcode>0</Opcode>
    <Keywords>0x8000000000000000</Keywords>
    <TimeCreated SystemTime="2024-06-11T15:13:49.1938233Z"/>
    <EventRecordID>626602</EventRecordID>
    <Correlation/>
    <Execution ProcessID="1948" ThreadID="4936"/>
    <Channel>Microsoft-Windows-Sysmon/Operational</Channel>
    <Computer>WS-PIVERSON-01.meridianledger.local</Computer>
    <Security UserID="S-1-5-18"/>
  </System>
  <EventData>
    
    <Data Name="RuleName">-</Data>
    <Data Name="EventType">SetValue</Data>
    <Data Name="UtcTime">2024-06-11 15:13:49.192</Data>
    <Data Name="ProcessGuid">{039eecd9-83ee-6654-1c02-0000e55bb87f}</Data>
    <Data Name="ProcessId">4284</Data>
    <Data Name="Image">C:\Windows\explorer.exe</Data>
    <Data Name="TargetObject">HKU\S-1-5-21-3416918484-2318624181-2088882373-1001\Software\Microsoft\Windows\CurrentVersion\Explorer\UserAssist\{CEBFF5CD-ACE2-4F4F-9178-9926F41749EA}\Count\HRZR_EHACNGU:P:\Cebtenz Svyrf\Zvpebfbsg Bssvpr\ebbg\Bssvpr16\RKPRY.RKR</Data>
    <Data Name="Details">00 00 00 00 1F 00 00 00 12 00 00 00 38 AF 00 00 00 00 00 00 00 00 00 00 00 00 00 00 00 00 00 00 00 00 00 00 00 00 00 00 00 00 00 00 00 00 00 00 00 00 00 00 00 00 00 00 00 00 00 00 00 7E 89 A7 E4 6C DA 01 00 00 00 00</Data>
    <Data Name="User">MERIDIANLEDGER\paul.iverson</Data>
    
  </EventData>
</Event>
<Event xmlns="http://schemas.microsoft.com/win/2004/08/events/event">
  <System>
    <Provider Name="Microsoft-Windows-Sysmon" Guid="{5770385f-c22a-43e0-bf4c-06f5698ffbd9}"/>
    <EventID>22</EventID>
    <Version>5</Version>
    <Level>4</Level>
    <Task>22</Task>
    <Opcode>0</Opcode>
    <Keywords>0x8000000000000000</Keywords>
    <TimeCreated SystemTime="2024-06-11T15:14:27.5630883Z"/>
    <EventRecordID>626603</EventRecordID>
    <Correlation/>
    <Execution ProcessID="1948" ThreadID="1812"/>
    <Channel>Microsoft-Windows-Sysmon/Operational</Channel>
    <Computer>WS-PIVERSON-01.meridianledger.local</Computer>
    <Security UserID="S-1-5-18"/>
  </System>
  <EventData>
    
    <Data Name="RuleName">-</Data>
    <Data Name="UtcTime">2024-06-11 15:14:27.562</Data>
    <Data Name="ProcessGuid">{039eecd9-55b2-6668-ac02-0010d8fbc5cf}</Data>
    <Data Name="ProcessId">4900</Data>
    <Data Name="QueryName">news.ycombinator.com</Data>
    <Data Name="QueryStatus">0</Data>
    <Data Name="QueryResults">-</Data>
    <Data Name="Image">C:\Program Files\Mozilla Firefox\firefox.exe</Data>
    <Data Name="User">MERIDIANLEDGER\paul.iverson</Data>
    
  </EventData>
</Event>
<Event xmlns="http://schemas.microsoft.com/win/2004/08/events/event">
  <System>
    <Provider Name="Microsoft-Windows-Sysmon" Guid="{5770385f-c22a-43e0-bf4c-06f5698ffbd9}"/>
    <EventID>22</EventID>
    <Version>5</Version>
    <Level>4</Level>
    <Task>22</Task>
    <Opcode>0</Opcode>
    <Keywords>0x8000000000000000</Keywords>
    <TimeCreated SystemTime="2024-06-11T15:14:27.9526516Z"/>
    <EventRecordID>626604</EventRecordID>
    <Correlation/>
    <Execution ProcessID="1948" ThreadID="1812"/>
    <Channel>Microsoft-Windows-Sysmon/Operational</Channel>
    <Computer>WS-PIVERSON-01.meridianledger.local</Computer>
    <Security UserID="S-1-5-18"/>
  </System>
  <EventData>
    
    <Data Name="RuleName">-</Data>
    <Data Name="UtcTime">2024-06-11 15:14:27.946</Data>
    <Data Name="ProcessGuid">{039eecd9-55b2-6668-ac02-0010d8fbc5cf}</Data>
    <Data Name="ProcessId">4900</Data>
    <Data Name="QueryName">news.ycombinator.com</Data>
    <Data Name="QueryStatus">0</Data>
    <Data Name="QueryResults">209.216.230.240;</Data>
    <Data Name="Image">C:\Program Files\Mozilla Firefox\firefox.exe</Data>
    <Data Name="User">MERIDIANLEDGER\paul.iverson</Data>
    
  </EventData>
</Event>
<Event xmlns="http://schemas.microsoft.com/win/2004/08/events/event">
  <System>
    <Provider Name="Microsoft-Windows-Sysmon" Guid="{5770385f-c22a-43e0-bf4c-06f5698ffbd9}"/>
    <EventID>22</EventID>
    <Version>5</Version>
    <Level>4</Level>
    <Task>22</Task>
    <Opcode>0</Opcode>
    <Keywords>0x8000000000000000</Keywords>
    <TimeCreated SystemTime="2024-06-11T15:16:28.7139579Z"/>
    <EventRecordID>626605</EventRecordID>
    <Correlation/>
    <Execution ProcessID="1948" ThreadID="1812"/>
    <Channel>Microsoft-Windows-Sysmon/Operational</Channel>
    <Computer>WS-PIVERSON-01.meridianledger.local</Computer>
    <Security UserID="S-1-5-18"/>
  </System>
  <EventData>
    
    <Data Name="RuleName">-</Data>
    <Data Name="UtcTime">2024-06-11 15:16:28.712</Data>
    <Data Name="ProcessGuid">{039eecd9-55b2-6668-ac02-0010d8fbc5cf}</Data>
    <Data Name="ProcessId">4900</Data>
    <Data Name="QueryName">static.service-now.com</Data>
    <Data Name="QueryStatus">0</Data>
    <Data Name="QueryResults">23.45.111.40;23.45.110.40;</Data>
    <Data Name="Image">C:\Program Files\Mozilla Firefox\firefox.exe</Data>
    <Data Name="User">MERIDIANLEDGER\paul.iverson</Data>
    
  </EventData>
</Event>
<Event xmlns="http://schemas.microsoft.com/win/2004/08/events/event">
  <System>
    <Provider Name="Microsoft-Windows-Sysmon" Guid="{5770385f-c22a-43e0-bf4c-06f5698ffbd9}"/>
    <EventID>5</EventID>
    <Version>3</Version>
    <Level>4</Level>
    <Task>5</Task>
    <Opcode>0</Opcode>
    <Keywords>0x8000000000000000</Keywords>
    <TimeCreated SystemTime="2024-06-11T15:17:47.5535025Z"/>
    <EventRecordID>626607</EventRecordID>
    <Correlation/>
    <Execution ProcessID="1948" ThreadID="2516"/>
    <Channel>Microsoft-Windows-Sysmon/Operational</Channel>
    <Computer>WS-PIVERSON-01.meridianledger.local</Computer>
    <Security UserID="S-1-5-18"/>
  </System>
  <EventData>
    
    <Data Name="RuleName">-</Data>
    <Data Name="UtcTime">2024-06-11 15:17:47.552</Data>
    <Data Name="ProcessGuid">{039eecd9-2742-6668-ad00-0000923a37e7}</Data>
    <Data Name="ProcessId">4364</Data>
    <Data Name="Image">C:\Program Files (x86)\Google\Update\GoogleUpdater.exe</Data>
    <Data Name="User">NT AUTHORITY\SYSTEM</Data>
    
  </EventData>
</Event>
<Event xmlns="http://schemas.microsoft.com/win/2004/08/events/event">
  <System>
    <Provider Name="Microsoft-Windows-Sysmon" Guid="{5770385f-c22a-43e0-bf4c-06f5698ffbd9}"/>
    <EventID>1</EventID>
    <Version>5</Version>
    <Level>4</Level>
    <Task>1</Task>
    <Opcode>0</Opcode>
    <Keywords>0x8000000000000000</Keywords>
    <TimeCreated SystemTime="2024-06-11T15:20:01.2794847Z"/>
    <EventRecordID>626608</EventRecordID>
    <Correlation/>
    <Execution ProcessID="1948" ThreadID="2516"/>
    <Channel>Microsoft-Windows-Sysmon/Operational</Channel>
    <Computer>WS-PIVERSON-01.meridianledger.local</Computer>
    <Security UserID="S-1-5-18"/>
  </System>
  <EventData>
    
    <Data Name="RuleName">-</Data>
    <Data Name="UtcTime">2024-06-11 15:20:01.279</Data>
    <Data Name="ProcessGuid">{039eecd9-6b21-6668-b602-0000f86e4b02}</Data>
    <Data Name="ProcessId">5376</Data>
    <Data Name="Image">C:\Windows\System32\wbem\WmiPrvSE.exe</Data>
    <Data Name="FileVersion">10.0.22621.1</Data>
    <Data Name="Description">WMI Provider Host</Data>
    <Data Name="Product">Microsoft Windows Operating System</Data>
    <Data Name="Company">Microsoft Corporation</Data>
    <Data Name="OriginalFileName">WmiPrvSE.exe</Data>
    <Data Name="CommandLine">WmiPrvSE.exe -secured -Embedding</Data>
    <Data Name="CurrentDirectory">C:\Windows\System32\</Data>
    <Data Name="User">NT AUTHORITY\SYSTEM</Data>
    <Data Name="LogonGuid">{00000000-0000-0000-0000-000000000000}</Data>
    <Data Name="LogonId">0x3e7</Data>
    <Data Name="TerminalSessionId">0</Data>
    <Data Name="IntegrityLevel">System</Data>
    <Data Name="Hashes">SHA1=46ED812F7B5C135F9B5C3B57477D88A786683FF2,MD5=AAEAE0631E80D5742B02ED7046F7C425,SHA256=894ABE128AA86E96E7CD29A302C0E058BF88455F7D54C53BF1C01C3669D49661,IMPHASH=2AF1A337C33BBA81DFC20C21850217EF</Data>
    <Data Name="ParentProcessGuid">{039eecd9-83d6-6654-0900-00005ace9517}</Data>
    <Data Name="ParentProcessId">3968</Data>
    <Data Name="ParentImage">C:\Windows\System32\svchost.exe</Data>
    <Data Name="ParentCommandLine">svchost.exe -k DcomLaunch</Data>
    <Data Name="ParentUser">NT AUTHORITY\SYSTEM</Data>
    
  </EventData>
</Event>
<Event xmlns="http://schemas.microsoft.com/win/2004/08/events/event">
  <System>
    <Provider Name="Microsoft-Windows-Sysmon" Guid="{5770385f-c22a-43e0-bf4c-06f5698ffbd9}"/>
    <EventID>1</EventID>
    <Version>5</Version>
    <Level>4</Level>
    <Task>1</Task>
    <Opcode>0</Opcode>
    <Keywords>0x8000000000000000</Keywords>
    <TimeCreated SystemTime="2024-06-11T15:20:51.9186956Z"/>
    <EventRecordID>626609</EventRecordID>
    <Correlation/>
    <Execution ProcessID="1948" ThreadID="3224"/>
    <Channel>Microsoft-Windows-Sysmon/Operational</Channel>
    <Computer>WS-PIVERSON-01.meridianledger.local</Computer>
    <Security UserID="S-1-5-18"/>
  </System>
  <EventData>
    
    <Data Name="RuleName">-</Data>
    <Data Name="UtcTime">2024-06-11 15:20:51.916</Data>
    <Data Name="ProcessGuid">{039eecd9-6b53-6668-5702-001066b303b1}</Data>
    <Data Name="ProcessId">5396</Data>
    <Data Name="Image">C:\Windows\System32\svchost.exe</Data>
    <Data Name="FileVersion">10.0.22621.1</Data>
    <Data Name="Description">Host Process for Windows Services</Data>
    <Data Name="Product">Microsoft Windows Operating System</Data>
    <Data Name="Company">Microsoft Corporation</Data>
    <Data Name="OriginalFileName">svchost.exe</Data>
    <Data Name="CommandLine">svchost.exe -k netsvcs -p -s LanmanServer</Data>
    <Data Name="CurrentDirectory">C:\Windows\System32\</Data>
    <Data Name="User">NT AUTHORITY\SYSTEM</Data>
    <Data Name="LogonGuid">{00000000-0000-0000-0000-000000000000}</Data>
    <Data Name="LogonId">0x3e7</Data>
    <Data Name="TerminalSessionId">0</Data>
    <Data Name="IntegrityLevel">System</Data>
    <Data Name="Hashes">SHA1=368D2441944693B0CBA629E5ADBC34A8407C40C3,MD5=8CF7DD20664F50F77B71A622747C3D66,SHA256=139556DF0A11AAA4D60AE41B55524114829D5C419E8E043A1F46FC360C93693A,IMPHASH=FC6BB923636A32BB4D62A5991B95FB0D</Data>
    <Data Name="ParentProcessGuid">{039eecd9-83d3-6654-6202-0000b4d46780}</Data>
    <Data Name="ParentProcessId">3940</Data>
    <Data Name="ParentImage">C:\Windows\System32\services.exe</Data>
    <Data Name="ParentCommandLine">services.exe</Data>
    <Data Name="ParentUser">NT AUTHORITY\SYSTEM</Data>
    
  </EventData>
</Event>
<Event xmlns="http://schemas.microsoft.com/win/2004/08/events/event">
  <System>
    <Provider Name="Microsoft-Windows-Sysmon" Guid="{5770385f-c22a-43e0-bf4c-06f5698ffbd9}"/>
    <EventID>5</EventID>
    <Version>3</Version>
    <Level>4</Level>
    <Task>5</Task>
    <Opcode>0</Opcode>
    <Keywords>0x8000000000000000</Keywords>
    <TimeCreated SystemTime="2024-06-11T15:21:00.4649112Z"/>
    <EventRecordID>626610</EventRecordID>
    <Correlation/>
    <Execution ProcessID="1948" ThreadID="4936"/>
    <Channel>Microsoft-Windows-Sysmon/Operational</Channel>
    <Computer>WS-PIVERSON-01.meridianledger.local</Computer>
    <Security UserID="S-1-5-18"/>
  </System>
  <EventData>
    
    <Data Name="RuleName">-</Data>
    <Data Name="UtcTime">2024-06-11 15:21:00.463</Data>
    <Data Name="ProcessGuid">{039eecd9-6b21-6668-b602-0000f86e4b02}</Data>
    <Data Name="ProcessId">5376</Data>
    <Data Name="Image">C:\Windows\System32\wbem\WmiPrvSE.exe</Data>
    <Data Name="User">NT AUTHORITY\SYSTEM</Data>
    
  </EventData>
</Event>
<Event xmlns="http://schemas.microsoft.com/win/2004/08/events/event">
  <System>
    <Provider Name="Microsoft-Windows-Sysmon" Guid="{5770385f-c22a-43e0-bf4c-06f5698ffbd9}"/>
    <EventID>10</EventID>
    <Version>3</Version>
    <Level>4</Level>
    <Task>10</Task>
    <Opcode>0</Opcode>
    <Keywords>0x8000000000000000</Keywords>
    <TimeCreated SystemTime="2024-06-11T15:22:35.4417441Z"/>
    <EventRecordID>626611</EventRecordID>
    <Correlation/>
    <Execution ProcessID="1948" ThreadID="1812"/>
    <Channel>Microsoft-Windows-Sysmon/Operational</Channel>
    <Computer>WS-PIVERSON-01.meridianledger.local</Computer>
    <Security UserID="S-1-5-18"/>
  </System>
  <EventData>
    
    <Data Name="RuleName">-</Data>
    <Data Name="UtcTime">2024-06-11 15:22:35.439</Data>
    <Data Name="SourceProcessGUID">{039eecd9-83d3-6654-6202-0000b4d46780}</Data>
    <Data Name="SourceProcessId">3940</Data>
    <Data Name="SourceThreadId">15008</Data>
    <Data Name="SourceImage">C:\Windows\System32\services.exe</Data>
    <Data Name="TargetProcessGUID">{039eecd9-83e0-6654-b302-0010dfc7259d}</Data>
    <Data Name="TargetProcessId">4056</Data>
    <Data Name="TargetImage">C:\ProgramData\Microsoft\Windows Defender\Platform\4.18.2301.6-0\MsMpEng.exe</Data>
    <Data Name="GrantedAccess">0x1000</Data>
    <Data Name="CallTrace">C:\Windows\SYSTEM32\ntdll.dll+9D9EC|C:\Windows\SYSTEM32\KERNELBASE.dll+2E143|C:\Windows\SYSTEM32\sechost.dll+1461F</Data>
    <Data Name="SourceUser">NT AUTHORITY\SYSTEM</Data>
    <Data Name="TargetUser">NT AUTHORITY\SYSTEM</Data>
    
  </EventData>
</Event>
<Event xmlns="http://schemas.microsoft.com/win/2004/08/events/event">
  <System>
    <Provider Name="Microsoft-Windows-Sysmon" Guid="{5770385f-c22a-43e0-bf4c-06f5698ffbd9}"/>
    <EventID>1</EventID>
    <Version>5</Version>
    <Level>4</Level>
    <Task>1</Task>
    <Opcode>0</Opcode>
    <Keywords>0x8000000000000000</Keywords>
    <TimeCreated SystemTime="2024-06-11T15:23:23.0441953Z"/>
    <EventRecordID>626612</EventRecordID>
    <Correlation/>
    <Execution ProcessID="1948" ThreadID="2072"/>
    <Channel>Microsoft-Windows-Sysmon/Operational</Channel>
    <Computer>WS-PIVERSON-01.meridianledger.local</Computer>
    <Security UserID="S-1-5-18"/>
  </System>
  <EventData>
    
    <Data Name="RuleName">-</Data>
    <Data Name="UtcTime">2024-06-11 15:23:23.043</Data>
    <Data Name="ProcessGuid">{039eecd9-6beb-6668-d902-0000d38a6cf2}</Data>
    <Data Name="ProcessId">5444</Data>
    <Data Name="Image">C:\Windows\System32\WindowsPowerShell\v1.0\powershell.exe</Data>
    <Data Name="FileVersion">10.0.22621.1</Data>
    <Data Name="Description">Windows PowerShell</Data>
    <Data Name="Product">Microsoft Windows Operating System</Data>
    <Data Name="Company">Microsoft Corporation</Data>
    <Data Name="OriginalFileName">PowerShell.EXE</Data>
    <Data Name="CommandLine">powershell.exe -NoProfile -File C:\Scripts\endpoint-inventory.ps1 -Mode Delta</Data>
    <Data Name="CurrentDirectory">C:\Windows\System32\</Data>
    <Data Name="User">NT AUTHORITY\SYSTEM</Data>
    <Data Name="LogonGuid">{00000000-0000-0000-0000-000000000000}</Data>
    <Data Name="LogonId">0x3e7</Data>
    <Data Name="TerminalSessionId">0</Data>
    <Data Name="IntegrityLevel">System</Data>
    <Data Name="Hashes">SHA1=74807298BB026542B177B40CEC0B2D64D5238D09,MD5=EEACC5305C17D7F9E330B33280A27AC5,SHA256=8A59DE82B9F4AD767B08A19B8F47E045B6E82C53F55A422FE0CE860BA3A9470A,IMPHASH=9E37895148BCA2306FCE4BCB0E51C310</Data>
    <Data Name="ParentProcessGuid">{039eecd9-83d3-6654-6202-0000b4d46780}</Data>
    <Data Name="ParentProcessId">3940</Data>
    <Data Name="ParentImage">C:\Windows\System32\services.exe</Data>
    <Data Name="ParentCommandLine">services.exe</Data>
    <Data Name="ParentUser">NT AUTHORITY\SYSTEM</Data>
    
  </EventData>
</Event>
<Event xmlns="http://schemas.microsoft.com/win/2004/08/events/event">
  <System>
    <Provider Name="Microsoft-Windows-Sysmon" Guid="{5770385f-c22a-43e0-bf4c-06f5698ffbd9}"/>
    <EventID>5</EventID>
    <Version>3</Version>
    <Level>4</Level>
    <Task>5</Task>
    <Opcode>0</Opcode>
    <Keywords>0x8000000000000000</Keywords>
    <TimeCreated SystemTime="2024-06-11T15:24:53.6624195Z"/>
    <EventRecordID>626615</EventRecordID>
    <Correlation/>
    <Execution ProcessID="1948" ThreadID="1812"/>
    <Channel>Microsoft-Windows-Sysmon/Operational</Channel>
    <Computer>WS-PIVERSON-01.meridianledger.local</Computer>
    <Security UserID="S-1-5-18"/>
  </System>
  <EventData>
    
    <Data Name="RuleName">-</Data>
    <Data Name="UtcTime">2024-06-11 15:24:53.661</Data>
    <Data Name="ProcessGuid">{039eecd9-6beb-6668-d902-0000d38a6cf2}</Data>
    <Data Name="ProcessId">5444</Data>
    <Data Name="Image">C:\Windows\System32\WindowsPowerShell\v1.0\powershell.exe</Data>
    <Data Name="User">NT AUTHORITY\SYSTEM</Data>
    
  </EventData>
</Event>
<Event xmlns="http://schemas.microsoft.com/win/2004/08/events/event">
  <System>
    <Provider Name="Microsoft-Windows-Sysmon" Guid="{5770385f-c22a-43e0-bf4c-06f5698ffbd9}"/>
    <EventID>1</EventID>
    <Version>5</Version>
    <Level>4</Level>
    <Task>1</Task>
    <Opcode>0</Opcode>
    <Keywords>0x8000000000000000</Keywords>
    <TimeCreated SystemTime="2024-06-11T15:30:07.1199513Z"/>
    <EventRecordID>626619</EventRecordID>
    <Correlation/>
    <Execution ProcessID="1948" ThreadID="2516"/>
    <Channel>Microsoft-Windows-Sysmon/Operational</Channel>
    <Computer>WS-PIVERSON-01.meridianledger.local</Computer>
    <Security UserID="S-1-5-18"/>
  </System>
  <EventData>
    
    <Data Name="RuleName">-</Data>
    <Data Name="UtcTime">2024-06-11 15:30:07.116</Data>
    <Data Name="ProcessGuid">{039eecd9-6d7f-6668-6000-0010b1000f7d}</Data>
    <Data Name="ProcessId">5372</Data>
    <Data Name="Image">C:\Windows\System32\SearchProtocolHost.exe</Data>
    <Data Name="FileVersion">10.0.22621.1</Data>
    <Data Name="Description">Microsoft Windows Search Protocol Host</Data>
    <Data Name="Product">Microsoft Windows Operating System</Data>
    <Data Name="Company">Microsoft Corporation</Data>
    <Data Name="OriginalFileName">SearchProtocolHost.exe</Data>
    <Data Name="CommandLine">SearchProtocolHost.exe Global\UsGthrFltPipeMssGthrPipe_S-1-5-21-627711796-735294931-578420835-7122 Global\UsGthrCtrlFltPipeMssGthrPipe_S-1-5-21-627711796-735294931-578420835-7122 1</Data>
    <Data Name="CurrentDirectory">C:\Windows\System32\</Data>
    <Data Name="User">NT AUTHORITY\SYSTEM</Data>
    <Data Name="LogonGuid">{00000000-0000-0000-0000-000000000000}</Data>
    <Data Name="LogonId">0x3e7</Data>
    <Data Name="TerminalSessionId">0</Data>
    <Data Name="IntegrityLevel">System</Data>
    <Data Name="Hashes">SHA1=43216957F6B1F6C0C1C954D1CFC7F9CE3FC72B60,MD5=BA242BD070D4A866C5D58169DB10ED02,SHA256=D48FE4EDB7B572D8CF8A37CD1AFC0882D88CA17A0BE3F4615C9E5A4F608E954A,IMPHASH=E495A5C3FEEEA98E32665B0ADE2B5A18</Data>
    <Data Name="ParentProcessGuid">{039eecd9-83e0-6654-9100-0000bc696b3c}</Data>
    <Data Name="ParentProcessId">4064</Data>
    <Data Name="ParentImage">C:\Windows\System32\SearchIndexer.exe</Data>
    <Data Name="ParentCommandLine">SearchIndexer.exe</Data>
    <Data Name="ParentUser">NT AUTHORITY\SYSTEM</Data>
    
  </EventData>
</Event>
<Event xmlns="http://schemas.microsoft.com/win/2004/08/events/event">
  <System>
    <Provider Name="Microsoft-Windows-Sysmon" Guid="{5770385f-c22a-43e0-bf4c-06f5698ffbd9}"/>
    <EventID>22</EventID>
    <Version>5</Version>
    <Level>4</Level>
    <Task>22</Task>
    <Opcode>0</Opcode>
    <Keywords>0x8000000000000000</Keywords>
    <TimeCreated SystemTime="2024-06-11T15:31:42.0801179Z"/>
    <EventRecordID>626620</EventRecordID>
    <Correlation/>
    <Execution ProcessID="1948" ThreadID="4936"/>
    <Channel>Microsoft-Windows-Sysmon/Operational</Channel>
    <Computer>WS-PIVERSON-01.meridianledger.local</Computer>
    <Security UserID="S-1-5-18"/>
  </System>
  <EventData>
    
    <Data Name="RuleName">-</Data>
    <Data Name="UtcTime">2024-06-11 15:31:42.079</Data>
    <Data Name="ProcessGuid">{039eecd9-83d8-6654-7c00-00009ad5a615}</Data>
    <Data Name="ProcessId">4024</Data>
    <Data Name="QueryName">ctldl.windowsupdate.com</Data>
    <Data Name="QueryStatus">0</Data>
    <Data Name="QueryResults">2620:1ec:46::40;</Data>
    <Data Name="Image">C:\Windows\System32\svchost.exe</Data>
    <Data Name="User">NT AUTHORITY\LOCAL SERVICE</Data>
    
  </EventData>
</Event>
<Event xmlns="http://schemas.microsoft.com/win/2004/08/events/event">
  <System>
    <Provider Name="Microsoft-Windows-Sysmon" Guid="{5770385f-c22a-43e0-bf4c-06f5698ffbd9}"/>
    <EventID>1</EventID>
    <Version>5</Version>
    <Level>4</Level>
    <Task>1</Task>
    <Opcode>0</Opcode>
    <Keywords>0x8000000000000000</Keywords>
    <TimeCreated SystemTime="2024-06-11T15:31:42.2292122Z"/>
    <EventRecordID>626621</EventRecordID>
    <Correlation/>
    <Execution ProcessID="1948" ThreadID="3224"/>
    <Channel>Microsoft-Windows-Sysmon/Operational</Channel>
    <Computer>WS-PIVERSON-01.meridianledger.local</Computer>
    <Security UserID="S-1-5-18"/>
  </System>
  <EventData>
    
    <Data Name="RuleName">-</Data>
    <Data Name="UtcTime">2024-06-11 15:31:42.228</Data>
    <Data Name="ProcessGuid">{039eecd9-6dde-6668-0500-0010e424a3df}</Data>
    <Data Name="ProcessId">5308</Data>
    <Data Name="Image">C:\Program Files (x86)\Citrix\ICA Client\SelfServicePlugin\SelfService.exe</Data>
    <Data Name="FileVersion">24.3.0.65</Data>
    <Data Name="Description">Citrix Workspace</Data>
    <Data Name="Product">Citrix Workspace</Data>
    <Data Name="Company">Cloud Software Group, Inc.</Data>
    <Data Name="OriginalFileName">SelfService.exe</Data>
    <Data Name="CommandLine">"C:\Program Files (x86)\Citrix\ICA Client\SelfServicePlugin\SelfService.exe" -showAppPicker</Data>
    <Data Name="CurrentDirectory">C:\Program Files (x86)\Citrix\ICA Client\SelfServicePlugin\</Data>
    <Data Name="User">MERIDIANLEDGER\paul.iverson</Data>
    <Data Name="LogonGuid">{00000000-0000-0000-0000-000000000000}</Data>
    <Data Name="LogonId">0xb61f5d2</Data>
    <Data Name="TerminalSessionId">3</Data>
    <Data Name="IntegrityLevel">Medium</Data>
    <Data Name="Hashes">SHA1=5254D900CBCCC99AE85711D6B4E3C6E4C38B3938,MD5=42D6D19F72729EF35BF67FF407904A16,SHA256=A90A45FCC5A09AC5A464A85EA4243F3D03632FA6B4D09E1563539177BC6B706E,IMPHASH=A488AE04C082976258CDF5497BE82994</Data>
    <Data Name="ParentProcessGuid">{039eecd9-553d-6668-3102-00000559e5c2}</Data>
    <Data Name="ParentProcessId">4876</Data>
    <Data Name="ParentImage">C:\Windows\explorer.exe</Data>
    <Data Name="ParentCommandLine">explorer.exe</Data>
    <Data Name="ParentUser">MERIDIANLEDGER\paul.iverson</Data>
    
  </EventData>
</Event>
<Event xmlns="http://schemas.microsoft.com/win/2004/08/events/event">
  <System>
    <Provider Name="Microsoft-Windows-Sysmon" Guid="{5770385f-c22a-43e0-bf4c-06f5698ffbd9}"/>
    <EventID>7</EventID>
    <Version>3</Version>
    <Level>4</Level>
    <Task>7</Task>
    <Opcode>0</Opcode>
    <Keywords>0x8000000000000000</Keywords>
    <TimeCreated SystemTime="2024-06-11T15:31:42.5448590Z"/>
    <EventRecordID>626622</EventRecordID>
    <Correlation/>
    <Execution ProcessID="1948" ThreadID="3224"/>
    <Channel>Microsoft-Windows-Sysmon/Operational</Channel>
    <Computer>WS-PIVERSON-01.meridianledger.local</Computer>
    <Security UserID="S-1-5-18"/>
  </System>
  <EventData>
    
    <Data Name="RuleName">-</Data>
    <Data Name="UtcTime">2024-06-11 15:31:42.544</Data>
    <Data Name="ProcessGuid">{039eecd9-6dde-6668-0500-0010e424a3df}</Data>
    <Data Name="ProcessId">5308</Data>
    <Data Name="Image">C:\Program Files (x86)\Citrix\ICA Client\SelfServicePlugin\SelfService.exe</Data>
    <Data Name="ImageLoaded">C:\Program Files (x86)\Citrix\ICA Client\wfapi.dll</Data>
    <Data Name="FileVersion">24.3.0.65</Data>
    <Data Name="Description">Citrix ICA Client API</Data>
    <Data Name="Product">Citrix Workspace</Data>
    <Data Name="Company">Cloud Software Group, Inc.</Data>
    <Data Name="OriginalFileName">wfapi.dll</Data>
    <Data Name="Hashes">SHA1=F02E7D9994E46859EA1AE8F4B124B22F5BFD97DB,MD5=11051C88D47ED0624B2443E8E498F2FE,SHA256=87AC160AB58AAB5BFF52B5834DA9FFF37EA0CF669B84184DB886199F241E0D85,IMPHASH=3B8A081CE5FF16049716F316DD7DCEE9</Data>
    <Data Name="Signed">true</Data>
    <Data Name="Signature">Cloud Software Group, Inc.</Data>
    <Data Name="SignatureStatus">Valid</Data>
    <Data Name="User">MERIDIANLEDGER\paul.iverson</Data>
    
  </EventData>
</Event>
<Event xmlns="http://schemas.microsoft.com/win/2004/08/events/event">
  <System>
    <Provider Name="Microsoft-Windows-Sysmon" Guid="{5770385f-c22a-43e0-bf4c-06f5698ffbd9}"/>
    <EventID>22</EventID>
    <Version>5</Version>
    <Level>4</Level>
    <Task>22</Task>
    <Opcode>0</Opcode>
    <Keywords>0x8000000000000000</Keywords>
    <TimeCreated SystemTime="2024-06-11T15:31:42.5856152Z"/>
    <EventRecordID>626623</EventRecordID>
    <Correlation/>
    <Execution ProcessID="1948" ThreadID="2072"/>
    <Channel>Microsoft-Windows-Sysmon/Operational</Channel>
    <Computer>WS-PIVERSON-01.meridianledger.local</Computer>
    <Security UserID="S-1-5-18"/>
  </System>
  <EventData>
    
    <Data Name="RuleName">-</Data>
    <Data Name="UtcTime">2024-06-11 15:31:42.582</Data>
    <Data Name="ProcessGuid">{039eecd9-83d8-6654-7c00-00009ad5a615}</Data>
    <Data Name="ProcessId">4024</Data>
    <Data Name="QueryName">wpad.meridianledger.local</Data>
    <Data Name="QueryStatus">9003</Data>
    <Data Name="QueryResults">-</Data>
    <Data Name="Image">C:\Windows\System32\svchost.exe</Data>
    <Data Name="User">NT AUTHORITY\LOCAL SERVICE</Data>
    
  </EventData>
</Event>
<Event xmlns="http://schemas.microsoft.com/win/2004/08/events/event">
  <System>
    <Provider Name="Microsoft-Windows-Sysmon" Guid="{5770385f-c22a-43e0-bf4c-06f5698ffbd9}"/>
    <EventID>22</EventID>
    <Version>5</Version>
    <Level>4</Level>
    <Task>22</Task>
    <Opcode>0</Opcode>
    <Keywords>0x8000000000000000</Keywords>
    <TimeCreated SystemTime="2024-06-11T15:31:43.0272219Z"/>
    <EventRecordID>626624</EventRecordID>
    <Correlation/>
    <Execution ProcessID="1948" ThreadID="3224"/>
    <Channel>Microsoft-Windows-Sysmon/Operational</Channel>
    <Computer>WS-PIVERSON-01.meridianledger.local</Computer>
    <Security UserID="S-1-5-18"/>
  </System>
  <EventData>
    
    <Data Name="RuleName">-</Data>
    <Data Name="UtcTime">2024-06-11 15:31:43.026</Data>
    <Data Name="ProcessGuid">{039eecd9-83d8-6654-7c00-00009ad5a615}</Data>
    <Data Name="ProcessId">4024</Data>
    <Data Name="QueryName">ctldl.windowsupdate.com</Data>
    <Data Name="QueryStatus">0</Data>
    <Data Name="QueryResults">52.114.132.73;52.114.128.40;</Data>
    <Data Name="Image">C:\Windows\System32\svchost.exe</Data>
    <Data Name="User">NT AUTHORITY\LOCAL SERVICE</Data>
    
  </EventData>
</Event>
