<Event xmlns="http://schemas.microsoft.com/win/2004/08/events/event">
  <System>
    <Provider Name="Microsoft-Windows-Sysmon" Guid="{5770385f-c22a-43e0-bf4c-06f5698ffbd9}"/>
    <EventID>1</EventID>
    <Version>5</Version>
    <Level>4</Level>
    <Task>1</Task>
    <Opcode>0</Opcode>
    <Keywords>0x8000000000000000</Keywords>
    <TimeCreated SystemTime="2024-06-11T13:32:47.8761446Z"/>
    <EventRecordID>626470</EventRecordID>
    <Correlation/>
    <Execution ProcessID="1948" ThreadID="3224"/>
    <Channel>Microsoft-Windows-Sysmon/Operational</Channel>
    <Computer>WS-PIVERSON-01.meridianledger.local</Computer>
    <Security UserID="S-1-5-18"/>
  </System>
  <EventData>
    
    <Data Name="RuleName">-</Data>
    <Data Name="UtcTime">2024-06-11 13:32:47.875</Data>
    <Data Name="ProcessGuid">{039eecd9-51ff-6668-2302-00101c4f9b88}</Data>
    <Data Name="ProcessId">4924</Data>
    <Data Name="Image">C:\Windows\System32\dllhost.exe</Data>
    <Data Name="FileVersion">10.0.22621.1</Data>
    <Data Name="Description">COM Surrogate</Data>
    <Data Name="Product">Microsoft Windows Operating System</Data>
    <Data Name="Company">Microsoft Corporation</Data>
    <Data Name="OriginalFileName">dllhost.exe</Data>
    <Data Name="CommandLine">dllhost.exe /Processid:{3EB3C877-1F16-487C-9050-104DBCD66683}</Data>
    <Data Name="CurrentDirectory">C:\Windows\System32\</Data>
    <Data Name="User">NT AUTHORITY\SYSTEM</Data>
    <Data Name="LogonGuid">{00000000-0000-0000-0000-000000000000}</Data>
    <Data Name="LogonId">0x3e7</Data>
    <Data Name="TerminalSessionId">0</Data>
    <Data Name="IntegrityLevel">System</Data>
    <Data Name="Hashes">SHA1=B50E716E3959BD7D9EFCF885BBAF84F837EFDAD2,MD5=5E659C310A9E39CB882747D6F904A7AB,SHA256=6DA7E097C9C5FA197672678842CCA84B053B93571838CBBD620386EF3F6878F4,IMPHASH=7A9666B001C1F3337ACF7F3BEFF4373E</Data>
    <Data Name="ParentProcessGuid">{039eecd9-83d6-6654-0900-00005ace9517}</Data>
    <Data Name="ParentProcessId">3968</Data>
    <Data Name="ParentImage">C:\Windows\System32\svchost.exe</Data>
    <Data Name="ParentCommandLine">svchost.exe -k DcomLaunch</Data>
    <Data Name="ParentUser">NT AUTHORITY\SYSTEM</Data>
    
  </EventData>
</Event>
<Event xmlns="http://schemas.microsoft.com/win/2004/08/events/event">
  <System>
    <Provider Name="Microsoft-Windows-Sysmon" Guid="{5770385f-c22a-43e0-bf4c-06f5698ffbd9}"/>
    <EventID>5</EventID>
    <Version>3</Version>
    <Level>4</Level>
    <Task>5</Task>
    <Opcode>0</Opcode>
    <Keywords>0x8000000000000000</Keywords>
    <TimeCreated SystemTime="2024-06-11T13:32:57.5069441Z"/>
    <EventRecordID>626471</EventRecordID>
    <Correlation/>
    <Execution ProcessID="1948" ThreadID="1812"/>
    <Channel>Microsoft-Windows-Sysmon/Operational</Channel>
    <Computer>WS-PIVERSON-01.meridianledger.local</Computer>
    <Security UserID="S-1-5-18"/>
  </System>
  <EventData>
    
    <Data Name="RuleName">-</Data>
    <Data Name="UtcTime">2024-06-11 13:32:57.506</Data>
    <Data Name="ProcessGuid">{039eecd9-51ff-6668-2302-00101c4f9b88}</Data>
    <Data Name="ProcessId">4924</Data>
    <Data Name="Image">C:\Windows\System32\dllhost.exe</Data>
    <Data Name="User">NT AUTHORITY\SYSTEM</Data>
    
  </EventData>
</Event>
<Event xmlns="http://schemas.microsoft.com/win/2004/08/events/event">
  <System>
    <Provider Name="Microsoft-Windows-Sysmon" Guid="{5770385f-c22a-43e0-bf4c-06f5698ffbd9}"/>
    <EventID>22</EventID>
    <Version>5</Version>
    <Level>4</Level>
    <Task>22</Task>
    <Opcode>0</Opcode>
    <Keywords>0x8000000000000000</Keywords>
    <TimeCreated SystemTime="2024-06-11T13:34:23.4355705Z"/>
    <EventRecordID>626472</EventRecordID>
    <Correlation/>
    <Execution ProcessID="1948" ThreadID="2516"/>
    <Channel>Microsoft-Windows-Sysmon/Operational</Channel>
    <Computer>WS-PIVERSON-01.meridianledger.local</Computer>
    <Security UserID="S-1-5-18"/>
  </System>
  <EventData>
    
    <Data Name="RuleName">-</Data>
    <Data Name="UtcTime">2024-06-11 13:34:23.435</Data>
    <Data Name="ProcessGuid">{039eecd9-3fa9-6668-6302-000076df6a81}</Data>
    <Data Name="ProcessId">4672</Data>
    <Data Name="QueryName">static.akamai.net</Data>
    <Data Name="QueryStatus">0</Data>
    <Data Name="QueryResults">23.72.135.56;23.72.134.56;</Data>
    <Data Name="Image">C:\Program Files\Mozilla Firefox\firefox.exe</Data>
    <Data Name="User">MERIDIANLEDGER\paul.iverson</Data>
    
  </EventData>
</Event>
<Event xmlns="http://schemas.microsoft.com/win/2004/08/events/event">
  <System>
    <Provider Name="Microsoft-Windows-Sysmon" Guid="{5770385f-c22a-43e0-bf4c-06f5698ffbd9}"/>
    <EventID>22</EventID>
    <Version>5</Version>
    <Level>4</Level>
    <Task>22</Task>
    <Opcode>0</Opcode>
    <Keywords>0x8000000000000000</Keywords>
    <TimeCreated SystemTime="2024-06-11T13:34:36.1246843Z"/>
    <EventRecordID>626474</EventRecordID>
    <Correlation/>
    <Execution ProcessID="1948" ThreadID="2516"/>
    <Channel>Microsoft-Windows-Sysmon/Operational</Channel>
    <Computer>WS-PIVERSON-01.meridianledger.local</Computer>
    <Security UserID="S-1-5-18"/>
  </System>
  <EventData>
    
    <Data Name="RuleName">-</Data>
    <Data Name="UtcTime">2024-06-11 13:34:36.123</Data>
    <Data Name="ProcessGuid">{039eecd9-83d7-6654-d702-00102abb7c2c}</Data>
    <Data Name="ProcessId">4004</Data>
    <Data Name="QueryName">aws.amazon.com</Data>
    <Data Name="QueryStatus">0</Data>
    <Data Name="QueryResults">52.85.83.55;52.85.84.55;</Data>
    <Data Name="Image">C:\Windows\System32\svchost.exe</Data>
    <Data Name="User">NT AUTHORITY\NETWORK SERVICE</Data>
    
  </EventData>
</Event>
<Event xmlns="http://schemas.microsoft.com/win/2004/08/events/event">
  <System>
    <Provider Name="Microsoft-Windows-Sysmon" Guid="{5770385f-c22a-43e0-bf4c-06f5698ffbd9}"/>
    <EventID>10</EventID>
    <Version>3</Version>
    <Level>4</Level>
    <Task>10</Task>
    <Opcode>0</Opcode>
    <Keywords>0x8000000000000000</Keywords>
    <TimeCreated SystemTime="2024-06-11T13:38:27.7797627Z"/>
    <EventRecordID>626476</EventRecordID>
    <Correlation/>
    <Execution ProcessID="1948" ThreadID="4936"/>
    <Channel>Microsoft-Windows-Sysmon/Operational</Channel>
    <Computer>WS-PIVERSON-01.meridianledger.local</Computer>
    <Security UserID="S-1-5-18"/>
  </System>
  <EventData>
    
    <Data Name="RuleName">-</Data>
    <Data Name="UtcTime">2024-06-11 13:38:27.779</Data>
    <Data Name="SourceProcessGUID">{039eecd9-83e9-6654-6802-000006fff4c7}</Data>
    <Data Name="SourceProcessId">4236</Data>
    <Data Name="SourceThreadId">15456</Data>
    <Data Name="SourceImage">C:\Windows\System32\taskhostw.exe</Data>
    <Data Name="TargetProcessGUID">{039eecd9-83f0-6654-f100-0010c98c825f}</Data>
    <Data Name="TargetProcessId">4288</Data>
    <Data Name="TargetImage">C:\Windows\System32\RuntimeBroker.exe</Data>
    <Data Name="GrantedAccess">0x0400</Data>
    <Data Name="CallTrace">C:\Windows\SYSTEM32\ntdll.dll+9EFED|C:\Windows\SYSTEM32\KERNELBASE.dll+2E3BA|C:\Windows\SYSTEM32\combase.dll+2AD4D</Data>
    <Data Name="SourceUser">NT AUTHORITY\SYSTEM</Data>
    <Data Name="TargetUser">MERIDIANLEDGER\paul.iverson</Data>
    
  </EventData>
</Event>
<Event xmlns="http://schemas.microsoft.com/win/2004/08/events/event">
  <System>
    <Provider Name="Microsoft-Windows-Sysmon" Guid="{5770385f-c22a-43e0-bf4c-06f5698ffbd9}"/>
    <EventID>5</EventID>
    <Version>3</Version>
    <Level>4</Level>
    <Task>5</Task>
    <Opcode>0</Opcode>
    <Keywords>0x8000000000000000</Keywords>
    <TimeCreated SystemTime="2024-06-11T13:39:01.1512874Z"/>
    <EventRecordID>626477</EventRecordID>
    <Correlation/>
    <Execution ProcessID="1948" ThreadID="1812"/>
    <Channel>Microsoft-Windows-Sysmon/Operational</Channel>
    <Computer>WS-PIVERSON-01.meridianledger.local</Computer>
    <Security UserID="S-1-5-18"/>
  </System>
  <EventData>
    
    <Data Name="RuleName">-</Data>
    <Data Name="UtcTime">2024-06-11 13:39:01.150</Data>
    <Data Name="ProcessGuid">{039eecd9-470b-6668-a800-001021ff98f5}</Data>
    <Data Name="ProcessId">4680</Data>
    <Data Name="Image">C:\Program Files\Zscaler\ZSATray\ZSATray.exe</Data>
    <Data Name="User">MERIDIANLEDGER\paul.iverson</Data>
    
  </EventData>
</Event>
<Event xmlns="http://schemas.microsoft.com/win/2004/08/events/event">
  <System>
    <Provider Name="Microsoft-Windows-Sysmon" Guid="{5770385f-c22a-43e0-bf4c-06f5698ffbd9}"/>
    <EventID>5</EventID>
    <Version>3</Version>
    <Level>4</Level>
    <Task>5</Task>
    <Opcode>0</Opcode>
    <Keywords>0x8000000000000000</Keywords>
    <TimeCreated SystemTime="2024-06-11T13:39:01.3609388Z"/>
    <EventRecordID>626478</EventRecordID>
    <Correlation/>
    <Execution ProcessID="1948" ThreadID="1812"/>
    <Channel>Microsoft-Windows-Sysmon/Operational</Channel>
    <Computer>WS-PIVERSON-01.meridianledger.local</Computer>
    <Security UserID="S-1-5-18"/>
  </System>
  <EventData>
    
    <Data Name="RuleName">-</Data>
    <Data Name="UtcTime">2024-06-11 13:39:01.359</Data>
    <Data Name="ProcessGuid">{039eecd9-4279-6668-4100-000014a433f9}</Data>
    <Data Name="ProcessId">4696</Data>
    <Data Name="Image">C:\Program Files (x86)\Citrix\ICA Client\SelfServicePlugin\SelfService.exe</Data>
    <Data Name="User">MERIDIANLEDGER\paul.iverson</Data>
    
  </EventData>
</Event>
<Event xmlns="http://schemas.microsoft.com/win/2004/08/events/event">
  <System>
    <Provider Name="Microsoft-Windows-Sysmon" Guid="{5770385f-c22a-43e0-bf4c-06f5698ffbd9}"/>
    <EventID>5</EventID>
    <Version>3</Version>
    <Level>4</Level>
    <Task>5</Task>
    <Opcode>0</Opcode>
    <Keywords>0x8000000000000000</Keywords>
    <TimeCreated SystemTime="2024-06-11T13:39:02.1110031Z"/>
    <EventRecordID>626479</EventRecordID>
    <Correlation/>
    <Execution ProcessID="1948" ThreadID="1812"/>
    <Channel>Microsoft-Windows-Sysmon/Operational</Channel>
    <Computer>WS-PIVERSON-01.meridianledger.local</Computer>
    <Security UserID="S-1-5-18"/>
  </System>
  <EventData>
    
    <Data Name="RuleName">-</Data>
    <Data Name="UtcTime">2024-06-11 13:39:02.110</Data>
    <Data Name="ProcessGuid">{039eecd9-3fa8-6668-5700-000003ff49be}</Data>
    <Data Name="ProcessId">4668</Data>
    <Data Name="Image">C:\Users\paul.iverson\AppData\Local\slack\Slack.exe</Data>
    <Data Name="User">MERIDIANLEDGER\paul.iverson</Data>
    
  </EventData>
</Event>
<Event xmlns="http://schemas.microsoft.com/win/2004/08/events/event">
  <System>
    <Provider Name="Microsoft-Windows-Sysmon" Guid="{5770385f-c22a-43e0-bf4c-06f5698ffbd9}"/>
    <EventID>5</EventID>
    <Version>3</Version>
    <Level>4</Level>
    <Task>5</Task>
    <Opcode>0</Opcode>
    <Keywords>0x8000000000000000</Keywords>
    <TimeCreated SystemTime="2024-06-11T13:39:02.1202635Z"/>
    <EventRecordID>626480</EventRecordID>
    <Correlation/>
    <Execution ProcessID="1948" ThreadID="1812"/>
    <Channel>Microsoft-Windows-Sysmon/Operational</Channel>
    <Computer>WS-PIVERSON-01.meridianledger.local</Computer>
    <Security UserID="S-1-5-18"/>
  </System>
  <EventData>
    
    <Data Name="RuleName">-</Data>
    <Data Name="UtcTime">2024-06-11 13:39:02.119</Data>
    <Data Name="ProcessGuid">{039eecd9-3fa9-6668-6302-000076df6a81}</Data>
    <Data Name="ProcessId">4672</Data>
    <Data Name="Image">C:\Program Files\Mozilla Firefox\firefox.exe</Data>
    <Data Name="User">MERIDIANLEDGER\paul.iverson</Data>
    
  </EventData>
</Event>
<Event xmlns="http://schemas.microsoft.com/win/2004/08/events/event">
  <System>
    <Provider Name="Microsoft-Windows-Sysmon" Guid="{5770385f-c22a-43e0-bf4c-06f5698ffbd9}"/>
    <EventID>5</EventID>
    <Version>3</Version>
    <Level>4</Level>
    <Task>5</Task>
    <Opcode>0</Opcode>
    <Keywords>0x8000000000000000</Keywords>
    <TimeCreated SystemTime="2024-06-11T13:39:02.2977342Z"/>
    <EventRecordID>626481</EventRecordID>
    <Correlation/>
    <Execution ProcessID="1948" ThreadID="2516"/>
    <Channel>Microsoft-Windows-Sysmon/Operational</Channel>
    <Computer>WS-PIVERSON-01.meridianledger.local</Computer>
    <Security UserID="S-1-5-18"/>
  </System>
  <EventData>
    
    <Data Name="RuleName">-</Data>
    <Data Name="UtcTime">2024-06-11 13:39:02.295</Data>
    <Data Name="ProcessGuid">{039eecd9-3573-6668-5d02-00003425004c}</Data>
    <Data Name="ProcessId">4660</Data>
    <Data Name="Image">C:\Windows\explorer.exe</Data>
    <Data Name="User">MERIDIANLEDGER\paul.iverson</Data>
    
  </EventData>
</Event>
<Event xmlns="http://schemas.microsoft.com/win/2004/08/events/event">
  <System>
    <Provider Name="Microsoft-Windows-Sysmon" Guid="{5770385f-c22a-43e0-bf4c-06f5698ffbd9}"/>
    <EventID>5</EventID>
    <Version>3</Version>
    <Level>4</Level>
    <Task>5</Task>
    <Opcode>0</Opcode>
    <Keywords>0x8000000000000000</Keywords>
    <TimeCreated SystemTime="2024-06-11T13:39:02.6444785Z"/>
    <EventRecordID>626482</EventRecordID>
    <Correlation/>
    <Execution ProcessID="1948" ThreadID="2516"/>
    <Channel>Microsoft-Windows-Sysmon/Operational</Channel>
    <Computer>WS-PIVERSON-01.meridianledger.local</Computer>
    <Security UserID="S-1-5-18"/>
  </System>
  <EventData>
    
    <Data Name="RuleName">-</Data>
    <Data Name="UtcTime">2024-06-11 13:39:02.643</Data>
    <Data Name="ProcessGuid">{039eecd9-3571-6668-1c00-0000456f83b5}</Data>
    <Data Name="ProcessId">4616</Data>
    <Data Name="Image">C:\Windows\System32\winlogon.exe</Data>
    <Data Name="User">NT AUTHORITY\SYSTEM</Data>
    
  </EventData>
</Event>
<Event xmlns="http://schemas.microsoft.com/win/2004/08/events/event">
  <System>
    <Provider Name="Microsoft-Windows-Sysmon" Guid="{5770385f-c22a-43e0-bf4c-06f5698ffbd9}"/>
    <EventID>13</EventID>
    <Version>2</Version>
    <Level>4</Level>
    <Task>13</Task>
    <Opcode>0</Opcode>
    <Keywords>0x8000000000000000</Keywords>
    <TimeCreated SystemTime="2024-06-11T13:40:27.4115162Z"/>
    <EventRecordID>626484</EventRecordID>
    <Correlation/>
    <Execution ProcessID="1948" ThreadID="1812"/>
    <Channel>Microsoft-Windows-Sysmon/Operational</Channel>
    <Computer>WS-PIVERSON-01.meridianledger.local</Computer>
    <Security UserID="S-1-5-18"/>
  </System>
  <EventData>
    
    <Data Name="RuleName">-</Data>
    <Data Name="EventType">SetValue</Data>
    <Data Name="UtcTime">2024-06-11 13:40:27.410</Data>
    <Data Name="ProcessGuid">{039eecd9-83ee-6654-1c02-0000e55bb87f}</Data>
    <Data Name="ProcessId">4284</Data>
    <Data Name="Image">C:\Windows\explorer.exe</Data>
    <Data Name="TargetObject">HKU\S-1-5-21-3416918484-2318624181-2088882373-1001\Software\Microsoft\Windows\CurrentVersion\Explorer\UserAssist\{CEBFF5CD-ACE2-4F4F-9178-9926F41749EA}\Count\HRZR_EHACNGU:P:\Jvaqbjf\Flfgrz32\zfgfp.rkr</Data>
    <Data Name="Details">00 00 00 00 1E 00 00 00 0B 00 00 00 23 88 1D 00 00 00 00 00 00 00 00 00 00 00 00 00 00 00 00 00 00 00 00 00 00 00 00 00 00 00 00 00 00 00 00 00 00 00 00 00 00 00 00 00 00 00 00 00 00 39 F2 63 EA 81 DA 01 00 00 00 00</Data>
    <Data Name="User">MERIDIANLEDGER\paul.iverson</Data>
    
  </EventData>
</Event>
<Event xmlns="http://schemas.microsoft.com/win/2004/08/events/event">
  <System>
    <Provider Name="Microsoft-Windows-Sysmon" Guid="{5770385f-c22a-43e0-bf4c-06f5698ffbd9}"/>
    <EventID>13</EventID>
    <Version>2</Version>
    <Level>4</Level>
    <Task>13</Task>
    <Opcode>0</Opcode>
    <Keywords>0x8000000000000000</Keywords>
    <TimeCreated SystemTime="2024-06-11T13:41:27.8234642Z"/>
    <EventRecordID>626486</EventRecordID>
    <Correlation/>
    <Execution ProcessID="1948" ThreadID="1812"/>
    <Channel>Microsoft-Windows-Sysmon/Operational</Channel>
    <Computer>WS-PIVERSON-01.meridianledger.local</Computer>
    <Security UserID="S-1-5-18"/>
  </System>
  <EventData>
    
    <Data Name="RuleName">-</Data>
    <Data Name="EventType">SetValue</Data>
    <Data Name="UtcTime">2024-06-11 13:41:27.822</Data>
    <Data Name="ProcessGuid">{039eecd9-83ee-6654-1c02-0000e55bb87f}</Data>
    <Data Name="ProcessId">4284</Data>
    <Data Name="Image">C:\Windows\explorer.exe</Data>
    <Data Name="TargetObject">HKU\S-1-5-21-3416918484-2318624181-2088882373-1001\Software\Microsoft\Windows\CurrentVersion\Explorer\ComDlg32\OpenSavePidlMRU\*\0</Data>
    <Data Name="Details">hex(2):43,00,3a,00</Data>
    <Data Name="User">MERIDIANLEDGER\paul.iverson</Data>
    
  </EventData>
</Event>
<Event xmlns="http://schemas.microsoft.com/win/2004/08/events/event">
  <System>
    <Provider Name="Microsoft-Windows-Sysmon" Guid="{5770385f-c22a-43e0-bf4c-06f5698ffbd9}"/>
    <EventID>13</EventID>
    <Version>2</Version>
    <Level>4</Level>
    <Task>13</Task>
    <Opcode>0</Opcode>
    <Keywords>0x8000000000000000</Keywords>
    <TimeCreated SystemTime="2024-06-11T13:43:00.1409004Z"/>
    <EventRecordID>626488</EventRecordID>
    <Correlation/>
    <Execution ProcessID="1948" ThreadID="1812"/>
    <Channel>Microsoft-Windows-Sysmon/Operational</Channel>
    <Computer>WS-PIVERSON-01.meridianledger.local</Computer>
    <Security UserID="S-1-5-18"/>
  </System>
  <EventData>
    
    <Data Name="RuleName">-</Data>
    <Data Name="EventType">SetValue</Data>
    <Data Name="UtcTime">2024-06-11 13:43:00.139</Data>
    <Data Name="ProcessGuid">{039eecd9-83ee-6654-1c02-0000e55bb87f}</Data>
    <Data Name="ProcessId">4284</Data>
    <Data Name="Image">C:\Windows\explorer.exe</Data>
    <Data Name="TargetObject">HKU\S-1-5-21-3416918484-2318624181-2088882373-1001\Software\Microsoft\Windows\CurrentVersion\Explorer\UserAssist\{CEBFF5CD-ACE2-4F4F-9178-9926F41749EA}\Count\HRZR_EHACNGU:P:\Jvaqbjf\Flfgrz32\zfgfp.rkr</Data>
    <Data Name="Details">00 00 00 00 01 00 00 00 00 00 00 00 00 00 00 00 00 00 00 00 00 00 00 00 00 00 00 00 00 00 00 00 00 00 00 00 00 00 00 00 00 00 00 00 00 00 00 00 00 00 00 00 00 00 00 00 00 00 00 00 80 1E B8 83 7D 80 DA 01 00 00 00 00</Data>
    <Data Name="User">MERIDIANLEDGER\paul.iverson</Data>
    
  </EventData>
</Event>
<Event xmlns="http://schemas.microsoft.com/win/2004/08/events/event">
  <System>
    <Provider Name="Microsoft-Windows-Sysmon" Guid="{5770385f-c22a-43e0-bf4c-06f5698ffbd9}"/>
    <EventID>13</EventID>
    <Version>2</Version>
    <Level>4</Level>
    <Task>13</Task>
    <Opcode>0</Opcode>
    <Keywords>0x8000000000000000</Keywords>
    <TimeCreated SystemTime="2024-06-11T13:43:43.9474932Z"/>
    <EventRecordID>626489</EventRecordID>
    <Correlation/>
    <Execution ProcessID="1948" ThreadID="2072"/>
    <Channel>Microsoft-Windows-Sysmon/Operational</Channel>
    <Computer>WS-PIVERSON-01.meridianledger.local</Computer>
    <Security UserID="S-1-5-18"/>
  </System>
  <EventData>
    
    <Data Name="RuleName">-</Data>
    <Data Name="EventType">SetValue</Data>
    <Data Name="UtcTime">2024-06-11 13:43:43.945</Data>
    <Data Name="ProcessGuid">{039eecd9-83ee-6654-1c02-0000e55bb87f}</Data>
    <Data Name="ProcessId">4284</Data>
    <Data Name="Image">C:\Windows\explorer.exe</Data>
    <Data Name="TargetObject">HKU\S-1-5-21-3416918484-2318624181-2088882373-1001\Software\Microsoft\Windows\CurrentVersion\Explorer\UserAssist\{CEBFF5CD-ACE2-4F4F-9178-9926F41749EA}\Count\HRZR_EHACNGU:P:\Hfref\cnhy.virefba\NccQngn\Ebnzvat\Zvpebfbsg\Jvaqbjf\Fgneg Zrah\Cebtenzf\Grnzf.yax</Data>
    <Data Name="Details">00 00 00 00 3D 00 00 00 09 00 00 00 32 19 0C 00 00 00 00 00 00 00 00 00 00 00 00 00 00 00 00 00 00 00 00 00 00 00 00 00 00 00 00 00 00 00 00 00 00 00 00 00 00 00 00 00 00 00 00 00 80 6D AB FF 88 6B DA 01 00 00 00 00</Data>
    <Data Name="User">MERIDIANLEDGER\paul.iverson</Data>
    
  </EventData>
</Event>
<Event xmlns="http://schemas.microsoft.com/win/2004/08/events/event">
  <System>
    <Provider Name="Microsoft-Windows-Sysmon" Guid="{5770385f-c22a-43e0-bf4c-06f5698ffbd9}"/>
    <EventID>13</EventID>
    <Version>2</Version>
    <Level>4</Level>
    <Task>13</Task>
    <Opcode>0</Opcode>
    <Keywords>0x8000000000000000</Keywords>
    <TimeCreated SystemTime="2024-06-11T13:44:00.7399381Z"/>
    <EventRecordID>626490</EventRecordID>
    <Correlation/>
    <Execution ProcessID="1948" ThreadID="1812"/>
    <Channel>Microsoft-Windows-Sysmon/Operational</Channel>
    <Computer>WS-PIVERSON-01.meridianledger.local</Computer>
    <Security UserID="S-1-5-18"/>
  </System>
  <EventData>
    
    <Data Name="RuleName">-</Data>
    <Data Name="EventType">SetValue</Data>
    <Data Name="UtcTime">2024-06-11 13:44:00.737</Data>
    <Data Name="ProcessGuid">{039eecd9-83ee-6654-1c02-0000e55bb87f}</Data>
    <Data Name="ProcessId">4284</Data>
    <Data Name="Image">C:\Windows\explorer.exe</Data>
    <Data Name="TargetObject">HKU\S-1-5-21-3416918484-2318624181-2088882373-1001\Software\Microsoft\Windows\CurrentVersion\Explorer\Accent\AccentPalette</Data>
    <Data Name="Details">hex:83A23E27</Data>
    <Data Name="User">MERIDIANLEDGER\paul.iverson</Data>
    
  </EventData>
</Event>
<Event xmlns="http://schemas.microsoft.com/win/2004/08/events/event">
  <System>
    <Provider Name="Microsoft-Windows-Sysmon" Guid="{5770385f-c22a-43e0-bf4c-06f5698ffbd9}"/>
    <EventID>5</EventID>
    <Version>3</Version>
    <Level>4</Level>
    <Task>5</Task>
    <Opcode>0</Opcode>
    <Keywords>0x8000000000000000</Keywords>
    <TimeCreated SystemTime="2024-06-11T13:46:15.5482737Z"/>
    <EventRecordID>626492</EventRecordID>
    <Correlation/>
    <Execution ProcessID="1948" ThreadID="4936"/>
    <Channel>Microsoft-Windows-Sysmon/Operational</Channel>
    <Computer>WS-PIVERSON-01.meridianledger.local</Computer>
    <Security UserID="S-1-5-18"/>
  </System>
  <EventData>
    
    <Data Name="RuleName">-</Data>
    <Data Name="UtcTime">2024-06-11 13:46:15.547</Data>
    <Data Name="ProcessGuid">{039eecd9-3382-6668-2600-00101f357d88}</Data>
    <Data Name="ProcessId">4508</Data>
    <Data Name="Image">C:\Windows\System32\SearchProtocolHost.exe</Data>
    <Data Name="User">NT AUTHORITY\SYSTEM</Data>
    
  </EventData>
</Event>
<Event xmlns="http://schemas.microsoft.com/win/2004/08/events/event">
  <System>
    <Provider Name="Microsoft-Windows-Sysmon" Guid="{5770385f-c22a-43e0-bf4c-06f5698ffbd9}"/>
    <EventID>1</EventID>
    <Version>5</Version>
    <Level>4</Level>
    <Task>1</Task>
    <Opcode>0</Opcode>
    <Keywords>0x8000000000000000</Keywords>
    <TimeCreated SystemTime="2024-06-11T13:46:35.6461988Z"/>
    <EventRecordID>626493</EventRecordID>
    <Correlation/>
    <Execution ProcessID="1948" ThreadID="2516"/>
    <Channel>Microsoft-Windows-Sysmon/Operational</Channel>
    <Computer>WS-PIVERSON-01.meridianledger.local</Computer>
    <Security UserID="S-1-5-18"/>
  </System>
  <EventData>
    
    <Data Name="RuleName">-</Data>
    <Data Name="UtcTime">2024-06-11 13:46:35.644</Data>
    <Data Name="ProcessGuid">{039eecd9-553b-6668-d602-0010f825341e}</Data>
    <Data Name="ProcessId">4804</Data>
    <Data Name="Image">C:\Windows\System32\winlogon.exe</Data>
    <Data Name="FileVersion">-</Data>
    <Data Name="Description">-</Data>
    <Data Name="Product">-</Data>
    <Data Name="Company">-</Data>
    <Data Name="OriginalFileName">-</Data>
    <Data Name="CommandLine">winlogon.exe</Data>
    <Data Name="CurrentDirectory">C:\Windows\System32\</Data>
    <Data Name="User">NT AUTHORITY\SYSTEM</Data>
    <Data Name="LogonGuid">{00000000-0000-0000-0000-000000000000}</Data>
    <Data Name="LogonId">0x3e7</Data>
    <Data Name="TerminalSessionId">0</Data>
    <Data Name="IntegrityLevel">System</Data>
    <Data Name="Hashes">SHA1=9346FD5F83897428CBEEFE7541717E3A158E2B11,MD5=11A2E297BEA7B166F4A9D2C6BE5E2278,SHA256=6B0FA04BC5E8CE24A5DB36851D4A6CDBBB1030B9C471A3E4FC3BD613B85080E7,IMPHASH=57930F079A22768C8BF86A9C197BCDCF</Data>
    <Data Name="ParentProcessGuid">{039eecd9-83d0-6654-a600-000095036303}</Data>
    <Data Name="ParentProcessId">3884</Data>
    <Data Name="ParentImage">C:\Windows\System32\smss.exe</Data>
    <Data Name="ParentCommandLine">smss.exe</Data>
    <Data Name="ParentUser">NT AUTHORITY\SYSTEM</Data>
    
  </EventData>
</Event>
<Event xmlns="http://schemas.microsoft.com/win/2004/08/events/event">
  <System>
    <Provider Name="Microsoft-Windows-Sysmon" Guid="{5770385f-c22a-43e0-bf4c-06f5698ffbd9}"/>
    <EventID>1</EventID>
    <Version>5</Version>
    <Level>4</Level>
    <Task>1</Task>
    <Opcode>0</Opcode>
    <Keywords>0x8000000000000000</Keywords>
    <TimeCreated SystemTime="2024-06-11T13:46:37.1677389Z"/>
    <EventRecordID>626494</EventRecordID>
    <Correlation/>
    <Execution ProcessID="1948" ThreadID="2072"/>
    <Channel>Microsoft-Windows-Sysmon/Operational</Channel>
    <Computer>WS-PIVERSON-01.meridianledger.local</Computer>
    <Security UserID="S-1-5-18"/>
  </System>
  <EventData>
    
    <Data Name="RuleName">-</Data>
    <Data Name="UtcTime">2024-06-11 13:46:37.158</Data>
    <Data Name="ProcessGuid">{039eecd9-553d-6668-3300-00105ac7768f}</Data>
    <Data Name="ProcessId">4828</Data>
    <Data Name="Image">C:\Windows\System32\userinit.exe</Data>
    <Data Name="FileVersion">-</Data>
    <Data Name="Description">-</Data>
    <Data Name="Product">-</Data>
    <Data Name="Company">-</Data>
    <Data Name="OriginalFileName">-</Data>
    <Data Name="CommandLine">userinit.exe</Data>
    <Data Name="CurrentDirectory">C:\Windows\System32\</Data>
    <Data Name="User">MERIDIANLEDGER\paul.iverson</Data>
    <Data Name="LogonGuid">{00000000-0000-0000-0000-000000000000}</Data>
    <Data Name="LogonId">0xb61f5d2</Data>
    <Data Name="TerminalSessionId">3</Data>
    <Data Name="IntegrityLevel">Medium</Data>
    <Data Name="Hashes">SHA1=6A4714367CD4C105D4349C5F089354153BE58DD9,MD5=5A56268C48DE9F5E679EDCE87E08B276,SHA256=91665FC0325F4DE548C15AAFB5C01CD83C3A50136038AE6B7BB2DC31330399A9,IMPHASH=6B2B4605529C1A2D51ED6C8F0DFC02C4</Data>
    <Data Name="ParentProcessGuid">{039eecd9-553b-6668-d602-0010f825341e}</Data>
    <Data Name="ParentProcessId">4804</Data>
    <Data Name="ParentImage">C:\Windows\System32\winlogon.exe</Data>
    <Data Name="ParentCommandLine">winlogon.exe</Data>
    <Data Name="ParentUser">NT AUTHORITY\SYSTEM</Data>
    
  </EventData>
</Event>
<Event xmlns="http://schemas.microsoft.com/win/2004/08/events/event">
  <System>
    <Provider Name="Microsoft-Windows-Sysmon" Guid="{5770385f-c22a-43e0-bf4c-06f5698ffbd9}"/>
    <EventID>1</EventID>
    <Version>5</Version>
    <Level>4</Level>
    <Task>1</Task>
    <Opcode>0</Opcode>
    <Keywords>0x8000000000000000</Keywords>
    <TimeCreated SystemTime="2024-06-11T13:46:37.4720107Z"/>
    <EventRecordID>626495</EventRecordID>
    <Correlation/>
    <Execution ProcessID="1948" ThreadID="2072"/>
    <Channel>Microsoft-Windows-Sysmon/Operational</Channel>
    <Computer>WS-PIVERSON-01.meridianledger.local</Computer>
    <Security UserID="S-1-5-18"/>
  </System>
  <EventData>
    
    <Data Name="RuleName">-</Data>
    <Data Name="UtcTime">2024-06-11 13:46:37.471</Data>
    <Data Name="ProcessGuid">{039eecd9-553d-6668-3102-00000559e5c2}</Data>
    <Data Name="ProcessId">4876</Data>
    <Data Name="Image">C:\Windows\explorer.exe</Data>
    <Data Name="FileVersion">10.0.22621.1</Data>
    <Data Name="Description">Windows Explorer</Data>
    <Data Name="Product">Microsoft Windows Operating System</Data>
    <Data Name="Company">Microsoft Corporation</Data>
    <Data Name="OriginalFileName">EXPLORER.EXE</Data>
    <Data Name="CommandLine">explorer.exe</Data>
    <Data Name="CurrentDirectory">C:\Windows\</Data>
    <Data Name="User">MERIDIANLEDGER\paul.iverson</Data>
    <Data Name="LogonGuid">{00000000-0000-0000-0000-000000000000}</Data>
    <Data Name="LogonId">0xb61f5d2</Data>
    <Data Name="TerminalSessionId">3</Data>
    <Data Name="IntegrityLevel">Medium</Data>
    <Data Name="Hashes">SHA1=3922E3757754CF8848DAFCB0E35BD21FC056C472,MD5=F01FD4C9C159B0E18F9FE7FA4FDC181A,SHA256=8C469B1EB65ED2CFD03B604DDEF39743BB03724423FB1FD944E29D590B369B3B,IMPHASH=A863B5AAD4A2056679EBC19C74B829AE</Data>
    <Data Name="ParentProcessGuid">{039eecd9-553d-6668-3300-00105ac7768f}</Data>
    <Data Name="ParentProcessId">4828</Data>
    <Data Name="ParentImage">C:\Windows\System32\userinit.exe</Data>
    <Data Name="ParentCommandLine">userinit.exe</Data>
    <Data Name="ParentUser">MERIDIANLEDGER\paul.iverson</Data>
    
  </EventData>
</Event>
<Event xmlns="http://schemas.microsoft.com/win/2004/08/events/event">
  <System>
    <Provider Name="Microsoft-Windows-Sysmon" Guid="{5770385f-c22a-43e0-bf4c-06f5698ffbd9}"/>
    <EventID>5</EventID>
    <Version>3</Version>
    <Level>4</Level>
    <Task>5</Task>
    <Opcode>0</Opcode>
    <Keywords>0x8000000000000000</Keywords>
    <TimeCreated SystemTime="2024-06-11T13:46:39.2757522Z"/>
    <EventRecordID>626496</EventRecordID>
    <Correlation/>
    <Execution ProcessID="1948" ThreadID="2516"/>
    <Channel>Microsoft-Windows-Sysmon/Operational</Channel>
    <Computer>WS-PIVERSON-01.meridianledger.local</Computer>
    <Security UserID="S-1-5-18"/>
  </System>
  <EventData>
    
    <Data Name="RuleName">-</Data>
    <Data Name="UtcTime">2024-06-11 13:46:39.274</Data>
    <Data Name="ProcessGuid">{039eecd9-553d-6668-3300-00105ac7768f}</Data>
    <Data Name="ProcessId">4828</Data>
    <Data Name="Image">C:\Windows\System32\userinit.exe</Data>
    <Data Name="User">MERIDIANLEDGER\paul.iverson</Data>
    
  </EventData>
</Event>
<Event xmlns="http://schemas.microsoft.com/win/2004/08/events/event">
  <System>
    <Provider Name="Microsoft-Windows-Sysmon" Guid="{5770385f-c22a-43e0-bf4c-06f5698ffbd9}"/>
    <EventID>1</EventID>
    <Version>5</Version>
    <Level>4</Level>
    <Task>1</Task>
    <Opcode>0</Opcode>
    <Keywords>0x8000000000000000</Keywords>
    <TimeCreated SystemTime="2024-06-11T13:46:59.5159075Z"/>
    <EventRecordID>626497</EventRecordID>
    <Correlation/>
    <Execution ProcessID="1948" ThreadID="3224"/>
    <Channel>Microsoft-Windows-Sysmon/Operational</Channel>
    <Computer>WS-PIVERSON-01.meridianledger.local</Computer>
    <Security UserID="S-1-5-18"/>
  </System>
  <EventData>
    
    <Data Name="RuleName">-</Data>
    <Data Name="UtcTime">2024-06-11 13:46:59.515</Data>
    <Data Name="ProcessGuid">{039eecd9-5553-6668-5b00-0000bb9d2f53}</Data>
    <Data Name="ProcessId">5048</Data>
    <Data Name="Image">C:\Windows\System32\svchost.exe</Data>
    <Data Name="FileVersion">10.0.22621.1</Data>
    <Data Name="Description">Host Process for Windows Services</Data>
    <Data Name="Product">Microsoft Windows Operating System</Data>
    <Data Name="Company">Microsoft Corporation</Data>
    <Data Name="OriginalFileName">svchost.exe</Data>
    <Data Name="CommandLine">svchost.exe -k netsvcs -p -s wuauserv</Data>
    <Data Name="CurrentDirectory">C:\Windows\System32\</Data>
    <Data Name="User">NT AUTHORITY\SYSTEM</Data>
    <Data Name="LogonGuid">{00000000-0000-0000-0000-000000000000}</Data>
    <Data Name="LogonId">0x3e7</Data>
    <Data Name="TerminalSessionId">0</Data>
    <Data Name="IntegrityLevel">System</Data>
    <Data Name="Hashes">SHA1=368D2441944693B0CBA629E5ADBC34A8407C40C3,MD5=8CF7DD20664F50F77B71A622747C3D66,SHA256=139556DF0A11AAA4D60AE41B55524114829D5C419E8E043A1F46FC360C93693A,IMPHASH=FC6BB923636A32BB4D62A5991B95FB0D</Data>
    <Data Name="ParentProcessGuid">{039eecd9-83d3-6654-6202-0000b4d46780}</Data>
    <Data Name="ParentProcessId">3940</Data>
    <Data Name="ParentImage">C:\Windows\System32\services.exe</Data>
    <Data Name="ParentCommandLine">services.exe</Data>
    <Data Name="ParentUser">NT AUTHORITY\SYSTEM</Data>
    
  </EventData>
</Event>
<Event xmlns="http://schemas.microsoft.com/win/2004/08/events/event">
  <System>
    <Provider Name="Microsoft-Windows-Sysmon" Guid="{5770385f-c22a-43e0-bf4c-06f5698ffbd9}"/>
    <EventID>10</EventID>
    <Version>3</Version>
    <Level>4</Level>
    <Task>10</Task>
    <Opcode>0</Opcode>
    <Keywords>0x8000000000000000</Keywords>
    <TimeCreated SystemTime="2024-06-11T13:47:36.8326050Z"/>
    <EventRecordID>626498</EventRecordID>
    <Correlation/>
    <Execution ProcessID="1948" ThreadID="1812"/>
    <Channel>Microsoft-Windows-Sysmon/Operational</Channel>
    <Computer>WS-PIVERSON-01.meridianledger.local</Computer>
    <Security UserID="S-1-5-18"/>
  </System>
  <EventData>
    
    <Data Name="RuleName">-</Data>
    <Data Name="UtcTime">2024-06-11 13:47:36.832</Data>
    <Data Name="SourceProcessGUID">{039eecd9-83e0-6654-9100-0000bc696b3c}</Data>
    <Data Name="SourceProcessId">4064</Data>
    <Data Name="SourceThreadId">15300</Data>
    <Data Name="SourceImage">C:\Windows\System32\SearchIndexer.exe</Data>
    <Data Name="TargetProcessGUID">{039eecd9-83e4-6654-6700-000078e44010}</Data>
    <Data Name="TargetProcessId">4176</Data>
    <Data Name="TargetImage">C:\Windows\System32\SearchProtocolHost.exe</Data>
    <Data Name="GrantedAccess">0x0400</Data>
    <Data Name="CallTrace">C:\Windows\SYSTEM32\ntdll.dll+9C0C4|C:\Windows\SYSTEM32\KERNELBASE.dll+2EFD5|C:\Windows\SYSTEM32\wbemcomn.dll+1752B</Data>
    <Data Name="SourceUser">NT AUTHORITY\SYSTEM</Data>
    <Data Name="TargetUser">NT AUTHORITY\SYSTEM</Data>
    
  </EventData>
</Event>
<Event xmlns="http://schemas.microsoft.com/win/2004/08/events/event">
  <System>
    <Provider Name="Microsoft-Windows-Sysmon" Guid="{5770385f-c22a-43e0-bf4c-06f5698ffbd9}"/>
    <EventID>22</EventID>
    <Version>5</Version>
    <Level>4</Level>
    <Task>22</Task>
    <Opcode>0</Opcode>
    <Keywords>0x8000000000000000</Keywords>
    <TimeCreated SystemTime="2024-06-11T13:47:59.2673285Z"/>
    <EventRecordID>626499</EventRecordID>
    <Correlation/>
    <Execution ProcessID="1948" ThreadID="2516"/>
    <Channel>Microsoft-Windows-Sysmon/Operational</Channel>
    <Computer>WS-PIVERSON-01.meridianledger.local</Computer>
    <Security UserID="S-1-5-18"/>
  </System>
  <EventData>
    
    <Data Name="RuleName">-</Data>
    <Data Name="UtcTime">2024-06-11 13:47:59.265</Data>
    <Data Name="ProcessGuid">{039eecd9-83d7-6654-d702-00102abb7c2c}</Data>
    <Data Name="ProcessId">4004</Data>
    <Data Name="QueryName">www.office.com</Data>
    <Data Name="QueryStatus">0</Data>
    <Data Name="QueryResults">13.107.42.15;13.107.42.14;</Data>
    <Data Name="Image">C:\Windows\System32\svchost.exe</Data>
    <Data Name="User">NT AUTHORITY\NETWORK SERVICE</Data>
    
  </EventData>
</Event>
<Event xmlns="http://schemas.microsoft.com/win/2004/08/events/event">
  <System>
    <Provider Name="Microsoft-Windows-Sysmon" Guid="{5770385f-c22a-43e0-bf4c-06f5698ffbd9}"/>
    <EventID>22</EventID>
    <Version>5</Version>
    <Level>4</Level>
    <Task>22</Task>
    <Opcode>0</Opcode>
    <Keywords>0x8000000000000000</Keywords>
    <TimeCreated SystemTime="2024-06-11T13:48:17.0236200Z"/>
    <EventRecordID>626500</EventRecordID>
    <Correlation/>
    <Execution ProcessID="1948" ThreadID="2516"/>
    <Channel>Microsoft-Windows-Sysmon/Operational</Channel>
    <Computer>WS-PIVERSON-01.meridianledger.local</Computer>
    <Security UserID="S-1-5-18"/>
  </System>
  <EventData>
    
    <Data Name="RuleName">-</Data>
    <Data Name="UtcTime">2024-06-11 13:48:17.022</Data>
    <Data Name="ProcessGuid">{039eecd9-83d7-6654-d702-00102abb7c2c}</Data>
    <Data Name="ProcessId">4004</Data>
    <Data Name="QueryName">www.office.com</Data>
    <Data Name="QueryStatus">0</Data>
    <Data Name="QueryResults">13.107.42.15;13.107.42.14;</Data>
    <Data Name="Image">C:\Windows\System32\svchost.exe</Data>
    <Data Name="User">NT AUTHORITY\NETWORK SERVICE</Data>
    
  </EventData>
</Event>
<Event xmlns="http://schemas.microsoft.com/win/2004/08/events/event">
  <System>
    <Provider Name="Microsoft-Windows-Sysmon" Guid="{5770385f-c22a-43e0-bf4c-06f5698ffbd9}"/>
    <EventID>22</EventID>
    <Version>5</Version>
    <Level>4</Level>
    <Task>22</Task>
    <Opcode>0</Opcode>
    <Keywords>0x8000000000000000</Keywords>
    <TimeCreated SystemTime="2024-06-11T13:48:17.4309678Z"/>
    <EventRecordID>626501</EventRecordID>
    <Correlation/>
    <Execution ProcessID="1948" ThreadID="1812"/>
    <Channel>Microsoft-Windows-Sysmon/Operational</Channel>
    <Computer>WS-PIVERSON-01.meridianledger.local</Computer>
    <Security UserID="S-1-5-18"/>
  </System>
  <EventData>
    
    <Data Name="RuleName">-</Data>
    <Data Name="UtcTime">2024-06-11 13:48:17.429</Data>
    <Data Name="ProcessGuid">{039eecd9-83d7-6654-d702-00102abb7c2c}</Data>
    <Data Name="ProcessId">4004</Data>
    <Data Name="QueryName">15.42.107.13.in-addr.arpa</Data>
    <Data Name="QueryStatus">0</Data>
    <Data Name="QueryResults">msnbot-13-107-42-15.search.msn.com;</Data>
    <Data Name="Image">C:\Windows\System32\svchost.exe</Data>
    <Data Name="User">NT AUTHORITY\NETWORK SERVICE</Data>
    
  </EventData>
</Event>
<Event xmlns="http://schemas.microsoft.com/win/2004/08/events/event">
  <System>
    <Provider Name="Microsoft-Windows-Sysmon" Guid="{5770385f-c22a-43e0-bf4c-06f5698ffbd9}"/>
    <EventID>1</EventID>
    <Version>5</Version>
    <Level>4</Level>
    <Task>1</Task>
    <Opcode>0</Opcode>
    <Keywords>0x8000000000000000</Keywords>
    <TimeCreated SystemTime="2024-06-11T13:48:24.5009120Z"/>
    <EventRecordID>626502</EventRecordID>
    <Correlation/>
    <Execution ProcessID="1948" ThreadID="2516"/>
    <Channel>Microsoft-Windows-Sysmon/Operational</Channel>
    <Computer>WS-PIVERSON-01.meridianledger.local</Computer>
    <Security UserID="S-1-5-18"/>
  </System>
  <EventData>
    
    <Data Name="RuleName">-</Data>
    <Data Name="UtcTime">2024-06-11 13:48:24.500</Data>
    <Data Name="ProcessGuid">{039eecd9-55a8-6668-8c00-0010575e1234}</Data>
    <Data Name="ProcessId">4984</Data>
    <Data Name="Image">C:\Program Files (x86)\Google\Update\GoogleUpdater.exe</Data>
    <Data Name="FileVersion">-</Data>
    <Data Name="Description">-</Data>
    <Data Name="Product">-</Data>
    <Data Name="Company">-</Data>
    <Data Name="OriginalFileName">-</Data>
    <Data Name="CommandLine">GoogleUpdater.exe -Embedding</Data>
    <Data Name="CurrentDirectory">C:\Windows\System32\</Data>
    <Data Name="User">NT AUTHORITY\SYSTEM</Data>
    <Data Name="LogonGuid">{00000000-0000-0000-0000-000000000000}</Data>
    <Data Name="LogonId">0x3e7</Data>
    <Data Name="TerminalSessionId">0</Data>
    <Data Name="IntegrityLevel">System</Data>
    <Data Name="Hashes">SHA1=24AF88C7C0D70B182A7348C2DAF4F251A90A132E,MD5=2513FBBCCCB4592862E55F73BAAF7A59,SHA256=F616F8B514853E182CDEEC6D1CE4D81C08452FD3172CA216FA75E894DFF25663,IMPHASH=AAD04978F326086CD7E71FF70766AFC0</Data>
    <Data Name="ParentProcessGuid">{039eecd9-83d3-6654-6202-0000b4d46780}</Data>
    <Data Name="ParentProcessId">3940</Data>
    <Data Name="ParentImage">C:\Windows\System32\services.exe</Data>
    <Data Name="ParentCommandLine">services.exe</Data>
    <Data Name="ParentUser">NT AUTHORITY\SYSTEM</Data>
    
  </EventData>
</Event>
<Event xmlns="http://schemas.microsoft.com/win/2004/08/events/event">
  <System>
    <Provider Name="Microsoft-Windows-Sysmon" Guid="{5770385f-c22a-43e0-bf4c-06f5698ffbd9}"/>
    <EventID>1</EventID>
    <Version>5</Version>
    <Level>4</Level>
    <Task>1</Task>
    <Opcode>0</Opcode>
    <Keywords>0x8000000000000000</Keywords>
    <TimeCreated SystemTime="2024-06-11T13:48:34.9677254Z"/>
    <EventRecordID>626503</EventRecordID>
    <Correlation/>
    <Execution ProcessID="1948" ThreadID="2072"/>
    <Channel>Microsoft-Windows-Sysmon/Operational</Channel>
    <Computer>WS-PIVERSON-01.meridianledger.local</Computer>
    <Security UserID="S-1-5-18"/>
  </System>
  <EventData>
    
    <Data Name="RuleName">-</Data>
    <Data Name="UtcTime">2024-06-11 13:48:34.967</Data>
    <Data Name="ProcessGuid">{039eecd9-55b2-6668-ac02-0010d8fbc5cf}</Data>
    <Data Name="ProcessId">4900</Data>
    <Data Name="Image">C:\Program Files\Mozilla Firefox\firefox.exe</Data>
    <Data Name="FileVersion">121.0</Data>
    <Data Name="Description">Firefox</Data>
    <Data Name="Product">Firefox</Data>
    <Data Name="Company">Mozilla Corporation</Data>
    <Data Name="OriginalFileName">firefox.exe</Data>
    <Data Name="CommandLine">"C:\Program Files\Mozilla Firefox\firefox.exe" -osint -url https://www.office.com/</Data>
    <Data Name="CurrentDirectory">C:\Users\paul.iverson\</Data>
    <Data Name="User">MERIDIANLEDGER\paul.iverson</Data>
    <Data Name="LogonGuid">{00000000-0000-0000-0000-000000000000}</Data>
    <Data Name="LogonId">0xb61f5d2</Data>
    <Data Name="TerminalSessionId">3</Data>
    <Data Name="IntegrityLevel">Medium</Data>
    <Data Name="Hashes">SHA1=F78FCDDC7632E6DF6029270507A60E5B4B21951B,MD5=D39A8CE39BB9BC76CDDD45A1DFA17AC9,SHA256=3E053567474CF448D7BBECF77E8545347CA13D74BAEAE80C1874AD8141688016,IMPHASH=4CE80C2CC143420306DE2C6EF18B7974</Data>
    <Data Name="ParentProcessGuid">{039eecd9-553d-6668-3102-00000559e5c2}</Data>
    <Data Name="ParentProcessId">4876</Data>
    <Data Name="ParentImage">C:\Windows\explorer.exe</Data>
    <Data Name="ParentCommandLine">explorer.exe</Data>
    <Data Name="ParentUser">MERIDIANLEDGER\paul.iverson</Data>
    
  </EventData>
</Event>
<Event xmlns="http://schemas.microsoft.com/win/2004/08/events/event">
  <System>
    <Provider Name="Microsoft-Windows-Sysmon" Guid="{5770385f-c22a-43e0-bf4c-06f5698ffbd9}"/>
    <EventID>7</EventID>
    <Version>3</Version>
    <Level>4</Level>
    <Task>7</Task>
    <Opcode>0</Opcode>
    <Keywords>0x8000000000000000</Keywords>
    <TimeCreated SystemTime="2024-06-11T13:48:35.1199081Z"/>
    <EventRecordID>626504</EventRecordID>
    <Correlation/>
    <Execution ProcessID="1948" ThreadID="2516"/>
    <Channel>Microsoft-Windows-Sysmon/Operational</Channel>
    <Computer>WS-PIVERSON-01.meridianledger.local</Computer>
    <Security UserID="S-1-5-18"/>
  </System>
  <EventData>
    
    <Data Name="RuleName">-</Data>
    <Data Name="UtcTime">2024-06-11 13:48:35.119</Data>
    <Data Name="ProcessGuid">{039eecd9-55b2-6668-ac02-0010d8fbc5cf}</Data>
    <Data Name="ProcessId">4900</Data>
    <Data Name="Image">C:\Program Files\Mozilla Firefox\firefox.exe</Data>
    <Data Name="ImageLoaded">C:\Program Files\Mozilla Firefox\mozglue.dll</Data>
    <Data Name="FileVersion">121.0</Data>
    <Data Name="Description">Mozilla Glue Library</Data>
    <Data Name="Product">Firefox</Data>
    <Data Name="Company">Mozilla Corporation</Data>
    <Data Name="OriginalFileName">mozglue.dll</Data>
    <Data Name="Hashes">SHA1=6B9BBA651A0CBD1C8A89D7127D8C873561490666,MD5=C604BED279AA5351FE6810111EDA0A21,SHA256=C35A2A972F11FBBC2C567B6F776B9C78623BCAB97A23367C5A00CE5499A8B106,IMPHASH=0AAAEE36CD7929C388E742028EACD105</Data>
    <Data Name="Signed">true</Data>
    <Data Name="Signature">Mozilla Corporation</Data>
    <Data Name="SignatureStatus">Valid</Data>
    <Data Name="User">MERIDIANLEDGER\paul.iverson</Data>
    
  </EventData>
</Event>
<Event xmlns="http://schemas.microsoft.com/win/2004/08/events/event">
  <System>
    <Provider Name="Microsoft-Windows-Sysmon" Guid="{5770385f-c22a-43e0-bf4c-06f5698ffbd9}"/>
    <EventID>7</EventID>
    <Version>3</Version>
    <Level>4</Level>
    <Task>7</Task>
    <Opcode>0</Opcode>
    <Keywords>0x8000000000000000</Keywords>
    <TimeCreated SystemTime="2024-06-11T13:48:35.1351132Z"/>
    <EventRecordID>626505</EventRecordID>
    <Correlation/>
    <Execution ProcessID="1948" ThreadID="2516"/>
    <Channel>Microsoft-Windows-Sysmon/Operational</Channel>
    <Computer>WS-PIVERSON-01.meridianledger.local</Computer>
    <Security UserID="S-1-5-18"/>
  </System>
  <EventData>
    
    <Data Name="RuleName">-</Data>
    <Data Name="UtcTime">2024-06-11 13:48:35.132</Data>
    <Data Name="ProcessGuid">{039eecd9-55b2-6668-ac02-0010d8fbc5cf}</Data>
    <Data Name="ProcessId">4900</Data>
    <Data Name="Image">C:\Program Files\Mozilla Firefox\firefox.exe</Data>
    <Data Name="ImageLoaded">C:\Program Files\Mozilla Firefox\nss3.dll</Data>
    <Data Name="FileVersion">121.0</Data>
    <Data Name="Description">Network Security Services</Data>
    <Data Name="Product">Firefox</Data>
    <Data Name="Company">Mozilla Corporation</Data>
    <Data Name="OriginalFileName">nss3.dll</Data>
    <Data Name="Hashes">SHA1=E6FCB2E18D1EDB2960AEEEDC771D31C757ED314A,MD5=B48DFF602DD3068E71014297E34C5DE0,SHA256=3F2C8EACE2F1D61DE9D7D4CBA8161C4C692667AF8F42190DF7719B28F4DD325F,IMPHASH=9ACDE9A71BFFEDFEB8CBD53782FB014D</Data>
    <Data Name="Signed">true</Data>
    <Data Name="Signature">Mozilla Corporation</Data>
    <Data Name="SignatureStatus">Valid</Data>
    <Data Name="User">MERIDIANLEDGER\paul.iverson</Data>
    
  </EventData>
</Event>
<Event xmlns="http://schemas.microsoft.com/win/2004/08/events/event">
  <System>
    <Provider Name="Microsoft-Windows-Sysmon" Guid="{5770385f-c22a-43e0-bf4c-06f5698ffbd9}"/>
    <EventID>7</EventID>
    <Version>3</Version>
    <Level>4</Level>
    <Task>7</Task>
    <Opcode>0</Opcode>
    <Keywords>0x8000000000000000</Keywords>
    <TimeCreated SystemTime="2024-06-11T13:48:35.1574641Z"/>
    <EventRecordID>626506</EventRecordID>
    <Correlation/>
    <Execution ProcessID="1948" ThreadID="2072"/>
    <Channel>Microsoft-Windows-Sysmon/Operational</Channel>
    <Computer>WS-PIVERSON-01.meridianledger.local</Computer>
    <Security UserID="S-1-5-18"/>
  </System>
  <EventData>
    
    <Data Name="RuleName">-</Data>
    <Data Name="UtcTime">2024-06-11 13:48:35.157</Data>
    <Data Name="ProcessGuid">{039eecd9-55b2-6668-ac02-0010d8fbc5cf}</Data>
    <Data Name="ProcessId">4900</Data>
    <Data Name="Image">C:\Program Files\Mozilla Firefox\firefox.exe</Data>
    <Data Name="ImageLoaded">C:\Program Files\Mozilla Firefox\lgpllibs.dll</Data>
    <Data Name="FileVersion">121.0</Data>
    <Data Name="Description">Mozilla LGPL Libraries</Data>
    <Data Name="Product">Firefox</Data>
    <Data Name="Company">Mozilla Corporation</Data>
    <Data Name="OriginalFileName">lgpllibs.dll</Data>
    <Data Name="Hashes">SHA1=0562DF3F693A93DBDE68290D3D13AAF1631406DE,MD5=870071B76F2AF80A9EB1EDFA262835C8,SHA256=A53F49429E7A2C31C081889BB6FC3BBDA1D19BBCDB698DAB8379941160E66DAC,IMPHASH=59B26FEFF5529EF6E6280222CD78C62B</Data>
    <Data Name="Signed">true</Data>
    <Data Name="Signature">Mozilla Corporation</Data>
    <Data Name="SignatureStatus">Valid</Data>
    <Data Name="User">MERIDIANLEDGER\paul.iverson</Data>
    
  </EventData>
</Event>
<Event xmlns="http://schemas.microsoft.com/win/2004/08/events/event">
  <System>
    <Provider Name="Microsoft-Windows-Sysmon" Guid="{5770385f-c22a-43e0-bf4c-06f5698ffbd9}"/>
    <EventID>1</EventID>
    <Version>5</Version>
    <Level>4</Level>
    <Task>1</Task>
    <Opcode>0</Opcode>
    <Keywords>0x8000000000000000</Keywords>
    <TimeCreated SystemTime="2024-06-11T13:48:38.9384078Z"/>
    <EventRecordID>626507</EventRecordID>
    <Correlation/>
    <Execution ProcessID="1948" ThreadID="2516"/>
    <Channel>Microsoft-Windows-Sysmon/Operational</Channel>
    <Computer>WS-PIVERSON-01.meridianledger.local</Computer>
    <Security UserID="S-1-5-18"/>
  </System>
  <EventData>
    
    <Data Name="RuleName">-</Data>
    <Data Name="UtcTime">2024-06-11 13:48:38.929</Data>
    <Data Name="ProcessGuid">{039eecd9-55b6-6668-3300-0000c4594213}</Data>
    <Data Name="ProcessId">4892</Data>
    <Data Name="Image">C:\Program Files\Google\Drive File Stream\97.0.1.0\GoogleDriveFS.exe</Data>
    <Data Name="FileVersion">97.0.1.0</Data>
    <Data Name="Description">Google Drive</Data>
    <Data Name="Product">Google Drive</Data>
    <Data Name="Company">Google LLC</Data>
    <Data Name="OriginalFileName">GoogleDriveFS.exe</Data>
    <Data Name="CommandLine">"C:\Program Files\Google\Drive File Stream\97.0.1.0\GoogleDriveFS.exe" --user-data-dir="C:\Users\paul.iverson\AppData\Local\Google\DriveFS"</Data>
    <Data Name="CurrentDirectory">C:\Program Files\Google\Drive File Stream\97.0.1.0\</Data>
    <Data Name="User">MERIDIANLEDGER\paul.iverson</Data>
    <Data Name="LogonGuid">{00000000-0000-0000-0000-000000000000}</Data>
    <Data Name="LogonId">0xb61f5d2</Data>
    <Data Name="TerminalSessionId">3</Data>
    <Data Name="IntegrityLevel">Medium</Data>
    <Data Name="Hashes">SHA1=25ACC8C0AA0987C02764208149947F03A032DF22,MD5=FCCE097CCD27ABF25F91D0CCD2603A08,SHA256=44DC1566428242FDC5F84E82ED27651F5242B7A11D5F6599A104F0FB95156143,IMPHASH=9DF0929D6C9E6A62EF4B968739EA1F78</Data>
    <Data Name="ParentProcessGuid">{039eecd9-553d-6668-3102-00000559e5c2}</Data>
    <Data Name="ParentProcessId">4876</Data>
    <Data Name="ParentImage">C:\Windows\explorer.exe</Data>
    <Data Name="ParentCommandLine">explorer.exe</Data>
    <Data Name="ParentUser">MERIDIANLEDGER\paul.iverson</Data>
    
  </EventData>
</Event>
<Event xmlns="http://schemas.microsoft.com/win/2004/08/events/event">
  <System>
    <Provider Name="Microsoft-Windows-Sysmon" Guid="{5770385f-c22a-43e0-bf4c-06f5698ffbd9}"/>
    <EventID>22</EventID>
    <Version>5</Version>
    <Level>4</Level>
    <Task>22</Task>
    <Opcode>0</Opcode>
    <Keywords>0x8000000000000000</Keywords>
    <TimeCreated SystemTime="2024-06-11T13:48:39.3265655Z"/>
    <EventRecordID>626508</EventRecordID>
    <Correlation/>
    <Execution ProcessID="1948" ThreadID="2072"/>
    <Channel>Microsoft-Windows-Sysmon/Operational</Channel>
    <Computer>WS-PIVERSON-01.meridianledger.local</Computer>
    <Security UserID="S-1-5-18"/>
  </System>
  <EventData>
    
    <Data Name="RuleName">-</Data>
    <Data Name="UtcTime">2024-06-11 13:48:39.325</Data>
    <Data Name="ProcessGuid">{039eecd9-83d8-6654-7c00-00009ad5a615}</Data>
    <Data Name="ProcessId">4024</Data>
    <Data Name="QueryName">www.office.com</Data>
    <Data Name="QueryStatus">0</Data>
    <Data Name="QueryResults">2620:1ec:46::40;</Data>
    <Data Name="Image">C:\Windows\System32\svchost.exe</Data>
    <Data Name="User">NT AUTHORITY\LOCAL SERVICE</Data>
    
  </EventData>
</Event>
