<Event xmlns="http://schemas.microsoft.com/win/2004/08/events/event">
  <System>
    <Provider Name="Microsoft-Windows-Sysmon" Guid="{5770385f-c22a-43e0-bf4c-06f5698ffbd9}"/>
    <EventID>22</EventID>
    <Version>5</Version>
    <Level>4</Level>
    <Task>22</Task>
    <Opcode>0</Opcode>
    <Keywords>0x8000000000000000</Keywords>
    <TimeCreated SystemTime="2024-06-11T14:50:11.1513820Z"/>
    <EventRecordID>561918</EventRecordID>
    <Correlation/>
    <Execution ProcessID="1820" ThreadID="2788"/>
    <Channel>Microsoft-Windows-Sysmon/Operational</Channel>
    <Computer>WS-ROKAFOR-01.meridianledger.local</Computer>
    <Security UserID="S-1-5-18"/>
  </System>
  <EventData>
    
    <Data Name="RuleName">-</Data>
    <Data Name="UtcTime">2024-06-11 14:50:11.150</Data>
    <Data Name="ProcessGuid">{d9db6bb6-1b5e-665b-b300-0010238d69af}</Data>
    <Data Name="ProcessId">4412</Data>
    <Data Name="QueryName">46.80.250.142.in-addr.arpa</Data>
    <Data Name="QueryStatus">0</Data>
    <Data Name="QueryResults">mx.google.com;</Data>
    <Data Name="Image">C:\Windows\System32\svchost.exe</Data>
    <Data Name="User">NT AUTHORITY\NETWORK SERVICE</Data>
    
  </EventData>
</Event>
<Event xmlns="http://schemas.microsoft.com/win/2004/08/events/event">
  <System>
    <Provider Name="Microsoft-Windows-Sysmon" Guid="{5770385f-c22a-43e0-bf4c-06f5698ffbd9}"/>
    <EventID>22</EventID>
    <Version>5</Version>
    <Level>4</Level>
    <Task>22</Task>
    <Opcode>0</Opcode>
    <Keywords>0x8000000000000000</Keywords>
    <TimeCreated SystemTime="2024-06-11T14:50:11.5730056Z"/>
    <EventRecordID>561919</EventRecordID>
    <Correlation/>
    <Execution ProcessID="1820" ThreadID="4204"/>
    <Channel>Microsoft-Windows-Sysmon/Operational</Channel>
    <Computer>WS-ROKAFOR-01.meridianledger.local</Computer>
    <Security UserID="S-1-5-18"/>
  </System>
  <EventData>
    
    <Data Name="RuleName">-</Data>
    <Data Name="UtcTime">2024-06-11 14:50:11.571</Data>
    <Data Name="ProcessGuid">{d9db6bb6-1b5e-665b-b300-0010238d69af}</Data>
    <Data Name="ProcessId">4412</Data>
    <Data Name="QueryName">calendar.google.com</Data>
    <Data Name="QueryStatus">0</Data>
    <Data Name="QueryResults">142.250.80.46;142.250.191.46;</Data>
    <Data Name="Image">C:\Windows\System32\svchost.exe</Data>
    <Data Name="User">NT AUTHORITY\NETWORK SERVICE</Data>
    
  </EventData>
</Event>
<Event xmlns="http://schemas.microsoft.com/win/2004/08/events/event">
  <System>
    <Provider Name="Microsoft-Windows-Sysmon" Guid="{5770385f-c22a-43e0-bf4c-06f5698ffbd9}"/>
    <EventID>22</EventID>
    <Version>5</Version>
    <Level>4</Level>
    <Task>22</Task>
    <Opcode>0</Opcode>
    <Keywords>0x8000000000000000</Keywords>
    <TimeCreated SystemTime="2024-06-11T14:50:35.3989441Z"/>
    <EventRecordID>561920</EventRecordID>
    <Correlation/>
    <Execution ProcessID="1820" ThreadID="3252"/>
    <Channel>Microsoft-Windows-Sysmon/Operational</Channel>
    <Computer>WS-ROKAFOR-01.meridianledger.local</Computer>
    <Security UserID="S-1-5-18"/>
  </System>
  <EventData>
    
    <Data Name="RuleName">-</Data>
    <Data Name="UtcTime">2024-06-11 14:50:35.394</Data>
    <Data Name="ProcessGuid">{d9db6bb6-1b5e-665b-b300-0010238d69af}</Data>
    <Data Name="ProcessId">4412</Data>
    <Data Name="QueryName">snapcraft.io</Data>
    <Data Name="QueryStatus">0</Data>
    <Data Name="QueryResults">185.125.190.39;</Data>
    <Data Name="Image">C:\Windows\System32\svchost.exe</Data>
    <Data Name="User">NT AUTHORITY\NETWORK SERVICE</Data>
    
  </EventData>
</Event>
<Event xmlns="http://schemas.microsoft.com/win/2004/08/events/event">
  <System>
    <Provider Name="Microsoft-Windows-Sysmon" Guid="{5770385f-c22a-43e0-bf4c-06f5698ffbd9}"/>
    <EventID>13</EventID>
    <Version>2</Version>
    <Level>4</Level>
    <Task>13</Task>
    <Opcode>0</Opcode>
    <Keywords>0x8000000000000000</Keywords>
    <TimeCreated SystemTime="2024-06-11T14:50:44.7660882Z"/>
    <EventRecordID>561921</EventRecordID>
    <Correlation/>
    <Execution ProcessID="1820" ThreadID="3252"/>
    <Channel>Microsoft-Windows-Sysmon/Operational</Channel>
    <Computer>WS-ROKAFOR-01.meridianledger.local</Computer>
    <Security UserID="S-1-5-18"/>
  </System>
  <EventData>
    
    <Data Name="RuleName">-</Data>
    <Data Name="EventType">SetValue</Data>
    <Data Name="UtcTime">2024-06-11 14:50:44.765</Data>
    <Data Name="ProcessGuid">{d9db6bb6-1b75-665b-5200-0000aebd4585}</Data>
    <Data Name="ProcessId">4744</Data>
    <Data Name="Image">C:\Windows\explorer.exe</Data>
    <Data Name="TargetObject">HKU\S-1-5-21-3416918484-2318624181-2088882373-1002\Software\Microsoft\Windows\CurrentVersion\Explorer\UserAssist\{CEBFF5CD-ACE2-4F4F-9178-9926F41749EA}\Count\HRZR_EHACNGU:P:\Hfref\evgn.bxnsbe\NccQngn\Ebnzvat\Zvpebfbsg\Jvaqbjf\Fgneg Zrah\Cebtenzf\Grnzf.yax</Data>
    <Data Name="Details">00 00 00 00 22 00 00 00 02 00 00 00 22 2C 02 00 00 00 00 00 00 00 00 00 00 00 00 00 00 00 00 00 00 00 00 00 00 00 00 00 00 00 00 00 00 00 00 00 00 00 00 00 00 00 00 00 00 00 00 00 00 58 EF BE 32 6D DA 01 00 00 00 00</Data>
    <Data Name="User">MERIDIANLEDGER\rita.okafor</Data>
    
  </EventData>
</Event>
<Event xmlns="http://schemas.microsoft.com/win/2004/08/events/event">
  <System>
    <Provider Name="Microsoft-Windows-Sysmon" Guid="{5770385f-c22a-43e0-bf4c-06f5698ffbd9}"/>
    <EventID>10</EventID>
    <Version>3</Version>
    <Level>4</Level>
    <Task>10</Task>
    <Opcode>0</Opcode>
    <Keywords>0x8000000000000000</Keywords>
    <TimeCreated SystemTime="2024-06-11T14:52:13.0775662Z"/>
    <EventRecordID>561926</EventRecordID>
    <Correlation/>
    <Execution ProcessID="1820" ThreadID="3252"/>
    <Channel>Microsoft-Windows-Sysmon/Operational</Channel>
    <Computer>WS-ROKAFOR-01.meridianledger.local</Computer>
    <Security UserID="S-1-5-18"/>
  </System>
  <EventData>
    
    <Data Name="RuleName">-</Data>
    <Data Name="UtcTime">2024-06-11 14:52:13.077</Data>
    <Data Name="SourceProcessGUID">{d9db6bb6-1b64-665b-fb02-001051416efb}</Data>
    <Data Name="SourceProcessId">4508</Data>
    <Data Name="SourceThreadId">6964</Data>
    <Data Name="SourceImage">C:\ProgramData\Microsoft\Windows Defender\Platform\4.18.2301.6-0\MsMpEng.exe</Data>
    <Data Name="TargetProcessGUID">{d9db6bb6-1b5e-665b-b300-0010238d69af}</Data>
    <Data Name="TargetProcessId">4412</Data>
    <Data Name="TargetImage">C:\Windows\System32\svchost.exe</Data>
    <Data Name="GrantedAccess">0x1400</Data>
    <Data Name="CallTrace">C:\Windows\SYSTEM32\ntdll.dll+9C72E|C:\Windows\SYSTEM32\KERNELBASE.dll+2CB44|C:\Windows\SYSTEM32\advapi32.dll+4C966</Data>
    <Data Name="SourceUser">NT AUTHORITY\SYSTEM</Data>
    <Data Name="TargetUser">NT AUTHORITY\NETWORK SERVICE</Data>
    
  </EventData>
</Event>
<Event xmlns="http://schemas.microsoft.com/win/2004/08/events/event">
  <System>
    <Provider Name="Microsoft-Windows-Sysmon" Guid="{5770385f-c22a-43e0-bf4c-06f5698ffbd9}"/>
    <EventID>1</EventID>
    <Version>5</Version>
    <Level>4</Level>
    <Task>1</Task>
    <Opcode>0</Opcode>
    <Keywords>0x8000000000000000</Keywords>
    <TimeCreated SystemTime="2024-06-11T14:53:46.2033083Z"/>
    <EventRecordID>561931</EventRecordID>
    <Correlation/>
    <Execution ProcessID="1820" ThreadID="3252"/>
    <Channel>Microsoft-Windows-Sysmon/Operational</Channel>
    <Computer>WS-ROKAFOR-01.meridianledger.local</Computer>
    <Security UserID="S-1-5-18"/>
  </System>
  <EventData>
    
    <Data Name="RuleName">-</Data>
    <Data Name="UtcTime">2024-06-11 14:53:46.202</Data>
    <Data Name="ProcessGuid">{d9db6bb6-64fa-6668-8502-0000f2ef3890}</Data>
    <Data Name="ProcessId">6844</Data>
    <Data Name="Image">C:\Windows\System32\WindowsPowerShell\v1.0\powershell.exe</Data>
    <Data Name="FileVersion">10.0.22621.1</Data>
    <Data Name="Description">Windows PowerShell</Data>
    <Data Name="Product">Microsoft Windows Operating System</Data>
    <Data Name="Company">Microsoft Corporation</Data>
    <Data Name="OriginalFileName">PowerShell.EXE</Data>
    <Data Name="CommandLine">powershell.exe</Data>
    <Data Name="CurrentDirectory">c:\windows\</Data>
    <Data Name="User">MERIDIANLEDGER\rita.okafor</Data>
    <Data Name="LogonGuid">{00000000-0000-0000-0000-000000000000}</Data>
    <Data Name="LogonId">0x8136d1f</Data>
    <Data Name="TerminalSessionId">2</Data>
    <Data Name="IntegrityLevel">Medium</Data>
    <Data Name="Hashes">SHA1=74807298BB026542B177B40CEC0B2D64D5238D09,MD5=EEACC5305C17D7F9E330B33280A27AC5,SHA256=8A59DE82B9F4AD767B08A19B8F47E045B6E82C53F55A422FE0CE860BA3A9470A,IMPHASH=9E37895148BCA2306FCE4BCB0E51C310</Data>
    <Data Name="ParentProcessGuid">{d9db6bb6-62d5-6668-6b02-00009b7a1a07}</Data>
    <Data Name="ParentProcessId">6800</Data>
    <Data Name="ParentImage">C:\Windows\explorer.exe</Data>
    <Data Name="ParentCommandLine">explorer.exe</Data>
    <Data Name="ParentUser">MERIDIANLEDGER\rita.okafor</Data>
    
  </EventData>
</Event>
<Event xmlns="http://schemas.microsoft.com/win/2004/08/events/event">
  <System>
    <Provider Name="Microsoft-Windows-Sysmon" Guid="{5770385f-c22a-43e0-bf4c-06f5698ffbd9}"/>
    <EventID>1</EventID>
    <Version>5</Version>
    <Level>4</Level>
    <Task>1</Task>
    <Opcode>0</Opcode>
    <Keywords>0x8000000000000000</Keywords>
    <TimeCreated SystemTime="2024-06-11T14:53:56.1086722Z"/>
    <EventRecordID>561932</EventRecordID>
    <Correlation/>
    <Execution ProcessID="1820" ThreadID="3252"/>
    <Channel>Microsoft-Windows-Sysmon/Operational</Channel>
    <Computer>WS-ROKAFOR-01.meridianledger.local</Computer>
    <Security UserID="S-1-5-18"/>
  </System>
  <EventData>
    
    <Data Name="RuleName">-</Data>
    <Data Name="UtcTime">2024-06-11 14:53:56.107</Data>
    <Data Name="ProcessGuid">{d9db6bb6-6504-6668-f602-00109b71fd59}</Data>
    <Data Name="ProcessId">6856</Data>
    <Data Name="Image">C:\Windows\System32\OpenSSH\ssh.exe</Data>
    <Data Name="FileVersion">8.6.0.1</Data>
    <Data Name="Description">OpenSSH SSH client</Data>
    <Data Name="Product">OpenSSH for Windows</Data>
    <Data Name="Company">Microsoft Corporation</Data>
    <Data Name="OriginalFileName">ssh.exe</Data>
    <Data Name="CommandLine">ssh.exe WEB-01.meridianledger.local</Data>
    <Data Name="CurrentDirectory">C:\Users\rita.okafor\</Data>
    <Data Name="User">MERIDIANLEDGER\rita.okafor</Data>
    <Data Name="LogonGuid">{00000000-0000-0000-0000-000000000000}</Data>
    <Data Name="LogonId">0x8136d1f</Data>
    <Data Name="TerminalSessionId">2</Data>
    <Data Name="IntegrityLevel">Medium</Data>
    <Data Name="Hashes">SHA1=34EDBE1F2503BED1B1F8F387974ACB65F632C21B,MD5=177AE85C74B6D0BB9FC040A42BF2CAC0,SHA256=5CA44FEC35D64819E1CF357648C98073ACA2AEF9816F8FA375095783B3AC3EE1,IMPHASH=62F7B0310260F97B5078263292DD1CBA</Data>
    <Data Name="ParentProcessGuid">{d9db6bb6-64fa-6668-8502-0000f2ef3890}</Data>
    <Data Name="ParentProcessId">6844</Data>
    <Data Name="ParentImage">C:\Windows\System32\WindowsPowerShell\v1.0\powershell.exe</Data>
    <Data Name="ParentCommandLine">powershell.exe</Data>
    <Data Name="ParentUser">MERIDIANLEDGER\rita.okafor</Data>
    
  </EventData>
</Event>
<Event xmlns="http://schemas.microsoft.com/win/2004/08/events/event">
  <System>
    <Provider Name="Microsoft-Windows-Sysmon" Guid="{5770385f-c22a-43e0-bf4c-06f5698ffbd9}"/>
    <EventID>3</EventID>
    <Version>5</Version>
    <Level>4</Level>
    <Task>3</Task>
    <Opcode>0</Opcode>
    <Keywords>0x8000000000000000</Keywords>
    <TimeCreated SystemTime="2024-06-11T14:54:02.8865747Z"/>
    <EventRecordID>561933</EventRecordID>
    <Correlation/>
    <Execution ProcessID="1820" ThreadID="3252"/>
    <Channel>Microsoft-Windows-Sysmon/Operational</Channel>
    <Computer>WS-ROKAFOR-01.meridianledger.local</Computer>
    <Security UserID="S-1-5-18"/>
  </System>
  <EventData>
    
    <Data Name="RuleName">-</Data>
    <Data Name="UtcTime">2024-06-11 14:54:02.883</Data>
    <Data Name="ProcessGuid">{d9db6bb6-6504-6668-f602-00109b71fd59}</Data>
    <Data Name="ProcessId">6856</Data>
    <Data Name="Image">C:\Windows\System32\OpenSSH\ssh.exe</Data>
    <Data Name="User">MERIDIANLEDGER\rita.okafor</Data>
    <Data Name="Protocol">tcp</Data>
    <Data Name="Initiated">true</Data>
    <Data Name="SourceIsIpv6">false</Data>
    <Data Name="SourceIp">10.30.10.12</Data>
    <Data Name="SourceHostname">WS-ROKAFOR-01.meridianledger.local</Data>
    <Data Name="SourcePort">60757</Data>
    <Data Name="SourcePortName">-</Data>
    <Data Name="DestinationIsIpv6">false</Data>
    <Data Name="DestinationIp">10.30.30.10</Data>
    <Data Name="DestinationHostname">-</Data>
    <Data Name="DestinationPort">22</Data>
    <Data Name="DestinationPortName">ssh</Data>
    
  </EventData>
</Event>
<Event xmlns="http://schemas.microsoft.com/win/2004/08/events/event">
  <System>
    <Provider Name="Microsoft-Windows-Sysmon" Guid="{5770385f-c22a-43e0-bf4c-06f5698ffbd9}"/>
    <EventID>1</EventID>
    <Version>5</Version>
    <Level>4</Level>
    <Task>1</Task>
    <Opcode>0</Opcode>
    <Keywords>0x8000000000000000</Keywords>
    <TimeCreated SystemTime="2024-06-11T14:56:21.7054496Z"/>
    <EventRecordID>561940</EventRecordID>
    <Correlation/>
    <Execution ProcessID="1820" ThreadID="2152"/>
    <Channel>Microsoft-Windows-Sysmon/Operational</Channel>
    <Computer>WS-ROKAFOR-01.meridianledger.local</Computer>
    <Security UserID="S-1-5-18"/>
  </System>
  <EventData>
    
    <Data Name="RuleName">-</Data>
    <Data Name="UtcTime">2024-06-11 14:56:21.705</Data>
    <Data Name="ProcessGuid">{d9db6bb6-6595-6668-6b00-0000a33215e5}</Data>
    <Data Name="ProcessId">7012</Data>
    <Data Name="Image">C:\Windows\System32\WindowsPowerShell\v1.0\powershell.exe</Data>
    <Data Name="FileVersion">10.0.22621.1</Data>
    <Data Name="Description">Windows PowerShell</Data>
    <Data Name="Product">Microsoft Windows Operating System</Data>
    <Data Name="Company">Microsoft Corporation</Data>
    <Data Name="OriginalFileName">PowerShell.EXE</Data>
    <Data Name="CommandLine">powershell.exe</Data>
    <Data Name="CurrentDirectory">c:\windows\</Data>
    <Data Name="User">MERIDIANLEDGER\rita.okafor</Data>
    <Data Name="LogonGuid">{00000000-0000-0000-0000-000000000000}</Data>
    <Data Name="LogonId">0x8136d1f</Data>
    <Data Name="TerminalSessionId">2</Data>
    <Data Name="IntegrityLevel">Medium</Data>
    <Data Name="Hashes">SHA1=74807298BB026542B177B40CEC0B2D64D5238D09,MD5=EEACC5305C17D7F9E330B33280A27AC5,SHA256=8A59DE82B9F4AD767B08A19B8F47E045B6E82C53F55A422FE0CE860BA3A9470A,IMPHASH=9E37895148BCA2306FCE4BCB0E51C310</Data>
    <Data Name="ParentProcessGuid">{d9db6bb6-62d5-6668-6b02-00009b7a1a07}</Data>
    <Data Name="ParentProcessId">6800</Data>
    <Data Name="ParentImage">C:\Windows\explorer.exe</Data>
    <Data Name="ParentCommandLine">explorer.exe</Data>
    <Data Name="ParentUser">MERIDIANLEDGER\rita.okafor</Data>
    
  </EventData>
</Event>
<Event xmlns="http://schemas.microsoft.com/win/2004/08/events/event">
  <System>
    <Provider Name="Microsoft-Windows-Sysmon" Guid="{5770385f-c22a-43e0-bf4c-06f5698ffbd9}"/>
    <EventID>1</EventID>
    <Version>5</Version>
    <Level>4</Level>
    <Task>1</Task>
    <Opcode>0</Opcode>
    <Keywords>0x8000000000000000</Keywords>
    <TimeCreated SystemTime="2024-06-11T14:56:25.1411029Z"/>
    <EventRecordID>561941</EventRecordID>
    <Correlation/>
    <Execution ProcessID="1820" ThreadID="3252"/>
    <Channel>Microsoft-Windows-Sysmon/Operational</Channel>
    <Computer>WS-ROKAFOR-01.meridianledger.local</Computer>
    <Security UserID="S-1-5-18"/>
  </System>
  <EventData>
    
    <Data Name="RuleName">-</Data>
    <Data Name="UtcTime">2024-06-11 14:56:25.139</Data>
    <Data Name="ProcessGuid">{d9db6bb6-6599-6668-a200-00004d9e7e8e}</Data>
    <Data Name="ProcessId">6892</Data>
    <Data Name="Image">C:\Windows\System32\WindowsPowerShell\v1.0\powershell.exe</Data>
    <Data Name="FileVersion">10.0.22621.1</Data>
    <Data Name="Description">Windows PowerShell</Data>
    <Data Name="Product">Microsoft Windows Operating System</Data>
    <Data Name="Company">Microsoft Corporation</Data>
    <Data Name="OriginalFileName">PowerShell.EXE</Data>
    <Data Name="CommandLine">powershell.exe</Data>
    <Data Name="CurrentDirectory">c:\windows\</Data>
    <Data Name="User">MERIDIANLEDGER\rita.okafor</Data>
    <Data Name="LogonGuid">{00000000-0000-0000-0000-000000000000}</Data>
    <Data Name="LogonId">0x8136d1f</Data>
    <Data Name="TerminalSessionId">2</Data>
    <Data Name="IntegrityLevel">Medium</Data>
    <Data Name="Hashes">SHA1=74807298BB026542B177B40CEC0B2D64D5238D09,MD5=EEACC5305C17D7F9E330B33280A27AC5,SHA256=8A59DE82B9F4AD767B08A19B8F47E045B6E82C53F55A422FE0CE860BA3A9470A,IMPHASH=9E37895148BCA2306FCE4BCB0E51C310</Data>
    <Data Name="ParentProcessGuid">{d9db6bb6-62d5-6668-6b02-00009b7a1a07}</Data>
    <Data Name="ParentProcessId">6800</Data>
    <Data Name="ParentImage">C:\Windows\explorer.exe</Data>
    <Data Name="ParentCommandLine">explorer.exe</Data>
    <Data Name="ParentUser">MERIDIANLEDGER\rita.okafor</Data>
    
  </EventData>
</Event>
<Event xmlns="http://schemas.microsoft.com/win/2004/08/events/event">
  <System>
    <Provider Name="Microsoft-Windows-Sysmon" Guid="{5770385f-c22a-43e0-bf4c-06f5698ffbd9}"/>
    <EventID>1</EventID>
    <Version>5</Version>
    <Level>4</Level>
    <Task>1</Task>
    <Opcode>0</Opcode>
    <Keywords>0x8000000000000000</Keywords>
    <TimeCreated SystemTime="2024-06-11T14:56:30.0291738Z"/>
    <EventRecordID>561942</EventRecordID>
    <Correlation/>
    <Execution ProcessID="1820" ThreadID="2788"/>
    <Channel>Microsoft-Windows-Sysmon/Operational</Channel>
    <Computer>WS-ROKAFOR-01.meridianledger.local</Computer>
    <Security UserID="S-1-5-18"/>
  </System>
  <EventData>
    
    <Data Name="RuleName">-</Data>
    <Data Name="UtcTime">2024-06-11 14:56:30.028</Data>
    <Data Name="ProcessGuid">{d9db6bb6-659e-6668-ab02-0000a743b9ce}</Data>
    <Data Name="ProcessId">7016</Data>
    <Data Name="Image">C:\Windows\System32\OpenSSH\ssh.exe</Data>
    <Data Name="FileVersion">8.6.0.1</Data>
    <Data Name="Description">OpenSSH SSH client</Data>
    <Data Name="Product">OpenSSH for Windows</Data>
    <Data Name="Company">Microsoft Corporation</Data>
    <Data Name="OriginalFileName">ssh.exe</Data>
    <Data Name="CommandLine">ssh.exe FILE-01.meridianledger.local</Data>
    <Data Name="CurrentDirectory">C:\Users\rita.okafor\</Data>
    <Data Name="User">MERIDIANLEDGER\rita.okafor</Data>
    <Data Name="LogonGuid">{00000000-0000-0000-0000-000000000000}</Data>
    <Data Name="LogonId">0x8136d1f</Data>
    <Data Name="TerminalSessionId">2</Data>
    <Data Name="IntegrityLevel">Medium</Data>
    <Data Name="Hashes">SHA1=34EDBE1F2503BED1B1F8F387974ACB65F632C21B,MD5=177AE85C74B6D0BB9FC040A42BF2CAC0,SHA256=5CA44FEC35D64819E1CF357648C98073ACA2AEF9816F8FA375095783B3AC3EE1,IMPHASH=62F7B0310260F97B5078263292DD1CBA</Data>
    <Data Name="ParentProcessGuid">{d9db6bb6-6595-6668-6b00-0000a33215e5}</Data>
    <Data Name="ParentProcessId">7012</Data>
    <Data Name="ParentImage">C:\Windows\System32\WindowsPowerShell\v1.0\powershell.exe</Data>
    <Data Name="ParentCommandLine">powershell.exe</Data>
    <Data Name="ParentUser">MERIDIANLEDGER\rita.okafor</Data>
    
  </EventData>
</Event>
<Event xmlns="http://schemas.microsoft.com/win/2004/08/events/event">
  <System>
    <Provider Name="Microsoft-Windows-Sysmon" Guid="{5770385f-c22a-43e0-bf4c-06f5698ffbd9}"/>
    <EventID>3</EventID>
    <Version>5</Version>
    <Level>4</Level>
    <Task>3</Task>
    <Opcode>0</Opcode>
    <Keywords>0x8000000000000000</Keywords>
    <TimeCreated SystemTime="2024-06-11T14:56:36.6106077Z"/>
    <EventRecordID>561943</EventRecordID>
    <Correlation/>
    <Execution ProcessID="1820" ThreadID="2788"/>
    <Channel>Microsoft-Windows-Sysmon/Operational</Channel>
    <Computer>WS-ROKAFOR-01.meridianledger.local</Computer>
    <Security UserID="S-1-5-18"/>
  </System>
  <EventData>
    
    <Data Name="RuleName">-</Data>
    <Data Name="UtcTime">2024-06-11 14:56:36.607</Data>
    <Data Name="ProcessGuid">{d9db6bb6-659e-6668-ab02-0000a743b9ce}</Data>
    <Data Name="ProcessId">7016</Data>
    <Data Name="Image">C:\Windows\System32\OpenSSH\ssh.exe</Data>
    <Data Name="User">MERIDIANLEDGER\rita.okafor</Data>
    <Data Name="Protocol">tcp</Data>
    <Data Name="Initiated">true</Data>
    <Data Name="SourceIsIpv6">false</Data>
    <Data Name="SourceIp">10.30.10.12</Data>
    <Data Name="SourceHostname">WS-ROKAFOR-01.meridianledger.local</Data>
    <Data Name="SourcePort">61453</Data>
    <Data Name="SourcePortName">-</Data>
    <Data Name="DestinationIsIpv6">false</Data>
    <Data Name="DestinationIp">10.30.20.10</Data>
    <Data Name="DestinationHostname">-</Data>
    <Data Name="DestinationPort">22</Data>
    <Data Name="DestinationPortName">ssh</Data>
    
  </EventData>
</Event>
<Event xmlns="http://schemas.microsoft.com/win/2004/08/events/event">
  <System>
    <Provider Name="Microsoft-Windows-Sysmon" Guid="{5770385f-c22a-43e0-bf4c-06f5698ffbd9}"/>
    <EventID>1</EventID>
    <Version>5</Version>
    <Level>4</Level>
    <Task>1</Task>
    <Opcode>0</Opcode>
    <Keywords>0x8000000000000000</Keywords>
    <TimeCreated SystemTime="2024-06-11T14:57:08.3477357Z"/>
    <EventRecordID>561944</EventRecordID>
    <Correlation/>
    <Execution ProcessID="1820" ThreadID="2900"/>
    <Channel>Microsoft-Windows-Sysmon/Operational</Channel>
    <Computer>WS-ROKAFOR-01.meridianledger.local</Computer>
    <Security UserID="S-1-5-18"/>
  </System>
  <EventData>
    
    <Data Name="RuleName">-</Data>
    <Data Name="UtcTime">2024-06-11 14:57:08.346</Data>
    <Data Name="ProcessGuid">{d9db6bb6-65c4-6668-a502-0010db0777e1}</Data>
    <Data Name="ProcessId">6916</Data>
    <Data Name="Image">C:\Windows\System32\OpenSSH\ssh.exe</Data>
    <Data Name="FileVersion">8.6.0.1</Data>
    <Data Name="Description">OpenSSH SSH client</Data>
    <Data Name="Product">OpenSSH for Windows</Data>
    <Data Name="Company">Microsoft Corporation</Data>
    <Data Name="OriginalFileName">ssh.exe</Data>
    <Data Name="CommandLine">ssh.exe WS-PIVERSON-01.meridianledger.local</Data>
    <Data Name="CurrentDirectory">C:\Users\rita.okafor\</Data>
    <Data Name="User">MERIDIANLEDGER\rita.okafor</Data>
    <Data Name="LogonGuid">{00000000-0000-0000-0000-000000000000}</Data>
    <Data Name="LogonId">0x8136d1f</Data>
    <Data Name="TerminalSessionId">2</Data>
    <Data Name="IntegrityLevel">Medium</Data>
    <Data Name="Hashes">SHA1=34EDBE1F2503BED1B1F8F387974ACB65F632C21B,MD5=177AE85C74B6D0BB9FC040A42BF2CAC0,SHA256=5CA44FEC35D64819E1CF357648C98073ACA2AEF9816F8FA375095783B3AC3EE1,IMPHASH=62F7B0310260F97B5078263292DD1CBA</Data>
    <Data Name="ParentProcessGuid">{d9db6bb6-6599-6668-a200-00004d9e7e8e}</Data>
    <Data Name="ParentProcessId">6892</Data>
    <Data Name="ParentImage">C:\Windows\System32\WindowsPowerShell\v1.0\powershell.exe</Data>
    <Data Name="ParentCommandLine">powershell.exe</Data>
    <Data Name="ParentUser">MERIDIANLEDGER\rita.okafor</Data>
    
  </EventData>
</Event>
<Event xmlns="http://schemas.microsoft.com/win/2004/08/events/event">
  <System>
    <Provider Name="Microsoft-Windows-Sysmon" Guid="{5770385f-c22a-43e0-bf4c-06f5698ffbd9}"/>
    <EventID>3</EventID>
    <Version>5</Version>
    <Level>4</Level>
    <Task>3</Task>
    <Opcode>0</Opcode>
    <Keywords>0x8000000000000000</Keywords>
    <TimeCreated SystemTime="2024-06-11T14:57:09.4559389Z"/>
    <EventRecordID>561945</EventRecordID>
    <Correlation/>
    <Execution ProcessID="1820" ThreadID="2900"/>
    <Channel>Microsoft-Windows-Sysmon/Operational</Channel>
    <Computer>WS-ROKAFOR-01.meridianledger.local</Computer>
    <Security UserID="S-1-5-18"/>
  </System>
  <EventData>
    
    <Data Name="RuleName">-</Data>
    <Data Name="UtcTime">2024-06-11 14:57:09.453</Data>
    <Data Name="ProcessGuid">{d9db6bb6-65c4-6668-a502-0010db0777e1}</Data>
    <Data Name="ProcessId">6916</Data>
    <Data Name="Image">C:\Windows\System32\OpenSSH\ssh.exe</Data>
    <Data Name="User">MERIDIANLEDGER\rita.okafor</Data>
    <Data Name="Protocol">tcp</Data>
    <Data Name="Initiated">true</Data>
    <Data Name="SourceIsIpv6">false</Data>
    <Data Name="SourceIp">10.30.10.12</Data>
    <Data Name="SourceHostname">WS-ROKAFOR-01.meridianledger.local</Data>
    <Data Name="SourcePort">55617</Data>
    <Data Name="SourcePortName">-</Data>
    <Data Name="DestinationIsIpv6">false</Data>
    <Data Name="DestinationIp">10.30.10.11</Data>
    <Data Name="DestinationHostname">-</Data>
    <Data Name="DestinationPort">22</Data>
    <Data Name="DestinationPortName">ssh</Data>
    
  </EventData>
</Event>
<Event xmlns="http://schemas.microsoft.com/win/2004/08/events/event">
  <System>
    <Provider Name="Microsoft-Windows-Sysmon" Guid="{5770385f-c22a-43e0-bf4c-06f5698ffbd9}"/>
    <EventID>1</EventID>
    <Version>5</Version>
    <Level>4</Level>
    <Task>1</Task>
    <Opcode>0</Opcode>
    <Keywords>0x8000000000000000</Keywords>
    <TimeCreated SystemTime="2024-06-11T14:58:04.7990471Z"/>
    <EventRecordID>561946</EventRecordID>
    <Correlation/>
    <Execution ProcessID="1820" ThreadID="2900"/>
    <Channel>Microsoft-Windows-Sysmon/Operational</Channel>
    <Computer>WS-ROKAFOR-01.meridianledger.local</Computer>
    <Security UserID="S-1-5-18"/>
  </System>
  <EventData>
    
    <Data Name="RuleName">-</Data>
    <Data Name="UtcTime">2024-06-11 14:58:04.798</Data>
    <Data Name="ProcessGuid">{d9db6bb6-65fc-6668-de00-00000bef275f}</Data>
    <Data Name="ProcessId">6640</Data>
    <Data Name="Image">C:\Windows\System32\spoolsv.exe</Data>
    <Data Name="FileVersion">10.0.22621.1</Data>
    <Data Name="Description">Spooler SubSystem App</Data>
    <Data Name="Product">Microsoft Windows Operating System</Data>
    <Data Name="Company">Microsoft Corporation</Data>
    <Data Name="OriginalFileName">spoolsv.exe</Data>
    <Data Name="CommandLine">spoolsv.exe</Data>
    <Data Name="CurrentDirectory">C:\Windows\System32\</Data>
    <Data Name="User">NT AUTHORITY\SYSTEM</Data>
    <Data Name="LogonGuid">{00000000-0000-0000-0000-000000000000}</Data>
    <Data Name="LogonId">0x3e7</Data>
    <Data Name="TerminalSessionId">0</Data>
    <Data Name="IntegrityLevel">System</Data>
    <Data Name="Hashes">SHA1=D7EA37840FF44A245AD18E5E207AE4901C4C18FB,MD5=F60B5C571AD75771ABD1D35C7765DC04,SHA256=C62074641183B84BD60F329FFC8412BB060770B6F2D3BE7F21CBE926B78AF568,IMPHASH=6C5BCD2285686A422084A17A03042505</Data>
    <Data Name="ParentProcessGuid">{d9db6bb6-1b56-665b-0602-0000374bb8d8}</Data>
    <Data Name="ParentProcessId">4388</Data>
    <Data Name="ParentImage">C:\Windows\System32\services.exe</Data>
    <Data Name="ParentCommandLine">services.exe</Data>
    <Data Name="ParentUser">NT AUTHORITY\SYSTEM</Data>
    
  </EventData>
</Event>
<Event xmlns="http://schemas.microsoft.com/win/2004/08/events/event">
  <System>
    <Provider Name="Microsoft-Windows-Sysmon" Guid="{5770385f-c22a-43e0-bf4c-06f5698ffbd9}"/>
    <EventID>1</EventID>
    <Version>5</Version>
    <Level>4</Level>
    <Task>1</Task>
    <Opcode>0</Opcode>
    <Keywords>0x8000000000000000</Keywords>
    <TimeCreated SystemTime="2024-06-11T15:03:08.9580156Z"/>
    <EventRecordID>561953</EventRecordID>
    <Correlation/>
    <Execution ProcessID="1820" ThreadID="3252"/>
    <Channel>Microsoft-Windows-Sysmon/Operational</Channel>
    <Computer>WS-ROKAFOR-01.meridianledger.local</Computer>
    <Security UserID="S-1-5-18"/>
  </System>
  <EventData>
    
    <Data Name="RuleName">-</Data>
    <Data Name="UtcTime">2024-06-11 15:03:08.956</Data>
    <Data Name="ProcessGuid">{d9db6bb6-672c-6668-1a00-0000b7a54607}</Data>
    <Data Name="ProcessId">7284</Data>
    <Data Name="Image">C:\Windows\System32\WindowsPowerShell\v1.0\powershell.exe</Data>
    <Data Name="FileVersion">10.0.22621.1</Data>
    <Data Name="Description">Windows PowerShell</Data>
    <Data Name="Product">Microsoft Windows Operating System</Data>
    <Data Name="Company">Microsoft Corporation</Data>
    <Data Name="OriginalFileName">PowerShell.EXE</Data>
    <Data Name="CommandLine">powershell.exe</Data>
    <Data Name="CurrentDirectory">c:\windows\</Data>
    <Data Name="User">MERIDIANLEDGER\rita.okafor</Data>
    <Data Name="LogonGuid">{00000000-0000-0000-0000-000000000000}</Data>
    <Data Name="LogonId">0x8136d1f</Data>
    <Data Name="TerminalSessionId">2</Data>
    <Data Name="IntegrityLevel">Medium</Data>
    <Data Name="Hashes">SHA1=74807298BB026542B177B40CEC0B2D64D5238D09,MD5=EEACC5305C17D7F9E330B33280A27AC5,SHA256=8A59DE82B9F4AD767B08A19B8F47E045B6E82C53F55A422FE0CE860BA3A9470A,IMPHASH=9E37895148BCA2306FCE4BCB0E51C310</Data>
    <Data Name="ParentProcessGuid">{d9db6bb6-62d5-6668-6b02-00009b7a1a07}</Data>
    <Data Name="ParentProcessId">6800</Data>
    <Data Name="ParentImage">C:\Windows\explorer.exe</Data>
    <Data Name="ParentCommandLine">explorer.exe</Data>
    <Data Name="ParentUser">MERIDIANLEDGER\rita.okafor</Data>
    
  </EventData>
</Event>
<Event xmlns="http://schemas.microsoft.com/win/2004/08/events/event">
  <System>
    <Provider Name="Microsoft-Windows-Sysmon" Guid="{5770385f-c22a-43e0-bf4c-06f5698ffbd9}"/>
    <EventID>1</EventID>
    <Version>5</Version>
    <Level>4</Level>
    <Task>1</Task>
    <Opcode>0</Opcode>
    <Keywords>0x8000000000000000</Keywords>
    <TimeCreated SystemTime="2024-06-11T15:03:20.5522748Z"/>
    <EventRecordID>561955</EventRecordID>
    <Correlation/>
    <Execution ProcessID="1820" ThreadID="2900"/>
    <Channel>Microsoft-Windows-Sysmon/Operational</Channel>
    <Computer>WS-ROKAFOR-01.meridianledger.local</Computer>
    <Security UserID="S-1-5-18"/>
  </System>
  <EventData>
    
    <Data Name="RuleName">-</Data>
    <Data Name="UtcTime">2024-06-11 15:03:20.551</Data>
    <Data Name="ProcessGuid">{d9db6bb6-6738-6668-b500-001077bbc394}</Data>
    <Data Name="ProcessId">7288</Data>
    <Data Name="Image">C:\Windows\System32\OpenSSH\ssh.exe</Data>
    <Data Name="FileVersion">8.6.0.1</Data>
    <Data Name="Description">OpenSSH SSH client</Data>
    <Data Name="Product">OpenSSH for Windows</Data>
    <Data Name="Company">Microsoft Corporation</Data>
    <Data Name="OriginalFileName">ssh.exe</Data>
    <Data Name="CommandLine">ssh.exe internal-host</Data>
    <Data Name="CurrentDirectory">C:\Users\rita.okafor\</Data>
    <Data Name="User">MERIDIANLEDGER\rita.okafor</Data>
    <Data Name="LogonGuid">{00000000-0000-0000-0000-000000000000}</Data>
    <Data Name="LogonId">0x8136d1f</Data>
    <Data Name="TerminalSessionId">2</Data>
    <Data Name="IntegrityLevel">Medium</Data>
    <Data Name="Hashes">SHA1=34EDBE1F2503BED1B1F8F387974ACB65F632C21B,MD5=177AE85C74B6D0BB9FC040A42BF2CAC0,SHA256=5CA44FEC35D64819E1CF357648C98073ACA2AEF9816F8FA375095783B3AC3EE1,IMPHASH=62F7B0310260F97B5078263292DD1CBA</Data>
    <Data Name="ParentProcessGuid">{d9db6bb6-672c-6668-1a00-0000b7a54607}</Data>
    <Data Name="ParentProcessId">7284</Data>
    <Data Name="ParentImage">C:\Windows\System32\WindowsPowerShell\v1.0\powershell.exe</Data>
    <Data Name="ParentCommandLine">powershell.exe</Data>
    <Data Name="ParentUser">MERIDIANLEDGER\rita.okafor</Data>
    
  </EventData>
</Event>
<Event xmlns="http://schemas.microsoft.com/win/2004/08/events/event">
  <System>
    <Provider Name="Microsoft-Windows-Sysmon" Guid="{5770385f-c22a-43e0-bf4c-06f5698ffbd9}"/>
    <EventID>3</EventID>
    <Version>5</Version>
    <Level>4</Level>
    <Task>3</Task>
    <Opcode>0</Opcode>
    <Keywords>0x8000000000000000</Keywords>
    <TimeCreated SystemTime="2024-06-11T15:03:31.3687008Z"/>
    <EventRecordID>561956</EventRecordID>
    <Correlation/>
    <Execution ProcessID="1820" ThreadID="2900"/>
    <Channel>Microsoft-Windows-Sysmon/Operational</Channel>
    <Computer>WS-ROKAFOR-01.meridianledger.local</Computer>
    <Security UserID="S-1-5-18"/>
  </System>
  <EventData>
    
    <Data Name="RuleName">-</Data>
    <Data Name="UtcTime">2024-06-11 15:03:31.347</Data>
    <Data Name="ProcessGuid">{d9db6bb6-6738-6668-b500-001077bbc394}</Data>
    <Data Name="ProcessId">7288</Data>
    <Data Name="Image">C:\Windows\System32\OpenSSH\ssh.exe</Data>
    <Data Name="User">MERIDIANLEDGER\rita.okafor</Data>
    <Data Name="Protocol">tcp</Data>
    <Data Name="Initiated">true</Data>
    <Data Name="SourceIsIpv6">false</Data>
    <Data Name="SourceIp">10.30.10.12</Data>
    <Data Name="SourceHostname">WS-ROKAFOR-01.meridianledger.local</Data>
    <Data Name="SourcePort">60578</Data>
    <Data Name="SourcePortName">-</Data>
    <Data Name="DestinationIsIpv6">false</Data>
    <Data Name="DestinationIp">126.179.81.100</Data>
    <Data Name="DestinationHostname">-</Data>
    <Data Name="DestinationPort">22</Data>
    <Data Name="DestinationPortName">ssh</Data>
    
  </EventData>
</Event>
<Event xmlns="http://schemas.microsoft.com/win/2004/08/events/event">
  <System>
    <Provider Name="Microsoft-Windows-Sysmon" Guid="{5770385f-c22a-43e0-bf4c-06f5698ffbd9}"/>
    <EventID>13</EventID>
    <Version>2</Version>
    <Level>4</Level>
    <Task>13</Task>
    <Opcode>0</Opcode>
    <Keywords>0x8000000000000000</Keywords>
    <TimeCreated SystemTime="2024-06-11T15:06:03.0388536Z"/>
    <EventRecordID>561960</EventRecordID>
    <Correlation/>
    <Execution ProcessID="1820" ThreadID="3252"/>
    <Channel>Microsoft-Windows-Sysmon/Operational</Channel>
    <Computer>WS-ROKAFOR-01.meridianledger.local</Computer>
    <Security UserID="S-1-5-18"/>
  </System>
  <EventData>
    
    <Data Name="RuleName">-</Data>
    <Data Name="EventType">SetValue</Data>
    <Data Name="UtcTime">2024-06-11 15:06:03.037</Data>
    <Data Name="ProcessGuid">{d9db6bb6-1b5e-665b-b300-0010238d69af}</Data>
    <Data Name="ProcessId">4412</Data>
    <Data Name="Image">C:\Windows\System32\svchost.exe</Data>
    <Data Name="TargetObject">HKLM\SOFTWARE\Microsoft\Windows\CurrentVersion\WINEVT\Channels\Microsoft-Windows-Sysmon/Operational\Enabled</Data>
    <Data Name="Details">DWORD (0x00000001)</Data>
    <Data Name="User">NT AUTHORITY\NETWORK SERVICE</Data>
    
  </EventData>
</Event>
<Event xmlns="http://schemas.microsoft.com/win/2004/08/events/event">
  <System>
    <Provider Name="Microsoft-Windows-Sysmon" Guid="{5770385f-c22a-43e0-bf4c-06f5698ffbd9}"/>
    <EventID>1</EventID>
    <Version>5</Version>
    <Level>4</Level>
    <Task>1</Task>
    <Opcode>0</Opcode>
    <Keywords>0x8000000000000000</Keywords>
    <TimeCreated SystemTime="2024-06-11T15:06:06.2239605Z"/>
    <EventRecordID>561961</EventRecordID>
    <Correlation/>
    <Execution ProcessID="1820" ThreadID="3252"/>
    <Channel>Microsoft-Windows-Sysmon/Operational</Channel>
    <Computer>WS-ROKAFOR-01.meridianledger.local</Computer>
    <Security UserID="S-1-5-18"/>
  </System>
  <EventData>
    
    <Data Name="RuleName">-</Data>
    <Data Name="UtcTime">2024-06-11 15:06:06.221</Data>
    <Data Name="ProcessGuid">{d9db6bb6-67de-6668-d400-001027554bc9}</Data>
    <Data Name="ProcessId">7088</Data>
    <Data Name="Image">C:\Windows\System32\dllhost.exe</Data>
    <Data Name="FileVersion">10.0.22621.1</Data>
    <Data Name="Description">COM Surrogate</Data>
    <Data Name="Product">Microsoft Windows Operating System</Data>
    <Data Name="Company">Microsoft Corporation</Data>
    <Data Name="OriginalFileName">dllhost.exe</Data>
    <Data Name="CommandLine">dllhost.exe /Processid:{73E709EA-5D93-4B2E-BBB0-99B7938DA9E4}</Data>
    <Data Name="CurrentDirectory">C:\Windows\System32\</Data>
    <Data Name="User">NT AUTHORITY\SYSTEM</Data>
    <Data Name="LogonGuid">{00000000-0000-0000-0000-000000000000}</Data>
    <Data Name="LogonId">0x3e7</Data>
    <Data Name="TerminalSessionId">0</Data>
    <Data Name="IntegrityLevel">System</Data>
    <Data Name="Hashes">SHA1=B50E716E3959BD7D9EFCF885BBAF84F837EFDAD2,MD5=5E659C310A9E39CB882747D6F904A7AB,SHA256=6DA7E097C9C5FA197672678842CCA84B053B93571838CBBD620386EF3F6878F4,IMPHASH=7A9666B001C1F3337ACF7F3BEFF4373E</Data>
    <Data Name="ParentProcessGuid">{d9db6bb6-1b59-665b-fd02-00006012bd33}</Data>
    <Data Name="ParentProcessId">4400</Data>
    <Data Name="ParentImage">C:\Windows\System32\svchost.exe</Data>
    <Data Name="ParentCommandLine">svchost.exe -k DcomLaunch</Data>
    <Data Name="ParentUser">NT AUTHORITY\SYSTEM</Data>
    
  </EventData>
</Event>
<Event xmlns="http://schemas.microsoft.com/win/2004/08/events/event">
  <System>
    <Provider Name="Microsoft-Windows-Sysmon" Guid="{5770385f-c22a-43e0-bf4c-06f5698ffbd9}"/>
    <EventID>1</EventID>
    <Version>5</Version>
    <Level>4</Level>
    <Task>1</Task>
    <Opcode>0</Opcode>
    <Keywords>0x8000000000000000</Keywords>
    <TimeCreated SystemTime="2024-06-11T15:07:41.9166218Z"/>
    <EventRecordID>561965</EventRecordID>
    <Correlation/>
    <Execution ProcessID="1820" ThreadID="2900"/>
    <Channel>Microsoft-Windows-Sysmon/Operational</Channel>
    <Computer>WS-ROKAFOR-01.meridianledger.local</Computer>
    <Security UserID="S-1-5-18"/>
  </System>
  <EventData>
    
    <Data Name="RuleName">-</Data>
    <Data Name="UtcTime">2024-06-11 15:07:41.888</Data>
    <Data Name="ProcessGuid">{d9db6bb6-683d-6668-1100-0000a490b2f7}</Data>
    <Data Name="ProcessId">7456</Data>
    <Data Name="Image">C:\Windows\System32\WindowsPowerShell\v1.0\powershell.exe</Data>
    <Data Name="FileVersion">10.0.22621.1</Data>
    <Data Name="Description">Windows PowerShell</Data>
    <Data Name="Product">Microsoft Windows Operating System</Data>
    <Data Name="Company">Microsoft Corporation</Data>
    <Data Name="OriginalFileName">PowerShell.EXE</Data>
    <Data Name="CommandLine">powershell.exe</Data>
    <Data Name="CurrentDirectory">c:\windows\</Data>
    <Data Name="User">MERIDIANLEDGER\rita.okafor</Data>
    <Data Name="LogonGuid">{00000000-0000-0000-0000-000000000000}</Data>
    <Data Name="LogonId">0x8136d1f</Data>
    <Data Name="TerminalSessionId">2</Data>
    <Data Name="IntegrityLevel">Medium</Data>
    <Data Name="Hashes">SHA1=74807298BB026542B177B40CEC0B2D64D5238D09,MD5=EEACC5305C17D7F9E330B33280A27AC5,SHA256=8A59DE82B9F4AD767B08A19B8F47E045B6E82C53F55A422FE0CE860BA3A9470A,IMPHASH=9E37895148BCA2306FCE4BCB0E51C310</Data>
    <Data Name="ParentProcessGuid">{d9db6bb6-62d5-6668-6b02-00009b7a1a07}</Data>
    <Data Name="ParentProcessId">6800</Data>
    <Data Name="ParentImage">C:\Windows\explorer.exe</Data>
    <Data Name="ParentCommandLine">explorer.exe</Data>
    <Data Name="ParentUser">MERIDIANLEDGER\rita.okafor</Data>
    
  </EventData>
</Event>
<Event xmlns="http://schemas.microsoft.com/win/2004/08/events/event">
  <System>
    <Provider Name="Microsoft-Windows-Sysmon" Guid="{5770385f-c22a-43e0-bf4c-06f5698ffbd9}"/>
    <EventID>1</EventID>
    <Version>5</Version>
    <Level>4</Level>
    <Task>1</Task>
    <Opcode>0</Opcode>
    <Keywords>0x8000000000000000</Keywords>
    <TimeCreated SystemTime="2024-06-11T15:08:09.8113406Z"/>
    <EventRecordID>561966</EventRecordID>
    <Correlation/>
    <Execution ProcessID="1820" ThreadID="2900"/>
    <Channel>Microsoft-Windows-Sysmon/Operational</Channel>
    <Computer>WS-ROKAFOR-01.meridianledger.local</Computer>
    <Security UserID="S-1-5-18"/>
  </System>
  <EventData>
    
    <Data Name="RuleName">-</Data>
    <Data Name="UtcTime">2024-06-11 15:08:09.809</Data>
    <Data Name="ProcessGuid">{d9db6bb6-6859-6668-6002-0010dbce85cf}</Data>
    <Data Name="ProcessId">7464</Data>
    <Data Name="Image">C:\Windows\System32\OpenSSH\ssh.exe</Data>
    <Data Name="FileVersion">8.6.0.1</Data>
    <Data Name="Description">OpenSSH SSH client</Data>
    <Data Name="Product">OpenSSH for Windows</Data>
    <Data Name="Company">Microsoft Corporation</Data>
    <Data Name="OriginalFileName">ssh.exe</Data>
    <Data Name="CommandLine">ssh.exe internal-host</Data>
    <Data Name="CurrentDirectory">C:\Users\rita.okafor\</Data>
    <Data Name="User">MERIDIANLEDGER\rita.okafor</Data>
    <Data Name="LogonGuid">{00000000-0000-0000-0000-000000000000}</Data>
    <Data Name="LogonId">0x8136d1f</Data>
    <Data Name="TerminalSessionId">2</Data>
    <Data Name="IntegrityLevel">Medium</Data>
    <Data Name="Hashes">SHA1=34EDBE1F2503BED1B1F8F387974ACB65F632C21B,MD5=177AE85C74B6D0BB9FC040A42BF2CAC0,SHA256=5CA44FEC35D64819E1CF357648C98073ACA2AEF9816F8FA375095783B3AC3EE1,IMPHASH=62F7B0310260F97B5078263292DD1CBA</Data>
    <Data Name="ParentProcessGuid">{d9db6bb6-683d-6668-1100-0000a490b2f7}</Data>
    <Data Name="ParentProcessId">7456</Data>
    <Data Name="ParentImage">C:\Windows\System32\WindowsPowerShell\v1.0\powershell.exe</Data>
    <Data Name="ParentCommandLine">powershell.exe</Data>
    <Data Name="ParentUser">MERIDIANLEDGER\rita.okafor</Data>
    
  </EventData>
</Event>
<Event xmlns="http://schemas.microsoft.com/win/2004/08/events/event">
  <System>
    <Provider Name="Microsoft-Windows-Sysmon" Guid="{5770385f-c22a-43e0-bf4c-06f5698ffbd9}"/>
    <EventID>3</EventID>
    <Version>5</Version>
    <Level>4</Level>
    <Task>3</Task>
    <Opcode>0</Opcode>
    <Keywords>0x8000000000000000</Keywords>
    <TimeCreated SystemTime="2024-06-11T15:08:11.5891072Z"/>
    <EventRecordID>561967</EventRecordID>
    <Correlation/>
    <Execution ProcessID="1820" ThreadID="2900"/>
    <Channel>Microsoft-Windows-Sysmon/Operational</Channel>
    <Computer>WS-ROKAFOR-01.meridianledger.local</Computer>
    <Security UserID="S-1-5-18"/>
  </System>
  <EventData>
    
    <Data Name="RuleName">-</Data>
    <Data Name="UtcTime">2024-06-11 15:08:11.587</Data>
    <Data Name="ProcessGuid">{d9db6bb6-6859-6668-6002-0010dbce85cf}</Data>
    <Data Name="ProcessId">7464</Data>
    <Data Name="Image">C:\Windows\System32\OpenSSH\ssh.exe</Data>
    <Data Name="User">MERIDIANLEDGER\rita.okafor</Data>
    <Data Name="Protocol">tcp</Data>
    <Data Name="Initiated">true</Data>
    <Data Name="SourceIsIpv6">false</Data>
    <Data Name="SourceIp">10.30.10.12</Data>
    <Data Name="SourceHostname">WS-ROKAFOR-01.meridianledger.local</Data>
    <Data Name="SourcePort">63838</Data>
    <Data Name="SourcePortName">-</Data>
    <Data Name="DestinationIsIpv6">false</Data>
    <Data Name="DestinationIp">80.79.130.179</Data>
    <Data Name="DestinationHostname">-</Data>
    <Data Name="DestinationPort">22</Data>
    <Data Name="DestinationPortName">ssh</Data>
    
  </EventData>
</Event>
<Event xmlns="http://schemas.microsoft.com/win/2004/08/events/event">
  <System>
    <Provider Name="Microsoft-Windows-Sysmon" Guid="{5770385f-c22a-43e0-bf4c-06f5698ffbd9}"/>
    <EventID>10</EventID>
    <Version>3</Version>
    <Level>4</Level>
    <Task>10</Task>
    <Opcode>0</Opcode>
    <Keywords>0x8000000000000000</Keywords>
    <TimeCreated SystemTime="2024-06-11T15:09:06.2469810Z"/>
    <EventRecordID>561968</EventRecordID>
    <Correlation/>
    <Execution ProcessID="1820" ThreadID="4204"/>
    <Channel>Microsoft-Windows-Sysmon/Operational</Channel>
    <Computer>WS-ROKAFOR-01.meridianledger.local</Computer>
    <Security UserID="S-1-5-18"/>
  </System>
  <EventData>
    
    <Data Name="RuleName">-</Data>
    <Data Name="UtcTime">2024-06-11 15:09:06.246</Data>
    <Data Name="SourceProcessGUID">{d9db6bb6-1b56-665b-0602-0000374bb8d8}</Data>
    <Data Name="SourceProcessId">4388</Data>
    <Data Name="SourceThreadId">6524</Data>
    <Data Name="SourceImage">C:\Windows\System32\services.exe</Data>
    <Data Name="TargetProcessGUID">{d9db6bb6-1b64-665b-fb02-001051416efb}</Data>
    <Data Name="TargetProcessId">4508</Data>
    <Data Name="TargetImage">C:\ProgramData\Microsoft\Windows Defender\Platform\4.18.2301.6-0\MsMpEng.exe</Data>
    <Data Name="GrantedAccess">0x1000</Data>
    <Data Name="CallTrace">C:\Windows\SYSTEM32\ntdll.dll+9EFF8|C:\Windows\SYSTEM32\KERNELBASE.dll+2DD24|C:\Windows\SYSTEM32\sechost.dll+14159</Data>
    <Data Name="SourceUser">NT AUTHORITY\SYSTEM</Data>
    <Data Name="TargetUser">NT AUTHORITY\SYSTEM</Data>
    
  </EventData>
</Event>
<Event xmlns="http://schemas.microsoft.com/win/2004/08/events/event">
  <System>
    <Provider Name="Microsoft-Windows-Sysmon" Guid="{5770385f-c22a-43e0-bf4c-06f5698ffbd9}"/>
    <EventID>5</EventID>
    <Version>3</Version>
    <Level>4</Level>
    <Task>5</Task>
    <Opcode>0</Opcode>
    <Keywords>0x8000000000000000</Keywords>
    <TimeCreated SystemTime="2024-06-11T15:10:00.8132144Z"/>
    <EventRecordID>561970</EventRecordID>
    <Correlation/>
    <Execution ProcessID="1820" ThreadID="3252"/>
    <Channel>Microsoft-Windows-Sysmon/Operational</Channel>
    <Computer>WS-ROKAFOR-01.meridianledger.local</Computer>
    <Security UserID="S-1-5-18"/>
  </System>
  <EventData>
    
    <Data Name="RuleName">-</Data>
    <Data Name="UtcTime">2024-06-11 15:10:00.812</Data>
    <Data Name="ProcessGuid">{d9db6bb6-67de-6668-d400-001027554bc9}</Data>
    <Data Name="ProcessId">7088</Data>
    <Data Name="Image">C:\Windows\System32\dllhost.exe</Data>
    <Data Name="User">NT AUTHORITY\SYSTEM</Data>
    
  </EventData>
</Event>
<Event xmlns="http://schemas.microsoft.com/win/2004/08/events/event">
  <System>
    <Provider Name="Microsoft-Windows-Sysmon" Guid="{5770385f-c22a-43e0-bf4c-06f5698ffbd9}"/>
    <EventID>1</EventID>
    <Version>5</Version>
    <Level>4</Level>
    <Task>1</Task>
    <Opcode>0</Opcode>
    <Keywords>0x8000000000000000</Keywords>
    <TimeCreated SystemTime="2024-06-11T15:10:07.0729566Z"/>
    <EventRecordID>561972</EventRecordID>
    <Correlation/>
    <Execution ProcessID="1820" ThreadID="3252"/>
    <Channel>Microsoft-Windows-Sysmon/Operational</Channel>
    <Computer>WS-ROKAFOR-01.meridianledger.local</Computer>
    <Security UserID="S-1-5-18"/>
  </System>
  <EventData>
    
    <Data Name="RuleName">-</Data>
    <Data Name="UtcTime">2024-06-11 15:10:07.072</Data>
    <Data Name="ProcessGuid">{d9db6bb6-68cf-6668-eb02-0000125552ce}</Data>
    <Data Name="ProcessId">7148</Data>
    <Data Name="Image">C:\Program Files\Dell\CommandUpdate\dcu-cli.exe</Data>
    <Data Name="FileVersion">-</Data>
    <Data Name="Description">-</Data>
    <Data Name="Product">-</Data>
    <Data Name="Company">-</Data>
    <Data Name="OriginalFileName">-</Data>
    <Data Name="CommandLine">dcu-cli.exe /scan -silent</Data>
    <Data Name="CurrentDirectory">C:\Windows\System32\</Data>
    <Data Name="User">NT AUTHORITY\SYSTEM</Data>
    <Data Name="LogonGuid">{00000000-0000-0000-0000-000000000000}</Data>
    <Data Name="LogonId">0x3e7</Data>
    <Data Name="TerminalSessionId">0</Data>
    <Data Name="IntegrityLevel">System</Data>
    <Data Name="Hashes">SHA1=2C17ED766CB73447C10D7439A6B2835C80BC56B7,MD5=C57DBA1A638877C5DB203FCC746D8FFC,SHA256=684D713A9320E3E62544382B7B4C6E4E7962A7E8ECA433290E60AC35A5F090C8,IMPHASH=515A4993474E9F7751F018A9D4C33B19</Data>
    <Data Name="ParentProcessGuid">{d9db6bb6-1b6e-665b-4b02-00006e2b6534}</Data>
    <Data Name="ParentProcessId">4632</Data>
    <Data Name="ParentImage">C:\Windows\System32\taskhostw.exe</Data>
    <Data Name="ParentCommandLine">taskhostw.exe</Data>
    <Data Name="ParentUser">NT AUTHORITY\SYSTEM</Data>
    
  </EventData>
</Event>
<Event xmlns="http://schemas.microsoft.com/win/2004/08/events/event">
  <System>
    <Provider Name="Microsoft-Windows-Sysmon" Guid="{5770385f-c22a-43e0-bf4c-06f5698ffbd9}"/>
    <EventID>10</EventID>
    <Version>3</Version>
    <Level>4</Level>
    <Task>10</Task>
    <Opcode>0</Opcode>
    <Keywords>0x8000000000000000</Keywords>
    <TimeCreated SystemTime="2024-06-11T15:11:38.0733270Z"/>
    <EventRecordID>561975</EventRecordID>
    <Correlation/>
    <Execution ProcessID="1820" ThreadID="2900"/>
    <Channel>Microsoft-Windows-Sysmon/Operational</Channel>
    <Computer>WS-ROKAFOR-01.meridianledger.local</Computer>
    <Security UserID="S-1-5-18"/>
  </System>
  <EventData>
    
    <Data Name="RuleName">-</Data>
    <Data Name="UtcTime">2024-06-11 15:11:38.072</Data>
    <Data Name="SourceProcessGUID">{d9db6bb6-1b6e-665b-4b02-00006e2b6534}</Data>
    <Data Name="SourceProcessId">4632</Data>
    <Data Name="SourceThreadId">7176</Data>
    <Data Name="SourceImage">C:\Windows\System32\taskhostw.exe</Data>
    <Data Name="TargetProcessGUID">{d9db6bb6-1b77-665b-3000-0000d5015eb2}</Data>
    <Data Name="TargetProcessId">4748</Data>
    <Data Name="TargetImage">C:\Windows\System32\RuntimeBroker.exe</Data>
    <Data Name="GrantedAccess">0x1000</Data>
    <Data Name="CallTrace">C:\Windows\SYSTEM32\ntdll.dll+9C72E|C:\Windows\SYSTEM32\KERNELBASE.dll+2CB44|C:\Windows\SYSTEM32\advapi32.dll+4C966</Data>
    <Data Name="SourceUser">NT AUTHORITY\SYSTEM</Data>
    <Data Name="TargetUser">MERIDIANLEDGER\rita.okafor</Data>
    
  </EventData>
</Event>
