<Event xmlns="http://schemas.microsoft.com/win/2004/08/events/event">
  <System>
    <Provider Name="Microsoft-Windows-Sysmon" Guid="{5770385f-c22a-43e0-bf4c-06f5698ffbd9}"/>
    <EventID>5</EventID>
    <Version>3</Version>
    <Level>4</Level>
    <Task>5</Task>
    <Opcode>0</Opcode>
    <Keywords>0x8000000000000000</Keywords>
    <TimeCreated SystemTime="2024-06-11T16:54:55.8769772Z"/>
    <EventRecordID>562326</EventRecordID>
    <Correlation/>
    <Execution ProcessID="1820" ThreadID="2900"/>
    <Channel>Microsoft-Windows-Sysmon/Operational</Channel>
    <Computer>WS-ROKAFOR-01.meridianledger.local</Computer>
    <Security UserID="S-1-5-18"/>
  </System>
  <EventData>
    
    <Data Name="RuleName">-</Data>
    <Data Name="UtcTime">2024-06-11 16:54:55.875</Data>
    <Data Name="ProcessGuid">{d9db6bb6-75ea-6668-ad02-0000d568bff7}</Data>
    <Data Name="ProcessId">8324</Data>
    <Data Name="Image">C:\Windows\System32\WindowsPowerShell\v1.0\powershell.exe</Data>
    <Data Name="User">MERIDIANLEDGER\rita.okafor</Data>
    
  </EventData>
</Event>
<Event xmlns="http://schemas.microsoft.com/win/2004/08/events/event">
  <System>
    <Provider Name="Microsoft-Windows-Sysmon" Guid="{5770385f-c22a-43e0-bf4c-06f5698ffbd9}"/>
    <EventID>5</EventID>
    <Version>3</Version>
    <Level>4</Level>
    <Task>5</Task>
    <Opcode>0</Opcode>
    <Keywords>0x8000000000000000</Keywords>
    <TimeCreated SystemTime="2024-06-11T16:54:56.1225236Z"/>
    <EventRecordID>562327</EventRecordID>
    <Correlation/>
    <Execution ProcessID="1820" ThreadID="2900"/>
    <Channel>Microsoft-Windows-Sysmon/Operational</Channel>
    <Computer>WS-ROKAFOR-01.meridianledger.local</Computer>
    <Security UserID="S-1-5-18"/>
  </System>
  <EventData>
    
    <Data Name="RuleName">-</Data>
    <Data Name="UtcTime">2024-06-11 16:54:56.114</Data>
    <Data Name="ProcessGuid">{d9db6bb6-7543-6668-1700-0000f853b8ad}</Data>
    <Data Name="ProcessId">7916</Data>
    <Data Name="Image">C:\Windows\System32\WindowsPowerShell\v1.0\powershell.exe</Data>
    <Data Name="User">MERIDIANLEDGER\rita.okafor</Data>
    
  </EventData>
</Event>
<Event xmlns="http://schemas.microsoft.com/win/2004/08/events/event">
  <System>
    <Provider Name="Microsoft-Windows-Sysmon" Guid="{5770385f-c22a-43e0-bf4c-06f5698ffbd9}"/>
    <EventID>5</EventID>
    <Version>3</Version>
    <Level>4</Level>
    <Task>5</Task>
    <Opcode>0</Opcode>
    <Keywords>0x8000000000000000</Keywords>
    <TimeCreated SystemTime="2024-06-11T16:54:56.2484799Z"/>
    <EventRecordID>562328</EventRecordID>
    <Correlation/>
    <Execution ProcessID="1820" ThreadID="2900"/>
    <Channel>Microsoft-Windows-Sysmon/Operational</Channel>
    <Computer>WS-ROKAFOR-01.meridianledger.local</Computer>
    <Security UserID="S-1-5-18"/>
  </System>
  <EventData>
    
    <Data Name="RuleName">-</Data>
    <Data Name="UtcTime">2024-06-11 16:54:56.247</Data>
    <Data Name="ProcessGuid">{d9db6bb6-75d4-6668-9602-001052dd049a}</Data>
    <Data Name="ProcessId">8240</Data>
    <Data Name="Image">C:\Windows\System32\WindowsPowerShell\v1.0\powershell.exe</Data>
    <Data Name="User">MERIDIANLEDGER\rita.okafor</Data>
    
  </EventData>
</Event>
<Event xmlns="http://schemas.microsoft.com/win/2004/08/events/event">
  <System>
    <Provider Name="Microsoft-Windows-Sysmon" Guid="{5770385f-c22a-43e0-bf4c-06f5698ffbd9}"/>
    <EventID>5</EventID>
    <Version>3</Version>
    <Level>4</Level>
    <Task>5</Task>
    <Opcode>0</Opcode>
    <Keywords>0x8000000000000000</Keywords>
    <TimeCreated SystemTime="2024-06-11T16:54:56.3942634Z"/>
    <EventRecordID>562329</EventRecordID>
    <Correlation/>
    <Execution ProcessID="1820" ThreadID="2900"/>
    <Channel>Microsoft-Windows-Sysmon/Operational</Channel>
    <Computer>WS-ROKAFOR-01.meridianledger.local</Computer>
    <Security UserID="S-1-5-18"/>
  </System>
  <EventData>
    
    <Data Name="RuleName">-</Data>
    <Data Name="UtcTime">2024-06-11 16:54:56.389</Data>
    <Data Name="ProcessGuid">{d9db6bb6-7512-6668-b400-001058f68503}</Data>
    <Data Name="ProcessId">8280</Data>
    <Data Name="Image">C:\Windows\System32\WindowsPowerShell\v1.0\powershell.exe</Data>
    <Data Name="User">MERIDIANLEDGER\rita.okafor</Data>
    
  </EventData>
</Event>
<Event xmlns="http://schemas.microsoft.com/win/2004/08/events/event">
  <System>
    <Provider Name="Microsoft-Windows-Sysmon" Guid="{5770385f-c22a-43e0-bf4c-06f5698ffbd9}"/>
    <EventID>5</EventID>
    <Version>3</Version>
    <Level>4</Level>
    <Task>5</Task>
    <Opcode>0</Opcode>
    <Keywords>0x8000000000000000</Keywords>
    <TimeCreated SystemTime="2024-06-11T16:54:56.9437241Z"/>
    <EventRecordID>562330</EventRecordID>
    <Correlation/>
    <Execution ProcessID="1820" ThreadID="2900"/>
    <Channel>Microsoft-Windows-Sysmon/Operational</Channel>
    <Computer>WS-ROKAFOR-01.meridianledger.local</Computer>
    <Security UserID="S-1-5-18"/>
  </System>
  <EventData>
    
    <Data Name="RuleName">-</Data>
    <Data Name="UtcTime">2024-06-11 16:54:56.941</Data>
    <Data Name="ProcessGuid">{d9db6bb6-7504-6668-1b00-0010a2c2932c}</Data>
    <Data Name="ProcessId">7792</Data>
    <Data Name="Image">C:\Windows\System32\WindowsPowerShell\v1.0\powershell.exe</Data>
    <Data Name="User">MERIDIANLEDGER\rita.okafor</Data>
    
  </EventData>
</Event>
<Event xmlns="http://schemas.microsoft.com/win/2004/08/events/event">
  <System>
    <Provider Name="Microsoft-Windows-Sysmon" Guid="{5770385f-c22a-43e0-bf4c-06f5698ffbd9}"/>
    <EventID>5</EventID>
    <Version>3</Version>
    <Level>4</Level>
    <Task>5</Task>
    <Opcode>0</Opcode>
    <Keywords>0x8000000000000000</Keywords>
    <TimeCreated SystemTime="2024-06-11T16:54:57.1873427Z"/>
    <EventRecordID>562331</EventRecordID>
    <Correlation/>
    <Execution ProcessID="1820" ThreadID="2152"/>
    <Channel>Microsoft-Windows-Sysmon/Operational</Channel>
    <Computer>WS-ROKAFOR-01.meridianledger.local</Computer>
    <Security UserID="S-1-5-18"/>
  </System>
  <EventData>
    
    <Data Name="RuleName">-</Data>
    <Data Name="UtcTime">2024-06-11 16:54:57.182</Data>
    <Data Name="ProcessGuid">{d9db6bb6-74da-6668-9300-00107f133108}</Data>
    <Data Name="ProcessId">7748</Data>
    <Data Name="Image">C:\Windows\System32\WindowsPowerShell\v1.0\powershell.exe</Data>
    <Data Name="User">MERIDIANLEDGER\rita.okafor</Data>
    
  </EventData>
</Event>
<Event xmlns="http://schemas.microsoft.com/win/2004/08/events/event">
  <System>
    <Provider Name="Microsoft-Windows-Sysmon" Guid="{5770385f-c22a-43e0-bf4c-06f5698ffbd9}"/>
    <EventID>5</EventID>
    <Version>3</Version>
    <Level>4</Level>
    <Task>5</Task>
    <Opcode>0</Opcode>
    <Keywords>0x8000000000000000</Keywords>
    <TimeCreated SystemTime="2024-06-11T16:54:57.2469333Z"/>
    <EventRecordID>562332</EventRecordID>
    <Correlation/>
    <Execution ProcessID="1820" ThreadID="3252"/>
    <Channel>Microsoft-Windows-Sysmon/Operational</Channel>
    <Computer>WS-ROKAFOR-01.meridianledger.local</Computer>
    <Security UserID="S-1-5-18"/>
  </System>
  <EventData>
    
    <Data Name="RuleName">-</Data>
    <Data Name="UtcTime">2024-06-11 16:54:57.245</Data>
    <Data Name="ProcessGuid">{d9db6bb6-74f7-6668-3200-0010f6188bb4}</Data>
    <Data Name="ProcessId">8152</Data>
    <Data Name="Image">C:\Windows\System32\WindowsPowerShell\v1.0\powershell.exe</Data>
    <Data Name="User">MERIDIANLEDGER\rita.okafor</Data>
    
  </EventData>
</Event>
<Event xmlns="http://schemas.microsoft.com/win/2004/08/events/event">
  <System>
    <Provider Name="Microsoft-Windows-Sysmon" Guid="{5770385f-c22a-43e0-bf4c-06f5698ffbd9}"/>
    <EventID>5</EventID>
    <Version>3</Version>
    <Level>4</Level>
    <Task>5</Task>
    <Opcode>0</Opcode>
    <Keywords>0x8000000000000000</Keywords>
    <TimeCreated SystemTime="2024-06-11T16:54:57.4476481Z"/>
    <EventRecordID>562333</EventRecordID>
    <Correlation/>
    <Execution ProcessID="1820" ThreadID="2900"/>
    <Channel>Microsoft-Windows-Sysmon/Operational</Channel>
    <Computer>WS-ROKAFOR-01.meridianledger.local</Computer>
    <Security UserID="S-1-5-18"/>
  </System>
  <EventData>
    
    <Data Name="RuleName">-</Data>
    <Data Name="UtcTime">2024-06-11 16:54:57.445</Data>
    <Data Name="ProcessGuid">{d9db6bb6-7281-6668-2e00-0010c05e8148}</Data>
    <Data Name="ProcessId">7496</Data>
    <Data Name="Image">C:\Windows\System32\WindowsPowerShell\v1.0\powershell.exe</Data>
    <Data Name="User">MERIDIANLEDGER\rita.okafor</Data>
    
  </EventData>
</Event>
<Event xmlns="http://schemas.microsoft.com/win/2004/08/events/event">
  <System>
    <Provider Name="Microsoft-Windows-Sysmon" Guid="{5770385f-c22a-43e0-bf4c-06f5698ffbd9}"/>
    <EventID>5</EventID>
    <Version>3</Version>
    <Level>4</Level>
    <Task>5</Task>
    <Opcode>0</Opcode>
    <Keywords>0x8000000000000000</Keywords>
    <TimeCreated SystemTime="2024-06-11T16:54:57.5360160Z"/>
    <EventRecordID>562334</EventRecordID>
    <Correlation/>
    <Execution ProcessID="1820" ThreadID="2152"/>
    <Channel>Microsoft-Windows-Sysmon/Operational</Channel>
    <Computer>WS-ROKAFOR-01.meridianledger.local</Computer>
    <Security UserID="S-1-5-18"/>
  </System>
  <EventData>
    
    <Data Name="RuleName">-</Data>
    <Data Name="UtcTime">2024-06-11 16:54:57.534</Data>
    <Data Name="ProcessGuid">{d9db6bb6-74d7-6668-a300-0000da6473a2}</Data>
    <Data Name="ProcessId">8384</Data>
    <Data Name="Image">C:\Windows\System32\WindowsPowerShell\v1.0\powershell.exe</Data>
    <Data Name="User">MERIDIANLEDGER\rita.okafor</Data>
    
  </EventData>
</Event>
<Event xmlns="http://schemas.microsoft.com/win/2004/08/events/event">
  <System>
    <Provider Name="Microsoft-Windows-Sysmon" Guid="{5770385f-c22a-43e0-bf4c-06f5698ffbd9}"/>
    <EventID>5</EventID>
    <Version>3</Version>
    <Level>4</Level>
    <Task>5</Task>
    <Opcode>0</Opcode>
    <Keywords>0x8000000000000000</Keywords>
    <TimeCreated SystemTime="2024-06-11T16:54:57.7923959Z"/>
    <EventRecordID>562335</EventRecordID>
    <Correlation/>
    <Execution ProcessID="1820" ThreadID="2900"/>
    <Channel>Microsoft-Windows-Sysmon/Operational</Channel>
    <Computer>WS-ROKAFOR-01.meridianledger.local</Computer>
    <Security UserID="S-1-5-18"/>
  </System>
  <EventData>
    
    <Data Name="RuleName">-</Data>
    <Data Name="UtcTime">2024-06-11 16:54:57.791</Data>
    <Data Name="ProcessGuid">{d9db6bb6-722e-6668-8002-0010e7ffd07b}</Data>
    <Data Name="ProcessId">7240</Data>
    <Data Name="Image">C:\Windows\System32\WindowsPowerShell\v1.0\powershell.exe</Data>
    <Data Name="User">MERIDIANLEDGER\rita.okafor</Data>
    
  </EventData>
</Event>
<Event xmlns="http://schemas.microsoft.com/win/2004/08/events/event">
  <System>
    <Provider Name="Microsoft-Windows-Sysmon" Guid="{5770385f-c22a-43e0-bf4c-06f5698ffbd9}"/>
    <EventID>5</EventID>
    <Version>3</Version>
    <Level>4</Level>
    <Task>5</Task>
    <Opcode>0</Opcode>
    <Keywords>0x8000000000000000</Keywords>
    <TimeCreated SystemTime="2024-06-11T16:54:58.3920435Z"/>
    <EventRecordID>562336</EventRecordID>
    <Correlation/>
    <Execution ProcessID="1820" ThreadID="2788"/>
    <Channel>Microsoft-Windows-Sysmon/Operational</Channel>
    <Computer>WS-ROKAFOR-01.meridianledger.local</Computer>
    <Security UserID="S-1-5-18"/>
  </System>
  <EventData>
    
    <Data Name="RuleName">-</Data>
    <Data Name="UtcTime">2024-06-11 16:54:58.390</Data>
    <Data Name="ProcessGuid">{d9db6bb6-71d3-6668-7f02-001082218ec4}</Data>
    <Data Name="ProcessId">7200</Data>
    <Data Name="Image">C:\Windows\System32\WindowsPowerShell\v1.0\powershell.exe</Data>
    <Data Name="User">MERIDIANLEDGER\rita.okafor</Data>
    
  </EventData>
</Event>
<Event xmlns="http://schemas.microsoft.com/win/2004/08/events/event">
  <System>
    <Provider Name="Microsoft-Windows-Sysmon" Guid="{5770385f-c22a-43e0-bf4c-06f5698ffbd9}"/>
    <EventID>5</EventID>
    <Version>3</Version>
    <Level>4</Level>
    <Task>5</Task>
    <Opcode>0</Opcode>
    <Keywords>0x8000000000000000</Keywords>
    <TimeCreated SystemTime="2024-06-11T16:54:58.4619770Z"/>
    <EventRecordID>562337</EventRecordID>
    <Correlation/>
    <Execution ProcessID="1820" ThreadID="2900"/>
    <Channel>Microsoft-Windows-Sysmon/Operational</Channel>
    <Computer>WS-ROKAFOR-01.meridianledger.local</Computer>
    <Security UserID="S-1-5-18"/>
  </System>
  <EventData>
    
    <Data Name="RuleName">-</Data>
    <Data Name="UtcTime">2024-06-11 16:54:58.460</Data>
    <Data Name="ProcessGuid">{d9db6bb6-721c-6668-c900-0010b628f937}</Data>
    <Data Name="ProcessId">7160</Data>
    <Data Name="Image">C:\Windows\System32\WindowsPowerShell\v1.0\powershell.exe</Data>
    <Data Name="User">MERIDIANLEDGER\rita.okafor</Data>
    
  </EventData>
</Event>
<Event xmlns="http://schemas.microsoft.com/win/2004/08/events/event">
  <System>
    <Provider Name="Microsoft-Windows-Sysmon" Guid="{5770385f-c22a-43e0-bf4c-06f5698ffbd9}"/>
    <EventID>5</EventID>
    <Version>3</Version>
    <Level>4</Level>
    <Task>5</Task>
    <Opcode>0</Opcode>
    <Keywords>0x8000000000000000</Keywords>
    <TimeCreated SystemTime="2024-06-11T16:54:58.9325470Z"/>
    <EventRecordID>562338</EventRecordID>
    <Correlation/>
    <Execution ProcessID="1820" ThreadID="2900"/>
    <Channel>Microsoft-Windows-Sysmon/Operational</Channel>
    <Computer>WS-ROKAFOR-01.meridianledger.local</Computer>
    <Security UserID="S-1-5-18"/>
  </System>
  <EventData>
    
    <Data Name="RuleName">-</Data>
    <Data Name="UtcTime">2024-06-11 16:54:58.926</Data>
    <Data Name="ProcessGuid">{d9db6bb6-7190-6668-6e02-001084be3dd5}</Data>
    <Data Name="ProcessId">7444</Data>
    <Data Name="Image">C:\Windows\System32\WindowsPowerShell\v1.0\powershell.exe</Data>
    <Data Name="User">MERIDIANLEDGER\rita.okafor</Data>
    
  </EventData>
</Event>
<Event xmlns="http://schemas.microsoft.com/win/2004/08/events/event">
  <System>
    <Provider Name="Microsoft-Windows-Sysmon" Guid="{5770385f-c22a-43e0-bf4c-06f5698ffbd9}"/>
    <EventID>5</EventID>
    <Version>3</Version>
    <Level>4</Level>
    <Task>5</Task>
    <Opcode>0</Opcode>
    <Keywords>0x8000000000000000</Keywords>
    <TimeCreated SystemTime="2024-06-11T16:54:59.0764126Z"/>
    <EventRecordID>562339</EventRecordID>
    <Correlation/>
    <Execution ProcessID="1820" ThreadID="4204"/>
    <Channel>Microsoft-Windows-Sysmon/Operational</Channel>
    <Computer>WS-ROKAFOR-01.meridianledger.local</Computer>
    <Security UserID="S-1-5-18"/>
  </System>
  <EventData>
    
    <Data Name="RuleName">-</Data>
    <Data Name="UtcTime">2024-06-11 16:54:59.075</Data>
    <Data Name="ProcessGuid">{d9db6bb6-7142-6668-8a02-0010405b8659}</Data>
    <Data Name="ProcessId">7340</Data>
    <Data Name="Image">C:\Windows\System32\WindowsPowerShell\v1.0\powershell.exe</Data>
    <Data Name="User">MERIDIANLEDGER\rita.okafor</Data>
    
  </EventData>
</Event>
<Event xmlns="http://schemas.microsoft.com/win/2004/08/events/event">
  <System>
    <Provider Name="Microsoft-Windows-Sysmon" Guid="{5770385f-c22a-43e0-bf4c-06f5698ffbd9}"/>
    <EventID>5</EventID>
    <Version>3</Version>
    <Level>4</Level>
    <Task>5</Task>
    <Opcode>0</Opcode>
    <Keywords>0x8000000000000000</Keywords>
    <TimeCreated SystemTime="2024-06-11T16:54:59.4822915Z"/>
    <EventRecordID>562340</EventRecordID>
    <Correlation/>
    <Execution ProcessID="1820" ThreadID="4204"/>
    <Channel>Microsoft-Windows-Sysmon/Operational</Channel>
    <Computer>WS-ROKAFOR-01.meridianledger.local</Computer>
    <Security UserID="S-1-5-18"/>
  </System>
  <EventData>
    
    <Data Name="RuleName">-</Data>
    <Data Name="UtcTime">2024-06-11 16:54:59.481</Data>
    <Data Name="ProcessGuid">{d9db6bb6-70f0-6668-db00-001019d5d5f8}</Data>
    <Data Name="ProcessId">7388</Data>
    <Data Name="Image">C:\Windows\System32\WindowsPowerShell\v1.0\powershell.exe</Data>
    <Data Name="User">MERIDIANLEDGER\rita.okafor</Data>
    
  </EventData>
</Event>
<Event xmlns="http://schemas.microsoft.com/win/2004/08/events/event">
  <System>
    <Provider Name="Microsoft-Windows-Sysmon" Guid="{5770385f-c22a-43e0-bf4c-06f5698ffbd9}"/>
    <EventID>5</EventID>
    <Version>3</Version>
    <Level>4</Level>
    <Task>5</Task>
    <Opcode>0</Opcode>
    <Keywords>0x8000000000000000</Keywords>
    <TimeCreated SystemTime="2024-06-11T16:54:59.9153433Z"/>
    <EventRecordID>562341</EventRecordID>
    <Correlation/>
    <Execution ProcessID="1820" ThreadID="3252"/>
    <Channel>Microsoft-Windows-Sysmon/Operational</Channel>
    <Computer>WS-ROKAFOR-01.meridianledger.local</Computer>
    <Security UserID="S-1-5-18"/>
  </System>
  <EventData>
    
    <Data Name="RuleName">-</Data>
    <Data Name="UtcTime">2024-06-11 16:54:59.914</Data>
    <Data Name="ProcessGuid">{d9db6bb6-70da-6668-fd00-000048b8f9b9}</Data>
    <Data Name="ProcessId">7408</Data>
    <Data Name="Image">C:\Windows\System32\WindowsPowerShell\v1.0\powershell.exe</Data>
    <Data Name="User">MERIDIANLEDGER\rita.okafor</Data>
    
  </EventData>
</Event>
<Event xmlns="http://schemas.microsoft.com/win/2004/08/events/event">
  <System>
    <Provider Name="Microsoft-Windows-Sysmon" Guid="{5770385f-c22a-43e0-bf4c-06f5698ffbd9}"/>
    <EventID>5</EventID>
    <Version>3</Version>
    <Level>4</Level>
    <Task>5</Task>
    <Opcode>0</Opcode>
    <Keywords>0x8000000000000000</Keywords>
    <TimeCreated SystemTime="2024-06-11T16:55:00.5516987Z"/>
    <EventRecordID>562342</EventRecordID>
    <Correlation/>
    <Execution ProcessID="1820" ThreadID="3252"/>
    <Channel>Microsoft-Windows-Sysmon/Operational</Channel>
    <Computer>WS-ROKAFOR-01.meridianledger.local</Computer>
    <Security UserID="S-1-5-18"/>
  </System>
  <EventData>
    
    <Data Name="RuleName">-</Data>
    <Data Name="UtcTime">2024-06-11 16:55:00.549</Data>
    <Data Name="ProcessGuid">{d9db6bb6-6df8-6668-aa02-0010028b63d4}</Data>
    <Data Name="ProcessId">7020</Data>
    <Data Name="Image">C:\Program Files (x86)\Citrix\ICA Client\SelfServicePlugin\SelfService.exe</Data>
    <Data Name="User">MERIDIANLEDGER\rita.okafor</Data>
    
  </EventData>
</Event>
<Event xmlns="http://schemas.microsoft.com/win/2004/08/events/event">
  <System>
    <Provider Name="Microsoft-Windows-Sysmon" Guid="{5770385f-c22a-43e0-bf4c-06f5698ffbd9}"/>
    <EventID>5</EventID>
    <Version>3</Version>
    <Level>4</Level>
    <Task>5</Task>
    <Opcode>0</Opcode>
    <Keywords>0x8000000000000000</Keywords>
    <TimeCreated SystemTime="2024-06-11T16:55:00.5912975Z"/>
    <EventRecordID>562343</EventRecordID>
    <Correlation/>
    <Execution ProcessID="1820" ThreadID="2152"/>
    <Channel>Microsoft-Windows-Sysmon/Operational</Channel>
    <Computer>WS-ROKAFOR-01.meridianledger.local</Computer>
    <Security UserID="S-1-5-18"/>
  </System>
  <EventData>
    
    <Data Name="RuleName">-</Data>
    <Data Name="UtcTime">2024-06-11 16:55:00.590</Data>
    <Data Name="ProcessGuid">{d9db6bb6-6f22-6668-3302-0000ea76e23b}</Data>
    <Data Name="ProcessId">7028</Data>
    <Data Name="Image">C:\Program Files\Zscaler\ZSATray\ZSATray.exe</Data>
    <Data Name="User">MERIDIANLEDGER\rita.okafor</Data>
    
  </EventData>
</Event>
<Event xmlns="http://schemas.microsoft.com/win/2004/08/events/event">
  <System>
    <Provider Name="Microsoft-Windows-Sysmon" Guid="{5770385f-c22a-43e0-bf4c-06f5698ffbd9}"/>
    <EventID>5</EventID>
    <Version>3</Version>
    <Level>4</Level>
    <Task>5</Task>
    <Opcode>0</Opcode>
    <Keywords>0x8000000000000000</Keywords>
    <TimeCreated SystemTime="2024-06-11T16:55:00.8480917Z"/>
    <EventRecordID>562344</EventRecordID>
    <Correlation/>
    <Execution ProcessID="1820" ThreadID="3252"/>
    <Channel>Microsoft-Windows-Sysmon/Operational</Channel>
    <Computer>WS-ROKAFOR-01.meridianledger.local</Computer>
    <Security UserID="S-1-5-18"/>
  </System>
  <EventData>
    
    <Data Name="RuleName">-</Data>
    <Data Name="UtcTime">2024-06-11 16:55:00.847</Data>
    <Data Name="ProcessGuid">{d9db6bb6-6df2-6668-8c00-00108f26ef17}</Data>
    <Data Name="ProcessId">7024</Data>
    <Data Name="Image">C:\Program Files\Mozilla Firefox\firefox.exe</Data>
    <Data Name="User">MERIDIANLEDGER\rita.okafor</Data>
    
  </EventData>
</Event>
<Event xmlns="http://schemas.microsoft.com/win/2004/08/events/event">
  <System>
    <Provider Name="Microsoft-Windows-Sysmon" Guid="{5770385f-c22a-43e0-bf4c-06f5698ffbd9}"/>
    <EventID>5</EventID>
    <Version>3</Version>
    <Level>4</Level>
    <Task>5</Task>
    <Opcode>0</Opcode>
    <Keywords>0x8000000000000000</Keywords>
    <TimeCreated SystemTime="2024-06-11T16:55:00.8921847Z"/>
    <EventRecordID>562345</EventRecordID>
    <Correlation/>
    <Execution ProcessID="1820" ThreadID="3252"/>
    <Channel>Microsoft-Windows-Sysmon/Operational</Channel>
    <Computer>WS-ROKAFOR-01.meridianledger.local</Computer>
    <Security UserID="S-1-5-18"/>
  </System>
  <EventData>
    
    <Data Name="RuleName">-</Data>
    <Data Name="UtcTime">2024-06-11 16:55:00.891</Data>
    <Data Name="ProcessGuid">{d9db6bb6-672c-6668-1a00-0000b7a54607}</Data>
    <Data Name="ProcessId">7284</Data>
    <Data Name="Image">C:\Windows\System32\WindowsPowerShell\v1.0\powershell.exe</Data>
    <Data Name="User">MERIDIANLEDGER\rita.okafor</Data>
    
  </EventData>
</Event>
<Event xmlns="http://schemas.microsoft.com/win/2004/08/events/event">
  <System>
    <Provider Name="Microsoft-Windows-Sysmon" Guid="{5770385f-c22a-43e0-bf4c-06f5698ffbd9}"/>
    <EventID>5</EventID>
    <Version>3</Version>
    <Level>4</Level>
    <Task>5</Task>
    <Opcode>0</Opcode>
    <Keywords>0x8000000000000000</Keywords>
    <TimeCreated SystemTime="2024-06-11T16:55:01.2052628Z"/>
    <EventRecordID>562346</EventRecordID>
    <Correlation/>
    <Execution ProcessID="1820" ThreadID="3252"/>
    <Channel>Microsoft-Windows-Sysmon/Operational</Channel>
    <Computer>WS-ROKAFOR-01.meridianledger.local</Computer>
    <Security UserID="S-1-5-18"/>
  </System>
  <EventData>
    
    <Data Name="RuleName">-</Data>
    <Data Name="UtcTime">2024-06-11 16:55:01.204</Data>
    <Data Name="ProcessGuid">{d9db6bb6-6c42-6668-a500-0000723b47d0}</Data>
    <Data Name="ProcessId">7152</Data>
    <Data Name="Image">C:\Program Files\Mozilla Firefox\firefox.exe</Data>
    <Data Name="User">MERIDIANLEDGER\rita.okafor</Data>
    
  </EventData>
</Event>
<Event xmlns="http://schemas.microsoft.com/win/2004/08/events/event">
  <System>
    <Provider Name="Microsoft-Windows-Sysmon" Guid="{5770385f-c22a-43e0-bf4c-06f5698ffbd9}"/>
    <EventID>5</EventID>
    <Version>3</Version>
    <Level>4</Level>
    <Task>5</Task>
    <Opcode>0</Opcode>
    <Keywords>0x8000000000000000</Keywords>
    <TimeCreated SystemTime="2024-06-11T16:55:01.2104531Z"/>
    <EventRecordID>562347</EventRecordID>
    <Correlation/>
    <Execution ProcessID="1820" ThreadID="3252"/>
    <Channel>Microsoft-Windows-Sysmon/Operational</Channel>
    <Computer>WS-ROKAFOR-01.meridianledger.local</Computer>
    <Security UserID="S-1-5-18"/>
  </System>
  <EventData>
    
    <Data Name="RuleName">-</Data>
    <Data Name="UtcTime">2024-06-11 16:55:01.208</Data>
    <Data Name="ProcessGuid">{d9db6bb6-6599-6668-a200-00004d9e7e8e}</Data>
    <Data Name="ProcessId">6892</Data>
    <Data Name="Image">C:\Windows\System32\WindowsPowerShell\v1.0\powershell.exe</Data>
    <Data Name="User">MERIDIANLEDGER\rita.okafor</Data>
    
  </EventData>
</Event>
<Event xmlns="http://schemas.microsoft.com/win/2004/08/events/event">
  <System>
    <Provider Name="Microsoft-Windows-Sysmon" Guid="{5770385f-c22a-43e0-bf4c-06f5698ffbd9}"/>
    <EventID>5</EventID>
    <Version>3</Version>
    <Level>4</Level>
    <Task>5</Task>
    <Opcode>0</Opcode>
    <Keywords>0x8000000000000000</Keywords>
    <TimeCreated SystemTime="2024-06-11T16:55:01.2980238Z"/>
    <EventRecordID>562348</EventRecordID>
    <Correlation/>
    <Execution ProcessID="1820" ThreadID="2788"/>
    <Channel>Microsoft-Windows-Sysmon/Operational</Channel>
    <Computer>WS-ROKAFOR-01.meridianledger.local</Computer>
    <Security UserID="S-1-5-18"/>
  </System>
  <EventData>
    
    <Data Name="RuleName">-</Data>
    <Data Name="UtcTime">2024-06-11 16:55:01.297</Data>
    <Data Name="ProcessGuid">{d9db6bb6-6595-6668-6b00-0000a33215e5}</Data>
    <Data Name="ProcessId">7012</Data>
    <Data Name="Image">C:\Windows\System32\WindowsPowerShell\v1.0\powershell.exe</Data>
    <Data Name="User">MERIDIANLEDGER\rita.okafor</Data>
    
  </EventData>
</Event>
<Event xmlns="http://schemas.microsoft.com/win/2004/08/events/event">
  <System>
    <Provider Name="Microsoft-Windows-Sysmon" Guid="{5770385f-c22a-43e0-bf4c-06f5698ffbd9}"/>
    <EventID>5</EventID>
    <Version>3</Version>
    <Level>4</Level>
    <Task>5</Task>
    <Opcode>0</Opcode>
    <Keywords>0x8000000000000000</Keywords>
    <TimeCreated SystemTime="2024-06-11T16:55:01.7032866Z"/>
    <EventRecordID>562349</EventRecordID>
    <Correlation/>
    <Execution ProcessID="1820" ThreadID="2900"/>
    <Channel>Microsoft-Windows-Sysmon/Operational</Channel>
    <Computer>WS-ROKAFOR-01.meridianledger.local</Computer>
    <Security UserID="S-1-5-18"/>
  </System>
  <EventData>
    
    <Data Name="RuleName">-</Data>
    <Data Name="UtcTime">2024-06-11 16:55:01.701</Data>
    <Data Name="ProcessGuid">{d9db6bb6-64fa-6668-8502-0000f2ef3890}</Data>
    <Data Name="ProcessId">6844</Data>
    <Data Name="Image">C:\Windows\System32\WindowsPowerShell\v1.0\powershell.exe</Data>
    <Data Name="User">MERIDIANLEDGER\rita.okafor</Data>
    
  </EventData>
</Event>
<Event xmlns="http://schemas.microsoft.com/win/2004/08/events/event">
  <System>
    <Provider Name="Microsoft-Windows-Sysmon" Guid="{5770385f-c22a-43e0-bf4c-06f5698ffbd9}"/>
    <EventID>5</EventID>
    <Version>3</Version>
    <Level>4</Level>
    <Task>5</Task>
    <Opcode>0</Opcode>
    <Keywords>0x8000000000000000</Keywords>
    <TimeCreated SystemTime="2024-06-11T16:55:01.9646738Z"/>
    <EventRecordID>562350</EventRecordID>
    <Correlation/>
    <Execution ProcessID="1820" ThreadID="3252"/>
    <Channel>Microsoft-Windows-Sysmon/Operational</Channel>
    <Computer>WS-ROKAFOR-01.meridianledger.local</Computer>
    <Security UserID="S-1-5-18"/>
  </System>
  <EventData>
    
    <Data Name="RuleName">-</Data>
    <Data Name="UtcTime">2024-06-11 16:55:01.963</Data>
    <Data Name="ProcessGuid">{d9db6bb6-62d7-6668-f802-001055dfd6c2}</Data>
    <Data Name="ProcessId">6820</Data>
    <Data Name="Image">C:\Windows\System32\mstsc.exe</Data>
    <Data Name="User">MERIDIANLEDGER\rita.okafor</Data>
    
  </EventData>
</Event>
<Event xmlns="http://schemas.microsoft.com/win/2004/08/events/event">
  <System>
    <Provider Name="Microsoft-Windows-Sysmon" Guid="{5770385f-c22a-43e0-bf4c-06f5698ffbd9}"/>
    <EventID>5</EventID>
    <Version>3</Version>
    <Level>4</Level>
    <Task>5</Task>
    <Opcode>0</Opcode>
    <Keywords>0x8000000000000000</Keywords>
    <TimeCreated SystemTime="2024-06-11T16:55:01.9693228Z"/>
    <EventRecordID>562351</EventRecordID>
    <Correlation/>
    <Execution ProcessID="1820" ThreadID="2152"/>
    <Channel>Microsoft-Windows-Sysmon/Operational</Channel>
    <Computer>WS-ROKAFOR-01.meridianledger.local</Computer>
    <Security UserID="S-1-5-18"/>
  </System>
  <EventData>
    
    <Data Name="RuleName">-</Data>
    <Data Name="UtcTime">2024-06-11 16:55:01.966</Data>
    <Data Name="ProcessGuid">{d9db6bb6-62d5-6668-6b02-00009b7a1a07}</Data>
    <Data Name="ProcessId">6800</Data>
    <Data Name="Image">C:\Windows\explorer.exe</Data>
    <Data Name="User">MERIDIANLEDGER\rita.okafor</Data>
    
  </EventData>
</Event>
<Event xmlns="http://schemas.microsoft.com/win/2004/08/events/event">
  <System>
    <Provider Name="Microsoft-Windows-Sysmon" Guid="{5770385f-c22a-43e0-bf4c-06f5698ffbd9}"/>
    <EventID>5</EventID>
    <Version>3</Version>
    <Level>4</Level>
    <Task>5</Task>
    <Opcode>0</Opcode>
    <Keywords>0x8000000000000000</Keywords>
    <TimeCreated SystemTime="2024-06-11T16:55:02.3776618Z"/>
    <EventRecordID>562352</EventRecordID>
    <Correlation/>
    <Execution ProcessID="1820" ThreadID="3252"/>
    <Channel>Microsoft-Windows-Sysmon/Operational</Channel>
    <Computer>WS-ROKAFOR-01.meridianledger.local</Computer>
    <Security UserID="S-1-5-18"/>
  </System>
  <EventData>
    
    <Data Name="RuleName">-</Data>
    <Data Name="UtcTime">2024-06-11 16:55:02.376</Data>
    <Data Name="ProcessGuid">{d9db6bb6-62d3-6668-6d00-00100d099b49}</Data>
    <Data Name="ProcessId">6752</Data>
    <Data Name="Image">C:\Windows\System32\winlogon.exe</Data>
    <Data Name="User">NT AUTHORITY\SYSTEM</Data>
    
  </EventData>
</Event>
<Event xmlns="http://schemas.microsoft.com/win/2004/08/events/event">
  <System>
    <Provider Name="Microsoft-Windows-Sysmon" Guid="{5770385f-c22a-43e0-bf4c-06f5698ffbd9}"/>
    <EventID>5</EventID>
    <Version>3</Version>
    <Level>4</Level>
    <Task>5</Task>
    <Opcode>0</Opcode>
    <Keywords>0x8000000000000000</Keywords>
    <TimeCreated SystemTime="2024-06-11T16:55:19.0194059Z"/>
    <EventRecordID>562354</EventRecordID>
    <Correlation/>
    <Execution ProcessID="1820" ThreadID="3252"/>
    <Channel>Microsoft-Windows-Sysmon/Operational</Channel>
    <Computer>WS-ROKAFOR-01.meridianledger.local</Computer>
    <Security UserID="S-1-5-18"/>
  </System>
  <EventData>
    
    <Data Name="RuleName">-</Data>
    <Data Name="UtcTime">2024-06-11 16:55:19.011</Data>
    <Data Name="ProcessGuid">{d9db6bb6-70d8-6668-c600-0010309cd2a8}</Data>
    <Data Name="ProcessId">7376</Data>
    <Data Name="Image">C:\Windows\System32\WindowsPowerShell\v1.0\powershell.exe</Data>
    <Data Name="User">MERIDIANLEDGER\rita.okafor</Data>
    
  </EventData>
</Event>
</Events>
