<Event xmlns="http://schemas.microsoft.com/win/2004/08/events/event">
  <System>
    <Provider Name="Microsoft-Windows-Sysmon" Guid="{5770385f-c22a-43e0-bf4c-06f5698ffbd9}"/>
    <EventID>1</EventID>
    <Version>5</Version>
    <Level>4</Level>
    <Task>1</Task>
    <Opcode>0</Opcode>
    <Keywords>0x8000000000000000</Keywords>
    <TimeCreated SystemTime="2024-06-11T14:12:23.1013557Z"/>
    <EventRecordID>561751</EventRecordID>
    <Correlation/>
    <Execution ProcessID="1820" ThreadID="2788"/>
    <Channel>Microsoft-Windows-Sysmon/Operational</Channel>
    <Computer>WS-ROKAFOR-01.meridianledger.local</Computer>
    <Security UserID="S-1-5-18"/>
  </System>
  <EventData>
    
    <Data Name="RuleName">-</Data>
    <Data Name="UtcTime">2024-06-11 14:12:23.098</Data>
    <Data Name="ProcessGuid">{d9db6bb6-5b47-6668-2a02-00005a61ace0}</Data>
    <Data Name="ProcessId">6520</Data>
    <Data Name="Image">C:\Program Files\Microsoft VS Code\Code.exe</Data>
    <Data Name="FileVersion">1.89.1</Data>
    <Data Name="Description">Visual Studio Code</Data>
    <Data Name="Product">Visual Studio Code</Data>
    <Data Name="Company">Microsoft Corporation</Data>
    <Data Name="OriginalFileName">Code.exe</Data>
    <Data Name="CommandLine">"C:\Program Files\Microsoft VS Code\Code.exe" --unity-launch</Data>
    <Data Name="CurrentDirectory">C:\Program Files\Microsoft VS Code\</Data>
    <Data Name="User">MERIDIANLEDGER\rita.okafor</Data>
    <Data Name="LogonGuid">{00000000-0000-0000-0000-000000000000}</Data>
    <Data Name="LogonId">0x805a3d9</Data>
    <Data Name="TerminalSessionId">3</Data>
    <Data Name="IntegrityLevel">Medium</Data>
    <Data Name="Hashes">SHA1=6CE5F46F17037740DC511688AFAA7AC7BDC55D05,MD5=CBF9239AFE9D81DA62930946285A40AC,SHA256=86BFD727077E08FEB635B06A7B0B30080D6781BEC4F0559E9D5F6A5CD7C1F5B6,IMPHASH=9DE7634458F883D17FFB2D4B60B613DE</Data>
    <Data Name="ParentProcessGuid">{d9db6bb6-48fe-6668-de02-001021b08105}</Data>
    <Data Name="ParentProcessId">5460</Data>
    <Data Name="ParentImage">C:\Windows\explorer.exe</Data>
    <Data Name="ParentCommandLine">explorer.exe</Data>
    <Data Name="ParentUser">MERIDIANLEDGER\rita.okafor</Data>
    
  </EventData>
</Event>
<Event xmlns="http://schemas.microsoft.com/win/2004/08/events/event">
  <System>
    <Provider Name="Microsoft-Windows-Sysmon" Guid="{5770385f-c22a-43e0-bf4c-06f5698ffbd9}"/>
    <EventID>1</EventID>
    <Version>5</Version>
    <Level>4</Level>
    <Task>1</Task>
    <Opcode>0</Opcode>
    <Keywords>0x8000000000000000</Keywords>
    <TimeCreated SystemTime="2024-06-11T14:14:34.3416047Z"/>
    <EventRecordID>561756</EventRecordID>
    <Correlation/>
    <Execution ProcessID="1820" ThreadID="4204"/>
    <Channel>Microsoft-Windows-Sysmon/Operational</Channel>
    <Computer>WS-ROKAFOR-01.meridianledger.local</Computer>
    <Security UserID="S-1-5-18"/>
  </System>
  <EventData>
    
    <Data Name="RuleName">-</Data>
    <Data Name="UtcTime">2024-06-11 14:14:34.341</Data>
    <Data Name="ProcessGuid">{d9db6bb6-5bca-6668-8800-0010c18e28c1}</Data>
    <Data Name="ProcessId">6548</Data>
    <Data Name="Image">C:\Windows\System32\gpupdate.exe</Data>
    <Data Name="FileVersion">10.0.22621.1</Data>
    <Data Name="Description">Microsoft Group Policy Update Utility</Data>
    <Data Name="Product">Microsoft Windows</Data>
    <Data Name="Company">Microsoft Corporation</Data>
    <Data Name="OriginalFileName">GPUpdate.exe</Data>
    <Data Name="CommandLine">gpupdate.exe /target:computer</Data>
    <Data Name="CurrentDirectory">C:\Windows\System32\</Data>
    <Data Name="User">MERIDIANLEDGER\rita.okafor</Data>
    <Data Name="LogonGuid">{00000000-0000-0000-0000-000000000000}</Data>
    <Data Name="LogonId">0x805a3d9</Data>
    <Data Name="TerminalSessionId">3</Data>
    <Data Name="IntegrityLevel">Medium</Data>
    <Data Name="Hashes">SHA1=32CFBB56DC8CC2863ED56E3E7BACCEA0B5002BD4,MD5=05E23A0CD9F0DE360AF39F2DF0C41762,SHA256=D605CF53B446BBF17DB355600E1BE97DDC8161D4FA42E1B7EB3F783C1362153F,IMPHASH=29FC0238333C0ACBB4F163B61A8B5895</Data>
    <Data Name="ParentProcessGuid">{d9db6bb6-52d9-6668-d702-0010d4bcc77a}</Data>
    <Data Name="ParentProcessId">6476</Data>
    <Data Name="ParentImage">C:\Windows\System32\WindowsPowerShell\v1.0\powershell.exe</Data>
    <Data Name="ParentCommandLine">powershell.exe</Data>
    <Data Name="ParentUser">MERIDIANLEDGER\rita.okafor</Data>
    
  </EventData>
</Event>
<Event xmlns="http://schemas.microsoft.com/win/2004/08/events/event">
  <System>
    <Provider Name="Microsoft-Windows-Sysmon" Guid="{5770385f-c22a-43e0-bf4c-06f5698ffbd9}"/>
    <EventID>5</EventID>
    <Version>3</Version>
    <Level>4</Level>
    <Task>5</Task>
    <Opcode>0</Opcode>
    <Keywords>0x8000000000000000</Keywords>
    <TimeCreated SystemTime="2024-06-11T14:14:40.6356955Z"/>
    <EventRecordID>561758</EventRecordID>
    <Correlation/>
    <Execution ProcessID="1820" ThreadID="2900"/>
    <Channel>Microsoft-Windows-Sysmon/Operational</Channel>
    <Computer>WS-ROKAFOR-01.meridianledger.local</Computer>
    <Security UserID="S-1-5-18"/>
  </System>
  <EventData>
    
    <Data Name="RuleName">-</Data>
    <Data Name="UtcTime">2024-06-11 14:14:40.632</Data>
    <Data Name="ProcessGuid">{d9db6bb6-5bca-6668-8800-0010c18e28c1}</Data>
    <Data Name="ProcessId">6548</Data>
    <Data Name="Image">C:\Windows\System32\gpupdate.exe</Data>
    <Data Name="User">MERIDIANLEDGER\rita.okafor</Data>
    
  </EventData>
</Event>
<Event xmlns="http://schemas.microsoft.com/win/2004/08/events/event">
  <System>
    <Provider Name="Microsoft-Windows-Sysmon" Guid="{5770385f-c22a-43e0-bf4c-06f5698ffbd9}"/>
    <EventID>1</EventID>
    <Version>5</Version>
    <Level>4</Level>
    <Task>1</Task>
    <Opcode>0</Opcode>
    <Keywords>0x8000000000000000</Keywords>
    <TimeCreated SystemTime="2024-06-11T14:14:45.3490926Z"/>
    <EventRecordID>561759</EventRecordID>
    <Correlation/>
    <Execution ProcessID="1820" ThreadID="2152"/>
    <Channel>Microsoft-Windows-Sysmon/Operational</Channel>
    <Computer>WS-ROKAFOR-01.meridianledger.local</Computer>
    <Security UserID="S-1-5-18"/>
  </System>
  <EventData>
    
    <Data Name="RuleName">-</Data>
    <Data Name="UtcTime">2024-06-11 14:14:45.345</Data>
    <Data Name="ProcessGuid">{d9db6bb6-5bd5-6668-f200-0000879208e8}</Data>
    <Data Name="ProcessId">6580</Data>
    <Data Name="Image">C:\Windows\System32\sihost.exe</Data>
    <Data Name="FileVersion">10.0.22621.1</Data>
    <Data Name="Description">Shell Infrastructure Host</Data>
    <Data Name="Product">Microsoft Windows Operating System</Data>
    <Data Name="Company">Microsoft Corporation</Data>
    <Data Name="OriginalFileName">sihost.exe</Data>
    <Data Name="CommandLine">sihost.exe</Data>
    <Data Name="CurrentDirectory">C:\Windows\System32\</Data>
    <Data Name="User">MERIDIANLEDGER\rita.okafor</Data>
    <Data Name="LogonGuid">{00000000-0000-0000-0000-000000000000}</Data>
    <Data Name="LogonId">0x805a3d9</Data>
    <Data Name="TerminalSessionId">3</Data>
    <Data Name="IntegrityLevel">Medium</Data>
    <Data Name="Hashes">SHA1=1C4984F5A9AE0260D570689CA5DC4C3935D8CF68,MD5=A0C28037D56BCE35CEAC063B5762C1E3,SHA256=9810F429DB24DA2E2D78507E47220BEE7D715E4358600963F153CB4A033F3673,IMPHASH=34732A5FE33796D9C0FBA512A127EAD9</Data>
    <Data Name="ParentProcessGuid">{d9db6bb6-1b59-665b-fd02-00006012bd33}</Data>
    <Data Name="ParentProcessId">4400</Data>
    <Data Name="ParentImage">C:\Windows\System32\svchost.exe</Data>
    <Data Name="ParentCommandLine">svchost.exe -k DcomLaunch</Data>
    <Data Name="ParentUser">NT AUTHORITY\SYSTEM</Data>
    
  </EventData>
</Event>
<Event xmlns="http://schemas.microsoft.com/win/2004/08/events/event">
  <System>
    <Provider Name="Microsoft-Windows-Sysmon" Guid="{5770385f-c22a-43e0-bf4c-06f5698ffbd9}"/>
    <EventID>1</EventID>
    <Version>5</Version>
    <Level>4</Level>
    <Task>1</Task>
    <Opcode>0</Opcode>
    <Keywords>0x8000000000000000</Keywords>
    <TimeCreated SystemTime="2024-06-11T14:14:55.3378868Z"/>
    <EventRecordID>561760</EventRecordID>
    <Correlation/>
    <Execution ProcessID="1820" ThreadID="2152"/>
    <Channel>Microsoft-Windows-Sysmon/Operational</Channel>
    <Computer>WS-ROKAFOR-01.meridianledger.local</Computer>
    <Security UserID="S-1-5-18"/>
  </System>
  <EventData>
    
    <Data Name="RuleName">-</Data>
    <Data Name="UtcTime">2024-06-11 14:14:55.337</Data>
    <Data Name="ProcessGuid">{d9db6bb6-5bdf-6668-7502-0000dc4519d5}</Data>
    <Data Name="ProcessId">6588</Data>
    <Data Name="Image">C:\Windows\System32\sihost.exe</Data>
    <Data Name="FileVersion">10.0.22621.1</Data>
    <Data Name="Description">Shell Infrastructure Host</Data>
    <Data Name="Product">Microsoft Windows Operating System</Data>
    <Data Name="Company">Microsoft Corporation</Data>
    <Data Name="OriginalFileName">sihost.exe</Data>
    <Data Name="CommandLine">sihost.exe</Data>
    <Data Name="CurrentDirectory">C:\Windows\System32\</Data>
    <Data Name="User">MERIDIANLEDGER\rita.okafor</Data>
    <Data Name="LogonGuid">{00000000-0000-0000-0000-000000000000}</Data>
    <Data Name="LogonId">0x805a3d9</Data>
    <Data Name="TerminalSessionId">3</Data>
    <Data Name="IntegrityLevel">Medium</Data>
    <Data Name="Hashes">SHA1=1C4984F5A9AE0260D570689CA5DC4C3935D8CF68,MD5=A0C28037D56BCE35CEAC063B5762C1E3,SHA256=9810F429DB24DA2E2D78507E47220BEE7D715E4358600963F153CB4A033F3673,IMPHASH=34732A5FE33796D9C0FBA512A127EAD9</Data>
    <Data Name="ParentProcessGuid">{d9db6bb6-1b5c-665b-6f02-0010a1e42216}</Data>
    <Data Name="ParentProcessId">4404</Data>
    <Data Name="ParentImage">C:\Windows\System32\svchost.exe</Data>
    <Data Name="ParentCommandLine">svchost.exe -k LocalSystem</Data>
    <Data Name="ParentUser">NT AUTHORITY\SYSTEM</Data>
    
  </EventData>
</Event>
<Event xmlns="http://schemas.microsoft.com/win/2004/08/events/event">
  <System>
    <Provider Name="Microsoft-Windows-Sysmon" Guid="{5770385f-c22a-43e0-bf4c-06f5698ffbd9}"/>
    <EventID>1</EventID>
    <Version>5</Version>
    <Level>4</Level>
    <Task>1</Task>
    <Opcode>0</Opcode>
    <Keywords>0x8000000000000000</Keywords>
    <TimeCreated SystemTime="2024-06-11T14:15:00.3574470Z"/>
    <EventRecordID>561761</EventRecordID>
    <Correlation/>
    <Execution ProcessID="1820" ThreadID="2900"/>
    <Channel>Microsoft-Windows-Sysmon/Operational</Channel>
    <Computer>WS-ROKAFOR-01.meridianledger.local</Computer>
    <Security UserID="S-1-5-18"/>
  </System>
  <EventData>
    
    <Data Name="RuleName">-</Data>
    <Data Name="UtcTime">2024-06-11 14:15:00.354</Data>
    <Data Name="ProcessGuid">{d9db6bb6-5be4-6668-d800-00008d21d51b}</Data>
    <Data Name="ProcessId">6592</Data>
    <Data Name="Image">C:\Windows\System32\mmc.exe</Data>
    <Data Name="FileVersion">10.0.22621.1</Data>
    <Data Name="Description">Microsoft Management Console</Data>
    <Data Name="Product">Microsoft Windows Operating System</Data>
    <Data Name="Company">Microsoft Corporation</Data>
    <Data Name="OriginalFileName">mmc.exe</Data>
    <Data Name="CommandLine">mmc.exe compmgmt.msc /computer=WEB-01</Data>
    <Data Name="CurrentDirectory">C:\Windows\System32\</Data>
    <Data Name="User">MERIDIANLEDGER\rita.okafor</Data>
    <Data Name="LogonGuid">{00000000-0000-0000-0000-000000000000}</Data>
    <Data Name="LogonId">0x805a3d9</Data>
    <Data Name="TerminalSessionId">3</Data>
    <Data Name="IntegrityLevel">High</Data>
    <Data Name="Hashes">SHA1=C6F84880D54C731CE82C06C939D0E5A109210B8C,MD5=BCB299EE85364A9A97AC919C88BCEF6B,SHA256=B46F547287A4822027B49FBC85C53611E5DB881D417BEDDB85FF01E04D2E05E3,IMPHASH=A2FE9D74313BE66A7E7ED19A6DCAE5C5</Data>
    <Data Name="ParentProcessGuid">{d9db6bb6-48fe-6668-de02-001021b08105}</Data>
    <Data Name="ParentProcessId">5460</Data>
    <Data Name="ParentImage">C:\Windows\explorer.exe</Data>
    <Data Name="ParentCommandLine">explorer.exe</Data>
    <Data Name="ParentUser">MERIDIANLEDGER\rita.okafor</Data>
    
  </EventData>
</Event>
<Event xmlns="http://schemas.microsoft.com/win/2004/08/events/event">
  <System>
    <Provider Name="Microsoft-Windows-Sysmon" Guid="{5770385f-c22a-43e0-bf4c-06f5698ffbd9}"/>
    <EventID>1</EventID>
    <Version>5</Version>
    <Level>4</Level>
    <Task>1</Task>
    <Opcode>0</Opcode>
    <Keywords>0x8000000000000000</Keywords>
    <TimeCreated SystemTime="2024-06-11T14:15:02.3446399Z"/>
    <EventRecordID>561762</EventRecordID>
    <Correlation/>
    <Execution ProcessID="1820" ThreadID="2900"/>
    <Channel>Microsoft-Windows-Sysmon/Operational</Channel>
    <Computer>WS-ROKAFOR-01.meridianledger.local</Computer>
    <Security UserID="S-1-5-18"/>
  </System>
  <EventData>
    
    <Data Name="RuleName">-</Data>
    <Data Name="UtcTime">2024-06-11 14:15:02.344</Data>
    <Data Name="ProcessGuid">{d9db6bb6-5be6-6668-c300-0010135f221b}</Data>
    <Data Name="ProcessId">6552</Data>
    <Data Name="Image">C:\Windows\System32\RuntimeBroker.exe</Data>
    <Data Name="FileVersion">10.0.22621.1</Data>
    <Data Name="Description">Runtime Broker</Data>
    <Data Name="Product">Microsoft Windows Operating System</Data>
    <Data Name="Company">Microsoft Corporation</Data>
    <Data Name="OriginalFileName">RuntimeBroker.exe</Data>
    <Data Name="CommandLine">C:\Windows\System32\RuntimeBroker.exe -Embedding</Data>
    <Data Name="CurrentDirectory">C:\Windows\System32\</Data>
    <Data Name="User">MERIDIANLEDGER\rita.okafor</Data>
    <Data Name="LogonGuid">{00000000-0000-0000-0000-000000000000}</Data>
    <Data Name="LogonId">0x805a3d9</Data>
    <Data Name="TerminalSessionId">3</Data>
    <Data Name="IntegrityLevel">Medium</Data>
    <Data Name="Hashes">SHA1=6EF3CCCA9D4BD421E1FC58EF153DDD071B526D3B,MD5=0FE069C4339CC4860FCC53D3299024D9,SHA256=E3D757076876B4C6E6CD33932922EFC72EF416EAF32E0C12DF4D1AFF1CFF7FAA,IMPHASH=ACA2AF8993224C8F93326BECC0D480ED</Data>
    <Data Name="ParentProcessGuid">{d9db6bb6-1b60-665b-f700-0010c87a04a2}</Data>
    <Data Name="ParentProcessId">4448</Data>
    <Data Name="ParentImage">C:\Windows\System32\svchost.exe</Data>
    <Data Name="ParentCommandLine">svchost.exe -k NetworkService</Data>
    <Data Name="ParentUser">NT AUTHORITY\NETWORK SERVICE</Data>
    
  </EventData>
</Event>
<Event xmlns="http://schemas.microsoft.com/win/2004/08/events/event">
  <System>
    <Provider Name="Microsoft-Windows-Sysmon" Guid="{5770385f-c22a-43e0-bf4c-06f5698ffbd9}"/>
    <EventID>5</EventID>
    <Version>3</Version>
    <Level>4</Level>
    <Task>5</Task>
    <Opcode>0</Opcode>
    <Keywords>0x8000000000000000</Keywords>
    <TimeCreated SystemTime="2024-06-11T14:15:06.5634780Z"/>
    <EventRecordID>561763</EventRecordID>
    <Correlation/>
    <Execution ProcessID="1820" ThreadID="2152"/>
    <Channel>Microsoft-Windows-Sysmon/Operational</Channel>
    <Computer>WS-ROKAFOR-01.meridianledger.local</Computer>
    <Security UserID="S-1-5-18"/>
  </System>
  <EventData>
    
    <Data Name="RuleName">-</Data>
    <Data Name="UtcTime">2024-06-11 14:15:06.563</Data>
    <Data Name="ProcessGuid">{d9db6bb6-5be4-6668-d800-00008d21d51b}</Data>
    <Data Name="ProcessId">6592</Data>
    <Data Name="Image">C:\Windows\System32\mmc.exe</Data>
    <Data Name="User">MERIDIANLEDGER\rita.okafor</Data>
    
  </EventData>
</Event>
<Event xmlns="http://schemas.microsoft.com/win/2004/08/events/event">
  <System>
    <Provider Name="Microsoft-Windows-Sysmon" Guid="{5770385f-c22a-43e0-bf4c-06f5698ffbd9}"/>
    <EventID>1</EventID>
    <Version>5</Version>
    <Level>4</Level>
    <Task>1</Task>
    <Opcode>0</Opcode>
    <Keywords>0x8000000000000000</Keywords>
    <TimeCreated SystemTime="2024-06-11T14:16:12.8221933Z"/>
    <EventRecordID>561766</EventRecordID>
    <Correlation/>
    <Execution ProcessID="1820" ThreadID="3252"/>
    <Channel>Microsoft-Windows-Sysmon/Operational</Channel>
    <Computer>WS-ROKAFOR-01.meridianledger.local</Computer>
    <Security UserID="S-1-5-18"/>
  </System>
  <EventData>
    
    <Data Name="RuleName">-</Data>
    <Data Name="UtcTime">2024-06-11 14:16:12.821</Data>
    <Data Name="ProcessGuid">{d9db6bb6-5c2c-6668-ac02-0000406639f2}</Data>
    <Data Name="ProcessId">6720</Data>
    <Data Name="Image">C:\Windows\System32\svchost.exe</Data>
    <Data Name="FileVersion">10.0.22621.1</Data>
    <Data Name="Description">Host Process for Windows Services</Data>
    <Data Name="Product">Microsoft Windows Operating System</Data>
    <Data Name="Company">Microsoft Corporation</Data>
    <Data Name="OriginalFileName">svchost.exe</Data>
    <Data Name="CommandLine">svchost.exe -k netsvcs -p -s wuauserv</Data>
    <Data Name="CurrentDirectory">C:\Windows\System32\</Data>
    <Data Name="User">NT AUTHORITY\SYSTEM</Data>
    <Data Name="LogonGuid">{00000000-0000-0000-0000-000000000000}</Data>
    <Data Name="LogonId">0x3e7</Data>
    <Data Name="TerminalSessionId">0</Data>
    <Data Name="IntegrityLevel">System</Data>
    <Data Name="Hashes">SHA1=368D2441944693B0CBA629E5ADBC34A8407C40C3,MD5=8CF7DD20664F50F77B71A622747C3D66,SHA256=139556DF0A11AAA4D60AE41B55524114829D5C419E8E043A1F46FC360C93693A,IMPHASH=FC6BB923636A32BB4D62A5991B95FB0D</Data>
    <Data Name="ParentProcessGuid">{d9db6bb6-1b56-665b-0602-0000374bb8d8}</Data>
    <Data Name="ParentProcessId">4388</Data>
    <Data Name="ParentImage">C:\Windows\System32\services.exe</Data>
    <Data Name="ParentCommandLine">services.exe</Data>
    <Data Name="ParentUser">NT AUTHORITY\SYSTEM</Data>
    
  </EventData>
</Event>
<Event xmlns="http://schemas.microsoft.com/win/2004/08/events/event">
  <System>
    <Provider Name="Microsoft-Windows-Sysmon" Guid="{5770385f-c22a-43e0-bf4c-06f5698ffbd9}"/>
    <EventID>13</EventID>
    <Version>2</Version>
    <Level>4</Level>
    <Task>13</Task>
    <Opcode>0</Opcode>
    <Keywords>0x8000000000000000</Keywords>
    <TimeCreated SystemTime="2024-06-11T14:16:49.6432288Z"/>
    <EventRecordID>561768</EventRecordID>
    <Correlation/>
    <Execution ProcessID="1820" ThreadID="4204"/>
    <Channel>Microsoft-Windows-Sysmon/Operational</Channel>
    <Computer>WS-ROKAFOR-01.meridianledger.local</Computer>
    <Security UserID="S-1-5-18"/>
  </System>
  <EventData>
    
    <Data Name="RuleName">-</Data>
    <Data Name="EventType">SetValue</Data>
    <Data Name="UtcTime">2024-06-11 14:16:49.641</Data>
    <Data Name="ProcessGuid">{d9db6bb6-1b5c-665b-6f02-0010a1e42216}</Data>
    <Data Name="ProcessId">4404</Data>
    <Data Name="Image">C:\Windows\System32\svchost.exe</Data>
    <Data Name="TargetObject">HKLM\SOFTWARE\Microsoft\Windows\CurrentVersion\Policies\System\EnableLUA</Data>
    <Data Name="Details">DWORD (0x00000001)</Data>
    <Data Name="User">NT AUTHORITY\SYSTEM</Data>
    
  </EventData>
</Event>
<Event xmlns="http://schemas.microsoft.com/win/2004/08/events/event">
  <System>
    <Provider Name="Microsoft-Windows-Sysmon" Guid="{5770385f-c22a-43e0-bf4c-06f5698ffbd9}"/>
    <EventID>10</EventID>
    <Version>3</Version>
    <Level>4</Level>
    <Task>10</Task>
    <Opcode>0</Opcode>
    <Keywords>0x8000000000000000</Keywords>
    <TimeCreated SystemTime="2024-06-11T14:20:27.5368333Z"/>
    <EventRecordID>561775</EventRecordID>
    <Correlation/>
    <Execution ProcessID="1820" ThreadID="3252"/>
    <Channel>Microsoft-Windows-Sysmon/Operational</Channel>
    <Computer>WS-ROKAFOR-01.meridianledger.local</Computer>
    <Security UserID="S-1-5-18"/>
  </System>
  <EventData>
    
    <Data Name="RuleName">-</Data>
    <Data Name="UtcTime">2024-06-11 14:20:27.536</Data>
    <Data Name="SourceProcessGUID">{d9db6bb6-1b64-665b-fb02-001051416efb}</Data>
    <Data Name="SourceProcessId">4508</Data>
    <Data Name="SourceThreadId">6964</Data>
    <Data Name="SourceImage">C:\ProgramData\Microsoft\Windows Defender\Platform\4.18.2301.6-0\MsMpEng.exe</Data>
    <Data Name="TargetProcessGUID">{d9db6bb6-1b59-665b-1b02-00000b8a4452}</Data>
    <Data Name="TargetProcessId">4396</Data>
    <Data Name="TargetImage">C:\Windows\System32\lsass.exe</Data>
    <Data Name="GrantedAccess">0x1010</Data>
    <Data Name="CallTrace">C:\Windows\SYSTEM32\ntdll.dll+9C72E|C:\Windows\SYSTEM32\KERNELBASE.dll+2CB44|C:\Windows\SYSTEM32\advapi32.dll+4C966</Data>
    <Data Name="SourceUser">NT AUTHORITY\SYSTEM</Data>
    <Data Name="TargetUser">NT AUTHORITY\SYSTEM</Data>
    
  </EventData>
</Event>
<Event xmlns="http://schemas.microsoft.com/win/2004/08/events/event">
  <System>
    <Provider Name="Microsoft-Windows-Sysmon" Guid="{5770385f-c22a-43e0-bf4c-06f5698ffbd9}"/>
    <EventID>22</EventID>
    <Version>5</Version>
    <Level>4</Level>
    <Task>22</Task>
    <Opcode>0</Opcode>
    <Keywords>0x8000000000000000</Keywords>
    <TimeCreated SystemTime="2024-06-11T14:20:56.1855279Z"/>
    <EventRecordID>561777</EventRecordID>
    <Correlation/>
    <Execution ProcessID="1820" ThreadID="3252"/>
    <Channel>Microsoft-Windows-Sysmon/Operational</Channel>
    <Computer>WS-ROKAFOR-01.meridianledger.local</Computer>
    <Security UserID="S-1-5-18"/>
  </System>
  <EventData>
    
    <Data Name="RuleName">-</Data>
    <Data Name="UtcTime">2024-06-11 14:20:56.176</Data>
    <Data Name="ProcessGuid">{d9db6bb6-1b5e-665b-b300-0010238d69af}</Data>
    <Data Name="ProcessId">4412</Data>
    <Data Name="QueryName">login.salesforce.com</Data>
    <Data Name="QueryStatus">0</Data>
    <Data Name="QueryResults">13.108.0.21;13.108.0.20;</Data>
    <Data Name="Image">C:\Windows\System32\svchost.exe</Data>
    <Data Name="User">NT AUTHORITY\NETWORK SERVICE</Data>
    
  </EventData>
</Event>
<Event xmlns="http://schemas.microsoft.com/win/2004/08/events/event">
  <System>
    <Provider Name="Microsoft-Windows-Sysmon" Guid="{5770385f-c22a-43e0-bf4c-06f5698ffbd9}"/>
    <EventID>1</EventID>
    <Version>5</Version>
    <Level>4</Level>
    <Task>1</Task>
    <Opcode>0</Opcode>
    <Keywords>0x8000000000000000</Keywords>
    <TimeCreated SystemTime="2024-06-11T14:20:58.7028567Z"/>
    <EventRecordID>561778</EventRecordID>
    <Correlation/>
    <Execution ProcessID="1820" ThreadID="4204"/>
    <Channel>Microsoft-Windows-Sysmon/Operational</Channel>
    <Computer>WS-ROKAFOR-01.meridianledger.local</Computer>
    <Security UserID="S-1-5-18"/>
  </System>
  <EventData>
    
    <Data Name="RuleName">-</Data>
    <Data Name="UtcTime">2024-06-11 14:20:58.701</Data>
    <Data Name="ProcessGuid">{d9db6bb6-5d4a-6668-c802-00000d8ff4ab}</Data>
    <Data Name="ProcessId">6952</Data>
    <Data Name="Image">C:\Windows\System32\WindowsPowerShell\v1.0\powershell.exe</Data>
    <Data Name="FileVersion">10.0.22621.1</Data>
    <Data Name="Description">Windows PowerShell</Data>
    <Data Name="Product">Microsoft Windows Operating System</Data>
    <Data Name="Company">Microsoft Corporation</Data>
    <Data Name="OriginalFileName">PowerShell.EXE</Data>
    <Data Name="CommandLine">powershell.exe</Data>
    <Data Name="CurrentDirectory">c:\windows\</Data>
    <Data Name="User">MERIDIANLEDGER\rita.okafor</Data>
    <Data Name="LogonGuid">{00000000-0000-0000-0000-000000000000}</Data>
    <Data Name="LogonId">0x805a3d9</Data>
    <Data Name="TerminalSessionId">3</Data>
    <Data Name="IntegrityLevel">Medium</Data>
    <Data Name="Hashes">SHA1=74807298BB026542B177B40CEC0B2D64D5238D09,MD5=EEACC5305C17D7F9E330B33280A27AC5,SHA256=8A59DE82B9F4AD767B08A19B8F47E045B6E82C53F55A422FE0CE860BA3A9470A,IMPHASH=9E37895148BCA2306FCE4BCB0E51C310</Data>
    <Data Name="ParentProcessGuid">{d9db6bb6-48fe-6668-de02-001021b08105}</Data>
    <Data Name="ParentProcessId">5460</Data>
    <Data Name="ParentImage">C:\Windows\explorer.exe</Data>
    <Data Name="ParentCommandLine">explorer.exe</Data>
    <Data Name="ParentUser">MERIDIANLEDGER\rita.okafor</Data>
    
  </EventData>
</Event>
<Event xmlns="http://schemas.microsoft.com/win/2004/08/events/event">
  <System>
    <Provider Name="Microsoft-Windows-Sysmon" Guid="{5770385f-c22a-43e0-bf4c-06f5698ffbd9}"/>
    <EventID>1</EventID>
    <Version>5</Version>
    <Level>4</Level>
    <Task>1</Task>
    <Opcode>0</Opcode>
    <Keywords>0x8000000000000000</Keywords>
    <TimeCreated SystemTime="2024-06-11T14:21:07.4178064Z"/>
    <EventRecordID>561779</EventRecordID>
    <Correlation/>
    <Execution ProcessID="1820" ThreadID="3252"/>
    <Channel>Microsoft-Windows-Sysmon/Operational</Channel>
    <Computer>WS-ROKAFOR-01.meridianledger.local</Computer>
    <Security UserID="S-1-5-18"/>
  </System>
  <EventData>
    
    <Data Name="RuleName">-</Data>
    <Data Name="UtcTime">2024-06-11 14:21:07.416</Data>
    <Data Name="ProcessGuid">{d9db6bb6-5d53-6668-c702-0000b5472345}</Data>
    <Data Name="ProcessId">6968</Data>
    <Data Name="Image">C:\Windows\System32\WindowsPowerShell\v1.0\powershell.exe</Data>
    <Data Name="FileVersion">10.0.22621.1</Data>
    <Data Name="Description">Windows PowerShell</Data>
    <Data Name="Product">Microsoft Windows Operating System</Data>
    <Data Name="Company">Microsoft Corporation</Data>
    <Data Name="OriginalFileName">PowerShell.EXE</Data>
    <Data Name="CommandLine">powershell.exe</Data>
    <Data Name="CurrentDirectory">c:\windows\</Data>
    <Data Name="User">MERIDIANLEDGER\rita.okafor</Data>
    <Data Name="LogonGuid">{00000000-0000-0000-0000-000000000000}</Data>
    <Data Name="LogonId">0x805a3d9</Data>
    <Data Name="TerminalSessionId">3</Data>
    <Data Name="IntegrityLevel">Medium</Data>
    <Data Name="Hashes">SHA1=74807298BB026542B177B40CEC0B2D64D5238D09,MD5=EEACC5305C17D7F9E330B33280A27AC5,SHA256=8A59DE82B9F4AD767B08A19B8F47E045B6E82C53F55A422FE0CE860BA3A9470A,IMPHASH=9E37895148BCA2306FCE4BCB0E51C310</Data>
    <Data Name="ParentProcessGuid">{d9db6bb6-48fe-6668-de02-001021b08105}</Data>
    <Data Name="ParentProcessId">5460</Data>
    <Data Name="ParentImage">C:\Windows\explorer.exe</Data>
    <Data Name="ParentCommandLine">explorer.exe</Data>
    <Data Name="ParentUser">MERIDIANLEDGER\rita.okafor</Data>
    
  </EventData>
</Event>
<Event xmlns="http://schemas.microsoft.com/win/2004/08/events/event">
  <System>
    <Provider Name="Microsoft-Windows-Sysmon" Guid="{5770385f-c22a-43e0-bf4c-06f5698ffbd9}"/>
    <EventID>1</EventID>
    <Version>5</Version>
    <Level>4</Level>
    <Task>1</Task>
    <Opcode>0</Opcode>
    <Keywords>0x8000000000000000</Keywords>
    <TimeCreated SystemTime="2024-06-11T14:21:09.1143085Z"/>
    <EventRecordID>561780</EventRecordID>
    <Correlation/>
    <Execution ProcessID="1820" ThreadID="3252"/>
    <Channel>Microsoft-Windows-Sysmon/Operational</Channel>
    <Computer>WS-ROKAFOR-01.meridianledger.local</Computer>
    <Security UserID="S-1-5-18"/>
  </System>
  <EventData>
    
    <Data Name="RuleName">-</Data>
    <Data Name="UtcTime">2024-06-11 14:21:09.112</Data>
    <Data Name="ProcessGuid">{d9db6bb6-5d55-6668-8602-00101412361f}</Data>
    <Data Name="ProcessId">6608</Data>
    <Data Name="Image">C:\Windows\System32\svchost.exe</Data>
    <Data Name="FileVersion">10.0.22621.1</Data>
    <Data Name="Description">Host Process for Windows Services</Data>
    <Data Name="Product">Microsoft Windows Operating System</Data>
    <Data Name="Company">Microsoft Corporation</Data>
    <Data Name="OriginalFileName">svchost.exe</Data>
    <Data Name="CommandLine">svchost.exe -k DcomLaunch -p</Data>
    <Data Name="CurrentDirectory">C:\Windows\System32\</Data>
    <Data Name="User">NT AUTHORITY\SYSTEM</Data>
    <Data Name="LogonGuid">{00000000-0000-0000-0000-000000000000}</Data>
    <Data Name="LogonId">0x3e7</Data>
    <Data Name="TerminalSessionId">0</Data>
    <Data Name="IntegrityLevel">System</Data>
    <Data Name="Hashes">SHA1=368D2441944693B0CBA629E5ADBC34A8407C40C3,MD5=8CF7DD20664F50F77B71A622747C3D66,SHA256=139556DF0A11AAA4D60AE41B55524114829D5C419E8E043A1F46FC360C93693A,IMPHASH=FC6BB923636A32BB4D62A5991B95FB0D</Data>
    <Data Name="ParentProcessGuid">{d9db6bb6-1b56-665b-0602-0000374bb8d8}</Data>
    <Data Name="ParentProcessId">4388</Data>
    <Data Name="ParentImage">C:\Windows\System32\services.exe</Data>
    <Data Name="ParentCommandLine">services.exe</Data>
    <Data Name="ParentUser">NT AUTHORITY\SYSTEM</Data>
    
  </EventData>
</Event>
<Event xmlns="http://schemas.microsoft.com/win/2004/08/events/event">
  <System>
    <Provider Name="Microsoft-Windows-Sysmon" Guid="{5770385f-c22a-43e0-bf4c-06f5698ffbd9}"/>
    <EventID>1</EventID>
    <Version>5</Version>
    <Level>4</Level>
    <Task>1</Task>
    <Opcode>0</Opcode>
    <Keywords>0x8000000000000000</Keywords>
    <TimeCreated SystemTime="2024-06-11T14:21:12.8644419Z"/>
    <EventRecordID>561781</EventRecordID>
    <Correlation/>
    <Execution ProcessID="1820" ThreadID="2900"/>
    <Channel>Microsoft-Windows-Sysmon/Operational</Channel>
    <Computer>WS-ROKAFOR-01.meridianledger.local</Computer>
    <Security UserID="S-1-5-18"/>
  </System>
  <EventData>
    
    <Data Name="RuleName">-</Data>
    <Data Name="UtcTime">2024-06-11 14:21:12.861</Data>
    <Data Name="ProcessGuid">{d9db6bb6-5d58-6668-c002-0010afca45fe}</Data>
    <Data Name="ProcessId">6928</Data>
    <Data Name="Image">C:\Windows\System32\WindowsPowerShell\v1.0\powershell.exe</Data>
    <Data Name="FileVersion">10.0.22621.1</Data>
    <Data Name="Description">Windows PowerShell</Data>
    <Data Name="Product">Microsoft Windows Operating System</Data>
    <Data Name="Company">Microsoft Corporation</Data>
    <Data Name="OriginalFileName">PowerShell.EXE</Data>
    <Data Name="CommandLine">powershell.exe</Data>
    <Data Name="CurrentDirectory">c:\windows\</Data>
    <Data Name="User">MERIDIANLEDGER\rita.okafor</Data>
    <Data Name="LogonGuid">{00000000-0000-0000-0000-000000000000}</Data>
    <Data Name="LogonId">0x805a3d9</Data>
    <Data Name="TerminalSessionId">3</Data>
    <Data Name="IntegrityLevel">Medium</Data>
    <Data Name="Hashes">SHA1=74807298BB026542B177B40CEC0B2D64D5238D09,MD5=EEACC5305C17D7F9E330B33280A27AC5,SHA256=8A59DE82B9F4AD767B08A19B8F47E045B6E82C53F55A422FE0CE860BA3A9470A,IMPHASH=9E37895148BCA2306FCE4BCB0E51C310</Data>
    <Data Name="ParentProcessGuid">{d9db6bb6-48fe-6668-de02-001021b08105}</Data>
    <Data Name="ParentProcessId">5460</Data>
    <Data Name="ParentImage">C:\Windows\explorer.exe</Data>
    <Data Name="ParentCommandLine">explorer.exe</Data>
    <Data Name="ParentUser">MERIDIANLEDGER\rita.okafor</Data>
    
  </EventData>
</Event>
<Event xmlns="http://schemas.microsoft.com/win/2004/08/events/event">
  <System>
    <Provider Name="Microsoft-Windows-Sysmon" Guid="{5770385f-c22a-43e0-bf4c-06f5698ffbd9}"/>
    <EventID>1</EventID>
    <Version>5</Version>
    <Level>4</Level>
    <Task>1</Task>
    <Opcode>0</Opcode>
    <Keywords>0x8000000000000000</Keywords>
    <TimeCreated SystemTime="2024-06-11T14:21:26.6665305Z"/>
    <EventRecordID>561783</EventRecordID>
    <Correlation/>
    <Execution ProcessID="1820" ThreadID="2900"/>
    <Channel>Microsoft-Windows-Sysmon/Operational</Channel>
    <Computer>WS-ROKAFOR-01.meridianledger.local</Computer>
    <Security UserID="S-1-5-18"/>
  </System>
  <EventData>
    
    <Data Name="RuleName">-</Data>
    <Data Name="UtcTime">2024-06-11 14:21:26.666</Data>
    <Data Name="ProcessGuid">{d9db6bb6-5d66-6668-fc02-00006914cbaa}</Data>
    <Data Name="ProcessId">6940</Data>
    <Data Name="Image">C:\Windows\System32\OpenSSH\ssh.exe</Data>
    <Data Name="FileVersion">8.6.0.1</Data>
    <Data Name="Description">OpenSSH SSH client</Data>
    <Data Name="Product">OpenSSH for Windows</Data>
    <Data Name="Company">Microsoft Corporation</Data>
    <Data Name="OriginalFileName">ssh.exe</Data>
    <Data Name="CommandLine">ssh.exe WEB-01.meridianledger.local</Data>
    <Data Name="CurrentDirectory">C:\Users\rita.okafor\</Data>
    <Data Name="User">MERIDIANLEDGER\rita.okafor</Data>
    <Data Name="LogonGuid">{00000000-0000-0000-0000-000000000000}</Data>
    <Data Name="LogonId">0x805a3d9</Data>
    <Data Name="TerminalSessionId">3</Data>
    <Data Name="IntegrityLevel">Medium</Data>
    <Data Name="Hashes">SHA1=34EDBE1F2503BED1B1F8F387974ACB65F632C21B,MD5=177AE85C74B6D0BB9FC040A42BF2CAC0,SHA256=5CA44FEC35D64819E1CF357648C98073ACA2AEF9816F8FA375095783B3AC3EE1,IMPHASH=62F7B0310260F97B5078263292DD1CBA</Data>
    <Data Name="ParentProcessGuid">{d9db6bb6-5d58-6668-c002-0010afca45fe}</Data>
    <Data Name="ParentProcessId">6928</Data>
    <Data Name="ParentImage">C:\Windows\System32\WindowsPowerShell\v1.0\powershell.exe</Data>
    <Data Name="ParentCommandLine">powershell.exe</Data>
    <Data Name="ParentUser">MERIDIANLEDGER\rita.okafor</Data>
    
  </EventData>
</Event>
<Event xmlns="http://schemas.microsoft.com/win/2004/08/events/event">
  <System>
    <Provider Name="Microsoft-Windows-Sysmon" Guid="{5770385f-c22a-43e0-bf4c-06f5698ffbd9}"/>
    <EventID>1</EventID>
    <Version>5</Version>
    <Level>4</Level>
    <Task>1</Task>
    <Opcode>0</Opcode>
    <Keywords>0x8000000000000000</Keywords>
    <TimeCreated SystemTime="2024-06-11T14:21:36.7204236Z"/>
    <EventRecordID>561784</EventRecordID>
    <Correlation/>
    <Execution ProcessID="1820" ThreadID="2152"/>
    <Channel>Microsoft-Windows-Sysmon/Operational</Channel>
    <Computer>WS-ROKAFOR-01.meridianledger.local</Computer>
    <Security UserID="S-1-5-18"/>
  </System>
  <EventData>
    
    <Data Name="RuleName">-</Data>
    <Data Name="UtcTime">2024-06-11 14:21:36.720</Data>
    <Data Name="ProcessGuid">{d9db6bb6-5d70-6668-fa00-00103169cf92}</Data>
    <Data Name="ProcessId">7004</Data>
    <Data Name="Image">C:\Windows\System32\OpenSSH\ssh.exe</Data>
    <Data Name="FileVersion">8.6.0.1</Data>
    <Data Name="Description">OpenSSH SSH client</Data>
    <Data Name="Product">OpenSSH for Windows</Data>
    <Data Name="Company">Microsoft Corporation</Data>
    <Data Name="OriginalFileName">ssh.exe</Data>
    <Data Name="CommandLine">ssh.exe WEB-01.meridianledger.local</Data>
    <Data Name="CurrentDirectory">C:\Users\rita.okafor\</Data>
    <Data Name="User">MERIDIANLEDGER\rita.okafor</Data>
    <Data Name="LogonGuid">{00000000-0000-0000-0000-000000000000}</Data>
    <Data Name="LogonId">0x805a3d9</Data>
    <Data Name="TerminalSessionId">3</Data>
    <Data Name="IntegrityLevel">Medium</Data>
    <Data Name="Hashes">SHA1=34EDBE1F2503BED1B1F8F387974ACB65F632C21B,MD5=177AE85C74B6D0BB9FC040A42BF2CAC0,SHA256=5CA44FEC35D64819E1CF357648C98073ACA2AEF9816F8FA375095783B3AC3EE1,IMPHASH=62F7B0310260F97B5078263292DD1CBA</Data>
    <Data Name="ParentProcessGuid">{d9db6bb6-5d53-6668-c702-0000b5472345}</Data>
    <Data Name="ParentProcessId">6968</Data>
    <Data Name="ParentImage">C:\Windows\System32\WindowsPowerShell\v1.0\powershell.exe</Data>
    <Data Name="ParentCommandLine">powershell.exe</Data>
    <Data Name="ParentUser">MERIDIANLEDGER\rita.okafor</Data>
    
  </EventData>
</Event>
<Event xmlns="http://schemas.microsoft.com/win/2004/08/events/event">
  <System>
    <Provider Name="Microsoft-Windows-Sysmon" Guid="{5770385f-c22a-43e0-bf4c-06f5698ffbd9}"/>
    <EventID>3</EventID>
    <Version>5</Version>
    <Level>4</Level>
    <Task>3</Task>
    <Opcode>0</Opcode>
    <Keywords>0x8000000000000000</Keywords>
    <TimeCreated SystemTime="2024-06-11T14:21:38.5827513Z"/>
    <EventRecordID>561785</EventRecordID>
    <Correlation/>
    <Execution ProcessID="1820" ThreadID="2152"/>
    <Channel>Microsoft-Windows-Sysmon/Operational</Channel>
    <Computer>WS-ROKAFOR-01.meridianledger.local</Computer>
    <Security UserID="S-1-5-18"/>
  </System>
  <EventData>
    
    <Data Name="RuleName">-</Data>
    <Data Name="UtcTime">2024-06-11 14:21:38.576</Data>
    <Data Name="ProcessGuid">{d9db6bb6-5d70-6668-fa00-00103169cf92}</Data>
    <Data Name="ProcessId">7004</Data>
    <Data Name="Image">C:\Windows\System32\OpenSSH\ssh.exe</Data>
    <Data Name="User">MERIDIANLEDGER\rita.okafor</Data>
    <Data Name="Protocol">tcp</Data>
    <Data Name="Initiated">true</Data>
    <Data Name="SourceIsIpv6">false</Data>
    <Data Name="SourceIp">10.30.10.12</Data>
    <Data Name="SourceHostname">WS-ROKAFOR-01.meridianledger.local</Data>
    <Data Name="SourcePort">51420</Data>
    <Data Name="SourcePortName">-</Data>
    <Data Name="DestinationIsIpv6">false</Data>
    <Data Name="DestinationIp">10.30.30.10</Data>
    <Data Name="DestinationHostname">-</Data>
    <Data Name="DestinationPort">22</Data>
    <Data Name="DestinationPortName">ssh</Data>
    
  </EventData>
</Event>
<Event xmlns="http://schemas.microsoft.com/win/2004/08/events/event">
  <System>
    <Provider Name="Microsoft-Windows-Sysmon" Guid="{5770385f-c22a-43e0-bf4c-06f5698ffbd9}"/>
    <EventID>1</EventID>
    <Version>5</Version>
    <Level>4</Level>
    <Task>1</Task>
    <Opcode>0</Opcode>
    <Keywords>0x8000000000000000</Keywords>
    <TimeCreated SystemTime="2024-06-11T14:21:39.1928465Z"/>
    <EventRecordID>561786</EventRecordID>
    <Correlation/>
    <Execution ProcessID="1820" ThreadID="3252"/>
    <Channel>Microsoft-Windows-Sysmon/Operational</Channel>
    <Computer>WS-ROKAFOR-01.meridianledger.local</Computer>
    <Security UserID="S-1-5-18"/>
  </System>
  <EventData>
    
    <Data Name="RuleName">-</Data>
    <Data Name="UtcTime">2024-06-11 14:21:39.192</Data>
    <Data Name="ProcessGuid">{d9db6bb6-5d73-6668-2f02-0010f6a19a8d}</Data>
    <Data Name="ProcessId">6964</Data>
    <Data Name="Image">C:\Windows\System32\OpenSSH\ssh.exe</Data>
    <Data Name="FileVersion">8.6.0.1</Data>
    <Data Name="Description">OpenSSH SSH client</Data>
    <Data Name="Product">OpenSSH for Windows</Data>
    <Data Name="Company">Microsoft Corporation</Data>
    <Data Name="OriginalFileName">ssh.exe</Data>
    <Data Name="CommandLine">ssh.exe FILE-01.meridianledger.local</Data>
    <Data Name="CurrentDirectory">C:\Users\rita.okafor\</Data>
    <Data Name="User">MERIDIANLEDGER\rita.okafor</Data>
    <Data Name="LogonGuid">{00000000-0000-0000-0000-000000000000}</Data>
    <Data Name="LogonId">0x805a3d9</Data>
    <Data Name="TerminalSessionId">3</Data>
    <Data Name="IntegrityLevel">Medium</Data>
    <Data Name="Hashes">SHA1=34EDBE1F2503BED1B1F8F387974ACB65F632C21B,MD5=177AE85C74B6D0BB9FC040A42BF2CAC0,SHA256=5CA44FEC35D64819E1CF357648C98073ACA2AEF9816F8FA375095783B3AC3EE1,IMPHASH=62F7B0310260F97B5078263292DD1CBA</Data>
    <Data Name="ParentProcessGuid">{d9db6bb6-5d4a-6668-c802-00000d8ff4ab}</Data>
    <Data Name="ParentProcessId">6952</Data>
    <Data Name="ParentImage">C:\Windows\System32\WindowsPowerShell\v1.0\powershell.exe</Data>
    <Data Name="ParentCommandLine">powershell.exe</Data>
    <Data Name="ParentUser">MERIDIANLEDGER\rita.okafor</Data>
    
  </EventData>
</Event>
<Event xmlns="http://schemas.microsoft.com/win/2004/08/events/event">
  <System>
    <Provider Name="Microsoft-Windows-Sysmon" Guid="{5770385f-c22a-43e0-bf4c-06f5698ffbd9}"/>
    <EventID>3</EventID>
    <Version>5</Version>
    <Level>4</Level>
    <Task>3</Task>
    <Opcode>0</Opcode>
    <Keywords>0x8000000000000000</Keywords>
    <TimeCreated SystemTime="2024-06-11T14:21:39.7439368Z"/>
    <EventRecordID>561787</EventRecordID>
    <Correlation/>
    <Execution ProcessID="1820" ThreadID="2900"/>
    <Channel>Microsoft-Windows-Sysmon/Operational</Channel>
    <Computer>WS-ROKAFOR-01.meridianledger.local</Computer>
    <Security UserID="S-1-5-18"/>
  </System>
  <EventData>
    
    <Data Name="RuleName">-</Data>
    <Data Name="UtcTime">2024-06-11 14:21:39.730</Data>
    <Data Name="ProcessGuid">{d9db6bb6-5d66-6668-fc02-00006914cbaa}</Data>
    <Data Name="ProcessId">6940</Data>
    <Data Name="Image">C:\Windows\System32\OpenSSH\ssh.exe</Data>
    <Data Name="User">MERIDIANLEDGER\rita.okafor</Data>
    <Data Name="Protocol">tcp</Data>
    <Data Name="Initiated">true</Data>
    <Data Name="SourceIsIpv6">false</Data>
    <Data Name="SourceIp">10.30.10.12</Data>
    <Data Name="SourceHostname">WS-ROKAFOR-01.meridianledger.local</Data>
    <Data Name="SourcePort">57439</Data>
    <Data Name="SourcePortName">-</Data>
    <Data Name="DestinationIsIpv6">false</Data>
    <Data Name="DestinationIp">10.30.30.10</Data>
    <Data Name="DestinationHostname">-</Data>
    <Data Name="DestinationPort">22</Data>
    <Data Name="DestinationPortName">ssh</Data>
    
  </EventData>
</Event>
<Event xmlns="http://schemas.microsoft.com/win/2004/08/events/event">
  <System>
    <Provider Name="Microsoft-Windows-Sysmon" Guid="{5770385f-c22a-43e0-bf4c-06f5698ffbd9}"/>
    <EventID>3</EventID>
    <Version>5</Version>
    <Level>4</Level>
    <Task>3</Task>
    <Opcode>0</Opcode>
    <Keywords>0x8000000000000000</Keywords>
    <TimeCreated SystemTime="2024-06-11T14:21:40.2744302Z"/>
    <EventRecordID>561788</EventRecordID>
    <Correlation/>
    <Execution ProcessID="1820" ThreadID="3252"/>
    <Channel>Microsoft-Windows-Sysmon/Operational</Channel>
    <Computer>WS-ROKAFOR-01.meridianledger.local</Computer>
    <Security UserID="S-1-5-18"/>
  </System>
  <EventData>
    
    <Data Name="RuleName">-</Data>
    <Data Name="UtcTime">2024-06-11 14:21:40.271</Data>
    <Data Name="ProcessGuid">{d9db6bb6-5d73-6668-2f02-0010f6a19a8d}</Data>
    <Data Name="ProcessId">6964</Data>
    <Data Name="Image">C:\Windows\System32\OpenSSH\ssh.exe</Data>
    <Data Name="User">MERIDIANLEDGER\rita.okafor</Data>
    <Data Name="Protocol">tcp</Data>
    <Data Name="Initiated">true</Data>
    <Data Name="SourceIsIpv6">false</Data>
    <Data Name="SourceIp">10.30.10.12</Data>
    <Data Name="SourceHostname">WS-ROKAFOR-01.meridianledger.local</Data>
    <Data Name="SourcePort">56459</Data>
    <Data Name="SourcePortName">-</Data>
    <Data Name="DestinationIsIpv6">false</Data>
    <Data Name="DestinationIp">10.30.20.10</Data>
    <Data Name="DestinationHostname">-</Data>
    <Data Name="DestinationPort">22</Data>
    <Data Name="DestinationPortName">ssh</Data>
    
  </EventData>
</Event>
<Event xmlns="http://schemas.microsoft.com/win/2004/08/events/event">
  <System>
    <Provider Name="Microsoft-Windows-Sysmon" Guid="{5770385f-c22a-43e0-bf4c-06f5698ffbd9}"/>
    <EventID>10</EventID>
    <Version>3</Version>
    <Level>4</Level>
    <Task>10</Task>
    <Opcode>0</Opcode>
    <Keywords>0x8000000000000000</Keywords>
    <TimeCreated SystemTime="2024-06-11T14:21:55.2583506Z"/>
    <EventRecordID>561789</EventRecordID>
    <Correlation/>
    <Execution ProcessID="1820" ThreadID="2900"/>
    <Channel>Microsoft-Windows-Sysmon/Operational</Channel>
    <Computer>WS-ROKAFOR-01.meridianledger.local</Computer>
    <Security UserID="S-1-5-18"/>
  </System>
  <EventData>
    
    <Data Name="RuleName">-</Data>
    <Data Name="UtcTime">2024-06-11 14:21:55.257</Data>
    <Data Name="SourceProcessGUID">{d9db6bb6-1b6b-665b-b702-00103261df31}</Data>
    <Data Name="SourceProcessId">4616</Data>
    <Data Name="SourceThreadId">7140</Data>
    <Data Name="SourceImage">C:\Windows\System32\msiexec.exe</Data>
    <Data Name="TargetProcessGUID">{d9db6bb6-1b56-665b-0602-0000374bb8d8}</Data>
    <Data Name="TargetProcessId">4388</Data>
    <Data Name="TargetImage">C:\Windows\System32\services.exe</Data>
    <Data Name="GrantedAccess">0x1400</Data>
    <Data Name="CallTrace">C:\Windows\SYSTEM32\ntdll.dll+9C72E|C:\Windows\SYSTEM32\KERNELBASE.dll+2CB44|C:\Windows\SYSTEM32\advapi32.dll+4C966</Data>
    <Data Name="SourceUser">NT AUTHORITY\SYSTEM</Data>
    <Data Name="TargetUser">NT AUTHORITY\SYSTEM</Data>
    
  </EventData>
</Event>
<Event xmlns="http://schemas.microsoft.com/win/2004/08/events/event">
  <System>
    <Provider Name="Microsoft-Windows-Sysmon" Guid="{5770385f-c22a-43e0-bf4c-06f5698ffbd9}"/>
    <EventID>5</EventID>
    <Version>3</Version>
    <Level>4</Level>
    <Task>5</Task>
    <Opcode>0</Opcode>
    <Keywords>0x8000000000000000</Keywords>
    <TimeCreated SystemTime="2024-06-11T14:23:08.2739516Z"/>
    <EventRecordID>561790</EventRecordID>
    <Correlation/>
    <Execution ProcessID="1820" ThreadID="3252"/>
    <Channel>Microsoft-Windows-Sysmon/Operational</Channel>
    <Computer>WS-ROKAFOR-01.meridianledger.local</Computer>
    <Security UserID="S-1-5-18"/>
  </System>
  <EventData>
    
    <Data Name="RuleName">-</Data>
    <Data Name="UtcTime">2024-06-11 14:23:08.265</Data>
    <Data Name="ProcessGuid">{d9db6bb6-5490-6668-9f02-000034bbf5b5}</Data>
    <Data Name="ProcessId">5828</Data>
    <Data Name="Image">C:\Windows\System32\SearchFilterHost.exe</Data>
    <Data Name="User">NT AUTHORITY\SYSTEM</Data>
    
  </EventData>
</Event>
<Event xmlns="http://schemas.microsoft.com/win/2004/08/events/event">
  <System>
    <Provider Name="Microsoft-Windows-Sysmon" Guid="{5770385f-c22a-43e0-bf4c-06f5698ffbd9}"/>
    <EventID>10</EventID>
    <Version>3</Version>
    <Level>4</Level>
    <Task>10</Task>
    <Opcode>0</Opcode>
    <Keywords>0x8000000000000000</Keywords>
    <TimeCreated SystemTime="2024-06-11T14:24:23.0633061Z"/>
    <EventRecordID>561793</EventRecordID>
    <Correlation/>
    <Execution ProcessID="1820" ThreadID="3252"/>
    <Channel>Microsoft-Windows-Sysmon/Operational</Channel>
    <Computer>WS-ROKAFOR-01.meridianledger.local</Computer>
    <Security UserID="S-1-5-18"/>
  </System>
  <EventData>
    
    <Data Name="RuleName">-</Data>
    <Data Name="UtcTime">2024-06-11 14:24:23.062</Data>
    <Data Name="SourceProcessGUID">{d9db6bb6-1b56-665b-0602-0000374bb8d8}</Data>
    <Data Name="SourceProcessId">4388</Data>
    <Data Name="SourceThreadId">6524</Data>
    <Data Name="SourceImage">C:\Windows\System32\services.exe</Data>
    <Data Name="TargetProcessGUID">{d9db6bb6-1b5e-665b-b300-0010238d69af}</Data>
    <Data Name="TargetProcessId">4412</Data>
    <Data Name="TargetImage">C:\Windows\System32\svchost.exe</Data>
    <Data Name="GrantedAccess">0x1400</Data>
    <Data Name="CallTrace">C:\Windows\SYSTEM32\ntdll.dll+9EFF8|C:\Windows\SYSTEM32\KERNELBASE.dll+2DD24|C:\Windows\SYSTEM32\sechost.dll+14159</Data>
    <Data Name="SourceUser">NT AUTHORITY\SYSTEM</Data>
    <Data Name="TargetUser">NT AUTHORITY\NETWORK SERVICE</Data>
    
  </EventData>
</Event>
<Event xmlns="http://schemas.microsoft.com/win/2004/08/events/event">
  <System>
    <Provider Name="Microsoft-Windows-Sysmon" Guid="{5770385f-c22a-43e0-bf4c-06f5698ffbd9}"/>
    <EventID>1</EventID>
    <Version>5</Version>
    <Level>4</Level>
    <Task>1</Task>
    <Opcode>0</Opcode>
    <Keywords>0x8000000000000000</Keywords>
    <TimeCreated SystemTime="2024-06-11T14:25:43.0543264Z"/>
    <EventRecordID>561798</EventRecordID>
    <Correlation/>
    <Execution ProcessID="1820" ThreadID="2900"/>
    <Channel>Microsoft-Windows-Sysmon/Operational</Channel>
    <Computer>WS-ROKAFOR-01.meridianledger.local</Computer>
    <Security UserID="S-1-5-18"/>
  </System>
  <EventData>
    
    <Data Name="RuleName">-</Data>
    <Data Name="UtcTime">2024-06-11 14:25:43.053</Data>
    <Data Name="ProcessGuid">{d9db6bb6-5e67-6668-e000-0010f0cb40e0}</Data>
    <Data Name="ProcessId">6724</Data>
    <Data Name="Image">C:\Windows\System32\MpCmdRun.exe</Data>
    <Data Name="FileVersion">4.18.2211.5</Data>
    <Data Name="Description">Microsoft Malware Protection Command Line Utility</Data>
    <Data Name="Product">Microsoft Antimalware</Data>
    <Data Name="Company">Microsoft Corporation</Data>
    <Data Name="OriginalFileName">MpCmdRun.exe</Data>
    <Data Name="CommandLine">MpCmdRun.exe -Scan -ScanType 1</Data>
    <Data Name="CurrentDirectory">C:\Windows\System32\</Data>
    <Data Name="User">NT AUTHORITY\SYSTEM</Data>
    <Data Name="LogonGuid">{00000000-0000-0000-0000-000000000000}</Data>
    <Data Name="LogonId">0x3e7</Data>
    <Data Name="TerminalSessionId">0</Data>
    <Data Name="IntegrityLevel">System</Data>
    <Data Name="Hashes">SHA1=F4EF00F41048EBCC93DDDD07336499E959343F58,MD5=9B838F4924D64C5DD674FED40433F836,SHA256=6D1A306334F254CECFADAFE15CFDE5758AD680D93A4AF98E6FB2064776AF6334,IMPHASH=F8F14F62C527C382581D90DAA5F1D4C5</Data>
    <Data Name="ParentProcessGuid">{d9db6bb6-1b56-665b-0602-0000374bb8d8}</Data>
    <Data Name="ParentProcessId">4388</Data>
    <Data Name="ParentImage">C:\Windows\System32\services.exe</Data>
    <Data Name="ParentCommandLine">services.exe</Data>
    <Data Name="ParentUser">NT AUTHORITY\SYSTEM</Data>
    
  </EventData>
</Event>
