<Event xmlns="http://schemas.microsoft.com/win/2004/08/events/event">
  <System>
    <Provider Name="Microsoft-Windows-Sysmon" Guid="{5770385f-c22a-43e0-bf4c-06f5698ffbd9}"/>
    <EventID>1</EventID>
    <Version>5</Version>
    <Level>4</Level>
    <Task>1</Task>
    <Opcode>0</Opcode>
    <Keywords>0x8000000000000000</Keywords>
    <TimeCreated SystemTime="2024-06-11T16:01:59.7784890Z"/>
    <EventRecordID>562134</EventRecordID>
    <Correlation/>
    <Execution ProcessID="1820" ThreadID="2900"/>
    <Channel>Microsoft-Windows-Sysmon/Operational</Channel>
    <Computer>WS-ROKAFOR-01.meridianledger.local</Computer>
    <Security UserID="S-1-5-18"/>
  </System>
  <EventData>
    
    <Data Name="RuleName">-</Data>
    <Data Name="UtcTime">2024-06-11 16:01:59.777</Data>
    <Data Name="ProcessGuid">{d9db6bb6-74f7-6668-3200-0010f6188bb4}</Data>
    <Data Name="ProcessId">8152</Data>
    <Data Name="Image">C:\Windows\System32\WindowsPowerShell\v1.0\powershell.exe</Data>
    <Data Name="FileVersion">10.0.22621.1</Data>
    <Data Name="Description">Windows PowerShell</Data>
    <Data Name="Product">Microsoft Windows Operating System</Data>
    <Data Name="Company">Microsoft Corporation</Data>
    <Data Name="OriginalFileName">PowerShell.EXE</Data>
    <Data Name="CommandLine">powershell.exe</Data>
    <Data Name="CurrentDirectory">c:\windows\</Data>
    <Data Name="User">MERIDIANLEDGER\rita.okafor</Data>
    <Data Name="LogonGuid">{00000000-0000-0000-0000-000000000000}</Data>
    <Data Name="LogonId">0x8136d1f</Data>
    <Data Name="TerminalSessionId">2</Data>
    <Data Name="IntegrityLevel">Medium</Data>
    <Data Name="Hashes">SHA1=74807298BB026542B177B40CEC0B2D64D5238D09,MD5=EEACC5305C17D7F9E330B33280A27AC5,SHA256=8A59DE82B9F4AD767B08A19B8F47E045B6E82C53F55A422FE0CE860BA3A9470A,IMPHASH=9E37895148BCA2306FCE4BCB0E51C310</Data>
    <Data Name="ParentProcessGuid">{d9db6bb6-62d5-6668-6b02-00009b7a1a07}</Data>
    <Data Name="ParentProcessId">6800</Data>
    <Data Name="ParentImage">C:\Windows\explorer.exe</Data>
    <Data Name="ParentCommandLine">explorer.exe</Data>
    <Data Name="ParentUser">MERIDIANLEDGER\rita.okafor</Data>
    
  </EventData>
</Event>
<Event xmlns="http://schemas.microsoft.com/win/2004/08/events/event">
  <System>
    <Provider Name="Microsoft-Windows-Sysmon" Guid="{5770385f-c22a-43e0-bf4c-06f5698ffbd9}"/>
    <EventID>1</EventID>
    <Version>5</Version>
    <Level>4</Level>
    <Task>1</Task>
    <Opcode>0</Opcode>
    <Keywords>0x8000000000000000</Keywords>
    <TimeCreated SystemTime="2024-06-11T16:02:12.7735817Z"/>
    <EventRecordID>562135</EventRecordID>
    <Correlation/>
    <Execution ProcessID="1820" ThreadID="3252"/>
    <Channel>Microsoft-Windows-Sysmon/Operational</Channel>
    <Computer>WS-ROKAFOR-01.meridianledger.local</Computer>
    <Security UserID="S-1-5-18"/>
  </System>
  <EventData>
    
    <Data Name="RuleName">-</Data>
    <Data Name="UtcTime">2024-06-11 16:02:12.772</Data>
    <Data Name="ProcessGuid">{d9db6bb6-7504-6668-1b00-0010a2c2932c}</Data>
    <Data Name="ProcessId">7792</Data>
    <Data Name="Image">C:\Windows\System32\WindowsPowerShell\v1.0\powershell.exe</Data>
    <Data Name="FileVersion">10.0.22621.1</Data>
    <Data Name="Description">Windows PowerShell</Data>
    <Data Name="Product">Microsoft Windows Operating System</Data>
    <Data Name="Company">Microsoft Corporation</Data>
    <Data Name="OriginalFileName">PowerShell.EXE</Data>
    <Data Name="CommandLine">powershell.exe</Data>
    <Data Name="CurrentDirectory">c:\windows\</Data>
    <Data Name="User">MERIDIANLEDGER\rita.okafor</Data>
    <Data Name="LogonGuid">{00000000-0000-0000-0000-000000000000}</Data>
    <Data Name="LogonId">0x8136d1f</Data>
    <Data Name="TerminalSessionId">2</Data>
    <Data Name="IntegrityLevel">Medium</Data>
    <Data Name="Hashes">SHA1=74807298BB026542B177B40CEC0B2D64D5238D09,MD5=EEACC5305C17D7F9E330B33280A27AC5,SHA256=8A59DE82B9F4AD767B08A19B8F47E045B6E82C53F55A422FE0CE860BA3A9470A,IMPHASH=9E37895148BCA2306FCE4BCB0E51C310</Data>
    <Data Name="ParentProcessGuid">{d9db6bb6-62d5-6668-6b02-00009b7a1a07}</Data>
    <Data Name="ParentProcessId">6800</Data>
    <Data Name="ParentImage">C:\Windows\explorer.exe</Data>
    <Data Name="ParentCommandLine">explorer.exe</Data>
    <Data Name="ParentUser">MERIDIANLEDGER\rita.okafor</Data>
    
  </EventData>
</Event>
<Event xmlns="http://schemas.microsoft.com/win/2004/08/events/event">
  <System>
    <Provider Name="Microsoft-Windows-Sysmon" Guid="{5770385f-c22a-43e0-bf4c-06f5698ffbd9}"/>
    <EventID>1</EventID>
    <Version>5</Version>
    <Level>4</Level>
    <Task>1</Task>
    <Opcode>0</Opcode>
    <Keywords>0x8000000000000000</Keywords>
    <TimeCreated SystemTime="2024-06-11T16:02:26.6559048Z"/>
    <EventRecordID>562136</EventRecordID>
    <Correlation/>
    <Execution ProcessID="1820" ThreadID="2152"/>
    <Channel>Microsoft-Windows-Sysmon/Operational</Channel>
    <Computer>WS-ROKAFOR-01.meridianledger.local</Computer>
    <Security UserID="S-1-5-18"/>
  </System>
  <EventData>
    
    <Data Name="RuleName">-</Data>
    <Data Name="UtcTime">2024-06-11 16:02:26.654</Data>
    <Data Name="ProcessGuid">{d9db6bb6-7512-6668-b400-001058f68503}</Data>
    <Data Name="ProcessId">8280</Data>
    <Data Name="Image">C:\Windows\System32\WindowsPowerShell\v1.0\powershell.exe</Data>
    <Data Name="FileVersion">10.0.22621.1</Data>
    <Data Name="Description">Windows PowerShell</Data>
    <Data Name="Product">Microsoft Windows Operating System</Data>
    <Data Name="Company">Microsoft Corporation</Data>
    <Data Name="OriginalFileName">PowerShell.EXE</Data>
    <Data Name="CommandLine">powershell.exe</Data>
    <Data Name="CurrentDirectory">c:\windows\</Data>
    <Data Name="User">MERIDIANLEDGER\rita.okafor</Data>
    <Data Name="LogonGuid">{00000000-0000-0000-0000-000000000000}</Data>
    <Data Name="LogonId">0x8136d1f</Data>
    <Data Name="TerminalSessionId">2</Data>
    <Data Name="IntegrityLevel">Medium</Data>
    <Data Name="Hashes">SHA1=74807298BB026542B177B40CEC0B2D64D5238D09,MD5=EEACC5305C17D7F9E330B33280A27AC5,SHA256=8A59DE82B9F4AD767B08A19B8F47E045B6E82C53F55A422FE0CE860BA3A9470A,IMPHASH=9E37895148BCA2306FCE4BCB0E51C310</Data>
    <Data Name="ParentProcessGuid">{d9db6bb6-62d5-6668-6b02-00009b7a1a07}</Data>
    <Data Name="ParentProcessId">6800</Data>
    <Data Name="ParentImage">C:\Windows\explorer.exe</Data>
    <Data Name="ParentCommandLine">explorer.exe</Data>
    <Data Name="ParentUser">MERIDIANLEDGER\rita.okafor</Data>
    
  </EventData>
</Event>
<Event xmlns="http://schemas.microsoft.com/win/2004/08/events/event">
  <System>
    <Provider Name="Microsoft-Windows-Sysmon" Guid="{5770385f-c22a-43e0-bf4c-06f5698ffbd9}"/>
    <EventID>1</EventID>
    <Version>5</Version>
    <Level>4</Level>
    <Task>1</Task>
    <Opcode>0</Opcode>
    <Keywords>0x8000000000000000</Keywords>
    <TimeCreated SystemTime="2024-06-11T16:02:38.5233551Z"/>
    <EventRecordID>562137</EventRecordID>
    <Correlation/>
    <Execution ProcessID="1820" ThreadID="2900"/>
    <Channel>Microsoft-Windows-Sysmon/Operational</Channel>
    <Computer>WS-ROKAFOR-01.meridianledger.local</Computer>
    <Security UserID="S-1-5-18"/>
  </System>
  <EventData>
    
    <Data Name="RuleName">-</Data>
    <Data Name="UtcTime">2024-06-11 16:02:38.522</Data>
    <Data Name="ProcessGuid">{d9db6bb6-751e-6668-9100-001092abf982}</Data>
    <Data Name="ProcessId">8172</Data>
    <Data Name="Image">C:\Windows\System32\OpenSSH\ssh.exe</Data>
    <Data Name="FileVersion">8.6.0.1</Data>
    <Data Name="Description">OpenSSH SSH client</Data>
    <Data Name="Product">OpenSSH for Windows</Data>
    <Data Name="Company">Microsoft Corporation</Data>
    <Data Name="OriginalFileName">ssh.exe</Data>
    <Data Name="CommandLine">ssh.exe FILE-01.meridianledger.local</Data>
    <Data Name="CurrentDirectory">C:\Users\rita.okafor\</Data>
    <Data Name="User">MERIDIANLEDGER\rita.okafor</Data>
    <Data Name="LogonGuid">{00000000-0000-0000-0000-000000000000}</Data>
    <Data Name="LogonId">0x8136d1f</Data>
    <Data Name="TerminalSessionId">2</Data>
    <Data Name="IntegrityLevel">Medium</Data>
    <Data Name="Hashes">SHA1=34EDBE1F2503BED1B1F8F387974ACB65F632C21B,MD5=177AE85C74B6D0BB9FC040A42BF2CAC0,SHA256=5CA44FEC35D64819E1CF357648C98073ACA2AEF9816F8FA375095783B3AC3EE1,IMPHASH=62F7B0310260F97B5078263292DD1CBA</Data>
    <Data Name="ParentProcessGuid">{d9db6bb6-74f7-6668-3200-0010f6188bb4}</Data>
    <Data Name="ParentProcessId">8152</Data>
    <Data Name="ParentImage">C:\Windows\System32\WindowsPowerShell\v1.0\powershell.exe</Data>
    <Data Name="ParentCommandLine">powershell.exe</Data>
    <Data Name="ParentUser">MERIDIANLEDGER\rita.okafor</Data>
    
  </EventData>
</Event>
<Event xmlns="http://schemas.microsoft.com/win/2004/08/events/event">
  <System>
    <Provider Name="Microsoft-Windows-Sysmon" Guid="{5770385f-c22a-43e0-bf4c-06f5698ffbd9}"/>
    <EventID>3</EventID>
    <Version>5</Version>
    <Level>4</Level>
    <Task>3</Task>
    <Opcode>0</Opcode>
    <Keywords>0x8000000000000000</Keywords>
    <TimeCreated SystemTime="2024-06-11T16:02:39.6101060Z"/>
    <EventRecordID>562139</EventRecordID>
    <Correlation/>
    <Execution ProcessID="1820" ThreadID="2900"/>
    <Channel>Microsoft-Windows-Sysmon/Operational</Channel>
    <Computer>WS-ROKAFOR-01.meridianledger.local</Computer>
    <Security UserID="S-1-5-18"/>
  </System>
  <EventData>
    
    <Data Name="RuleName">-</Data>
    <Data Name="UtcTime">2024-06-11 16:02:39.608</Data>
    <Data Name="ProcessGuid">{d9db6bb6-751e-6668-9100-001092abf982}</Data>
    <Data Name="ProcessId">8172</Data>
    <Data Name="Image">C:\Windows\System32\OpenSSH\ssh.exe</Data>
    <Data Name="User">MERIDIANLEDGER\rita.okafor</Data>
    <Data Name="Protocol">tcp</Data>
    <Data Name="Initiated">true</Data>
    <Data Name="SourceIsIpv6">false</Data>
    <Data Name="SourceIp">10.30.10.12</Data>
    <Data Name="SourceHostname">WS-ROKAFOR-01.meridianledger.local</Data>
    <Data Name="SourcePort">59198</Data>
    <Data Name="SourcePortName">-</Data>
    <Data Name="DestinationIsIpv6">false</Data>
    <Data Name="DestinationIp">10.30.20.10</Data>
    <Data Name="DestinationHostname">-</Data>
    <Data Name="DestinationPort">22</Data>
    <Data Name="DestinationPortName">ssh</Data>
    
  </EventData>
</Event>
<Event xmlns="http://schemas.microsoft.com/win/2004/08/events/event">
  <System>
    <Provider Name="Microsoft-Windows-Sysmon" Guid="{5770385f-c22a-43e0-bf4c-06f5698ffbd9}"/>
    <EventID>1</EventID>
    <Version>5</Version>
    <Level>4</Level>
    <Task>1</Task>
    <Opcode>0</Opcode>
    <Keywords>0x8000000000000000</Keywords>
    <TimeCreated SystemTime="2024-06-11T16:02:43.5474517Z"/>
    <EventRecordID>562140</EventRecordID>
    <Correlation/>
    <Execution ProcessID="1820" ThreadID="3252"/>
    <Channel>Microsoft-Windows-Sysmon/Operational</Channel>
    <Computer>WS-ROKAFOR-01.meridianledger.local</Computer>
    <Security UserID="S-1-5-18"/>
  </System>
  <EventData>
    
    <Data Name="RuleName">-</Data>
    <Data Name="UtcTime">2024-06-11 16:02:43.545</Data>
    <Data Name="ProcessGuid">{d9db6bb6-7523-6668-eb02-0000406a6f0e}</Data>
    <Data Name="ProcessId">7800</Data>
    <Data Name="Image">C:\Windows\System32\OpenSSH\ssh.exe</Data>
    <Data Name="FileVersion">8.6.0.1</Data>
    <Data Name="Description">OpenSSH SSH client</Data>
    <Data Name="Product">OpenSSH for Windows</Data>
    <Data Name="Company">Microsoft Corporation</Data>
    <Data Name="OriginalFileName">ssh.exe</Data>
    <Data Name="CommandLine">ssh.exe WS-PIVERSON-01.meridianledger.local</Data>
    <Data Name="CurrentDirectory">C:\Users\rita.okafor\</Data>
    <Data Name="User">MERIDIANLEDGER\rita.okafor</Data>
    <Data Name="LogonGuid">{00000000-0000-0000-0000-000000000000}</Data>
    <Data Name="LogonId">0x8136d1f</Data>
    <Data Name="TerminalSessionId">2</Data>
    <Data Name="IntegrityLevel">Medium</Data>
    <Data Name="Hashes">SHA1=34EDBE1F2503BED1B1F8F387974ACB65F632C21B,MD5=177AE85C74B6D0BB9FC040A42BF2CAC0,SHA256=5CA44FEC35D64819E1CF357648C98073ACA2AEF9816F8FA375095783B3AC3EE1,IMPHASH=62F7B0310260F97B5078263292DD1CBA</Data>
    <Data Name="ParentProcessGuid">{d9db6bb6-7504-6668-1b00-0010a2c2932c}</Data>
    <Data Name="ParentProcessId">7792</Data>
    <Data Name="ParentImage">C:\Windows\System32\WindowsPowerShell\v1.0\powershell.exe</Data>
    <Data Name="ParentCommandLine">powershell.exe</Data>
    <Data Name="ParentUser">MERIDIANLEDGER\rita.okafor</Data>
    
  </EventData>
</Event>
<Event xmlns="http://schemas.microsoft.com/win/2004/08/events/event">
  <System>
    <Provider Name="Microsoft-Windows-Sysmon" Guid="{5770385f-c22a-43e0-bf4c-06f5698ffbd9}"/>
    <EventID>3</EventID>
    <Version>5</Version>
    <Level>4</Level>
    <Task>3</Task>
    <Opcode>0</Opcode>
    <Keywords>0x8000000000000000</Keywords>
    <TimeCreated SystemTime="2024-06-11T16:02:44.3256435Z"/>
    <EventRecordID>562141</EventRecordID>
    <Correlation/>
    <Execution ProcessID="1820" ThreadID="3252"/>
    <Channel>Microsoft-Windows-Sysmon/Operational</Channel>
    <Computer>WS-ROKAFOR-01.meridianledger.local</Computer>
    <Security UserID="S-1-5-18"/>
  </System>
  <EventData>
    
    <Data Name="RuleName">-</Data>
    <Data Name="UtcTime">2024-06-11 16:02:44.324</Data>
    <Data Name="ProcessGuid">{d9db6bb6-7523-6668-eb02-0000406a6f0e}</Data>
    <Data Name="ProcessId">7800</Data>
    <Data Name="Image">C:\Windows\System32\OpenSSH\ssh.exe</Data>
    <Data Name="User">MERIDIANLEDGER\rita.okafor</Data>
    <Data Name="Protocol">tcp</Data>
    <Data Name="Initiated">true</Data>
    <Data Name="SourceIsIpv6">false</Data>
    <Data Name="SourceIp">10.30.10.12</Data>
    <Data Name="SourceHostname">WS-ROKAFOR-01.meridianledger.local</Data>
    <Data Name="SourcePort">61960</Data>
    <Data Name="SourcePortName">-</Data>
    <Data Name="DestinationIsIpv6">false</Data>
    <Data Name="DestinationIp">10.30.10.11</Data>
    <Data Name="DestinationHostname">-</Data>
    <Data Name="DestinationPort">22</Data>
    <Data Name="DestinationPortName">ssh</Data>
    
  </EventData>
</Event>
<Event xmlns="http://schemas.microsoft.com/win/2004/08/events/event">
  <System>
    <Provider Name="Microsoft-Windows-Sysmon" Guid="{5770385f-c22a-43e0-bf4c-06f5698ffbd9}"/>
    <EventID>1</EventID>
    <Version>5</Version>
    <Level>4</Level>
    <Task>1</Task>
    <Opcode>0</Opcode>
    <Keywords>0x8000000000000000</Keywords>
    <TimeCreated SystemTime="2024-06-11T16:02:44.7305067Z"/>
    <EventRecordID>562142</EventRecordID>
    <Correlation/>
    <Execution ProcessID="1820" ThreadID="2900"/>
    <Channel>Microsoft-Windows-Sysmon/Operational</Channel>
    <Computer>WS-ROKAFOR-01.meridianledger.local</Computer>
    <Security UserID="S-1-5-18"/>
  </System>
  <EventData>
    
    <Data Name="RuleName">-</Data>
    <Data Name="UtcTime">2024-06-11 16:02:44.727</Data>
    <Data Name="ProcessGuid">{d9db6bb6-7524-6668-4800-0010cf06b3f2}</Data>
    <Data Name="ProcessId">8288</Data>
    <Data Name="Image">C:\Windows\System32\OpenSSH\ssh.exe</Data>
    <Data Name="FileVersion">8.6.0.1</Data>
    <Data Name="Description">OpenSSH SSH client</Data>
    <Data Name="Product">OpenSSH for Windows</Data>
    <Data Name="Company">Microsoft Corporation</Data>
    <Data Name="OriginalFileName">ssh.exe</Data>
    <Data Name="CommandLine">ssh.exe WEB-01.meridianledger.local</Data>
    <Data Name="CurrentDirectory">C:\Users\rita.okafor\</Data>
    <Data Name="User">MERIDIANLEDGER\rita.okafor</Data>
    <Data Name="LogonGuid">{00000000-0000-0000-0000-000000000000}</Data>
    <Data Name="LogonId">0x8136d1f</Data>
    <Data Name="TerminalSessionId">2</Data>
    <Data Name="IntegrityLevel">Medium</Data>
    <Data Name="Hashes">SHA1=34EDBE1F2503BED1B1F8F387974ACB65F632C21B,MD5=177AE85C74B6D0BB9FC040A42BF2CAC0,SHA256=5CA44FEC35D64819E1CF357648C98073ACA2AEF9816F8FA375095783B3AC3EE1,IMPHASH=62F7B0310260F97B5078263292DD1CBA</Data>
    <Data Name="ParentProcessGuid">{d9db6bb6-7512-6668-b400-001058f68503}</Data>
    <Data Name="ParentProcessId">8280</Data>
    <Data Name="ParentImage">C:\Windows\System32\WindowsPowerShell\v1.0\powershell.exe</Data>
    <Data Name="ParentCommandLine">powershell.exe</Data>
    <Data Name="ParentUser">MERIDIANLEDGER\rita.okafor</Data>
    
  </EventData>
</Event>
<Event xmlns="http://schemas.microsoft.com/win/2004/08/events/event">
  <System>
    <Provider Name="Microsoft-Windows-Sysmon" Guid="{5770385f-c22a-43e0-bf4c-06f5698ffbd9}"/>
    <EventID>3</EventID>
    <Version>5</Version>
    <Level>4</Level>
    <Task>3</Task>
    <Opcode>0</Opcode>
    <Keywords>0x8000000000000000</Keywords>
    <TimeCreated SystemTime="2024-06-11T16:02:45.9418962Z"/>
    <EventRecordID>562143</EventRecordID>
    <Correlation/>
    <Execution ProcessID="1820" ThreadID="2900"/>
    <Channel>Microsoft-Windows-Sysmon/Operational</Channel>
    <Computer>WS-ROKAFOR-01.meridianledger.local</Computer>
    <Security UserID="S-1-5-18"/>
  </System>
  <EventData>
    
    <Data Name="RuleName">-</Data>
    <Data Name="UtcTime">2024-06-11 16:02:45.936</Data>
    <Data Name="ProcessGuid">{d9db6bb6-7524-6668-4800-0010cf06b3f2}</Data>
    <Data Name="ProcessId">8288</Data>
    <Data Name="Image">C:\Windows\System32\OpenSSH\ssh.exe</Data>
    <Data Name="User">MERIDIANLEDGER\rita.okafor</Data>
    <Data Name="Protocol">tcp</Data>
    <Data Name="Initiated">true</Data>
    <Data Name="SourceIsIpv6">false</Data>
    <Data Name="SourceIp">10.30.10.12</Data>
    <Data Name="SourceHostname">WS-ROKAFOR-01.meridianledger.local</Data>
    <Data Name="SourcePort">61599</Data>
    <Data Name="SourcePortName">-</Data>
    <Data Name="DestinationIsIpv6">false</Data>
    <Data Name="DestinationIp">10.30.30.10</Data>
    <Data Name="DestinationHostname">-</Data>
    <Data Name="DestinationPort">22</Data>
    <Data Name="DestinationPortName">ssh</Data>
    
  </EventData>
</Event>
<Event xmlns="http://schemas.microsoft.com/win/2004/08/events/event">
  <System>
    <Provider Name="Microsoft-Windows-Sysmon" Guid="{5770385f-c22a-43e0-bf4c-06f5698ffbd9}"/>
    <EventID>1</EventID>
    <Version>5</Version>
    <Level>4</Level>
    <Task>1</Task>
    <Opcode>0</Opcode>
    <Keywords>0x8000000000000000</Keywords>
    <TimeCreated SystemTime="2024-06-11T16:03:15.5166815Z"/>
    <EventRecordID>562145</EventRecordID>
    <Correlation/>
    <Execution ProcessID="1820" ThreadID="2900"/>
    <Channel>Microsoft-Windows-Sysmon/Operational</Channel>
    <Computer>WS-ROKAFOR-01.meridianledger.local</Computer>
    <Security UserID="S-1-5-18"/>
  </System>
  <EventData>
    
    <Data Name="RuleName">-</Data>
    <Data Name="UtcTime">2024-06-11 16:03:15.516</Data>
    <Data Name="ProcessGuid">{d9db6bb6-7543-6668-1700-0000f853b8ad}</Data>
    <Data Name="ProcessId">7916</Data>
    <Data Name="Image">C:\Windows\System32\WindowsPowerShell\v1.0\powershell.exe</Data>
    <Data Name="FileVersion">10.0.22621.1</Data>
    <Data Name="Description">Windows PowerShell</Data>
    <Data Name="Product">Microsoft Windows Operating System</Data>
    <Data Name="Company">Microsoft Corporation</Data>
    <Data Name="OriginalFileName">PowerShell.EXE</Data>
    <Data Name="CommandLine">powershell.exe</Data>
    <Data Name="CurrentDirectory">c:\windows\</Data>
    <Data Name="User">MERIDIANLEDGER\rita.okafor</Data>
    <Data Name="LogonGuid">{00000000-0000-0000-0000-000000000000}</Data>
    <Data Name="LogonId">0x8136d1f</Data>
    <Data Name="TerminalSessionId">2</Data>
    <Data Name="IntegrityLevel">Medium</Data>
    <Data Name="Hashes">SHA1=74807298BB026542B177B40CEC0B2D64D5238D09,MD5=EEACC5305C17D7F9E330B33280A27AC5,SHA256=8A59DE82B9F4AD767B08A19B8F47E045B6E82C53F55A422FE0CE860BA3A9470A,IMPHASH=9E37895148BCA2306FCE4BCB0E51C310</Data>
    <Data Name="ParentProcessGuid">{d9db6bb6-62d5-6668-6b02-00009b7a1a07}</Data>
    <Data Name="ParentProcessId">6800</Data>
    <Data Name="ParentImage">C:\Windows\explorer.exe</Data>
    <Data Name="ParentCommandLine">explorer.exe</Data>
    <Data Name="ParentUser">MERIDIANLEDGER\rita.okafor</Data>
    
  </EventData>
</Event>
<Event xmlns="http://schemas.microsoft.com/win/2004/08/events/event">
  <System>
    <Provider Name="Microsoft-Windows-Sysmon" Guid="{5770385f-c22a-43e0-bf4c-06f5698ffbd9}"/>
    <EventID>1</EventID>
    <Version>5</Version>
    <Level>4</Level>
    <Task>1</Task>
    <Opcode>0</Opcode>
    <Keywords>0x8000000000000000</Keywords>
    <TimeCreated SystemTime="2024-06-11T16:03:18.4719857Z"/>
    <EventRecordID>562146</EventRecordID>
    <Correlation/>
    <Execution ProcessID="1820" ThreadID="2788"/>
    <Channel>Microsoft-Windows-Sysmon/Operational</Channel>
    <Computer>WS-ROKAFOR-01.meridianledger.local</Computer>
    <Security UserID="S-1-5-18"/>
  </System>
  <EventData>
    
    <Data Name="RuleName">-</Data>
    <Data Name="UtcTime">2024-06-11 16:03:18.471</Data>
    <Data Name="ProcessGuid">{d9db6bb6-7546-6668-0002-00106d59d944}</Data>
    <Data Name="ProcessId">7560</Data>
    <Data Name="Image">C:\Program Files\Zoom\bin\ZoomUpdate.exe</Data>
    <Data Name="FileVersion">-</Data>
    <Data Name="Description">-</Data>
    <Data Name="Product">-</Data>
    <Data Name="Company">-</Data>
    <Data Name="OriginalFileName">-</Data>
    <Data Name="CommandLine">ZoomUpdate.exe --check</Data>
    <Data Name="CurrentDirectory">C:\Windows\System32\</Data>
    <Data Name="User">NT AUTHORITY\SYSTEM</Data>
    <Data Name="LogonGuid">{00000000-0000-0000-0000-000000000000}</Data>
    <Data Name="LogonId">0x3e7</Data>
    <Data Name="TerminalSessionId">0</Data>
    <Data Name="IntegrityLevel">System</Data>
    <Data Name="Hashes">SHA1=BC6D0A7F5840EBA92578737CB8E3A578A9CA2BDC,MD5=955908C6149B4522A99A07631B730F28,SHA256=2CB8D60480530016745716ECF4637C0FA080C39E637B858893BB51EB9DF0A56A,IMPHASH=C355E8F8B7E0AF70E3EE4EA6E0EECDFC</Data>
    <Data Name="ParentProcessGuid">{d9db6bb6-1b6e-665b-4b02-00006e2b6534}</Data>
    <Data Name="ParentProcessId">4632</Data>
    <Data Name="ParentImage">C:\Windows\System32\taskhostw.exe</Data>
    <Data Name="ParentCommandLine">taskhostw.exe</Data>
    <Data Name="ParentUser">NT AUTHORITY\SYSTEM</Data>
    
  </EventData>
</Event>
<Event xmlns="http://schemas.microsoft.com/win/2004/08/events/event">
  <System>
    <Provider Name="Microsoft-Windows-Sysmon" Guid="{5770385f-c22a-43e0-bf4c-06f5698ffbd9}"/>
    <EventID>5</EventID>
    <Version>3</Version>
    <Level>4</Level>
    <Task>5</Task>
    <Opcode>0</Opcode>
    <Keywords>0x8000000000000000</Keywords>
    <TimeCreated SystemTime="2024-06-11T16:03:32.8948212Z"/>
    <EventRecordID>562147</EventRecordID>
    <Correlation/>
    <Execution ProcessID="1820" ThreadID="2152"/>
    <Channel>Microsoft-Windows-Sysmon/Operational</Channel>
    <Computer>WS-ROKAFOR-01.meridianledger.local</Computer>
    <Security UserID="S-1-5-18"/>
  </System>
  <EventData>
    
    <Data Name="RuleName">-</Data>
    <Data Name="UtcTime">2024-06-11 16:03:32.893</Data>
    <Data Name="ProcessGuid">{d9db6bb6-7546-6668-0002-00106d59d944}</Data>
    <Data Name="ProcessId">7560</Data>
    <Data Name="Image">C:\Program Files\Zoom\bin\ZoomUpdate.exe</Data>
    <Data Name="User">NT AUTHORITY\SYSTEM</Data>
    
  </EventData>
</Event>
<Event xmlns="http://schemas.microsoft.com/win/2004/08/events/event">
  <System>
    <Provider Name="Microsoft-Windows-Sysmon" Guid="{5770385f-c22a-43e0-bf4c-06f5698ffbd9}"/>
    <EventID>1</EventID>
    <Version>5</Version>
    <Level>4</Level>
    <Task>1</Task>
    <Opcode>0</Opcode>
    <Keywords>0x8000000000000000</Keywords>
    <TimeCreated SystemTime="2024-06-11T16:03:38.0896004Z"/>
    <EventRecordID>562148</EventRecordID>
    <Correlation/>
    <Execution ProcessID="1820" ThreadID="2900"/>
    <Channel>Microsoft-Windows-Sysmon/Operational</Channel>
    <Computer>WS-ROKAFOR-01.meridianledger.local</Computer>
    <Security UserID="S-1-5-18"/>
  </System>
  <EventData>
    
    <Data Name="RuleName">-</Data>
    <Data Name="UtcTime">2024-06-11 16:03:38.087</Data>
    <Data Name="ProcessGuid">{d9db6bb6-755a-6668-ff00-00101c1a5d43}</Data>
    <Data Name="ProcessId">8048</Data>
    <Data Name="Image">C:\Windows\System32\OpenSSH\ssh.exe</Data>
    <Data Name="FileVersion">8.6.0.1</Data>
    <Data Name="Description">OpenSSH SSH client</Data>
    <Data Name="Product">OpenSSH for Windows</Data>
    <Data Name="Company">Microsoft Corporation</Data>
    <Data Name="OriginalFileName">ssh.exe</Data>
    <Data Name="CommandLine">ssh.exe internal-host</Data>
    <Data Name="CurrentDirectory">C:\Users\rita.okafor\</Data>
    <Data Name="User">MERIDIANLEDGER\rita.okafor</Data>
    <Data Name="LogonGuid">{00000000-0000-0000-0000-000000000000}</Data>
    <Data Name="LogonId">0x8136d1f</Data>
    <Data Name="TerminalSessionId">2</Data>
    <Data Name="IntegrityLevel">Medium</Data>
    <Data Name="Hashes">SHA1=34EDBE1F2503BED1B1F8F387974ACB65F632C21B,MD5=177AE85C74B6D0BB9FC040A42BF2CAC0,SHA256=5CA44FEC35D64819E1CF357648C98073ACA2AEF9816F8FA375095783B3AC3EE1,IMPHASH=62F7B0310260F97B5078263292DD1CBA</Data>
    <Data Name="ParentProcessGuid">{d9db6bb6-7543-6668-1700-0000f853b8ad}</Data>
    <Data Name="ParentProcessId">7916</Data>
    <Data Name="ParentImage">C:\Windows\System32\WindowsPowerShell\v1.0\powershell.exe</Data>
    <Data Name="ParentCommandLine">powershell.exe</Data>
    <Data Name="ParentUser">MERIDIANLEDGER\rita.okafor</Data>
    
  </EventData>
</Event>
<Event xmlns="http://schemas.microsoft.com/win/2004/08/events/event">
  <System>
    <Provider Name="Microsoft-Windows-Sysmon" Guid="{5770385f-c22a-43e0-bf4c-06f5698ffbd9}"/>
    <EventID>3</EventID>
    <Version>5</Version>
    <Level>4</Level>
    <Task>3</Task>
    <Opcode>0</Opcode>
    <Keywords>0x8000000000000000</Keywords>
    <TimeCreated SystemTime="2024-06-11T16:03:39.7314745Z"/>
    <EventRecordID>562149</EventRecordID>
    <Correlation/>
    <Execution ProcessID="1820" ThreadID="2900"/>
    <Channel>Microsoft-Windows-Sysmon/Operational</Channel>
    <Computer>WS-ROKAFOR-01.meridianledger.local</Computer>
    <Security UserID="S-1-5-18"/>
  </System>
  <EventData>
    
    <Data Name="RuleName">-</Data>
    <Data Name="UtcTime">2024-06-11 16:03:39.727</Data>
    <Data Name="ProcessGuid">{d9db6bb6-755a-6668-ff00-00101c1a5d43}</Data>
    <Data Name="ProcessId">8048</Data>
    <Data Name="Image">C:\Windows\System32\OpenSSH\ssh.exe</Data>
    <Data Name="User">MERIDIANLEDGER\rita.okafor</Data>
    <Data Name="Protocol">tcp</Data>
    <Data Name="Initiated">true</Data>
    <Data Name="SourceIsIpv6">false</Data>
    <Data Name="SourceIp">10.30.10.12</Data>
    <Data Name="SourceHostname">WS-ROKAFOR-01.meridianledger.local</Data>
    <Data Name="SourcePort">61465</Data>
    <Data Name="SourcePortName">-</Data>
    <Data Name="DestinationIsIpv6">false</Data>
    <Data Name="DestinationIp">192.9.16.27</Data>
    <Data Name="DestinationHostname">-</Data>
    <Data Name="DestinationPort">22</Data>
    <Data Name="DestinationPortName">ssh</Data>
    
  </EventData>
</Event>
<Event xmlns="http://schemas.microsoft.com/win/2004/08/events/event">
  <System>
    <Provider Name="Microsoft-Windows-Sysmon" Guid="{5770385f-c22a-43e0-bf4c-06f5698ffbd9}"/>
    <EventID>1</EventID>
    <Version>5</Version>
    <Level>4</Level>
    <Task>1</Task>
    <Opcode>0</Opcode>
    <Keywords>0x8000000000000000</Keywords>
    <TimeCreated SystemTime="2024-06-11T16:05:33.6329834Z"/>
    <EventRecordID>562154</EventRecordID>
    <Correlation/>
    <Execution ProcessID="1820" ThreadID="3252"/>
    <Channel>Microsoft-Windows-Sysmon/Operational</Channel>
    <Computer>WS-ROKAFOR-01.meridianledger.local</Computer>
    <Security UserID="S-1-5-18"/>
  </System>
  <EventData>
    
    <Data Name="RuleName">-</Data>
    <Data Name="UtcTime">2024-06-11 16:05:33.631</Data>
    <Data Name="ProcessGuid">{d9db6bb6-75cd-6668-be00-0010ce67c9a3}</Data>
    <Data Name="ProcessId">7604</Data>
    <Data Name="Image">C:\Windows\System32\taskhostw.exe</Data>
    <Data Name="FileVersion">10.0.22621.1</Data>
    <Data Name="Description">Host Process for Windows Tasks</Data>
    <Data Name="Product">Microsoft Windows Operating System</Data>
    <Data Name="Company">Microsoft Corporation</Data>
    <Data Name="OriginalFileName">taskhostw.exe</Data>
    <Data Name="CommandLine">taskhostw.exe /Run</Data>
    <Data Name="CurrentDirectory">C:\Windows\System32\</Data>
    <Data Name="User">NT AUTHORITY\SYSTEM</Data>
    <Data Name="LogonGuid">{00000000-0000-0000-0000-000000000000}</Data>
    <Data Name="LogonId">0x3e7</Data>
    <Data Name="TerminalSessionId">0</Data>
    <Data Name="IntegrityLevel">System</Data>
    <Data Name="Hashes">SHA1=43D2778A530C049762799D2A49B4003FE63197E8,MD5=9CBB25D7316E690FD9A7B5A94FE435BA,SHA256=20F9EA7819597F0D2417814292A93F7DA3C7C772624D93C8D2EBBDEBEFCA7FBA,IMPHASH=6665061B5B72EBC3024E458910E50591</Data>
    <Data Name="ParentProcessGuid">{d9db6bb6-1b5c-665b-6f02-0010a1e42216}</Data>
    <Data Name="ParentProcessId">4404</Data>
    <Data Name="ParentImage">C:\Windows\System32\svchost.exe</Data>
    <Data Name="ParentCommandLine">svchost.exe -k LocalSystem</Data>
    <Data Name="ParentUser">NT AUTHORITY\SYSTEM</Data>
    
  </EventData>
</Event>
<Event xmlns="http://schemas.microsoft.com/win/2004/08/events/event">
  <System>
    <Provider Name="Microsoft-Windows-Sysmon" Guid="{5770385f-c22a-43e0-bf4c-06f5698ffbd9}"/>
    <EventID>1</EventID>
    <Version>5</Version>
    <Level>4</Level>
    <Task>1</Task>
    <Opcode>0</Opcode>
    <Keywords>0x8000000000000000</Keywords>
    <TimeCreated SystemTime="2024-06-11T16:05:40.1216032Z"/>
    <EventRecordID>562156</EventRecordID>
    <Correlation/>
    <Execution ProcessID="1820" ThreadID="4204"/>
    <Channel>Microsoft-Windows-Sysmon/Operational</Channel>
    <Computer>WS-ROKAFOR-01.meridianledger.local</Computer>
    <Security UserID="S-1-5-18"/>
  </System>
  <EventData>
    
    <Data Name="RuleName">-</Data>
    <Data Name="UtcTime">2024-06-11 16:05:40.120</Data>
    <Data Name="ProcessGuid">{d9db6bb6-75d4-6668-9602-001052dd049a}</Data>
    <Data Name="ProcessId">8240</Data>
    <Data Name="Image">C:\Windows\System32\WindowsPowerShell\v1.0\powershell.exe</Data>
    <Data Name="FileVersion">10.0.22621.1</Data>
    <Data Name="Description">Windows PowerShell</Data>
    <Data Name="Product">Microsoft Windows Operating System</Data>
    <Data Name="Company">Microsoft Corporation</Data>
    <Data Name="OriginalFileName">PowerShell.EXE</Data>
    <Data Name="CommandLine">powershell.exe</Data>
    <Data Name="CurrentDirectory">c:\windows\</Data>
    <Data Name="User">MERIDIANLEDGER\rita.okafor</Data>
    <Data Name="LogonGuid">{00000000-0000-0000-0000-000000000000}</Data>
    <Data Name="LogonId">0x8136d1f</Data>
    <Data Name="TerminalSessionId">2</Data>
    <Data Name="IntegrityLevel">Medium</Data>
    <Data Name="Hashes">SHA1=74807298BB026542B177B40CEC0B2D64D5238D09,MD5=EEACC5305C17D7F9E330B33280A27AC5,SHA256=8A59DE82B9F4AD767B08A19B8F47E045B6E82C53F55A422FE0CE860BA3A9470A,IMPHASH=9E37895148BCA2306FCE4BCB0E51C310</Data>
    <Data Name="ParentProcessGuid">{d9db6bb6-62d5-6668-6b02-00009b7a1a07}</Data>
    <Data Name="ParentProcessId">6800</Data>
    <Data Name="ParentImage">C:\Windows\explorer.exe</Data>
    <Data Name="ParentCommandLine">explorer.exe</Data>
    <Data Name="ParentUser">MERIDIANLEDGER\rita.okafor</Data>
    
  </EventData>
</Event>
<Event xmlns="http://schemas.microsoft.com/win/2004/08/events/event">
  <System>
    <Provider Name="Microsoft-Windows-Sysmon" Guid="{5770385f-c22a-43e0-bf4c-06f5698ffbd9}"/>
    <EventID>1</EventID>
    <Version>5</Version>
    <Level>4</Level>
    <Task>1</Task>
    <Opcode>0</Opcode>
    <Keywords>0x8000000000000000</Keywords>
    <TimeCreated SystemTime="2024-06-11T16:06:01.8879521Z"/>
    <EventRecordID>562157</EventRecordID>
    <Correlation/>
    <Execution ProcessID="1820" ThreadID="3252"/>
    <Channel>Microsoft-Windows-Sysmon/Operational</Channel>
    <Computer>WS-ROKAFOR-01.meridianledger.local</Computer>
    <Security UserID="S-1-5-18"/>
  </System>
  <EventData>
    
    <Data Name="RuleName">-</Data>
    <Data Name="UtcTime">2024-06-11 16:06:01.887</Data>
    <Data Name="ProcessGuid">{d9db6bb6-75e9-6668-fe02-0000d31ca074}</Data>
    <Data Name="ProcessId">8244</Data>
    <Data Name="Image">C:\Windows\System32\OpenSSH\ssh.exe</Data>
    <Data Name="FileVersion">8.6.0.1</Data>
    <Data Name="Description">OpenSSH SSH client</Data>
    <Data Name="Product">OpenSSH for Windows</Data>
    <Data Name="Company">Microsoft Corporation</Data>
    <Data Name="OriginalFileName">ssh.exe</Data>
    <Data Name="CommandLine">ssh.exe FILE-01.meridianledger.local</Data>
    <Data Name="CurrentDirectory">C:\Users\rita.okafor\</Data>
    <Data Name="User">MERIDIANLEDGER\rita.okafor</Data>
    <Data Name="LogonGuid">{00000000-0000-0000-0000-000000000000}</Data>
    <Data Name="LogonId">0x8136d1f</Data>
    <Data Name="TerminalSessionId">2</Data>
    <Data Name="IntegrityLevel">Medium</Data>
    <Data Name="Hashes">SHA1=34EDBE1F2503BED1B1F8F387974ACB65F632C21B,MD5=177AE85C74B6D0BB9FC040A42BF2CAC0,SHA256=5CA44FEC35D64819E1CF357648C98073ACA2AEF9816F8FA375095783B3AC3EE1,IMPHASH=62F7B0310260F97B5078263292DD1CBA</Data>
    <Data Name="ParentProcessGuid">{d9db6bb6-75d4-6668-9602-001052dd049a}</Data>
    <Data Name="ParentProcessId">8240</Data>
    <Data Name="ParentImage">C:\Windows\System32\WindowsPowerShell\v1.0\powershell.exe</Data>
    <Data Name="ParentCommandLine">powershell.exe</Data>
    <Data Name="ParentUser">MERIDIANLEDGER\rita.okafor</Data>
    
  </EventData>
</Event>
<Event xmlns="http://schemas.microsoft.com/win/2004/08/events/event">
  <System>
    <Provider Name="Microsoft-Windows-Sysmon" Guid="{5770385f-c22a-43e0-bf4c-06f5698ffbd9}"/>
    <EventID>1</EventID>
    <Version>5</Version>
    <Level>4</Level>
    <Task>1</Task>
    <Opcode>0</Opcode>
    <Keywords>0x8000000000000000</Keywords>
    <TimeCreated SystemTime="2024-06-11T16:06:02.4627572Z"/>
    <EventRecordID>562158</EventRecordID>
    <Correlation/>
    <Execution ProcessID="1820" ThreadID="3252"/>
    <Channel>Microsoft-Windows-Sysmon/Operational</Channel>
    <Computer>WS-ROKAFOR-01.meridianledger.local</Computer>
    <Security UserID="S-1-5-18"/>
  </System>
  <EventData>
    
    <Data Name="RuleName">-</Data>
    <Data Name="UtcTime">2024-06-11 16:06:02.461</Data>
    <Data Name="ProcessGuid">{d9db6bb6-75ea-6668-ad02-0000d568bff7}</Data>
    <Data Name="ProcessId">8324</Data>
    <Data Name="Image">C:\Windows\System32\WindowsPowerShell\v1.0\powershell.exe</Data>
    <Data Name="FileVersion">10.0.22621.1</Data>
    <Data Name="Description">Windows PowerShell</Data>
    <Data Name="Product">Microsoft Windows Operating System</Data>
    <Data Name="Company">Microsoft Corporation</Data>
    <Data Name="OriginalFileName">PowerShell.EXE</Data>
    <Data Name="CommandLine">powershell.exe</Data>
    <Data Name="CurrentDirectory">c:\windows\</Data>
    <Data Name="User">MERIDIANLEDGER\rita.okafor</Data>
    <Data Name="LogonGuid">{00000000-0000-0000-0000-000000000000}</Data>
    <Data Name="LogonId">0x8136d1f</Data>
    <Data Name="TerminalSessionId">2</Data>
    <Data Name="IntegrityLevel">Medium</Data>
    <Data Name="Hashes">SHA1=74807298BB026542B177B40CEC0B2D64D5238D09,MD5=EEACC5305C17D7F9E330B33280A27AC5,SHA256=8A59DE82B9F4AD767B08A19B8F47E045B6E82C53F55A422FE0CE860BA3A9470A,IMPHASH=9E37895148BCA2306FCE4BCB0E51C310</Data>
    <Data Name="ParentProcessGuid">{d9db6bb6-62d5-6668-6b02-00009b7a1a07}</Data>
    <Data Name="ParentProcessId">6800</Data>
    <Data Name="ParentImage">C:\Windows\explorer.exe</Data>
    <Data Name="ParentCommandLine">explorer.exe</Data>
    <Data Name="ParentUser">MERIDIANLEDGER\rita.okafor</Data>
    
  </EventData>
</Event>
<Event xmlns="http://schemas.microsoft.com/win/2004/08/events/event">
  <System>
    <Provider Name="Microsoft-Windows-Sysmon" Guid="{5770385f-c22a-43e0-bf4c-06f5698ffbd9}"/>
    <EventID>3</EventID>
    <Version>5</Version>
    <Level>4</Level>
    <Task>3</Task>
    <Opcode>0</Opcode>
    <Keywords>0x8000000000000000</Keywords>
    <TimeCreated SystemTime="2024-06-11T16:06:09.0183556Z"/>
    <EventRecordID>562160</EventRecordID>
    <Correlation/>
    <Execution ProcessID="1820" ThreadID="3252"/>
    <Channel>Microsoft-Windows-Sysmon/Operational</Channel>
    <Computer>WS-ROKAFOR-01.meridianledger.local</Computer>
    <Security UserID="S-1-5-18"/>
  </System>
  <EventData>
    
    <Data Name="RuleName">-</Data>
    <Data Name="UtcTime">2024-06-11 16:06:09.017</Data>
    <Data Name="ProcessGuid">{d9db6bb6-75e9-6668-fe02-0000d31ca074}</Data>
    <Data Name="ProcessId">8244</Data>
    <Data Name="Image">C:\Windows\System32\OpenSSH\ssh.exe</Data>
    <Data Name="User">MERIDIANLEDGER\rita.okafor</Data>
    <Data Name="Protocol">tcp</Data>
    <Data Name="Initiated">true</Data>
    <Data Name="SourceIsIpv6">false</Data>
    <Data Name="SourceIp">10.30.10.12</Data>
    <Data Name="SourceHostname">WS-ROKAFOR-01.meridianledger.local</Data>
    <Data Name="SourcePort">53699</Data>
    <Data Name="SourcePortName">-</Data>
    <Data Name="DestinationIsIpv6">false</Data>
    <Data Name="DestinationIp">10.30.20.10</Data>
    <Data Name="DestinationHostname">-</Data>
    <Data Name="DestinationPort">22</Data>
    <Data Name="DestinationPortName">ssh</Data>
    
  </EventData>
</Event>
<Event xmlns="http://schemas.microsoft.com/win/2004/08/events/event">
  <System>
    <Provider Name="Microsoft-Windows-Sysmon" Guid="{5770385f-c22a-43e0-bf4c-06f5698ffbd9}"/>
    <EventID>1</EventID>
    <Version>5</Version>
    <Level>4</Level>
    <Task>1</Task>
    <Opcode>0</Opcode>
    <Keywords>0x8000000000000000</Keywords>
    <TimeCreated SystemTime="2024-06-11T16:06:11.5974963Z"/>
    <EventRecordID>562161</EventRecordID>
    <Correlation/>
    <Execution ProcessID="1820" ThreadID="3252"/>
    <Channel>Microsoft-Windows-Sysmon/Operational</Channel>
    <Computer>WS-ROKAFOR-01.meridianledger.local</Computer>
    <Security UserID="S-1-5-18"/>
  </System>
  <EventData>
    
    <Data Name="RuleName">-</Data>
    <Data Name="UtcTime">2024-06-11 16:06:11.597</Data>
    <Data Name="ProcessGuid">{d9db6bb6-75f3-6668-b302-000036c4969c}</Data>
    <Data Name="ProcessId">8224</Data>
    <Data Name="Image">C:\Windows\System32\WindowsPowerShell\v1.0\powershell.exe</Data>
    <Data Name="FileVersion">10.0.22621.1</Data>
    <Data Name="Description">Windows PowerShell</Data>
    <Data Name="Product">Microsoft Windows Operating System</Data>
    <Data Name="Company">Microsoft Corporation</Data>
    <Data Name="OriginalFileName">PowerShell.EXE</Data>
    <Data Name="CommandLine">powershell.exe</Data>
    <Data Name="CurrentDirectory">c:\windows\</Data>
    <Data Name="User">MERIDIANLEDGER\rita.okafor</Data>
    <Data Name="LogonGuid">{00000000-0000-0000-0000-000000000000}</Data>
    <Data Name="LogonId">0x8136d1f</Data>
    <Data Name="TerminalSessionId">2</Data>
    <Data Name="IntegrityLevel">Medium</Data>
    <Data Name="Hashes">SHA1=74807298BB026542B177B40CEC0B2D64D5238D09,MD5=EEACC5305C17D7F9E330B33280A27AC5,SHA256=8A59DE82B9F4AD767B08A19B8F47E045B6E82C53F55A422FE0CE860BA3A9470A,IMPHASH=9E37895148BCA2306FCE4BCB0E51C310</Data>
    <Data Name="ParentProcessGuid">{d9db6bb6-62d5-6668-6b02-00009b7a1a07}</Data>
    <Data Name="ParentProcessId">6800</Data>
    <Data Name="ParentImage">C:\Windows\explorer.exe</Data>
    <Data Name="ParentCommandLine">explorer.exe</Data>
    <Data Name="ParentUser">MERIDIANLEDGER\rita.okafor</Data>
    
  </EventData>
</Event>
<Event xmlns="http://schemas.microsoft.com/win/2004/08/events/event">
  <System>
    <Provider Name="Microsoft-Windows-Sysmon" Guid="{5770385f-c22a-43e0-bf4c-06f5698ffbd9}"/>
    <EventID>5</EventID>
    <Version>3</Version>
    <Level>4</Level>
    <Task>5</Task>
    <Opcode>0</Opcode>
    <Keywords>0x8000000000000000</Keywords>
    <TimeCreated SystemTime="2024-06-11T16:06:15.2893202Z"/>
    <EventRecordID>562162</EventRecordID>
    <Correlation/>
    <Execution ProcessID="1820" ThreadID="3252"/>
    <Channel>Microsoft-Windows-Sysmon/Operational</Channel>
    <Computer>WS-ROKAFOR-01.meridianledger.local</Computer>
    <Security UserID="S-1-5-18"/>
  </System>
  <EventData>
    
    <Data Name="RuleName">-</Data>
    <Data Name="UtcTime">2024-06-11 16:06:15.288</Data>
    <Data Name="ProcessGuid">{d9db6bb6-75cd-6668-be00-0010ce67c9a3}</Data>
    <Data Name="ProcessId">7604</Data>
    <Data Name="Image">C:\Windows\System32\taskhostw.exe</Data>
    <Data Name="User">NT AUTHORITY\SYSTEM</Data>
    
  </EventData>
</Event>
<Event xmlns="http://schemas.microsoft.com/win/2004/08/events/event">
  <System>
    <Provider Name="Microsoft-Windows-Sysmon" Guid="{5770385f-c22a-43e0-bf4c-06f5698ffbd9}"/>
    <EventID>10</EventID>
    <Version>3</Version>
    <Level>4</Level>
    <Task>10</Task>
    <Opcode>0</Opcode>
    <Keywords>0x8000000000000000</Keywords>
    <TimeCreated SystemTime="2024-06-11T16:06:21.1228194Z"/>
    <EventRecordID>562163</EventRecordID>
    <Correlation/>
    <Execution ProcessID="1820" ThreadID="2152"/>
    <Channel>Microsoft-Windows-Sysmon/Operational</Channel>
    <Computer>WS-ROKAFOR-01.meridianledger.local</Computer>
    <Security UserID="S-1-5-18"/>
  </System>
  <EventData>
    
    <Data Name="RuleName">-</Data>
    <Data Name="UtcTime">2024-06-11 16:06:21.122</Data>
    <Data Name="SourceProcessGUID">{d9db6bb6-1b6a-665b-1f02-001006bf9147}</Data>
    <Data Name="SourceProcessId">4608</Data>
    <Data Name="SourceThreadId">7076</Data>
    <Data Name="SourceImage">C:\ProgramData\Microsoft\Windows Defender\Platform\4.18.2301.6-0\MpCmdRun.exe</Data>
    <Data Name="TargetProcessGUID">{d9db6bb6-1b64-665b-fb02-001051416efb}</Data>
    <Data Name="TargetProcessId">4508</Data>
    <Data Name="TargetImage">C:\ProgramData\Microsoft\Windows Defender\Platform\4.18.2301.6-0\MsMpEng.exe</Data>
    <Data Name="GrantedAccess">0x1010</Data>
    <Data Name="CallTrace">C:\Windows\SYSTEM32\ntdll.dll+9C72E|C:\Windows\SYSTEM32\KERNELBASE.dll+2CB44|C:\Windows\SYSTEM32\advapi32.dll+4C966</Data>
    <Data Name="SourceUser">NT AUTHORITY\SYSTEM</Data>
    <Data Name="TargetUser">NT AUTHORITY\SYSTEM</Data>
    
  </EventData>
</Event>
<Event xmlns="http://schemas.microsoft.com/win/2004/08/events/event">
  <System>
    <Provider Name="Microsoft-Windows-Sysmon" Guid="{5770385f-c22a-43e0-bf4c-06f5698ffbd9}"/>
    <EventID>1</EventID>
    <Version>5</Version>
    <Level>4</Level>
    <Task>1</Task>
    <Opcode>0</Opcode>
    <Keywords>0x8000000000000000</Keywords>
    <TimeCreated SystemTime="2024-06-11T16:06:24.3543844Z"/>
    <EventRecordID>562164</EventRecordID>
    <Correlation/>
    <Execution ProcessID="1820" ThreadID="3252"/>
    <Channel>Microsoft-Windows-Sysmon/Operational</Channel>
    <Computer>WS-ROKAFOR-01.meridianledger.local</Computer>
    <Security UserID="S-1-5-18"/>
  </System>
  <EventData>
    
    <Data Name="RuleName">-</Data>
    <Data Name="UtcTime">2024-06-11 16:06:24.352</Data>
    <Data Name="ProcessGuid">{d9db6bb6-7600-6668-9f00-001068071523}</Data>
    <Data Name="ProcessId">8336</Data>
    <Data Name="Image">C:\Windows\System32\OpenSSH\ssh.exe</Data>
    <Data Name="FileVersion">8.6.0.1</Data>
    <Data Name="Description">OpenSSH SSH client</Data>
    <Data Name="Product">OpenSSH for Windows</Data>
    <Data Name="Company">Microsoft Corporation</Data>
    <Data Name="OriginalFileName">ssh.exe</Data>
    <Data Name="CommandLine">ssh.exe internal-host</Data>
    <Data Name="CurrentDirectory">C:\Users\rita.okafor\</Data>
    <Data Name="User">MERIDIANLEDGER\rita.okafor</Data>
    <Data Name="LogonGuid">{00000000-0000-0000-0000-000000000000}</Data>
    <Data Name="LogonId">0x8136d1f</Data>
    <Data Name="TerminalSessionId">2</Data>
    <Data Name="IntegrityLevel">Medium</Data>
    <Data Name="Hashes">SHA1=34EDBE1F2503BED1B1F8F387974ACB65F632C21B,MD5=177AE85C74B6D0BB9FC040A42BF2CAC0,SHA256=5CA44FEC35D64819E1CF357648C98073ACA2AEF9816F8FA375095783B3AC3EE1,IMPHASH=62F7B0310260F97B5078263292DD1CBA</Data>
    <Data Name="ParentProcessGuid">{d9db6bb6-75ea-6668-ad02-0000d568bff7}</Data>
    <Data Name="ParentProcessId">8324</Data>
    <Data Name="ParentImage">C:\Windows\System32\WindowsPowerShell\v1.0\powershell.exe</Data>
    <Data Name="ParentCommandLine">powershell.exe</Data>
    <Data Name="ParentUser">MERIDIANLEDGER\rita.okafor</Data>
    
  </EventData>
</Event>
<Event xmlns="http://schemas.microsoft.com/win/2004/08/events/event">
  <System>
    <Provider Name="Microsoft-Windows-Sysmon" Guid="{5770385f-c22a-43e0-bf4c-06f5698ffbd9}"/>
    <EventID>1</EventID>
    <Version>5</Version>
    <Level>4</Level>
    <Task>1</Task>
    <Opcode>0</Opcode>
    <Keywords>0x8000000000000000</Keywords>
    <TimeCreated SystemTime="2024-06-11T16:06:30.6963124Z"/>
    <EventRecordID>562165</EventRecordID>
    <Correlation/>
    <Execution ProcessID="1820" ThreadID="3252"/>
    <Channel>Microsoft-Windows-Sysmon/Operational</Channel>
    <Computer>WS-ROKAFOR-01.meridianledger.local</Computer>
    <Security UserID="S-1-5-18"/>
  </System>
  <EventData>
    
    <Data Name="RuleName">-</Data>
    <Data Name="UtcTime">2024-06-11 16:06:30.695</Data>
    <Data Name="ProcessGuid">{d9db6bb6-7606-6668-6202-00008e5dda60}</Data>
    <Data Name="ProcessId">8228</Data>
    <Data Name="Image">C:\Windows\System32\OpenSSH\ssh.exe</Data>
    <Data Name="FileVersion">8.6.0.1</Data>
    <Data Name="Description">OpenSSH SSH client</Data>
    <Data Name="Product">OpenSSH for Windows</Data>
    <Data Name="Company">Microsoft Corporation</Data>
    <Data Name="OriginalFileName">ssh.exe</Data>
    <Data Name="CommandLine">ssh.exe WS-PIVERSON-01.meridianledger.local</Data>
    <Data Name="CurrentDirectory">C:\Users\rita.okafor\</Data>
    <Data Name="User">MERIDIANLEDGER\rita.okafor</Data>
    <Data Name="LogonGuid">{00000000-0000-0000-0000-000000000000}</Data>
    <Data Name="LogonId">0x8136d1f</Data>
    <Data Name="TerminalSessionId">2</Data>
    <Data Name="IntegrityLevel">Medium</Data>
    <Data Name="Hashes">SHA1=34EDBE1F2503BED1B1F8F387974ACB65F632C21B,MD5=177AE85C74B6D0BB9FC040A42BF2CAC0,SHA256=5CA44FEC35D64819E1CF357648C98073ACA2AEF9816F8FA375095783B3AC3EE1,IMPHASH=62F7B0310260F97B5078263292DD1CBA</Data>
    <Data Name="ParentProcessGuid">{d9db6bb6-75f3-6668-b302-000036c4969c}</Data>
    <Data Name="ParentProcessId">8224</Data>
    <Data Name="ParentImage">C:\Windows\System32\WindowsPowerShell\v1.0\powershell.exe</Data>
    <Data Name="ParentCommandLine">powershell.exe</Data>
    <Data Name="ParentUser">MERIDIANLEDGER\rita.okafor</Data>
    
  </EventData>
</Event>
<Event xmlns="http://schemas.microsoft.com/win/2004/08/events/event">
  <System>
    <Provider Name="Microsoft-Windows-Sysmon" Guid="{5770385f-c22a-43e0-bf4c-06f5698ffbd9}"/>
    <EventID>3</EventID>
    <Version>5</Version>
    <Level>4</Level>
    <Task>3</Task>
    <Opcode>0</Opcode>
    <Keywords>0x8000000000000000</Keywords>
    <TimeCreated SystemTime="2024-06-11T16:06:31.2973914Z"/>
    <EventRecordID>562166</EventRecordID>
    <Correlation/>
    <Execution ProcessID="1820" ThreadID="3252"/>
    <Channel>Microsoft-Windows-Sysmon/Operational</Channel>
    <Computer>WS-ROKAFOR-01.meridianledger.local</Computer>
    <Security UserID="S-1-5-18"/>
  </System>
  <EventData>
    
    <Data Name="RuleName">-</Data>
    <Data Name="UtcTime">2024-06-11 16:06:31.295</Data>
    <Data Name="ProcessGuid">{d9db6bb6-7600-6668-9f00-001068071523}</Data>
    <Data Name="ProcessId">8336</Data>
    <Data Name="Image">C:\Windows\System32\OpenSSH\ssh.exe</Data>
    <Data Name="User">MERIDIANLEDGER\rita.okafor</Data>
    <Data Name="Protocol">tcp</Data>
    <Data Name="Initiated">true</Data>
    <Data Name="SourceIsIpv6">false</Data>
    <Data Name="SourceIp">10.30.10.12</Data>
    <Data Name="SourceHostname">WS-ROKAFOR-01.meridianledger.local</Data>
    <Data Name="SourcePort">60179</Data>
    <Data Name="SourcePortName">-</Data>
    <Data Name="DestinationIsIpv6">false</Data>
    <Data Name="DestinationIp">194.208.66.220</Data>
    <Data Name="DestinationHostname">-</Data>
    <Data Name="DestinationPort">22</Data>
    <Data Name="DestinationPortName">ssh</Data>
    
  </EventData>
</Event>
<Event xmlns="http://schemas.microsoft.com/win/2004/08/events/event">
  <System>
    <Provider Name="Microsoft-Windows-Sysmon" Guid="{5770385f-c22a-43e0-bf4c-06f5698ffbd9}"/>
    <EventID>3</EventID>
    <Version>5</Version>
    <Level>4</Level>
    <Task>3</Task>
    <Opcode>0</Opcode>
    <Keywords>0x8000000000000000</Keywords>
    <TimeCreated SystemTime="2024-06-11T16:06:31.7905854Z"/>
    <EventRecordID>562167</EventRecordID>
    <Correlation/>
    <Execution ProcessID="1820" ThreadID="3252"/>
    <Channel>Microsoft-Windows-Sysmon/Operational</Channel>
    <Computer>WS-ROKAFOR-01.meridianledger.local</Computer>
    <Security UserID="S-1-5-18"/>
  </System>
  <EventData>
    
    <Data Name="RuleName">-</Data>
    <Data Name="UtcTime">2024-06-11 16:06:31.781</Data>
    <Data Name="ProcessGuid">{d9db6bb6-7606-6668-6202-00008e5dda60}</Data>
    <Data Name="ProcessId">8228</Data>
    <Data Name="Image">C:\Windows\System32\OpenSSH\ssh.exe</Data>
    <Data Name="User">MERIDIANLEDGER\rita.okafor</Data>
    <Data Name="Protocol">tcp</Data>
    <Data Name="Initiated">true</Data>
    <Data Name="SourceIsIpv6">false</Data>
    <Data Name="SourceIp">10.30.10.12</Data>
    <Data Name="SourceHostname">WS-ROKAFOR-01.meridianledger.local</Data>
    <Data Name="SourcePort">59734</Data>
    <Data Name="SourcePortName">-</Data>
    <Data Name="DestinationIsIpv6">false</Data>
    <Data Name="DestinationIp">10.30.10.11</Data>
    <Data Name="DestinationHostname">-</Data>
    <Data Name="DestinationPort">22</Data>
    <Data Name="DestinationPortName">ssh</Data>
    
  </EventData>
</Event>
