<Event xmlns="http://schemas.microsoft.com/win/2004/08/events/event">
  <System>
    <Provider Name="Microsoft-Windows-Sysmon" Guid="{5770385f-c22a-43e0-bf4c-06f5698ffbd9}"/>
    <EventID>7</EventID>
    <Version>3</Version>
    <Level>4</Level>
    <Task>7</Task>
    <Opcode>0</Opcode>
    <Keywords>0x8000000000000000</Keywords>
    <TimeCreated SystemTime="2024-06-11T13:20:28.0436878Z"/>
    <EventRecordID>561537</EventRecordID>
    <Correlation/>
    <Execution ProcessID="1820" ThreadID="4204"/>
    <Channel>Microsoft-Windows-Sysmon/Operational</Channel>
    <Computer>WS-ROKAFOR-01.meridianledger.local</Computer>
    <Security UserID="S-1-5-18"/>
  </System>
  <EventData>
    
    <Data Name="RuleName">-</Data>
    <Data Name="UtcTime">2024-06-11 13:20:28.041</Data>
    <Data Name="ProcessGuid">{d9db6bb6-4f1b-6668-0c00-00006bd3ce2c}</Data>
    <Data Name="ProcessId">5780</Data>
    <Data Name="Image">C:\Program Files (x86)\Microsoft\Edge\Application\msedge.exe</Data>
    <Data Name="ImageLoaded">C:\Program Files (x86)\Microsoft\Edge\Application\msedge_elf.dll</Data>
    <Data Name="FileVersion">120.0.2210.144</Data>
    <Data Name="Description">msedge_elf.dll module</Data>
    <Data Name="Product">Microsoft Edge</Data>
    <Data Name="Company">Microsoft Corporation</Data>
    <Data Name="OriginalFileName">msedge_elf.dll</Data>
    <Data Name="Hashes">SHA1=06925EF42C13DA36D82C1DFEDA4271831A8B9ED1,MD5=60D8A8DBAEE60701879D40958F46A99D,SHA256=CFB12C0D448C166CD35F6D2754183380B02A8F67CA46D0C99477CCF8EC5A7A37,IMPHASH=B93EF998CF61A450A58380752C351973</Data>
    <Data Name="Signed">true</Data>
    <Data Name="Signature">Microsoft Corporation</Data>
    <Data Name="SignatureStatus">Valid</Data>
    <Data Name="User">MERIDIANLEDGER\rita.okafor</Data>
    
  </EventData>
</Event>
<Event xmlns="http://schemas.microsoft.com/win/2004/08/events/event">
  <System>
    <Provider Name="Microsoft-Windows-Sysmon" Guid="{5770385f-c22a-43e0-bf4c-06f5698ffbd9}"/>
    <EventID>22</EventID>
    <Version>5</Version>
    <Level>4</Level>
    <Task>22</Task>
    <Opcode>0</Opcode>
    <Keywords>0x8000000000000000</Keywords>
    <TimeCreated SystemTime="2024-06-11T13:20:28.1155431Z"/>
    <EventRecordID>561538</EventRecordID>
    <Correlation/>
    <Execution ProcessID="1820" ThreadID="4204"/>
    <Channel>Microsoft-Windows-Sysmon/Operational</Channel>
    <Computer>WS-ROKAFOR-01.meridianledger.local</Computer>
    <Security UserID="S-1-5-18"/>
  </System>
  <EventData>
    
    <Data Name="RuleName">-</Data>
    <Data Name="UtcTime">2024-06-11 13:20:28.114</Data>
    <Data Name="ProcessGuid">{d9db6bb6-1b5e-665b-3702-001061331358}</Data>
    <Data Name="ProcessId">4436</Data>
    <Data Name="QueryName">app.powerbi.com</Data>
    <Data Name="QueryStatus">0</Data>
    <Data Name="QueryResults">13.107.246.81;13.107.246.80;</Data>
    <Data Name="Image">C:\Windows\System32\svchost.exe</Data>
    <Data Name="User">NT AUTHORITY\LOCAL SERVICE</Data>
    
  </EventData>
</Event>
<Event xmlns="http://schemas.microsoft.com/win/2004/08/events/event">
  <System>
    <Provider Name="Microsoft-Windows-Sysmon" Guid="{5770385f-c22a-43e0-bf4c-06f5698ffbd9}"/>
    <EventID>3</EventID>
    <Version>5</Version>
    <Level>4</Level>
    <Task>3</Task>
    <Opcode>0</Opcode>
    <Keywords>0x8000000000000000</Keywords>
    <TimeCreated SystemTime="2024-06-11T13:20:28.9129278Z"/>
    <EventRecordID>561539</EventRecordID>
    <Correlation/>
    <Execution ProcessID="1820" ThreadID="4204"/>
    <Channel>Microsoft-Windows-Sysmon/Operational</Channel>
    <Computer>WS-ROKAFOR-01.meridianledger.local</Computer>
    <Security UserID="S-1-5-18"/>
  </System>
  <EventData>
    
    <Data Name="RuleName">-</Data>
    <Data Name="UtcTime">2024-06-11 13:20:28.910</Data>
    <Data Name="ProcessGuid">{d9db6bb6-1b5e-665b-b300-0010238d69af}</Data>
    <Data Name="ProcessId">4412</Data>
    <Data Name="Image">C:\Windows\System32\svchost.exe</Data>
    <Data Name="User">NT AUTHORITY\NETWORK SERVICE</Data>
    <Data Name="Protocol">tcp</Data>
    <Data Name="Initiated">true</Data>
    <Data Name="SourceIsIpv6">false</Data>
    <Data Name="SourceIp">10.30.10.12</Data>
    <Data Name="SourceHostname">WS-ROKAFOR-01.meridianledger.local</Data>
    <Data Name="SourcePort">59861</Data>
    <Data Name="SourcePortName">-</Data>
    <Data Name="DestinationIsIpv6">false</Data>
    <Data Name="DestinationIp">64.68.121.205</Data>
    <Data Name="DestinationHostname">webex.com</Data>
    <Data Name="DestinationPort">443</Data>
    <Data Name="DestinationPortName">https</Data>
    
  </EventData>
</Event>
<Event xmlns="http://schemas.microsoft.com/win/2004/08/events/event">
  <System>
    <Provider Name="Microsoft-Windows-Sysmon" Guid="{5770385f-c22a-43e0-bf4c-06f5698ffbd9}"/>
    <EventID>1</EventID>
    <Version>5</Version>
    <Level>4</Level>
    <Task>1</Task>
    <Opcode>0</Opcode>
    <Keywords>0x8000000000000000</Keywords>
    <TimeCreated SystemTime="2024-06-11T13:20:30.9220222Z"/>
    <EventRecordID>561540</EventRecordID>
    <Correlation/>
    <Execution ProcessID="1820" ThreadID="2788"/>
    <Channel>Microsoft-Windows-Sysmon/Operational</Channel>
    <Computer>WS-ROKAFOR-01.meridianledger.local</Computer>
    <Security UserID="S-1-5-18"/>
  </System>
  <EventData>
    
    <Data Name="RuleName">-</Data>
    <Data Name="UtcTime">2024-06-11 13:20:30.921</Data>
    <Data Name="ProcessGuid">{d9db6bb6-4f1e-6668-0000-0010cbac4d27}</Data>
    <Data Name="ProcessId">5696</Data>
    <Data Name="Image">C:\Windows\System32\WindowsPowerShell\v1.0\powershell.exe</Data>
    <Data Name="FileVersion">10.0.22621.1</Data>
    <Data Name="Description">Windows PowerShell</Data>
    <Data Name="Product">Microsoft Windows Operating System</Data>
    <Data Name="Company">Microsoft Corporation</Data>
    <Data Name="OriginalFileName">PowerShell.EXE</Data>
    <Data Name="CommandLine">C:\Windows\System32\WindowsPowerShell\v1.0\powershell.exe</Data>
    <Data Name="CurrentDirectory">C:\Windows\System32\</Data>
    <Data Name="User">MERIDIANLEDGER\rita.okafor</Data>
    <Data Name="LogonGuid">{00000000-0000-0000-0000-000000000000}</Data>
    <Data Name="LogonId">0x805a3d9</Data>
    <Data Name="TerminalSessionId">3</Data>
    <Data Name="IntegrityLevel">Medium</Data>
    <Data Name="Hashes">SHA1=74807298BB026542B177B40CEC0B2D64D5238D09,MD5=EEACC5305C17D7F9E330B33280A27AC5,SHA256=8A59DE82B9F4AD767B08A19B8F47E045B6E82C53F55A422FE0CE860BA3A9470A,IMPHASH=9E37895148BCA2306FCE4BCB0E51C310</Data>
    <Data Name="ParentProcessGuid">{d9db6bb6-48fe-6668-de02-001021b08105}</Data>
    <Data Name="ParentProcessId">5460</Data>
    <Data Name="ParentImage">C:\Windows\explorer.exe</Data>
    <Data Name="ParentCommandLine">explorer.exe</Data>
    <Data Name="ParentUser">MERIDIANLEDGER\rita.okafor</Data>
    
  </EventData>
</Event>
<Event xmlns="http://schemas.microsoft.com/win/2004/08/events/event">
  <System>
    <Provider Name="Microsoft-Windows-Sysmon" Guid="{5770385f-c22a-43e0-bf4c-06f5698ffbd9}"/>
    <EventID>22</EventID>
    <Version>5</Version>
    <Level>4</Level>
    <Task>22</Task>
    <Opcode>0</Opcode>
    <Keywords>0x8000000000000000</Keywords>
    <TimeCreated SystemTime="2024-06-11T13:20:31.2798887Z"/>
    <EventRecordID>561541</EventRecordID>
    <Correlation/>
    <Execution ProcessID="1820" ThreadID="2152"/>
    <Channel>Microsoft-Windows-Sysmon/Operational</Channel>
    <Computer>WS-ROKAFOR-01.meridianledger.local</Computer>
    <Security UserID="S-1-5-18"/>
  </System>
  <EventData>
    
    <Data Name="RuleName">-</Data>
    <Data Name="UtcTime">2024-06-11 13:20:31.278</Data>
    <Data Name="ProcessGuid">{d9db6bb6-4f1b-6668-0c00-00006bd3ce2c}</Data>
    <Data Name="ProcessId">5780</Data>
    <Data Name="QueryName">content.powerapps.com</Data>
    <Data Name="QueryStatus">0</Data>
    <Data Name="QueryResults">13.107.246.82;13.107.246.83;</Data>
    <Data Name="Image">C:\Program Files (x86)\Microsoft\Edge\Application\msedge.exe</Data>
    <Data Name="User">MERIDIANLEDGER\rita.okafor</Data>
    
  </EventData>
</Event>
<Event xmlns="http://schemas.microsoft.com/win/2004/08/events/event">
  <System>
    <Provider Name="Microsoft-Windows-Sysmon" Guid="{5770385f-c22a-43e0-bf4c-06f5698ffbd9}"/>
    <EventID>1</EventID>
    <Version>5</Version>
    <Level>4</Level>
    <Task>1</Task>
    <Opcode>0</Opcode>
    <Keywords>0x8000000000000000</Keywords>
    <TimeCreated SystemTime="2024-06-11T13:20:35.3849506Z"/>
    <EventRecordID>561543</EventRecordID>
    <Correlation/>
    <Execution ProcessID="1820" ThreadID="3252"/>
    <Channel>Microsoft-Windows-Sysmon/Operational</Channel>
    <Computer>WS-ROKAFOR-01.meridianledger.local</Computer>
    <Security UserID="S-1-5-18"/>
  </System>
  <EventData>
    
    <Data Name="RuleName">-</Data>
    <Data Name="UtcTime">2024-06-11 13:20:35.382</Data>
    <Data Name="ProcessGuid">{d9db6bb6-4f23-6668-ec00-0000c56fe5f1}</Data>
    <Data Name="ProcessId">5660</Data>
    <Data Name="Image">C:\Program Files (x86)\Notepad++\notepad++.exe</Data>
    <Data Name="FileVersion">8.6.4</Data>
    <Data Name="Description">Notepad++ : a free (GNU) source code editor</Data>
    <Data Name="Product">Notepad++</Data>
    <Data Name="Company">Don HO don.h@free.fr</Data>
    <Data Name="OriginalFileName">notepad++.exe</Data>
    <Data Name="CommandLine">notepad++ Program.cs</Data>
    <Data Name="CurrentDirectory">C:\Program Files (x86)\Notepad++\</Data>
    <Data Name="User">MERIDIANLEDGER\rita.okafor</Data>
    <Data Name="LogonGuid">{00000000-0000-0000-0000-000000000000}</Data>
    <Data Name="LogonId">0x805a3d9</Data>
    <Data Name="TerminalSessionId">3</Data>
    <Data Name="IntegrityLevel">Medium</Data>
    <Data Name="Hashes">SHA1=76293961641F0EA5D6E70E112CD1FE2E77BF0BE2,MD5=1353C966738DBF63C34D259F3057CFB7,SHA256=5E32E9B13E9E97160A52131C821ECA981D7634C323E2BA4C8DB2E454A5AFFAED,IMPHASH=E4A9A039B661898F358D2C572A3F09A6</Data>
    <Data Name="ParentProcessGuid">{d9db6bb6-48fe-6668-de02-001021b08105}</Data>
    <Data Name="ParentProcessId">5460</Data>
    <Data Name="ParentImage">C:\Windows\explorer.exe</Data>
    <Data Name="ParentCommandLine">explorer.exe</Data>
    <Data Name="ParentUser">MERIDIANLEDGER\rita.okafor</Data>
    
  </EventData>
</Event>
<Event xmlns="http://schemas.microsoft.com/win/2004/08/events/event">
  <System>
    <Provider Name="Microsoft-Windows-Sysmon" Guid="{5770385f-c22a-43e0-bf4c-06f5698ffbd9}"/>
    <EventID>1</EventID>
    <Version>5</Version>
    <Level>4</Level>
    <Task>1</Task>
    <Opcode>0</Opcode>
    <Keywords>0x8000000000000000</Keywords>
    <TimeCreated SystemTime="2024-06-11T13:20:41.0480562Z"/>
    <EventRecordID>561544</EventRecordID>
    <Correlation/>
    <Execution ProcessID="1820" ThreadID="2900"/>
    <Channel>Microsoft-Windows-Sysmon/Operational</Channel>
    <Computer>WS-ROKAFOR-01.meridianledger.local</Computer>
    <Security UserID="S-1-5-18"/>
  </System>
  <EventData>
    
    <Data Name="RuleName">-</Data>
    <Data Name="UtcTime">2024-06-11 13:20:41.047</Data>
    <Data Name="ProcessGuid">{d9db6bb6-4f29-6668-e100-001089cfa9d1}</Data>
    <Data Name="ProcessId">5640</Data>
    <Data Name="Image">C:\Program Files\Mozilla Firefox\firefox.exe</Data>
    <Data Name="FileVersion">121.0</Data>
    <Data Name="Description">Firefox</Data>
    <Data Name="Product">Firefox</Data>
    <Data Name="Company">Mozilla Corporation</Data>
    <Data Name="OriginalFileName">firefox.exe</Data>
    <Data Name="CommandLine">"C:\Program Files\Mozilla Firefox\firefox.exe" -osint -url http://www.healthcareitnews.com/</Data>
    <Data Name="CurrentDirectory">C:\Users\rita.okafor\</Data>
    <Data Name="User">MERIDIANLEDGER\rita.okafor</Data>
    <Data Name="LogonGuid">{00000000-0000-0000-0000-000000000000}</Data>
    <Data Name="LogonId">0x805a3d9</Data>
    <Data Name="TerminalSessionId">3</Data>
    <Data Name="IntegrityLevel">Medium</Data>
    <Data Name="Hashes">SHA1=F78FCDDC7632E6DF6029270507A60E5B4B21951B,MD5=D39A8CE39BB9BC76CDDD45A1DFA17AC9,SHA256=3E053567474CF448D7BBECF77E8545347CA13D74BAEAE80C1874AD8141688016,IMPHASH=4CE80C2CC143420306DE2C6EF18B7974</Data>
    <Data Name="ParentProcessGuid">{d9db6bb6-48fe-6668-de02-001021b08105}</Data>
    <Data Name="ParentProcessId">5460</Data>
    <Data Name="ParentImage">C:\Windows\explorer.exe</Data>
    <Data Name="ParentCommandLine">explorer.exe</Data>
    <Data Name="ParentUser">MERIDIANLEDGER\rita.okafor</Data>
    
  </EventData>
</Event>
<Event xmlns="http://schemas.microsoft.com/win/2004/08/events/event">
  <System>
    <Provider Name="Microsoft-Windows-Sysmon" Guid="{5770385f-c22a-43e0-bf4c-06f5698ffbd9}"/>
    <EventID>7</EventID>
    <Version>3</Version>
    <Level>4</Level>
    <Task>7</Task>
    <Opcode>0</Opcode>
    <Keywords>0x8000000000000000</Keywords>
    <TimeCreated SystemTime="2024-06-11T13:20:41.2177320Z"/>
    <EventRecordID>561545</EventRecordID>
    <Correlation/>
    <Execution ProcessID="1820" ThreadID="2900"/>
    <Channel>Microsoft-Windows-Sysmon/Operational</Channel>
    <Computer>WS-ROKAFOR-01.meridianledger.local</Computer>
    <Security UserID="S-1-5-18"/>
  </System>
  <EventData>
    
    <Data Name="RuleName">-</Data>
    <Data Name="UtcTime">2024-06-11 13:20:41.217</Data>
    <Data Name="ProcessGuid">{d9db6bb6-4f29-6668-e100-001089cfa9d1}</Data>
    <Data Name="ProcessId">5640</Data>
    <Data Name="Image">C:\Program Files\Mozilla Firefox\firefox.exe</Data>
    <Data Name="ImageLoaded">C:\Program Files\Mozilla Firefox\mozglue.dll</Data>
    <Data Name="FileVersion">121.0</Data>
    <Data Name="Description">Mozilla Glue Library</Data>
    <Data Name="Product">Firefox</Data>
    <Data Name="Company">Mozilla Corporation</Data>
    <Data Name="OriginalFileName">mozglue.dll</Data>
    <Data Name="Hashes">SHA1=6B9BBA651A0CBD1C8A89D7127D8C873561490666,MD5=C604BED279AA5351FE6810111EDA0A21,SHA256=C35A2A972F11FBBC2C567B6F776B9C78623BCAB97A23367C5A00CE5499A8B106,IMPHASH=0AAAEE36CD7929C388E742028EACD105</Data>
    <Data Name="Signed">true</Data>
    <Data Name="Signature">Mozilla Corporation</Data>
    <Data Name="SignatureStatus">Valid</Data>
    <Data Name="User">MERIDIANLEDGER\rita.okafor</Data>
    
  </EventData>
</Event>
<Event xmlns="http://schemas.microsoft.com/win/2004/08/events/event">
  <System>
    <Provider Name="Microsoft-Windows-Sysmon" Guid="{5770385f-c22a-43e0-bf4c-06f5698ffbd9}"/>
    <EventID>7</EventID>
    <Version>3</Version>
    <Level>4</Level>
    <Task>7</Task>
    <Opcode>0</Opcode>
    <Keywords>0x8000000000000000</Keywords>
    <TimeCreated SystemTime="2024-06-11T13:20:41.2349520Z"/>
    <EventRecordID>561546</EventRecordID>
    <Correlation/>
    <Execution ProcessID="1820" ThreadID="2152"/>
    <Channel>Microsoft-Windows-Sysmon/Operational</Channel>
    <Computer>WS-ROKAFOR-01.meridianledger.local</Computer>
    <Security UserID="S-1-5-18"/>
  </System>
  <EventData>
    
    <Data Name="RuleName">-</Data>
    <Data Name="UtcTime">2024-06-11 13:20:41.230</Data>
    <Data Name="ProcessGuid">{d9db6bb6-4f29-6668-e100-001089cfa9d1}</Data>
    <Data Name="ProcessId">5640</Data>
    <Data Name="Image">C:\Program Files\Mozilla Firefox\firefox.exe</Data>
    <Data Name="ImageLoaded">C:\Program Files\Mozilla Firefox\nss3.dll</Data>
    <Data Name="FileVersion">121.0</Data>
    <Data Name="Description">Network Security Services</Data>
    <Data Name="Product">Firefox</Data>
    <Data Name="Company">Mozilla Corporation</Data>
    <Data Name="OriginalFileName">nss3.dll</Data>
    <Data Name="Hashes">SHA1=E6FCB2E18D1EDB2960AEEEDC771D31C757ED314A,MD5=B48DFF602DD3068E71014297E34C5DE0,SHA256=3F2C8EACE2F1D61DE9D7D4CBA8161C4C692667AF8F42190DF7719B28F4DD325F,IMPHASH=9ACDE9A71BFFEDFEB8CBD53782FB014D</Data>
    <Data Name="Signed">true</Data>
    <Data Name="Signature">Mozilla Corporation</Data>
    <Data Name="SignatureStatus">Valid</Data>
    <Data Name="User">MERIDIANLEDGER\rita.okafor</Data>
    
  </EventData>
</Event>
<Event xmlns="http://schemas.microsoft.com/win/2004/08/events/event">
  <System>
    <Provider Name="Microsoft-Windows-Sysmon" Guid="{5770385f-c22a-43e0-bf4c-06f5698ffbd9}"/>
    <EventID>7</EventID>
    <Version>3</Version>
    <Level>4</Level>
    <Task>7</Task>
    <Opcode>0</Opcode>
    <Keywords>0x8000000000000000</Keywords>
    <TimeCreated SystemTime="2024-06-11T13:20:41.2694582Z"/>
    <EventRecordID>561547</EventRecordID>
    <Correlation/>
    <Execution ProcessID="1820" ThreadID="3252"/>
    <Channel>Microsoft-Windows-Sysmon/Operational</Channel>
    <Computer>WS-ROKAFOR-01.meridianledger.local</Computer>
    <Security UserID="S-1-5-18"/>
  </System>
  <EventData>
    
    <Data Name="RuleName">-</Data>
    <Data Name="UtcTime">2024-06-11 13:20:41.244</Data>
    <Data Name="ProcessGuid">{d9db6bb6-4f29-6668-e100-001089cfa9d1}</Data>
    <Data Name="ProcessId">5640</Data>
    <Data Name="Image">C:\Program Files\Mozilla Firefox\firefox.exe</Data>
    <Data Name="ImageLoaded">C:\Program Files\Mozilla Firefox\lgpllibs.dll</Data>
    <Data Name="FileVersion">121.0</Data>
    <Data Name="Description">Mozilla LGPL Libraries</Data>
    <Data Name="Product">Firefox</Data>
    <Data Name="Company">Mozilla Corporation</Data>
    <Data Name="OriginalFileName">lgpllibs.dll</Data>
    <Data Name="Hashes">SHA1=0562DF3F693A93DBDE68290D3D13AAF1631406DE,MD5=870071B76F2AF80A9EB1EDFA262835C8,SHA256=A53F49429E7A2C31C081889BB6FC3BBDA1D19BBCDB698DAB8379941160E66DAC,IMPHASH=59B26FEFF5529EF6E6280222CD78C62B</Data>
    <Data Name="Signed">true</Data>
    <Data Name="Signature">Mozilla Corporation</Data>
    <Data Name="SignatureStatus">Valid</Data>
    <Data Name="User">MERIDIANLEDGER\rita.okafor</Data>
    
  </EventData>
</Event>
<Event xmlns="http://schemas.microsoft.com/win/2004/08/events/event">
  <System>
    <Provider Name="Microsoft-Windows-Sysmon" Guid="{5770385f-c22a-43e0-bf4c-06f5698ffbd9}"/>
    <EventID>22</EventID>
    <Version>5</Version>
    <Level>4</Level>
    <Task>22</Task>
    <Opcode>0</Opcode>
    <Keywords>0x8000000000000000</Keywords>
    <TimeCreated SystemTime="2024-06-11T13:20:44.2814792Z"/>
    <EventRecordID>561548</EventRecordID>
    <Correlation/>
    <Execution ProcessID="1820" ThreadID="2788"/>
    <Channel>Microsoft-Windows-Sysmon/Operational</Channel>
    <Computer>WS-ROKAFOR-01.meridianledger.local</Computer>
    <Security UserID="S-1-5-18"/>
  </System>
  <EventData>
    
    <Data Name="RuleName">-</Data>
    <Data Name="UtcTime">2024-06-11 13:20:44.280</Data>
    <Data Name="ProcessGuid">{d9db6bb6-1b5e-665b-b300-0010238d69af}</Data>
    <Data Name="ProcessId">4412</Data>
    <Data Name="QueryName">www.healthcareitnews.com</Data>
    <Data Name="QueryStatus">0</Data>
    <Data Name="QueryResults">104.18.27.89;104.18.26.89;</Data>
    <Data Name="Image">C:\Windows\System32\svchost.exe</Data>
    <Data Name="User">NT AUTHORITY\NETWORK SERVICE</Data>
    
  </EventData>
</Event>
<Event xmlns="http://schemas.microsoft.com/win/2004/08/events/event">
  <System>
    <Provider Name="Microsoft-Windows-Sysmon" Guid="{5770385f-c22a-43e0-bf4c-06f5698ffbd9}"/>
    <EventID>22</EventID>
    <Version>5</Version>
    <Level>4</Level>
    <Task>22</Task>
    <Opcode>0</Opcode>
    <Keywords>0x8000000000000000</Keywords>
    <TimeCreated SystemTime="2024-06-11T13:20:44.9751507Z"/>
    <EventRecordID>561549</EventRecordID>
    <Correlation/>
    <Execution ProcessID="1820" ThreadID="2900"/>
    <Channel>Microsoft-Windows-Sysmon/Operational</Channel>
    <Computer>WS-ROKAFOR-01.meridianledger.local</Computer>
    <Security UserID="S-1-5-18"/>
  </System>
  <EventData>
    
    <Data Name="RuleName">-</Data>
    <Data Name="UtcTime">2024-06-11 13:20:44.971</Data>
    <Data Name="ProcessGuid">{d9db6bb6-1b5e-665b-b300-0010238d69af}</Data>
    <Data Name="ProcessId">4412</Data>
    <Data Name="QueryName">89.27.18.104.in-addr.arpa</Data>
    <Data Name="QueryStatus">0</Data>
    <Data Name="QueryResults">104-18-27-89.cdn.cloudflare.net;</Data>
    <Data Name="Image">C:\Windows\System32\svchost.exe</Data>
    <Data Name="User">NT AUTHORITY\NETWORK SERVICE</Data>
    
  </EventData>
</Event>
<Event xmlns="http://schemas.microsoft.com/win/2004/08/events/event">
  <System>
    <Provider Name="Microsoft-Windows-Sysmon" Guid="{5770385f-c22a-43e0-bf4c-06f5698ffbd9}"/>
    <EventID>22</EventID>
    <Version>5</Version>
    <Level>4</Level>
    <Task>22</Task>
    <Opcode>0</Opcode>
    <Keywords>0x8000000000000000</Keywords>
    <TimeCreated SystemTime="2024-06-11T13:20:53.8851682Z"/>
    <EventRecordID>561551</EventRecordID>
    <Correlation/>
    <Execution ProcessID="1820" ThreadID="2788"/>
    <Channel>Microsoft-Windows-Sysmon/Operational</Channel>
    <Computer>WS-ROKAFOR-01.meridianledger.local</Computer>
    <Security UserID="S-1-5-18"/>
  </System>
  <EventData>
    
    <Data Name="RuleName">-</Data>
    <Data Name="UtcTime">2024-06-11 13:20:53.882</Data>
    <Data Name="ProcessGuid">{d9db6bb6-1b5e-665b-3702-001061331358}</Data>
    <Data Name="ProcessId">4436</Data>
    <Data Name="QueryName">upload.wikimedia.org</Data>
    <Data Name="QueryStatus">0</Data>
    <Data Name="QueryResults">208.80.154.224;</Data>
    <Data Name="Image">C:\Windows\System32\svchost.exe</Data>
    <Data Name="User">NT AUTHORITY\LOCAL SERVICE</Data>
    
  </EventData>
</Event>
<Event xmlns="http://schemas.microsoft.com/win/2004/08/events/event">
  <System>
    <Provider Name="Microsoft-Windows-Sysmon" Guid="{5770385f-c22a-43e0-bf4c-06f5698ffbd9}"/>
    <EventID>3</EventID>
    <Version>5</Version>
    <Level>4</Level>
    <Task>3</Task>
    <Opcode>0</Opcode>
    <Keywords>0x8000000000000000</Keywords>
    <TimeCreated SystemTime="2024-06-11T13:20:54.2836163Z"/>
    <EventRecordID>561552</EventRecordID>
    <Correlation/>
    <Execution ProcessID="1820" ThreadID="2788"/>
    <Channel>Microsoft-Windows-Sysmon/Operational</Channel>
    <Computer>WS-ROKAFOR-01.meridianledger.local</Computer>
    <Security UserID="S-1-5-18"/>
  </System>
  <EventData>
    
    <Data Name="RuleName">-</Data>
    <Data Name="UtcTime">2024-06-11 13:20:54.282</Data>
    <Data Name="ProcessGuid">{d9db6bb6-1b5e-665b-3702-001061331358}</Data>
    <Data Name="ProcessId">4436</Data>
    <Data Name="Image">C:\Windows\System32\svchost.exe</Data>
    <Data Name="User">NT AUTHORITY\LOCAL SERVICE</Data>
    <Data Name="Protocol">udp</Data>
    <Data Name="Initiated">true</Data>
    <Data Name="SourceIsIpv6">false</Data>
    <Data Name="SourceIp">10.30.10.12</Data>
    <Data Name="SourceHostname">WS-ROKAFOR-01.meridianledger.local</Data>
    <Data Name="SourcePort">64608</Data>
    <Data Name="SourcePortName">-</Data>
    <Data Name="DestinationIsIpv6">false</Data>
    <Data Name="DestinationIp">9.9.9.9</Data>
    <Data Name="DestinationHostname">-</Data>
    <Data Name="DestinationPort">53</Data>
    <Data Name="DestinationPortName">domain</Data>
    
  </EventData>
</Event>
<Event xmlns="http://schemas.microsoft.com/win/2004/08/events/event">
  <System>
    <Provider Name="Microsoft-Windows-Sysmon" Guid="{5770385f-c22a-43e0-bf4c-06f5698ffbd9}"/>
    <EventID>1</EventID>
    <Version>5</Version>
    <Level>4</Level>
    <Task>1</Task>
    <Opcode>0</Opcode>
    <Keywords>0x8000000000000000</Keywords>
    <TimeCreated SystemTime="2024-06-11T13:20:54.5300556Z"/>
    <EventRecordID>561553</EventRecordID>
    <Correlation/>
    <Execution ProcessID="1820" ThreadID="2788"/>
    <Channel>Microsoft-Windows-Sysmon/Operational</Channel>
    <Computer>WS-ROKAFOR-01.meridianledger.local</Computer>
    <Security UserID="S-1-5-18"/>
  </System>
  <EventData>
    
    <Data Name="RuleName">-</Data>
    <Data Name="UtcTime">2024-06-11 13:20:54.529</Data>
    <Data Name="ProcessGuid">{d9db6bb6-4f36-6668-a102-0010e9c62b67}</Data>
    <Data Name="ProcessId">5676</Data>
    <Data Name="Image">C:\Program Files\Microsoft VS Code\Code.exe</Data>
    <Data Name="FileVersion">1.89.1</Data>
    <Data Name="Description">Visual Studio Code</Data>
    <Data Name="Product">Visual Studio Code</Data>
    <Data Name="Company">Microsoft Corporation</Data>
    <Data Name="OriginalFileName">Code.exe</Data>
    <Data Name="CommandLine">Code.exe --folder-uri C:\Users\rita.okafor\source\repos\internal-tools</Data>
    <Data Name="CurrentDirectory">C:\Program Files\Microsoft VS Code\</Data>
    <Data Name="User">MERIDIANLEDGER\rita.okafor</Data>
    <Data Name="LogonGuid">{00000000-0000-0000-0000-000000000000}</Data>
    <Data Name="LogonId">0x805a3d9</Data>
    <Data Name="TerminalSessionId">3</Data>
    <Data Name="IntegrityLevel">Medium</Data>
    <Data Name="Hashes">SHA1=6CE5F46F17037740DC511688AFAA7AC7BDC55D05,MD5=CBF9239AFE9D81DA62930946285A40AC,SHA256=86BFD727077E08FEB635B06A7B0B30080D6781BEC4F0559E9D5F6A5CD7C1F5B6,IMPHASH=9DE7634458F883D17FFB2D4B60B613DE</Data>
    <Data Name="ParentProcessGuid">{d9db6bb6-48fe-6668-de02-001021b08105}</Data>
    <Data Name="ParentProcessId">5460</Data>
    <Data Name="ParentImage">C:\Windows\explorer.exe</Data>
    <Data Name="ParentCommandLine">explorer.exe</Data>
    <Data Name="ParentUser">MERIDIANLEDGER\rita.okafor</Data>
    
  </EventData>
</Event>
<Event xmlns="http://schemas.microsoft.com/win/2004/08/events/event">
  <System>
    <Provider Name="Microsoft-Windows-Sysmon" Guid="{5770385f-c22a-43e0-bf4c-06f5698ffbd9}"/>
    <EventID>1</EventID>
    <Version>5</Version>
    <Level>4</Level>
    <Task>1</Task>
    <Opcode>0</Opcode>
    <Keywords>0x8000000000000000</Keywords>
    <TimeCreated SystemTime="2024-06-11T13:21:04.7752108Z"/>
    <EventRecordID>561554</EventRecordID>
    <Correlation/>
    <Execution ProcessID="1820" ThreadID="2788"/>
    <Channel>Microsoft-Windows-Sysmon/Operational</Channel>
    <Computer>WS-ROKAFOR-01.meridianledger.local</Computer>
    <Security UserID="S-1-5-18"/>
  </System>
  <EventData>
    
    <Data Name="RuleName">-</Data>
    <Data Name="UtcTime">2024-06-11 13:21:04.773</Data>
    <Data Name="ProcessGuid">{d9db6bb6-4f40-6668-8f00-0010c2a59566}</Data>
    <Data Name="ProcessId">5724</Data>
    <Data Name="Image">C:\Windows\System32\wevtutil.exe</Data>
    <Data Name="FileVersion">10.0.22621.1</Data>
    <Data Name="Description">Eventing Command Line Utility</Data>
    <Data Name="Product">Microsoft Windows Operating System</Data>
    <Data Name="Company">Microsoft Corporation</Data>
    <Data Name="OriginalFileName">wevtutil.exe</Data>
    <Data Name="CommandLine">wevtutil.exe el</Data>
    <Data Name="CurrentDirectory">C:\Windows\System32\</Data>
    <Data Name="User">MERIDIANLEDGER\rita.okafor</Data>
    <Data Name="LogonGuid">{00000000-0000-0000-0000-000000000000}</Data>
    <Data Name="LogonId">0x805a3d9</Data>
    <Data Name="TerminalSessionId">3</Data>
    <Data Name="IntegrityLevel">Medium</Data>
    <Data Name="Hashes">SHA1=01EDE4D758FBBABE6E6528796C803DF0AA5CEB52,MD5=786F00E985D3CBEFCAC3EA941C1D5FE1,SHA256=1CAE3D429009BC93856560FCE1EB2CA7C4F451CFC285A9048FF8AFAB82DC25D1,IMPHASH=8A5BA9D0AA51C6F8B1B869BAD8D06FC5</Data>
    <Data Name="ParentProcessGuid">{d9db6bb6-4f1e-6668-0000-0010cbac4d27}</Data>
    <Data Name="ParentProcessId">5696</Data>
    <Data Name="ParentImage">C:\Windows\System32\WindowsPowerShell\v1.0\powershell.exe</Data>
    <Data Name="ParentCommandLine">C:\Windows\System32\WindowsPowerShell\v1.0\powershell.exe</Data>
    <Data Name="ParentUser">MERIDIANLEDGER\rita.okafor</Data>
    
  </EventData>
</Event>
<Event xmlns="http://schemas.microsoft.com/win/2004/08/events/event">
  <System>
    <Provider Name="Microsoft-Windows-Sysmon" Guid="{5770385f-c22a-43e0-bf4c-06f5698ffbd9}"/>
    <EventID>1</EventID>
    <Version>5</Version>
    <Level>4</Level>
    <Task>1</Task>
    <Opcode>0</Opcode>
    <Keywords>0x8000000000000000</Keywords>
    <TimeCreated SystemTime="2024-06-11T13:21:06.3857346Z"/>
    <EventRecordID>561555</EventRecordID>
    <Correlation/>
    <Execution ProcessID="1820" ThreadID="3252"/>
    <Channel>Microsoft-Windows-Sysmon/Operational</Channel>
    <Computer>WS-ROKAFOR-01.meridianledger.local</Computer>
    <Security UserID="S-1-5-18"/>
  </System>
  <EventData>
    
    <Data Name="RuleName">-</Data>
    <Data Name="UtcTime">2024-06-11 13:21:06.385</Data>
    <Data Name="ProcessGuid">{d9db6bb6-4f42-6668-7c00-001041303169}</Data>
    <Data Name="ProcessId">5656</Data>
    <Data Name="Image">C:\Program Files\Microsoft VS Code\Code.exe</Data>
    <Data Name="FileVersion">1.89.1</Data>
    <Data Name="Description">Visual Studio Code</Data>
    <Data Name="Product">Visual Studio Code</Data>
    <Data Name="Company">Microsoft Corporation</Data>
    <Data Name="OriginalFileName">Code.exe</Data>
    <Data Name="CommandLine">Code.exe --folder-uri C:\Users\rita.okafor\source\repos\internal-tools</Data>
    <Data Name="CurrentDirectory">C:\Program Files\Microsoft VS Code\</Data>
    <Data Name="User">MERIDIANLEDGER\rita.okafor</Data>
    <Data Name="LogonGuid">{00000000-0000-0000-0000-000000000000}</Data>
    <Data Name="LogonId">0x805a3d9</Data>
    <Data Name="TerminalSessionId">3</Data>
    <Data Name="IntegrityLevel">Medium</Data>
    <Data Name="Hashes">SHA1=6CE5F46F17037740DC511688AFAA7AC7BDC55D05,MD5=CBF9239AFE9D81DA62930946285A40AC,SHA256=86BFD727077E08FEB635B06A7B0B30080D6781BEC4F0559E9D5F6A5CD7C1F5B6,IMPHASH=9DE7634458F883D17FFB2D4B60B613DE</Data>
    <Data Name="ParentProcessGuid">{d9db6bb6-48fe-6668-de02-001021b08105}</Data>
    <Data Name="ParentProcessId">5460</Data>
    <Data Name="ParentImage">C:\Windows\explorer.exe</Data>
    <Data Name="ParentCommandLine">explorer.exe</Data>
    <Data Name="ParentUser">MERIDIANLEDGER\rita.okafor</Data>
    
  </EventData>
</Event>
<Event xmlns="http://schemas.microsoft.com/win/2004/08/events/event">
  <System>
    <Provider Name="Microsoft-Windows-Sysmon" Guid="{5770385f-c22a-43e0-bf4c-06f5698ffbd9}"/>
    <EventID>1</EventID>
    <Version>5</Version>
    <Level>4</Level>
    <Task>1</Task>
    <Opcode>0</Opcode>
    <Keywords>0x8000000000000000</Keywords>
    <TimeCreated SystemTime="2024-06-11T13:21:08.1104296Z"/>
    <EventRecordID>561556</EventRecordID>
    <Correlation/>
    <Execution ProcessID="1820" ThreadID="4204"/>
    <Channel>Microsoft-Windows-Sysmon/Operational</Channel>
    <Computer>WS-ROKAFOR-01.meridianledger.local</Computer>
    <Security UserID="S-1-5-18"/>
  </System>
  <EventData>
    
    <Data Name="RuleName">-</Data>
    <Data Name="UtcTime">2024-06-11 13:21:08.108</Data>
    <Data Name="ProcessGuid">{d9db6bb6-4f44-6668-9100-000004f99267}</Data>
    <Data Name="ProcessId">5760</Data>
    <Data Name="Image">C:\Users\rita.okafor\AppData\Roaming\Zoom\bin\Zoom.exe</Data>
    <Data Name="FileVersion">6.0.11.39959</Data>
    <Data Name="Description">Zoom Meetings</Data>
    <Data Name="Product">Zoom Workplace</Data>
    <Data Name="Company">Zoom Video Communications, Inc.</Data>
    <Data Name="OriginalFileName">Zoom.exe</Data>
    <Data Name="CommandLine">"C:\Users\rita.okafor\AppData\Roaming\Zoom\bin\Zoom.exe" --background</Data>
    <Data Name="CurrentDirectory">C:\Users\rita.okafor\AppData\Roaming\Zoom\bin\</Data>
    <Data Name="User">MERIDIANLEDGER\rita.okafor</Data>
    <Data Name="LogonGuid">{00000000-0000-0000-0000-000000000000}</Data>
    <Data Name="LogonId">0x805a3d9</Data>
    <Data Name="TerminalSessionId">3</Data>
    <Data Name="IntegrityLevel">Medium</Data>
    <Data Name="Hashes">SHA1=E8C53AEB5339C94B562683CD3E3EDB544B2ED0CA,MD5=6C9B47DC4FEB36854EB1792987D8835E,SHA256=07B1F29654961570DDFDEFAA334ACE3756491CBCA4F332EB4E47FBB526C66116,IMPHASH=62A24A586B4E9485FA2FB82EBD404003</Data>
    <Data Name="ParentProcessGuid">{d9db6bb6-48fe-6668-de02-001021b08105}</Data>
    <Data Name="ParentProcessId">5460</Data>
    <Data Name="ParentImage">C:\Windows\explorer.exe</Data>
    <Data Name="ParentCommandLine">explorer.exe</Data>
    <Data Name="ParentUser">MERIDIANLEDGER\rita.okafor</Data>
    
  </EventData>
</Event>
<Event xmlns="http://schemas.microsoft.com/win/2004/08/events/event">
  <System>
    <Provider Name="Microsoft-Windows-Sysmon" Guid="{5770385f-c22a-43e0-bf4c-06f5698ffbd9}"/>
    <EventID>7</EventID>
    <Version>3</Version>
    <Level>4</Level>
    <Task>7</Task>
    <Opcode>0</Opcode>
    <Keywords>0x8000000000000000</Keywords>
    <TimeCreated SystemTime="2024-06-11T13:21:08.3272324Z"/>
    <EventRecordID>561557</EventRecordID>
    <Correlation/>
    <Execution ProcessID="1820" ThreadID="4204"/>
    <Channel>Microsoft-Windows-Sysmon/Operational</Channel>
    <Computer>WS-ROKAFOR-01.meridianledger.local</Computer>
    <Security UserID="S-1-5-18"/>
  </System>
  <EventData>
    
    <Data Name="RuleName">-</Data>
    <Data Name="UtcTime">2024-06-11 13:21:08.296</Data>
    <Data Name="ProcessGuid">{d9db6bb6-4f44-6668-9100-000004f99267}</Data>
    <Data Name="ProcessId">5760</Data>
    <Data Name="Image">C:\Users\rita.okafor\AppData\Roaming\Zoom\bin\Zoom.exe</Data>
    <Data Name="ImageLoaded">C:\Users\rita.okafor\AppData\Roaming\Zoom\bin\zVideoApp.dll</Data>
    <Data Name="FileVersion">6.0.11.39959</Data>
    <Data Name="Description">Zoom Video App</Data>
    <Data Name="Product">Zoom Workplace</Data>
    <Data Name="Company">Zoom Video Communications, Inc.</Data>
    <Data Name="OriginalFileName">zVideoApp.dll</Data>
    <Data Name="Hashes">SHA1=FE8DB546E98E1A95D2DA4D494A9B4CE89B4B1404,MD5=6D72F4F2590DE8FFBACE5C964A5C2376,SHA256=FE54F7415F2DBA023AF2FAEBA4D4C31CE27F9039C0778439B1E38A93C9C623E4,IMPHASH=56619C3C76BDAA32C4872EAF46205CE8</Data>
    <Data Name="Signed">true</Data>
    <Data Name="Signature">Zoom Video Communications, Inc.</Data>
    <Data Name="SignatureStatus">Valid</Data>
    <Data Name="User">MERIDIANLEDGER\rita.okafor</Data>
    
  </EventData>
</Event>
<Event xmlns="http://schemas.microsoft.com/win/2004/08/events/event">
  <System>
    <Provider Name="Microsoft-Windows-Sysmon" Guid="{5770385f-c22a-43e0-bf4c-06f5698ffbd9}"/>
    <EventID>1</EventID>
    <Version>5</Version>
    <Level>4</Level>
    <Task>1</Task>
    <Opcode>0</Opcode>
    <Keywords>0x8000000000000000</Keywords>
    <TimeCreated SystemTime="2024-06-11T13:21:09.8403413Z"/>
    <EventRecordID>561558</EventRecordID>
    <Correlation/>
    <Execution ProcessID="1820" ThreadID="2788"/>
    <Channel>Microsoft-Windows-Sysmon/Operational</Channel>
    <Computer>WS-ROKAFOR-01.meridianledger.local</Computer>
    <Security UserID="S-1-5-18"/>
  </System>
  <EventData>
    
    <Data Name="RuleName">-</Data>
    <Data Name="UtcTime">2024-06-11 13:21:09.839</Data>
    <Data Name="ProcessGuid">{d9db6bb6-4f45-6668-b500-0000cfdb4732}</Data>
    <Data Name="ProcessId">5772</Data>
    <Data Name="Image">C:\Users\rita.okafor\AppData\Roaming\Zoom\bin\Zoom.exe</Data>
    <Data Name="FileVersion">6.0.11.39959</Data>
    <Data Name="Description">Zoom Meetings</Data>
    <Data Name="Product">Zoom Workplace</Data>
    <Data Name="Company">Zoom Video Communications, Inc.</Data>
    <Data Name="OriginalFileName">Zoom.exe</Data>
    <Data Name="CommandLine">"C:\Users\rita.okafor\AppData\Roaming\Zoom\bin\Zoom.exe" --type=renderer</Data>
    <Data Name="CurrentDirectory">C:\Users\rita.okafor\AppData\Roaming\Zoom\bin\</Data>
    <Data Name="User">MERIDIANLEDGER\rita.okafor</Data>
    <Data Name="LogonGuid">{00000000-0000-0000-0000-000000000000}</Data>
    <Data Name="LogonId">0x805a3d9</Data>
    <Data Name="TerminalSessionId">3</Data>
    <Data Name="IntegrityLevel">Medium</Data>
    <Data Name="Hashes">SHA1=E8C53AEB5339C94B562683CD3E3EDB544B2ED0CA,MD5=6C9B47DC4FEB36854EB1792987D8835E,SHA256=07B1F29654961570DDFDEFAA334ACE3756491CBCA4F332EB4E47FBB526C66116,IMPHASH=62A24A586B4E9485FA2FB82EBD404003</Data>
    <Data Name="ParentProcessGuid">{d9db6bb6-4f44-6668-9100-000004f99267}</Data>
    <Data Name="ParentProcessId">5760</Data>
    <Data Name="ParentImage">C:\Users\rita.okafor\AppData\Roaming\Zoom\bin\Zoom.exe</Data>
    <Data Name="ParentCommandLine">"C:\Users\rita.okafor\AppData\Roaming\Zoom\bin\Zoom.exe" --background</Data>
    <Data Name="ParentUser">MERIDIANLEDGER\rita.okafor</Data>
    
  </EventData>
</Event>
<Event xmlns="http://schemas.microsoft.com/win/2004/08/events/event">
  <System>
    <Provider Name="Microsoft-Windows-Sysmon" Guid="{5770385f-c22a-43e0-bf4c-06f5698ffbd9}"/>
    <EventID>7</EventID>
    <Version>3</Version>
    <Level>4</Level>
    <Task>7</Task>
    <Opcode>0</Opcode>
    <Keywords>0x8000000000000000</Keywords>
    <TimeCreated SystemTime="2024-06-11T13:21:09.9879757Z"/>
    <EventRecordID>561559</EventRecordID>
    <Correlation/>
    <Execution ProcessID="1820" ThreadID="2788"/>
    <Channel>Microsoft-Windows-Sysmon/Operational</Channel>
    <Computer>WS-ROKAFOR-01.meridianledger.local</Computer>
    <Security UserID="S-1-5-18"/>
  </System>
  <EventData>
    
    <Data Name="RuleName">-</Data>
    <Data Name="UtcTime">2024-06-11 13:21:09.982</Data>
    <Data Name="ProcessGuid">{d9db6bb6-4f45-6668-b500-0000cfdb4732}</Data>
    <Data Name="ProcessId">5772</Data>
    <Data Name="Image">C:\Users\rita.okafor\AppData\Roaming\Zoom\bin\Zoom.exe</Data>
    <Data Name="ImageLoaded">C:\Users\rita.okafor\AppData\Roaming\Zoom\bin\zVideoApp.dll</Data>
    <Data Name="FileVersion">6.0.11.39959</Data>
    <Data Name="Description">Zoom Video App</Data>
    <Data Name="Product">Zoom Workplace</Data>
    <Data Name="Company">Zoom Video Communications, Inc.</Data>
    <Data Name="OriginalFileName">zVideoApp.dll</Data>
    <Data Name="Hashes">SHA1=FE8DB546E98E1A95D2DA4D494A9B4CE89B4B1404,MD5=6D72F4F2590DE8FFBACE5C964A5C2376,SHA256=FE54F7415F2DBA023AF2FAEBA4D4C31CE27F9039C0778439B1E38A93C9C623E4,IMPHASH=56619C3C76BDAA32C4872EAF46205CE8</Data>
    <Data Name="Signed">true</Data>
    <Data Name="Signature">Zoom Video Communications, Inc.</Data>
    <Data Name="SignatureStatus">Valid</Data>
    <Data Name="User">MERIDIANLEDGER\rita.okafor</Data>
    
  </EventData>
</Event>
<Event xmlns="http://schemas.microsoft.com/win/2004/08/events/event">
  <System>
    <Provider Name="Microsoft-Windows-Sysmon" Guid="{5770385f-c22a-43e0-bf4c-06f5698ffbd9}"/>
    <EventID>1</EventID>
    <Version>5</Version>
    <Level>4</Level>
    <Task>1</Task>
    <Opcode>0</Opcode>
    <Keywords>0x8000000000000000</Keywords>
    <TimeCreated SystemTime="2024-06-11T13:21:14.3143233Z"/>
    <EventRecordID>561561</EventRecordID>
    <Correlation/>
    <Execution ProcessID="1820" ThreadID="3252"/>
    <Channel>Microsoft-Windows-Sysmon/Operational</Channel>
    <Computer>WS-ROKAFOR-01.meridianledger.local</Computer>
    <Security UserID="S-1-5-18"/>
  </System>
  <EventData>
    
    <Data Name="RuleName">-</Data>
    <Data Name="UtcTime">2024-06-11 13:21:14.313</Data>
    <Data Name="ProcessGuid">{d9db6bb6-4f4a-6668-f002-0000dbd41146}</Data>
    <Data Name="ProcessId">6016</Data>
    <Data Name="Image">C:\Windows\System32\WindowsPowerShell\v1.0\powershell.exe</Data>
    <Data Name="FileVersion">10.0.22621.1</Data>
    <Data Name="Description">Windows PowerShell</Data>
    <Data Name="Product">Microsoft Windows Operating System</Data>
    <Data Name="Company">Microsoft Corporation</Data>
    <Data Name="OriginalFileName">PowerShell.EXE</Data>
    <Data Name="CommandLine">powershell.exe</Data>
    <Data Name="CurrentDirectory">c:\windows\</Data>
    <Data Name="User">MERIDIANLEDGER\rita.okafor</Data>
    <Data Name="LogonGuid">{00000000-0000-0000-0000-000000000000}</Data>
    <Data Name="LogonId">0x805a3d9</Data>
    <Data Name="TerminalSessionId">3</Data>
    <Data Name="IntegrityLevel">Medium</Data>
    <Data Name="Hashes">SHA1=74807298BB026542B177B40CEC0B2D64D5238D09,MD5=EEACC5305C17D7F9E330B33280A27AC5,SHA256=8A59DE82B9F4AD767B08A19B8F47E045B6E82C53F55A422FE0CE860BA3A9470A,IMPHASH=9E37895148BCA2306FCE4BCB0E51C310</Data>
    <Data Name="ParentProcessGuid">{d9db6bb6-48fe-6668-de02-001021b08105}</Data>
    <Data Name="ParentProcessId">5460</Data>
    <Data Name="ParentImage">C:\Windows\explorer.exe</Data>
    <Data Name="ParentCommandLine">explorer.exe</Data>
    <Data Name="ParentUser">MERIDIANLEDGER\rita.okafor</Data>
    
  </EventData>
</Event>
<Event xmlns="http://schemas.microsoft.com/win/2004/08/events/event">
  <System>
    <Provider Name="Microsoft-Windows-Sysmon" Guid="{5770385f-c22a-43e0-bf4c-06f5698ffbd9}"/>
    <EventID>5</EventID>
    <Version>3</Version>
    <Level>4</Level>
    <Task>5</Task>
    <Opcode>0</Opcode>
    <Keywords>0x8000000000000000</Keywords>
    <TimeCreated SystemTime="2024-06-11T13:21:16.0984647Z"/>
    <EventRecordID>561562</EventRecordID>
    <Correlation/>
    <Execution ProcessID="1820" ThreadID="4204"/>
    <Channel>Microsoft-Windows-Sysmon/Operational</Channel>
    <Computer>WS-ROKAFOR-01.meridianledger.local</Computer>
    <Security UserID="S-1-5-18"/>
  </System>
  <EventData>
    
    <Data Name="RuleName">-</Data>
    <Data Name="UtcTime">2024-06-11 13:21:16.097</Data>
    <Data Name="ProcessGuid">{d9db6bb6-4f40-6668-8f00-0010c2a59566}</Data>
    <Data Name="ProcessId">5724</Data>
    <Data Name="Image">C:\Windows\System32\wevtutil.exe</Data>
    <Data Name="User">MERIDIANLEDGER\rita.okafor</Data>
    
  </EventData>
</Event>
<Event xmlns="http://schemas.microsoft.com/win/2004/08/events/event">
  <System>
    <Provider Name="Microsoft-Windows-Sysmon" Guid="{5770385f-c22a-43e0-bf4c-06f5698ffbd9}"/>
    <EventID>22</EventID>
    <Version>5</Version>
    <Level>4</Level>
    <Task>22</Task>
    <Opcode>0</Opcode>
    <Keywords>0x8000000000000000</Keywords>
    <TimeCreated SystemTime="2024-06-11T13:21:16.5166597Z"/>
    <EventRecordID>561563</EventRecordID>
    <Correlation/>
    <Execution ProcessID="1820" ThreadID="4204"/>
    <Channel>Microsoft-Windows-Sysmon/Operational</Channel>
    <Computer>WS-ROKAFOR-01.meridianledger.local</Computer>
    <Security UserID="S-1-5-18"/>
  </System>
  <EventData>
    
    <Data Name="RuleName">-</Data>
    <Data Name="UtcTime">2024-06-11 13:21:16.515</Data>
    <Data Name="ProcessGuid">{d9db6bb6-1b5e-665b-b300-0010238d69af}</Data>
    <Data Name="ProcessId">4412</Data>
    <Data Name="QueryName">desktop.dropbox.com</Data>
    <Data Name="QueryStatus">0</Data>
    <Data Name="QueryResults">162.125.7.22;162.125.6.22;</Data>
    <Data Name="Image">C:\Windows\System32\svchost.exe</Data>
    <Data Name="User">NT AUTHORITY\NETWORK SERVICE</Data>
    
  </EventData>
</Event>
<Event xmlns="http://schemas.microsoft.com/win/2004/08/events/event">
  <System>
    <Provider Name="Microsoft-Windows-Sysmon" Guid="{5770385f-c22a-43e0-bf4c-06f5698ffbd9}"/>
    <EventID>1</EventID>
    <Version>5</Version>
    <Level>4</Level>
    <Task>1</Task>
    <Opcode>0</Opcode>
    <Keywords>0x8000000000000000</Keywords>
    <TimeCreated SystemTime="2024-06-11T13:21:18.1191979Z"/>
    <EventRecordID>561564</EventRecordID>
    <Correlation/>
    <Execution ProcessID="1820" ThreadID="3252"/>
    <Channel>Microsoft-Windows-Sysmon/Operational</Channel>
    <Computer>WS-ROKAFOR-01.meridianledger.local</Computer>
    <Security UserID="S-1-5-18"/>
  </System>
  <EventData>
    
    <Data Name="RuleName">-</Data>
    <Data Name="UtcTime">2024-06-11 13:21:18.117</Data>
    <Data Name="ProcessGuid">{d9db6bb6-4f4e-6668-8a00-00003fcfdf6a}</Data>
    <Data Name="ProcessId">5632</Data>
    <Data Name="Image">C:\Windows\System32\gpupdate.exe</Data>
    <Data Name="FileVersion">10.0.22621.1</Data>
    <Data Name="Description">Microsoft Group Policy Update Utility</Data>
    <Data Name="Product">Microsoft Windows</Data>
    <Data Name="Company">Microsoft Corporation</Data>
    <Data Name="OriginalFileName">GPUpdate.exe</Data>
    <Data Name="CommandLine">gpupdate.exe /force</Data>
    <Data Name="CurrentDirectory">C:\Windows\System32\</Data>
    <Data Name="User">MERIDIANLEDGER\rita.okafor</Data>
    <Data Name="LogonGuid">{00000000-0000-0000-0000-000000000000}</Data>
    <Data Name="LogonId">0x805a3d9</Data>
    <Data Name="TerminalSessionId">3</Data>
    <Data Name="IntegrityLevel">Medium</Data>
    <Data Name="Hashes">SHA1=32CFBB56DC8CC2863ED56E3E7BACCEA0B5002BD4,MD5=05E23A0CD9F0DE360AF39F2DF0C41762,SHA256=D605CF53B446BBF17DB355600E1BE97DDC8161D4FA42E1B7EB3F783C1362153F,IMPHASH=29FC0238333C0ACBB4F163B61A8B5895</Data>
    <Data Name="ParentProcessGuid">{d9db6bb6-4f38-6668-be00-0000aa2c16f2}</Data>
    <Data Name="ParentProcessId">5616</Data>
    <Data Name="ParentImage">C:\Windows\System32\WindowsPowerShell\v1.0\powershell.exe</Data>
    <Data Name="ParentCommandLine">C:\Windows\System32\WindowsPowerShell\v1.0\powershell.exe</Data>
    <Data Name="ParentUser">MERIDIANLEDGER\rita.okafor</Data>
    
  </EventData>
</Event>
<Event xmlns="http://schemas.microsoft.com/win/2004/08/events/event">
  <System>
    <Provider Name="Microsoft-Windows-Sysmon" Guid="{5770385f-c22a-43e0-bf4c-06f5698ffbd9}"/>
    <EventID>11</EventID>
    <Version>2</Version>
    <Level>4</Level>
    <Task>11</Task>
    <Opcode>0</Opcode>
    <Keywords>0x8000000000000000</Keywords>
    <TimeCreated SystemTime="2024-06-11T13:21:18.5976043Z"/>
    <EventRecordID>561565</EventRecordID>
    <Correlation/>
    <Execution ProcessID="1820" ThreadID="2788"/>
    <Channel>Microsoft-Windows-Sysmon/Operational</Channel>
    <Computer>WS-ROKAFOR-01.meridianledger.local</Computer>
    <Security UserID="S-1-5-18"/>
  </System>
  <EventData>
    
    <Data Name="RuleName">-</Data>
    <Data Name="UtcTime">2024-06-11 13:21:18.597</Data>
    <Data Name="ProcessGuid">{d9db6bb6-4f4e-6668-8a00-00003fcfdf6a}</Data>
    <Data Name="ProcessId">5632</Data>
    <Data Name="Image">C:\Windows\System32\gpupdate.exe</Data>
    <Data Name="TargetFilename">C:\Windows\Temp\MSI22648.tmp</Data>
    <Data Name="CreationUtcTime">2024-06-11 13:21:18.597</Data>
    <Data Name="User">MERIDIANLEDGER\rita.okafor</Data>
    
  </EventData>
</Event>
<Event xmlns="http://schemas.microsoft.com/win/2004/08/events/event">
  <System>
    <Provider Name="Microsoft-Windows-Sysmon" Guid="{5770385f-c22a-43e0-bf4c-06f5698ffbd9}"/>
    <EventID>5</EventID>
    <Version>3</Version>
    <Level>4</Level>
    <Task>5</Task>
    <Opcode>0</Opcode>
    <Keywords>0x8000000000000000</Keywords>
    <TimeCreated SystemTime="2024-06-11T13:21:24.3483560Z"/>
    <EventRecordID>561566</EventRecordID>
    <Correlation/>
    <Execution ProcessID="1820" ThreadID="2900"/>
    <Channel>Microsoft-Windows-Sysmon/Operational</Channel>
    <Computer>WS-ROKAFOR-01.meridianledger.local</Computer>
    <Security UserID="S-1-5-18"/>
  </System>
  <EventData>
    
    <Data Name="RuleName">-</Data>
    <Data Name="UtcTime">2024-06-11 13:21:24.345</Data>
    <Data Name="ProcessGuid">{d9db6bb6-4f17-6668-f502-0010258d2a45}</Data>
    <Data Name="ProcessId">5748</Data>
    <Data Name="Image">C:\Windows\System32\taskhostw.exe</Data>
    <Data Name="User">MERIDIANLEDGER\rita.okafor</Data>
    
  </EventData>
</Event>
<Event xmlns="http://schemas.microsoft.com/win/2004/08/events/event">
  <System>
    <Provider Name="Microsoft-Windows-Sysmon" Guid="{5770385f-c22a-43e0-bf4c-06f5698ffbd9}"/>
    <EventID>1</EventID>
    <Version>5</Version>
    <Level>4</Level>
    <Task>1</Task>
    <Opcode>0</Opcode>
    <Keywords>0x8000000000000000</Keywords>
    <TimeCreated SystemTime="2024-06-11T13:21:33.5189967Z"/>
    <EventRecordID>561567</EventRecordID>
    <Correlation/>
    <Execution ProcessID="1820" ThreadID="3252"/>
    <Channel>Microsoft-Windows-Sysmon/Operational</Channel>
    <Computer>WS-ROKAFOR-01.meridianledger.local</Computer>
    <Security UserID="S-1-5-18"/>
  </System>
  <EventData>
    
    <Data Name="RuleName">-</Data>
    <Data Name="UtcTime">2024-06-11 13:21:33.517</Data>
    <Data Name="ProcessGuid">{d9db6bb6-4f5d-6668-ba02-0000145190e6}</Data>
    <Data Name="ProcessId">6028</Data>
    <Data Name="Image">C:\Windows\System32\OpenSSH\ssh.exe</Data>
    <Data Name="FileVersion">8.6.0.1</Data>
    <Data Name="Description">OpenSSH SSH client</Data>
    <Data Name="Product">OpenSSH for Windows</Data>
    <Data Name="Company">Microsoft Corporation</Data>
    <Data Name="OriginalFileName">ssh.exe</Data>
    <Data Name="CommandLine">ssh.exe FILE-01.meridianledger.local</Data>
    <Data Name="CurrentDirectory">C:\Users\rita.okafor\</Data>
    <Data Name="User">MERIDIANLEDGER\rita.okafor</Data>
    <Data Name="LogonGuid">{00000000-0000-0000-0000-000000000000}</Data>
    <Data Name="LogonId">0x805a3d9</Data>
    <Data Name="TerminalSessionId">3</Data>
    <Data Name="IntegrityLevel">Medium</Data>
    <Data Name="Hashes">SHA1=34EDBE1F2503BED1B1F8F387974ACB65F632C21B,MD5=177AE85C74B6D0BB9FC040A42BF2CAC0,SHA256=5CA44FEC35D64819E1CF357648C98073ACA2AEF9816F8FA375095783B3AC3EE1,IMPHASH=62F7B0310260F97B5078263292DD1CBA</Data>
    <Data Name="ParentProcessGuid">{d9db6bb6-4f4a-6668-f002-0000dbd41146}</Data>
    <Data Name="ParentProcessId">6016</Data>
    <Data Name="ParentImage">C:\Windows\System32\WindowsPowerShell\v1.0\powershell.exe</Data>
    <Data Name="ParentCommandLine">powershell.exe</Data>
    <Data Name="ParentUser">MERIDIANLEDGER\rita.okafor</Data>
    
  </EventData>
</Event>
