<?xml version="1.0" encoding="utf-8"?>
<Events>
<Event xmlns="http://schemas.microsoft.com/win/2004/08/events/event">
  <System>
    <Provider Name="Microsoft-Windows-Sysmon" Guid="{5770385f-c22a-43e0-bf4c-06f5698ffbd9}"/>
    <EventID>5</EventID>
    <Version>3</Version>
    <Level>4</Level>
    <Task>5</Task>
    <Opcode>0</Opcode>
    <Keywords>0x8000000000000000</Keywords>
    <TimeCreated SystemTime="2024-03-04T14:01:05.5761906Z"/>
    <EventRecordID>515010</EventRecordID>
    <Correlation/>
    <Execution ProcessID="2620" ThreadID="1884"/>
    <Channel>Microsoft-Windows-Sysmon/Operational</Channel>
    <Computer>WS-01.alderwoodpartners.com</Computer>
    <Security UserID="S-1-5-18"/>
  </System>
  <EventData>
    
    <Data Name="RuleName">-</Data>
    <Data Name="UtcTime">2024-03-04 14:01:05.573</Data>
    <Data Name="ProcessGuid">{641a7f09-d118-65e5-3b00-0010ab7706d5}</Data>
    <Data Name="ProcessId">3752</Data>
    <Data Name="Image">C:\Windows\System32\wbem\WmiPrvSE.exe</Data>
    <Data Name="User">NT AUTHORITY\SYSTEM</Data>
    
  </EventData>
</Event>
<Event xmlns="http://schemas.microsoft.com/win/2004/08/events/event">
  <System>
    <Provider Name="Microsoft-Windows-Sysmon" Guid="{5770385f-c22a-43e0-bf4c-06f5698ffbd9}"/>
    <EventID>1</EventID>
    <Version>5</Version>
    <Level>4</Level>
    <Task>1</Task>
    <Opcode>0</Opcode>
    <Keywords>0x8000000000000000</Keywords>
    <TimeCreated SystemTime="2024-03-04T14:04:15.0049123Z"/>
    <EventRecordID>515016</EventRecordID>
    <Correlation/>
    <Execution ProcessID="2620" ThreadID="3392"/>
    <Channel>Microsoft-Windows-Sysmon/Operational</Channel>
    <Computer>WS-01.alderwoodpartners.com</Computer>
    <Security UserID="S-1-5-18"/>
  </System>
  <EventData>
    
    <Data Name="RuleName">-</Data>
    <Data Name="UtcTime">2024-03-04 14:04:15.003</Data>
    <Data Name="ProcessGuid">{641a7f09-d4df-65e5-2d02-0010e7e09035}</Data>
    <Data Name="ProcessId">3956</Data>
    <Data Name="Image">C:\Windows\System32\winlogon.exe</Data>
    <Data Name="FileVersion">-</Data>
    <Data Name="Description">-</Data>
    <Data Name="Product">-</Data>
    <Data Name="Company">-</Data>
    <Data Name="OriginalFileName">-</Data>
    <Data Name="CommandLine">winlogon.exe</Data>
    <Data Name="CurrentDirectory">C:\Windows\System32\</Data>
    <Data Name="User">NT AUTHORITY\SYSTEM</Data>
    <Data Name="LogonGuid">{00000000-0000-0000-0000-000000000000}</Data>
    <Data Name="LogonId">0x3e7</Data>
    <Data Name="TerminalSessionId">0</Data>
    <Data Name="IntegrityLevel">System</Data>
    <Data Name="Hashes">SHA1=9346FD5F83897428CBEEFE7541717E3A158E2B11,MD5=11A2E297BEA7B166F4A9D2C6BE5E2278,SHA256=6B0FA04BC5E8CE24A5DB36851D4A6CDBBB1030B9C471A3E4FC3BD613B85080E7,IMPHASH=57930F079A22768C8BF86A9C197BCDCF</Data>
    <Data Name="ParentProcessGuid">{641a7f09-46e1-65be-9d02-0000aa018f2a}</Data>
    <Data Name="ParentProcessId">2024</Data>
    <Data Name="ParentImage">C:\Windows\System32\smss.exe</Data>
    <Data Name="ParentCommandLine">smss.exe</Data>
    <Data Name="ParentUser">NT AUTHORITY\SYSTEM</Data>
    
  </EventData>
</Event>
<Event xmlns="http://schemas.microsoft.com/win/2004/08/events/event">
  <System>
    <Provider Name="Microsoft-Windows-Sysmon" Guid="{5770385f-c22a-43e0-bf4c-06f5698ffbd9}"/>
    <EventID>1</EventID>
    <Version>5</Version>
    <Level>4</Level>
    <Task>1</Task>
    <Opcode>0</Opcode>
    <Keywords>0x8000000000000000</Keywords>
    <TimeCreated SystemTime="2024-03-04T14:04:17.1465751Z"/>
    <EventRecordID>515017</EventRecordID>
    <Correlation/>
    <Execution ProcessID="2620" ThreadID="3392"/>
    <Channel>Microsoft-Windows-Sysmon/Operational</Channel>
    <Computer>WS-01.alderwoodpartners.com</Computer>
    <Security UserID="S-1-5-18"/>
  </System>
  <EventData>
    
    <Data Name="RuleName">-</Data>
    <Data Name="UtcTime">2024-03-04 14:04:17.144</Data>
    <Data Name="ProcessGuid">{641a7f09-d4e1-65e5-5b02-0000d429d17b}</Data>
    <Data Name="ProcessId">3960</Data>
    <Data Name="Image">C:\Windows\System32\userinit.exe</Data>
    <Data Name="FileVersion">-</Data>
    <Data Name="Description">-</Data>
    <Data Name="Product">-</Data>
    <Data Name="Company">-</Data>
    <Data Name="OriginalFileName">-</Data>
    <Data Name="CommandLine">userinit.exe</Data>
    <Data Name="CurrentDirectory">C:\Windows\System32\</Data>
    <Data Name="User">ALDERWOODPARTNERS\dana.whitfield</Data>
    <Data Name="LogonGuid">{00000000-0000-0000-0000-000000000000}</Data>
    <Data Name="LogonId">0x1531bd72</Data>
    <Data Name="TerminalSessionId">5</Data>
    <Data Name="IntegrityLevel">Medium</Data>
    <Data Name="Hashes">SHA1=6A4714367CD4C105D4349C5F089354153BE58DD9,MD5=5A56268C48DE9F5E679EDCE87E08B276,SHA256=91665FC0325F4DE548C15AAFB5C01CD83C3A50136038AE6B7BB2DC31330399A9,IMPHASH=6B2B4605529C1A2D51ED6C8F0DFC02C4</Data>
    <Data Name="ParentProcessGuid">{641a7f09-d4df-65e5-2d02-0010e7e09035}</Data>
    <Data Name="ParentProcessId">3956</Data>
    <Data Name="ParentImage">C:\Windows\System32\winlogon.exe</Data>
    <Data Name="ParentCommandLine">winlogon.exe</Data>
    <Data Name="ParentUser">NT AUTHORITY\SYSTEM</Data>
    
  </EventData>
</Event>
<Event xmlns="http://schemas.microsoft.com/win/2004/08/events/event">
  <System>
    <Provider Name="Microsoft-Windows-Sysmon" Guid="{5770385f-c22a-43e0-bf4c-06f5698ffbd9}"/>
    <EventID>1</EventID>
    <Version>5</Version>
    <Level>4</Level>
    <Task>1</Task>
    <Opcode>0</Opcode>
    <Keywords>0x8000000000000000</Keywords>
    <TimeCreated SystemTime="2024-03-04T14:04:18.0644163Z"/>
    <EventRecordID>515018</EventRecordID>
    <Correlation/>
    <Execution ProcessID="2620" ThreadID="3392"/>
    <Channel>Microsoft-Windows-Sysmon/Operational</Channel>
    <Computer>WS-01.alderwoodpartners.com</Computer>
    <Security UserID="S-1-5-18"/>
  </System>
  <EventData>
    
    <Data Name="RuleName">-</Data>
    <Data Name="UtcTime">2024-03-04 14:04:18.063</Data>
    <Data Name="ProcessGuid">{641a7f09-d4e2-65e5-6e02-0010d534f768}</Data>
    <Data Name="ProcessId">3968</Data>
    <Data Name="Image">C:\Windows\explorer.exe</Data>
    <Data Name="FileVersion">10.0.22621.1</Data>
    <Data Name="Description">Windows Explorer</Data>
    <Data Name="Product">Microsoft Windows Operating System</Data>
    <Data Name="Company">Microsoft Corporation</Data>
    <Data Name="OriginalFileName">EXPLORER.EXE</Data>
    <Data Name="CommandLine">explorer.exe</Data>
    <Data Name="CurrentDirectory">C:\Windows\</Data>
    <Data Name="User">ALDERWOODPARTNERS\dana.whitfield</Data>
    <Data Name="LogonGuid">{00000000-0000-0000-0000-000000000000}</Data>
    <Data Name="LogonId">0x1531bd72</Data>
    <Data Name="TerminalSessionId">5</Data>
    <Data Name="IntegrityLevel">Medium</Data>
    <Data Name="Hashes">SHA1=3922E3757754CF8848DAFCB0E35BD21FC056C472,MD5=F01FD4C9C159B0E18F9FE7FA4FDC181A,SHA256=8C469B1EB65ED2CFD03B604DDEF39743BB03724423FB1FD944E29D590B369B3B,IMPHASH=A863B5AAD4A2056679EBC19C74B829AE</Data>
    <Data Name="ParentProcessGuid">{641a7f09-d4e1-65e5-5b02-0000d429d17b}</Data>
    <Data Name="ParentProcessId">3960</Data>
    <Data Name="ParentImage">C:\Windows\System32\userinit.exe</Data>
    <Data Name="ParentCommandLine">userinit.exe</Data>
    <Data Name="ParentUser">ALDERWOODPARTNERS\dana.whitfield</Data>
    
  </EventData>
</Event>
<Event xmlns="http://schemas.microsoft.com/win/2004/08/events/event">
  <System>
    <Provider Name="Microsoft-Windows-Sysmon" Guid="{5770385f-c22a-43e0-bf4c-06f5698ffbd9}"/>
    <EventID>5</EventID>
    <Version>3</Version>
    <Level>4</Level>
    <Task>5</Task>
    <Opcode>0</Opcode>
    <Keywords>0x8000000000000000</Keywords>
    <TimeCreated SystemTime="2024-03-04T14:04:20.5994271Z"/>
    <EventRecordID>515019</EventRecordID>
    <Correlation/>
    <Execution ProcessID="2620" ThreadID="3392"/>
    <Channel>Microsoft-Windows-Sysmon/Operational</Channel>
    <Computer>WS-01.alderwoodpartners.com</Computer>
    <Security UserID="S-1-5-18"/>
  </System>
  <EventData>
    
    <Data Name="RuleName">-</Data>
    <Data Name="UtcTime">2024-03-04 14:04:20.596</Data>
    <Data Name="ProcessGuid">{641a7f09-d4e1-65e5-5b02-0000d429d17b}</Data>
    <Data Name="ProcessId">3960</Data>
    <Data Name="Image">C:\Windows\System32\userinit.exe</Data>
    <Data Name="User">ALDERWOODPARTNERS\dana.whitfield</Data>
    
  </EventData>
</Event>
<Event xmlns="http://schemas.microsoft.com/win/2004/08/events/event">
  <System>
    <Provider Name="Microsoft-Windows-Sysmon" Guid="{5770385f-c22a-43e0-bf4c-06f5698ffbd9}"/>
    <EventID>1</EventID>
    <Version>5</Version>
    <Level>4</Level>
    <Task>1</Task>
    <Opcode>0</Opcode>
    <Keywords>0x8000000000000000</Keywords>
    <TimeCreated SystemTime="2024-03-04T14:07:31.1926890Z"/>
    <EventRecordID>515020</EventRecordID>
    <Correlation/>
    <Execution ProcessID="2620" ThreadID="2068"/>
    <Channel>Microsoft-Windows-Sysmon/Operational</Channel>
    <Computer>WS-01.alderwoodpartners.com</Computer>
    <Security UserID="S-1-5-18"/>
  </System>
  <EventData>
    
    <Data Name="RuleName">-</Data>
    <Data Name="UtcTime">2024-03-04 14:07:31.191</Data>
    <Data Name="ProcessGuid">{641a7f09-d5a3-65e5-4c00-001053f899e9}</Data>
    <Data Name="ProcessId">3904</Data>
    <Data Name="Image">C:\Windows\System32\SearchProtocolHost.exe</Data>
    <Data Name="FileVersion">10.0.22621.1</Data>
    <Data Name="Description">Microsoft Windows Search Protocol Host</Data>
    <Data Name="Product">Microsoft Windows Operating System</Data>
    <Data Name="Company">Microsoft Corporation</Data>
    <Data Name="OriginalFileName">SearchProtocolHost.exe</Data>
    <Data Name="CommandLine">SearchProtocolHost.exe Global\UsGthrFltPipeMssGthrPipe_S-1-5-18 Global\UsGthrCtrlFltPipeMssGthrPipe_S-1-5-18 1</Data>
    <Data Name="CurrentDirectory">C:\Windows\System32\</Data>
    <Data Name="User">NT AUTHORITY\SYSTEM</Data>
    <Data Name="LogonGuid">{00000000-0000-0000-0000-000000000000}</Data>
    <Data Name="LogonId">0x3e7</Data>
    <Data Name="TerminalSessionId">0</Data>
    <Data Name="IntegrityLevel">System</Data>
    <Data Name="Hashes">SHA1=43216957F6B1F6C0C1C954D1CFC7F9CE3FC72B60,MD5=BA242BD070D4A866C5D58169DB10ED02,SHA256=D48FE4EDB7B572D8CF8A37CD1AFC0882D88CA17A0BE3F4615C9E5A4F608E954A,IMPHASH=E495A5C3FEEEA98E32665B0ADE2B5A18</Data>
    <Data Name="ParentProcessGuid">{641a7f09-46f5-65be-fb00-0000613b3cdf}</Data>
    <Data Name="ParentProcessId">2288</Data>
    <Data Name="ParentImage">C:\Windows\System32\SearchIndexer.exe</Data>
    <Data Name="ParentCommandLine">SearchIndexer.exe</Data>
    <Data Name="ParentUser">NT AUTHORITY\SYSTEM</Data>
    
  </EventData>
</Event>
<Event xmlns="http://schemas.microsoft.com/win/2004/08/events/event">
  <System>
    <Provider Name="Microsoft-Windows-Sysmon" Guid="{5770385f-c22a-43e0-bf4c-06f5698ffbd9}"/>
    <EventID>1</EventID>
    <Version>5</Version>
    <Level>4</Level>
    <Task>1</Task>
    <Opcode>0</Opcode>
    <Keywords>0x8000000000000000</Keywords>
    <TimeCreated SystemTime="2024-03-04T14:07:38.6853106Z"/>
    <EventRecordID>515021</EventRecordID>
    <Correlation/>
    <Execution ProcessID="2620" ThreadID="2068"/>
    <Channel>Microsoft-Windows-Sysmon/Operational</Channel>
    <Computer>WS-01.alderwoodpartners.com</Computer>
    <Security UserID="S-1-5-18"/>
  </System>
  <EventData>
    
    <Data Name="RuleName">-</Data>
    <Data Name="UtcTime">2024-03-04 14:07:38.684</Data>
    <Data Name="ProcessGuid">{641a7f09-d5aa-65e5-a102-0000f98edefb}</Data>
    <Data Name="ProcessId">3932</Data>
    <Data Name="Image">C:\Windows\System32\conhost.exe</Data>
    <Data Name="FileVersion">10.0.22621.1</Data>
    <Data Name="Description">Console Window Host</Data>
    <Data Name="Product">Microsoft Windows Operating System</Data>
    <Data Name="Company">Microsoft Corporation</Data>
    <Data Name="OriginalFileName">conhost.exe</Data>
    <Data Name="CommandLine">\??\C:\Windows\system32\conhost.exe 0xffffffff -ForceV1</Data>
    <Data Name="CurrentDirectory">C:\Windows\System32\</Data>
    <Data Name="User">NT AUTHORITY\SYSTEM</Data>
    <Data Name="LogonGuid">{00000000-0000-0000-0000-000000000000}</Data>
    <Data Name="LogonId">0x3e7</Data>
    <Data Name="TerminalSessionId">0</Data>
    <Data Name="IntegrityLevel">System</Data>
    <Data Name="Hashes">SHA1=C5BD601C27AA1527E53242CF6DCE1C779AB58F54,MD5=C7180D6EF3169C4CFD9152F2E0F718D6,SHA256=14986A25CAF24462E361E0E3D07934E9926D2E0D36D1C8FEFCDE00AB59AF67C6,IMPHASH=8E63419D15B3090A0F7E22048F46A007</Data>
    <Data Name="ParentProcessGuid">{641a7f09-46e2-65be-6e02-0010e2d474bc}</Data>
    <Data Name="ParentProcessId">2044</Data>
    <Data Name="ParentImage">C:\Windows\System32\csrss.exe</Data>
    <Data Name="ParentCommandLine">csrss.exe</Data>
    <Data Name="ParentUser">NT AUTHORITY\SYSTEM</Data>
    
  </EventData>
</Event>
<Event xmlns="http://schemas.microsoft.com/win/2004/08/events/event">
  <System>
    <Provider Name="Microsoft-Windows-Sysmon" Guid="{5770385f-c22a-43e0-bf4c-06f5698ffbd9}"/>
    <EventID>5</EventID>
    <Version>3</Version>
    <Level>4</Level>
    <Task>5</Task>
    <Opcode>0</Opcode>
    <Keywords>0x8000000000000000</Keywords>
    <TimeCreated SystemTime="2024-03-04T14:07:43.2449658Z"/>
    <EventRecordID>515022</EventRecordID>
    <Correlation/>
    <Execution ProcessID="2620" ThreadID="2068"/>
    <Channel>Microsoft-Windows-Sysmon/Operational</Channel>
    <Computer>WS-01.alderwoodpartners.com</Computer>
    <Security UserID="S-1-5-18"/>
  </System>
  <EventData>
    
    <Data Name="RuleName">-</Data>
    <Data Name="UtcTime">2024-03-04 14:07:43.239</Data>
    <Data Name="ProcessGuid">{641a7f09-d5aa-65e5-a102-0000f98edefb}</Data>
    <Data Name="ProcessId">3932</Data>
    <Data Name="Image">C:\Windows\System32\conhost.exe</Data>
    <Data Name="User">NT AUTHORITY\SYSTEM</Data>
    
  </EventData>
</Event>
<Event xmlns="http://schemas.microsoft.com/win/2004/08/events/event">
  <System>
    <Provider Name="Microsoft-Windows-Sysmon" Guid="{5770385f-c22a-43e0-bf4c-06f5698ffbd9}"/>
    <EventID>13</EventID>
    <Version>2</Version>
    <Level>4</Level>
    <Task>13</Task>
    <Opcode>0</Opcode>
    <Keywords>0x8000000000000000</Keywords>
    <TimeCreated SystemTime="2024-03-04T14:09:26.0610121Z"/>
    <EventRecordID>515023</EventRecordID>
    <Correlation/>
    <Execution ProcessID="2620" ThreadID="2068"/>
    <Channel>Microsoft-Windows-Sysmon/Operational</Channel>
    <Computer>WS-01.alderwoodpartners.com</Computer>
    <Security UserID="S-1-5-18"/>
  </System>
  <EventData>
    
    <Data Name="RuleName">-</Data>
    <Data Name="EventType">SetValue</Data>
    <Data Name="UtcTime">2024-03-04 14:09:26.060</Data>
    <Data Name="ProcessGuid">{641a7f09-4702-65be-d802-000038d9816d}</Data>
    <Data Name="ProcessId">2396</Data>
    <Data Name="Image">C:\Windows\explorer.exe</Data>
    <Data Name="TargetObject">HKU\S-1-5-21-1198276704-1000000000-1000048801-24011\Software\Microsoft\Windows\CurrentVersion\Explorer\UserAssist\{CEBFF5CD-ACE2-4F4F-9178-9926F41749EA}\Count\HRZR_EHACNGU:P:\Hfref\qnan.juvgsvryq\NccQngn\Ebnzvat\Zvpebfbsg\Jvaqbjf\Fgneg Zrah\Cebtenzf\Grnzf.yax</Data>
    <Data Name="Details">00 00 00 00 45 00 00 00 3F 00 00 00 A8 9A 0E 00 00 00 00 00 00 00 00 00 00 00 00 00 00 00 00 00 00 00 00 00 00 00 00 00 00 00 00 00 00 00 00 00 00 00 00 00 00 00 00 00 00 00 00 00 00 0F AD 3B D7 81 DA 01 00 00 00 00</Data>
    <Data Name="User">ALDERWOODPARTNERS\dana.whitfield</Data>
    
  </EventData>
</Event>
<Event xmlns="http://schemas.microsoft.com/win/2004/08/events/event">
  <System>
    <Provider Name="Microsoft-Windows-Sysmon" Guid="{5770385f-c22a-43e0-bf4c-06f5698ffbd9}"/>
    <EventID>3</EventID>
    <Version>5</Version>
    <Level>4</Level>
    <Task>3</Task>
    <Opcode>0</Opcode>
    <Keywords>0x8000000000000000</Keywords>
    <TimeCreated SystemTime="2024-03-04T14:11:34.4271210Z"/>
    <EventRecordID>515026</EventRecordID>
    <Correlation/>
    <Execution ProcessID="2620" ThreadID="2068"/>
    <Channel>Microsoft-Windows-Sysmon/Operational</Channel>
    <Computer>WS-01.alderwoodpartners.com</Computer>
    <Security UserID="S-1-5-18"/>
  </System>
  <EventData>
    
    <Data Name="RuleName">-</Data>
    <Data Name="UtcTime">2024-03-04 14:11:34.406</Data>
    <Data Name="ProcessGuid">{641a7f09-46ec-65be-6200-0010b9fc7c2a}</Data>
    <Data Name="ProcessId">2176</Data>
    <Data Name="Image">C:\Windows\System32\svchost.exe</Data>
    <Data Name="User">NT AUTHORITY\LOCAL SERVICE</Data>
    <Data Name="Protocol">udp</Data>
    <Data Name="Initiated">true</Data>
    <Data Name="SourceIsIpv6">false</Data>
    <Data Name="SourceIp">10.40.12.11</Data>
    <Data Name="SourceHostname">WS-01.alderwoodpartners.com</Data>
    <Data Name="SourcePort">54938</Data>
    <Data Name="SourcePortName">-</Data>
    <Data Name="DestinationIsIpv6">false</Data>
    <Data Name="DestinationIp">1.0.0.1</Data>
    <Data Name="DestinationHostname">-</Data>
    <Data Name="DestinationPort">53</Data>
    <Data Name="DestinationPortName">domain</Data>
    
  </EventData>
</Event>
<Event xmlns="http://schemas.microsoft.com/win/2004/08/events/event">
  <System>
    <Provider Name="Microsoft-Windows-Sysmon" Guid="{5770385f-c22a-43e0-bf4c-06f5698ffbd9}"/>
    <EventID>1</EventID>
    <Version>5</Version>
    <Level>4</Level>
    <Task>1</Task>
    <Opcode>0</Opcode>
    <Keywords>0x8000000000000000</Keywords>
    <TimeCreated SystemTime="2024-03-04T14:13:34.8056968Z"/>
    <EventRecordID>515027</EventRecordID>
    <Correlation/>
    <Execution ProcessID="2620" ThreadID="2068"/>
    <Channel>Microsoft-Windows-Sysmon/Operational</Channel>
    <Computer>WS-01.alderwoodpartners.com</Computer>
    <Security UserID="S-1-5-18"/>
  </System>
  <EventData>
    
    <Data Name="RuleName">-</Data>
    <Data Name="UtcTime">2024-03-04 14:13:34.804</Data>
    <Data Name="ProcessGuid">{641a7f09-d70e-65e5-a502-0000c72588a7}</Data>
    <Data Name="ProcessId">3868</Data>
    <Data Name="Image">C:\Windows\System32\SearchFilterHost.exe</Data>
    <Data Name="FileVersion">10.0.22621.1</Data>
    <Data Name="Description">Microsoft Windows Search Filter Host</Data>
    <Data Name="Product">Microsoft Windows Operating System</Data>
    <Data Name="Company">Microsoft Corporation</Data>
    <Data Name="OriginalFileName">SearchFilterHost.exe</Data>
    <Data Name="CommandLine">SearchFilterHost.exe 0 820 0 0 0</Data>
    <Data Name="CurrentDirectory">C:\Windows\System32\</Data>
    <Data Name="User">NT AUTHORITY\SYSTEM</Data>
    <Data Name="LogonGuid">{00000000-0000-0000-0000-000000000000}</Data>
    <Data Name="LogonId">0x3e7</Data>
    <Data Name="TerminalSessionId">0</Data>
    <Data Name="IntegrityLevel">System</Data>
    <Data Name="Hashes">SHA1=0C19DDD62CEFD07AB2CB42FF4878D529F9DFB89D,MD5=BA4A7DF8FAB830DDF49B7F01EFACD90E,SHA256=64BACFAEEB126E9041DB6B9526C676A6830B01431EE23A0BA0F1351CAA484FC6,IMPHASH=7E131377F9483DE692B447AD26B54EEA</Data>
    <Data Name="ParentProcessGuid">{641a7f09-46f5-65be-fb00-0000613b3cdf}</Data>
    <Data Name="ParentProcessId">2288</Data>
    <Data Name="ParentImage">C:\Windows\System32\SearchIndexer.exe</Data>
    <Data Name="ParentCommandLine">SearchIndexer.exe</Data>
    <Data Name="ParentUser">NT AUTHORITY\SYSTEM</Data>
    
  </EventData>
</Event>
<Event xmlns="http://schemas.microsoft.com/win/2004/08/events/event">
  <System>
    <Provider Name="Microsoft-Windows-Sysmon" Guid="{5770385f-c22a-43e0-bf4c-06f5698ffbd9}"/>
    <EventID>22</EventID>
    <Version>5</Version>
    <Level>4</Level>
    <Task>22</Task>
    <Opcode>0</Opcode>
    <Keywords>0x8000000000000000</Keywords>
    <TimeCreated SystemTime="2024-03-04T14:14:26.1902341Z"/>
    <EventRecordID>515030</EventRecordID>
    <Correlation/>
    <Execution ProcessID="2620" ThreadID="2068"/>
    <Channel>Microsoft-Windows-Sysmon/Operational</Channel>
    <Computer>WS-01.alderwoodpartners.com</Computer>
    <Security UserID="S-1-5-18"/>
  </System>
  <EventData>
    
    <Data Name="RuleName">-</Data>
    <Data Name="UtcTime">2024-03-04 14:14:26.188</Data>
    <Data Name="ProcessGuid">{641a7f09-46eb-65be-ba02-000026f61fe0}</Data>
    <Data Name="ProcessId">2156</Data>
    <Data Name="QueryName">c1-onenote-15.cdn.office.net</Data>
    <Data Name="QueryStatus">0</Data>
    <Data Name="QueryResults">13.107.9.173;13.107.6.173;</Data>
    <Data Name="Image">C:\Windows\System32\svchost.exe</Data>
    <Data Name="User">NT AUTHORITY\NETWORK SERVICE</Data>
    
  </EventData>
</Event>
<Event xmlns="http://schemas.microsoft.com/win/2004/08/events/event">
  <System>
    <Provider Name="Microsoft-Windows-Sysmon" Guid="{5770385f-c22a-43e0-bf4c-06f5698ffbd9}"/>
    <EventID>13</EventID>
    <Version>2</Version>
    <Level>4</Level>
    <Task>13</Task>
    <Opcode>0</Opcode>
    <Keywords>0x8000000000000000</Keywords>
    <TimeCreated SystemTime="2024-03-04T14:16:23.9190680Z"/>
    <EventRecordID>515031</EventRecordID>
    <Correlation/>
    <Execution ProcessID="2620" ThreadID="1884"/>
    <Channel>Microsoft-Windows-Sysmon/Operational</Channel>
    <Computer>WS-01.alderwoodpartners.com</Computer>
    <Security UserID="S-1-5-18"/>
  </System>
  <EventData>
    
    <Data Name="RuleName">-</Data>
    <Data Name="EventType">SetValue</Data>
    <Data Name="UtcTime">2024-03-04 14:16:23.905</Data>
    <Data Name="ProcessGuid">{641a7f09-4702-65be-d802-000038d9816d}</Data>
    <Data Name="ProcessId">2396</Data>
    <Data Name="Image">C:\Windows\explorer.exe</Data>
    <Data Name="TargetObject">HKU\S-1-5-21-1198276704-1000000000-1000048801-24011\Software\Microsoft\Windows\CurrentVersion\Explorer\UserAssist\{CEBFF5CD-ACE2-4F4F-9178-9926F41749EA}\Count\HRZR_EHACNGU:P:\Cebtenz Svyrf\Tbbtyr\Puebzr\Nccyvpngvba\puebzr.rkr</Data>
    <Data Name="Details">00 00 00 00 3F 00 00 00 09 00 00 00 3C 3F 15 00 00 00 00 00 00 00 00 00 00 00 00 00 00 00 00 00 00 00 00 00 00 00 00 00 00 00 00 00 00 00 00 00 00 00 00 00 00 00 00 00 00 00 00 00 80 79 85 5F E5 6E DA 01 00 00 00 00</Data>
    <Data Name="User">ALDERWOODPARTNERS\dana.whitfield</Data>
    
  </EventData>
</Event>
<Event xmlns="http://schemas.microsoft.com/win/2004/08/events/event">
  <System>
    <Provider Name="Microsoft-Windows-Sysmon" Guid="{5770385f-c22a-43e0-bf4c-06f5698ffbd9}"/>
    <EventID>22</EventID>
    <Version>5</Version>
    <Level>4</Level>
    <Task>22</Task>
    <Opcode>0</Opcode>
    <Keywords>0x8000000000000000</Keywords>
    <TimeCreated SystemTime="2024-03-04T14:22:05.8872768Z"/>
    <EventRecordID>515035</EventRecordID>
    <Correlation/>
    <Execution ProcessID="2620" ThreadID="2068"/>
    <Channel>Microsoft-Windows-Sysmon/Operational</Channel>
    <Computer>WS-01.alderwoodpartners.com</Computer>
    <Security UserID="S-1-5-18"/>
  </System>
  <EventData>
    
    <Data Name="RuleName">-</Data>
    <Data Name="UtcTime">2024-03-04 14:22:05.885</Data>
    <Data Name="ProcessGuid">{641a7f09-46eb-65be-ba02-000026f61fe0}</Data>
    <Data Name="ProcessId">2156</Data>
    <Data Name="QueryName">arc.msn.com</Data>
    <Data Name="QueryStatus">0</Data>
    <Data Name="QueryResults">13.107.246.42;204.79.197.203;</Data>
    <Data Name="Image">C:\Windows\System32\svchost.exe</Data>
    <Data Name="User">NT AUTHORITY\NETWORK SERVICE</Data>
    
  </EventData>
</Event>
<Event xmlns="http://schemas.microsoft.com/win/2004/08/events/event">
  <System>
    <Provider Name="Microsoft-Windows-Sysmon" Guid="{5770385f-c22a-43e0-bf4c-06f5698ffbd9}"/>
    <EventID>10</EventID>
    <Version>3</Version>
    <Level>4</Level>
    <Task>10</Task>
    <Opcode>0</Opcode>
    <Keywords>0x8000000000000000</Keywords>
    <TimeCreated SystemTime="2024-03-04T14:23:14.7169654Z"/>
    <EventRecordID>515036</EventRecordID>
    <Correlation/>
    <Execution ProcessID="2620" ThreadID="1884"/>
    <Channel>Microsoft-Windows-Sysmon/Operational</Channel>
    <Computer>WS-01.alderwoodpartners.com</Computer>
    <Security UserID="S-1-5-18"/>
  </System>
  <EventData>
    
    <Data Name="RuleName">-</Data>
    <Data Name="UtcTime">2024-03-04 14:23:14.714</Data>
    <Data Name="SourceProcessGUID">{641a7f09-46e2-65be-6e02-0010e2d474bc}</Data>
    <Data Name="SourceProcessId">2044</Data>
    <Data Name="SourceThreadId">13664</Data>
    <Data Name="SourceImage">C:\Windows\System32\csrss.exe</Data>
    <Data Name="TargetProcessGUID">{641a7f09-46e5-65be-f002-00003ac28fde}</Data>
    <Data Name="TargetProcessId">2108</Data>
    <Data Name="TargetImage">C:\Windows\System32\lsass.exe</Data>
    <Data Name="GrantedAccess">0x1000</Data>
    <Data Name="CallTrace">C:\Windows\SYSTEM32\ntdll.dll+9E679</Data>
    <Data Name="SourceUser">NT AUTHORITY\SYSTEM</Data>
    <Data Name="TargetUser">NT AUTHORITY\SYSTEM</Data>
    
  </EventData>
</Event>
<Event xmlns="http://schemas.microsoft.com/win/2004/08/events/event">
  <System>
    <Provider Name="Microsoft-Windows-Sysmon" Guid="{5770385f-c22a-43e0-bf4c-06f5698ffbd9}"/>
    <EventID>7</EventID>
    <Version>3</Version>
    <Level>4</Level>
    <Task>7</Task>
    <Opcode>0</Opcode>
    <Keywords>0x8000000000000000</Keywords>
    <TimeCreated SystemTime="2024-03-04T14:26:57.6596462Z"/>
    <EventRecordID>515039</EventRecordID>
    <Correlation/>
    <Execution ProcessID="2620" ThreadID="2068"/>
    <Channel>Microsoft-Windows-Sysmon/Operational</Channel>
    <Computer>WS-01.alderwoodpartners.com</Computer>
    <Security UserID="S-1-5-18"/>
  </System>
  <EventData>
    
    <Data Name="RuleName">-</Data>
    <Data Name="UtcTime">2024-03-04 14:26:57.659</Data>
    <Data Name="ProcessGuid">{641a7f09-46e5-65be-f002-00003ac28fde}</Data>
    <Data Name="ProcessId">2108</Data>
    <Data Name="Image">C:\Windows\System32\lsass.exe</Data>
    <Data Name="ImageLoaded">C:\Program Files\VMware\VMware Tools\vmStatsProvider.dll</Data>
    <Data Name="FileVersion">1.0.0.0</Data>
    <Data Name="Description">vmStatsProvider.dll module</Data>
    <Data Name="Product">VMware, Inc.</Data>
    <Data Name="Company">VMware, Inc.</Data>
    <Data Name="OriginalFileName">vmStatsProvider.dll</Data>
    <Data Name="Hashes">SHA1=59D6A2228965DEA66D7C93F926FFF5BEA58D0958,MD5=90B6BA84A505CD2472182B6A3BFF34DD,SHA256=51F5802FF35D872BE25CF1BA725DBFE7E93B2CB0E7620126E5A6CC4F506DF760,IMPHASH=96621860BADAB47E574E7B6E25AA7F61</Data>
    <Data Name="Signed">true</Data>
    <Data Name="Signature">VMware, Inc.</Data>
    <Data Name="SignatureStatus">Valid</Data>
    <Data Name="User">NT AUTHORITY\SYSTEM</Data>
    
  </EventData>
</Event>
<Event xmlns="http://schemas.microsoft.com/win/2004/08/events/event">
  <System>
    <Provider Name="Microsoft-Windows-Sysmon" Guid="{5770385f-c22a-43e0-bf4c-06f5698ffbd9}"/>
    <EventID>10</EventID>
    <Version>3</Version>
    <Level>4</Level>
    <Task>10</Task>
    <Opcode>0</Opcode>
    <Keywords>0x8000000000000000</Keywords>
    <TimeCreated SystemTime="2024-03-04T14:27:40.7620039Z"/>
    <EventRecordID>515040</EventRecordID>
    <Correlation/>
    <Execution ProcessID="2620" ThreadID="1884"/>
    <Channel>Microsoft-Windows-Sysmon/Operational</Channel>
    <Computer>WS-01.alderwoodpartners.com</Computer>
    <Security UserID="S-1-5-18"/>
  </System>
  <EventData>
    
    <Data Name="RuleName">-</Data>
    <Data Name="UtcTime">2024-03-04 14:27:40.760</Data>
    <Data Name="SourceProcessGUID">{641a7f09-46f9-65be-f902-00005cc2c27e}</Data>
    <Data Name="SourceProcessId">2304</Data>
    <Data Name="SourceThreadId">14204</Data>
    <Data Name="SourceImage">C:\Windows\System32\dllhost.exe</Data>
    <Data Name="TargetProcessGUID">{641a7f09-4702-65be-d802-000038d9816d}</Data>
    <Data Name="TargetProcessId">2396</Data>
    <Data Name="TargetImage">C:\Windows\explorer.exe</Data>
    <Data Name="GrantedAccess">0x1000</Data>
    <Data Name="CallTrace">C:\Windows\SYSTEM32\ntdll.dll+9EBBC|C:\Windows\SYSTEM32\KERNELBASE.dll+2C95F</Data>
    <Data Name="SourceUser">NT AUTHORITY\SYSTEM</Data>
    <Data Name="TargetUser">ALDERWOODPARTNERS\dana.whitfield</Data>
    
  </EventData>
</Event>
<Event xmlns="http://schemas.microsoft.com/win/2004/08/events/event">
  <System>
    <Provider Name="Microsoft-Windows-Sysmon" Guid="{5770385f-c22a-43e0-bf4c-06f5698ffbd9}"/>
    <EventID>5</EventID>
    <Version>3</Version>
    <Level>4</Level>
    <Task>5</Task>
    <Opcode>0</Opcode>
    <Keywords>0x8000000000000000</Keywords>
    <TimeCreated SystemTime="2024-03-04T14:28:44.2662960Z"/>
    <EventRecordID>515042</EventRecordID>
    <Correlation/>
    <Execution ProcessID="2620" ThreadID="1884"/>
    <Channel>Microsoft-Windows-Sysmon/Operational</Channel>
    <Computer>WS-01.alderwoodpartners.com</Computer>
    <Security UserID="S-1-5-18"/>
  </System>
  <EventData>
    
    <Data Name="RuleName">-</Data>
    <Data Name="UtcTime">2024-03-04 14:28:44.264</Data>
    <Data Name="ProcessGuid">{641a7f09-ca0c-65e5-2202-0000b5306de3}</Data>
    <Data Name="ProcessId">3680</Data>
    <Data Name="Image">C:\Windows\System32\SearchProtocolHost.exe</Data>
    <Data Name="User">NT AUTHORITY\SYSTEM</Data>
    
  </EventData>
</Event>
<Event xmlns="http://schemas.microsoft.com/win/2004/08/events/event">
  <System>
    <Provider Name="Microsoft-Windows-Sysmon" Guid="{5770385f-c22a-43e0-bf4c-06f5698ffbd9}"/>
    <EventID>13</EventID>
    <Version>2</Version>
    <Level>4</Level>
    <Task>13</Task>
    <Opcode>0</Opcode>
    <Keywords>0x8000000000000000</Keywords>
    <TimeCreated SystemTime="2024-03-04T14:29:33.2627388Z"/>
    <EventRecordID>515043</EventRecordID>
    <Correlation/>
    <Execution ProcessID="2620" ThreadID="2068"/>
    <Channel>Microsoft-Windows-Sysmon/Operational</Channel>
    <Computer>WS-01.alderwoodpartners.com</Computer>
    <Security UserID="S-1-5-18"/>
  </System>
  <EventData>
    
    <Data Name="RuleName">-</Data>
    <Data Name="EventType">SetValue</Data>
    <Data Name="UtcTime">2024-03-04 14:29:33.261</Data>
    <Data Name="ProcessGuid">{641a7f09-4702-65be-d802-000038d9816d}</Data>
    <Data Name="ProcessId">2396</Data>
    <Data Name="Image">C:\Windows\explorer.exe</Data>
    <Data Name="TargetObject">HKU\S-1-5-21-1198276704-1000000000-1000048801-24011\Software\Microsoft\Windows\CurrentVersion\Explorer\UserAssist\{CEBFF5CD-ACE2-4F4F-9178-9926F41749EA}\Count\HRZR_EHACNGU:P:\Jvaqbjf\Flfgrz32\zfgfp.rkr</Data>
    <Data Name="Details">00 00 00 00 4C 00 00 00 02 00 00 00 78 3F 02 00 00 00 00 00 00 00 00 00 00 00 00 00 00 00 00 00 00 00 00 00 00 00 00 00 00 00 00 00 00 00 00 00 00 00 00 00 00 00 00 00 00 00 00 00 00 36 08 2D 9B 77 DA 01 00 00 00 00</Data>
    <Data Name="User">ALDERWOODPARTNERS\dana.whitfield</Data>
    
  </EventData>
</Event>
<Event xmlns="http://schemas.microsoft.com/win/2004/08/events/event">
  <System>
    <Provider Name="Microsoft-Windows-Sysmon" Guid="{5770385f-c22a-43e0-bf4c-06f5698ffbd9}"/>
    <EventID>1</EventID>
    <Version>5</Version>
    <Level>4</Level>
    <Task>1</Task>
    <Opcode>0</Opcode>
    <Keywords>0x8000000000000000</Keywords>
    <TimeCreated SystemTime="2024-03-04T14:37:34.7317519Z"/>
    <EventRecordID>515047</EventRecordID>
    <Correlation/>
    <Execution ProcessID="2620" ThreadID="2068"/>
    <Channel>Microsoft-Windows-Sysmon/Operational</Channel>
    <Computer>WS-01.alderwoodpartners.com</Computer>
    <Security UserID="S-1-5-18"/>
  </System>
  <EventData>
    
    <Data Name="RuleName">-</Data>
    <Data Name="UtcTime">2024-03-04 14:37:34.728</Data>
    <Data Name="ProcessGuid">{641a7f09-dcae-65e5-8402-001000bd0005}</Data>
    <Data Name="ProcessId">3912</Data>
    <Data Name="Image">C:\Windows\System32\wbem\WmiPrvSE.exe</Data>
    <Data Name="FileVersion">10.0.22621.1</Data>
    <Data Name="Description">WMI Provider Host</Data>
    <Data Name="Product">Microsoft Windows Operating System</Data>
    <Data Name="Company">Microsoft Corporation</Data>
    <Data Name="OriginalFileName">WmiPrvSE.exe</Data>
    <Data Name="CommandLine">WmiPrvSE.exe -secured -Embedding</Data>
    <Data Name="CurrentDirectory">C:\Windows\System32\</Data>
    <Data Name="User">NT AUTHORITY\SYSTEM</Data>
    <Data Name="LogonGuid">{00000000-0000-0000-0000-000000000000}</Data>
    <Data Name="LogonId">0x3e7</Data>
    <Data Name="TerminalSessionId">0</Data>
    <Data Name="IntegrityLevel">System</Data>
    <Data Name="Hashes">SHA1=46ED812F7B5C135F9B5C3B57477D88A786683FF2,MD5=AAEAE0631E80D5742B02ED7046F7C425,SHA256=894ABE128AA86E96E7CD29A302C0E058BF88455F7D54C53BF1C01C3669D49661,IMPHASH=2AF1A337C33BBA81DFC20C21850217EF</Data>
    <Data Name="ParentProcessGuid">{641a7f09-46e8-65be-2d00-00006bccf361}</Data>
    <Data Name="ParentProcessId">2148</Data>
    <Data Name="ParentImage">C:\Windows\System32\svchost.exe</Data>
    <Data Name="ParentCommandLine">svchost.exe -k DcomLaunch</Data>
    <Data Name="ParentUser">NT AUTHORITY\SYSTEM</Data>
    
  </EventData>
</Event>
<Event xmlns="http://schemas.microsoft.com/win/2004/08/events/event">
  <System>
    <Provider Name="Microsoft-Windows-Sysmon" Guid="{5770385f-c22a-43e0-bf4c-06f5698ffbd9}"/>
    <EventID>1</EventID>
    <Version>5</Version>
    <Level>4</Level>
    <Task>1</Task>
    <Opcode>0</Opcode>
    <Keywords>0x8000000000000000</Keywords>
    <TimeCreated SystemTime="2024-03-04T14:40:02.7471694Z"/>
    <EventRecordID>515050</EventRecordID>
    <Correlation/>
    <Execution ProcessID="2620" ThreadID="1884"/>
    <Channel>Microsoft-Windows-Sysmon/Operational</Channel>
    <Computer>WS-01.alderwoodpartners.com</Computer>
    <Security UserID="S-1-5-18"/>
  </System>
  <EventData>
    
    <Data Name="RuleName">-</Data>
    <Data Name="UtcTime">2024-03-04 14:40:02.746</Data>
    <Data Name="ProcessGuid">{641a7f09-dd42-65e5-f100-0010ab187bdb}</Data>
    <Data Name="ProcessId">3796</Data>
    <Data Name="Image">C:\Windows\System32\winlogon.exe</Data>
    <Data Name="FileVersion">-</Data>
    <Data Name="Description">-</Data>
    <Data Name="Product">-</Data>
    <Data Name="Company">-</Data>
    <Data Name="OriginalFileName">-</Data>
    <Data Name="CommandLine">winlogon.exe</Data>
    <Data Name="CurrentDirectory">C:\Windows\System32\</Data>
    <Data Name="User">NT AUTHORITY\SYSTEM</Data>
    <Data Name="LogonGuid">{00000000-0000-0000-0000-000000000000}</Data>
    <Data Name="LogonId">0x3e7</Data>
    <Data Name="TerminalSessionId">0</Data>
    <Data Name="IntegrityLevel">System</Data>
    <Data Name="Hashes">SHA1=9346FD5F83897428CBEEFE7541717E3A158E2B11,MD5=11A2E297BEA7B166F4A9D2C6BE5E2278,SHA256=6B0FA04BC5E8CE24A5DB36851D4A6CDBBB1030B9C471A3E4FC3BD613B85080E7,IMPHASH=57930F079A22768C8BF86A9C197BCDCF</Data>
    <Data Name="ParentProcessGuid">{641a7f09-46e1-65be-9d02-0000aa018f2a}</Data>
    <Data Name="ParentProcessId">2024</Data>
    <Data Name="ParentImage">C:\Windows\System32\smss.exe</Data>
    <Data Name="ParentCommandLine">smss.exe</Data>
    <Data Name="ParentUser">NT AUTHORITY\SYSTEM</Data>
    
  </EventData>
</Event>
<Event xmlns="http://schemas.microsoft.com/win/2004/08/events/event">
  <System>
    <Provider Name="Microsoft-Windows-Sysmon" Guid="{5770385f-c22a-43e0-bf4c-06f5698ffbd9}"/>
    <EventID>1</EventID>
    <Version>5</Version>
    <Level>4</Level>
    <Task>1</Task>
    <Opcode>0</Opcode>
    <Keywords>0x8000000000000000</Keywords>
    <TimeCreated SystemTime="2024-03-04T14:40:05.1239419Z"/>
    <EventRecordID>515051</EventRecordID>
    <Correlation/>
    <Execution ProcessID="2620" ThreadID="1884"/>
    <Channel>Microsoft-Windows-Sysmon/Operational</Channel>
    <Computer>WS-01.alderwoodpartners.com</Computer>
    <Security UserID="S-1-5-18"/>
  </System>
  <EventData>
    
    <Data Name="RuleName">-</Data>
    <Data Name="UtcTime">2024-03-04 14:40:05.122</Data>
    <Data Name="ProcessGuid">{641a7f09-dd45-65e5-1902-0000565d0228}</Data>
    <Data Name="ProcessId">3800</Data>
    <Data Name="Image">C:\Windows\System32\userinit.exe</Data>
    <Data Name="FileVersion">-</Data>
    <Data Name="Description">-</Data>
    <Data Name="Product">-</Data>
    <Data Name="Company">-</Data>
    <Data Name="OriginalFileName">-</Data>
    <Data Name="CommandLine">userinit.exe</Data>
    <Data Name="CurrentDirectory">C:\Windows\System32\</Data>
    <Data Name="User">ALDERWOODPARTNERS\dana.whitfield</Data>
    <Data Name="LogonGuid">{00000000-0000-0000-0000-000000000000}</Data>
    <Data Name="LogonId">0x1536397b</Data>
    <Data Name="TerminalSessionId">2</Data>
    <Data Name="IntegrityLevel">Medium</Data>
    <Data Name="Hashes">SHA1=6A4714367CD4C105D4349C5F089354153BE58DD9,MD5=5A56268C48DE9F5E679EDCE87E08B276,SHA256=91665FC0325F4DE548C15AAFB5C01CD83C3A50136038AE6B7BB2DC31330399A9,IMPHASH=6B2B4605529C1A2D51ED6C8F0DFC02C4</Data>
    <Data Name="ParentProcessGuid">{641a7f09-dd42-65e5-f100-0010ab187bdb}</Data>
    <Data Name="ParentProcessId">3796</Data>
    <Data Name="ParentImage">C:\Windows\System32\winlogon.exe</Data>
    <Data Name="ParentCommandLine">winlogon.exe</Data>
    <Data Name="ParentUser">NT AUTHORITY\SYSTEM</Data>
    
  </EventData>
</Event>
<Event xmlns="http://schemas.microsoft.com/win/2004/08/events/event">
  <System>
    <Provider Name="Microsoft-Windows-Sysmon" Guid="{5770385f-c22a-43e0-bf4c-06f5698ffbd9}"/>
    <EventID>1</EventID>
    <Version>5</Version>
    <Level>4</Level>
    <Task>1</Task>
    <Opcode>0</Opcode>
    <Keywords>0x8000000000000000</Keywords>
    <TimeCreated SystemTime="2024-03-04T14:40:05.3538523Z"/>
    <EventRecordID>515052</EventRecordID>
    <Correlation/>
    <Execution ProcessID="2620" ThreadID="2068"/>
    <Channel>Microsoft-Windows-Sysmon/Operational</Channel>
    <Computer>WS-01.alderwoodpartners.com</Computer>
    <Security UserID="S-1-5-18"/>
  </System>
  <EventData>
    
    <Data Name="RuleName">-</Data>
    <Data Name="UtcTime">2024-03-04 14:40:05.349</Data>
    <Data Name="ProcessGuid">{641a7f09-dd45-65e5-b500-00100e3e4f20}</Data>
    <Data Name="ProcessId">3820</Data>
    <Data Name="Image">C:\Windows\explorer.exe</Data>
    <Data Name="FileVersion">10.0.22621.1</Data>
    <Data Name="Description">Windows Explorer</Data>
    <Data Name="Product">Microsoft Windows Operating System</Data>
    <Data Name="Company">Microsoft Corporation</Data>
    <Data Name="OriginalFileName">EXPLORER.EXE</Data>
    <Data Name="CommandLine">explorer.exe</Data>
    <Data Name="CurrentDirectory">C:\Windows\</Data>
    <Data Name="User">ALDERWOODPARTNERS\dana.whitfield</Data>
    <Data Name="LogonGuid">{00000000-0000-0000-0000-000000000000}</Data>
    <Data Name="LogonId">0x1536397b</Data>
    <Data Name="TerminalSessionId">2</Data>
    <Data Name="IntegrityLevel">Medium</Data>
    <Data Name="Hashes">SHA1=3922E3757754CF8848DAFCB0E35BD21FC056C472,MD5=F01FD4C9C159B0E18F9FE7FA4FDC181A,SHA256=8C469B1EB65ED2CFD03B604DDEF39743BB03724423FB1FD944E29D590B369B3B,IMPHASH=A863B5AAD4A2056679EBC19C74B829AE</Data>
    <Data Name="ParentProcessGuid">{641a7f09-dd45-65e5-1902-0000565d0228}</Data>
    <Data Name="ParentProcessId">3800</Data>
    <Data Name="ParentImage">C:\Windows\System32\userinit.exe</Data>
    <Data Name="ParentCommandLine">userinit.exe</Data>
    <Data Name="ParentUser">ALDERWOODPARTNERS\dana.whitfield</Data>
    
  </EventData>
</Event>
<Event xmlns="http://schemas.microsoft.com/win/2004/08/events/event">
  <System>
    <Provider Name="Microsoft-Windows-Sysmon" Guid="{5770385f-c22a-43e0-bf4c-06f5698ffbd9}"/>
    <EventID>5</EventID>
    <Version>3</Version>
    <Level>4</Level>
    <Task>5</Task>
    <Opcode>0</Opcode>
    <Keywords>0x8000000000000000</Keywords>
    <TimeCreated SystemTime="2024-03-04T14:40:10.3060763Z"/>
    <EventRecordID>515053</EventRecordID>
    <Correlation/>
    <Execution ProcessID="2620" ThreadID="2068"/>
    <Channel>Microsoft-Windows-Sysmon/Operational</Channel>
    <Computer>WS-01.alderwoodpartners.com</Computer>
    <Security UserID="S-1-5-18"/>
  </System>
  <EventData>
    
    <Data Name="RuleName">-</Data>
    <Data Name="UtcTime">2024-03-04 14:40:10.300</Data>
    <Data Name="ProcessGuid">{641a7f09-dd45-65e5-1902-0000565d0228}</Data>
    <Data Name="ProcessId">3800</Data>
    <Data Name="Image">C:\Windows\System32\userinit.exe</Data>
    <Data Name="User">ALDERWOODPARTNERS\dana.whitfield</Data>
    
  </EventData>
</Event>
<Event xmlns="http://schemas.microsoft.com/win/2004/08/events/event">
  <System>
    <Provider Name="Microsoft-Windows-Sysmon" Guid="{5770385f-c22a-43e0-bf4c-06f5698ffbd9}"/>
    <EventID>22</EventID>
    <Version>5</Version>
    <Level>4</Level>
    <Task>22</Task>
    <Opcode>0</Opcode>
    <Keywords>0x8000000000000000</Keywords>
    <TimeCreated SystemTime="2024-03-04T14:40:36.5197859Z"/>
    <EventRecordID>515055</EventRecordID>
    <Correlation/>
    <Execution ProcessID="2620" ThreadID="3392"/>
    <Channel>Microsoft-Windows-Sysmon/Operational</Channel>
    <Computer>WS-01.alderwoodpartners.com</Computer>
    <Security UserID="S-1-5-18"/>
  </System>
  <EventData>
    
    <Data Name="RuleName">-</Data>
    <Data Name="UtcTime">2024-03-04 14:40:36.508</Data>
    <Data Name="ProcessGuid">{641a7f09-46eb-65be-ba02-000026f61fe0}</Data>
    <Data Name="ProcessId">2156</Data>
    <Data Name="QueryName">media.akamai.net</Data>
    <Data Name="QueryStatus">0</Data>
    <Data Name="QueryResults">23.205.100.42;23.205.101.42;</Data>
    <Data Name="Image">C:\Windows\System32\svchost.exe</Data>
    <Data Name="User">NT AUTHORITY\NETWORK SERVICE</Data>
    
  </EventData>
</Event>
<Event xmlns="http://schemas.microsoft.com/win/2004/08/events/event">
  <System>
    <Provider Name="Microsoft-Windows-Sysmon" Guid="{5770385f-c22a-43e0-bf4c-06f5698ffbd9}"/>
    <EventID>1</EventID>
    <Version>5</Version>
    <Level>4</Level>
    <Task>1</Task>
    <Opcode>0</Opcode>
    <Keywords>0x8000000000000000</Keywords>
    <TimeCreated SystemTime="2024-03-04T14:40:46.9736006Z"/>
    <EventRecordID>515056</EventRecordID>
    <Correlation/>
    <Execution ProcessID="2620" ThreadID="3392"/>
    <Channel>Microsoft-Windows-Sysmon/Operational</Channel>
    <Computer>WS-01.alderwoodpartners.com</Computer>
    <Security UserID="S-1-5-18"/>
  </System>
  <EventData>
    
    <Data Name="RuleName">-</Data>
    <Data Name="UtcTime">2024-03-04 14:40:46.971</Data>
    <Data Name="ProcessGuid">{641a7f09-dd6e-65e5-ec00-001011d8bbf3}</Data>
    <Data Name="ProcessId">3992</Data>
    <Data Name="Image">C:\Windows\System32\mstsc.exe</Data>
    <Data Name="FileVersion">10.0.22621.1</Data>
    <Data Name="Description">Remote Desktop Connection</Data>
    <Data Name="Product">Microsoft Windows Operating System</Data>
    <Data Name="Company">Microsoft Corporation</Data>
    <Data Name="OriginalFileName">mstsc.exe</Data>
    <Data Name="CommandLine">mstsc.exe /v:WS-02</Data>
    <Data Name="CurrentDirectory">C:\Windows\System32\</Data>
    <Data Name="User">ALDERWOODPARTNERS\dana.whitfield</Data>
    <Data Name="LogonGuid">{00000000-0000-0000-0000-000000000000}</Data>
    <Data Name="LogonId">0x1536397b</Data>
    <Data Name="TerminalSessionId">2</Data>
    <Data Name="IntegrityLevel">Medium</Data>
    <Data Name="Hashes">SHA1=E6E36D2FC9772680CAA626321052A0C9D56D307A,MD5=D279444AE4C9D8B7840B8A914D0D3419,SHA256=07030FD178093090E1B1A171374910B6868B60F1E452940FB8F03806C324C621,IMPHASH=8C24FC2F939A9A509FBC0B5C81CBAA47</Data>
    <Data Name="ParentProcessGuid">{641a7f09-dd45-65e5-b500-00100e3e4f20}</Data>
    <Data Name="ParentProcessId">3820</Data>
    <Data Name="ParentImage">C:\Windows\explorer.exe</Data>
    <Data Name="ParentCommandLine">explorer.exe</Data>
    <Data Name="ParentUser">ALDERWOODPARTNERS\dana.whitfield</Data>
    
  </EventData>
</Event>
<Event xmlns="http://schemas.microsoft.com/win/2004/08/events/event">
  <System>
    <Provider Name="Microsoft-Windows-Sysmon" Guid="{5770385f-c22a-43e0-bf4c-06f5698ffbd9}"/>
    <EventID>3</EventID>
    <Version>5</Version>
    <Level>4</Level>
    <Task>3</Task>
    <Opcode>0</Opcode>
    <Keywords>0x8000000000000000</Keywords>
    <TimeCreated SystemTime="2024-03-04T14:40:49.4332202Z"/>
    <EventRecordID>515057</EventRecordID>
    <Correlation/>
    <Execution ProcessID="2620" ThreadID="3392"/>
    <Channel>Microsoft-Windows-Sysmon/Operational</Channel>
    <Computer>WS-01.alderwoodpartners.com</Computer>
    <Security UserID="S-1-5-18"/>
  </System>
  <EventData>
    
    <Data Name="RuleName">-</Data>
    <Data Name="UtcTime">2024-03-04 14:40:49.432</Data>
    <Data Name="ProcessGuid">{641a7f09-dd6e-65e5-ec00-001011d8bbf3}</Data>
    <Data Name="ProcessId">3992</Data>
    <Data Name="Image">C:\Windows\System32\mstsc.exe</Data>
    <Data Name="User">ALDERWOODPARTNERS\dana.whitfield</Data>
    <Data Name="Protocol">tcp</Data>
    <Data Name="Initiated">true</Data>
    <Data Name="SourceIsIpv6">false</Data>
    <Data Name="SourceIp">10.40.12.11</Data>
    <Data Name="SourceHostname">WS-01.alderwoodpartners.com</Data>
    <Data Name="SourcePort">63730</Data>
    <Data Name="SourcePortName">-</Data>
    <Data Name="DestinationIsIpv6">false</Data>
    <Data Name="DestinationIp">10.40.12.12</Data>
    <Data Name="DestinationHostname">-</Data>
    <Data Name="DestinationPort">3389</Data>
    <Data Name="DestinationPortName">ms-wbt-server</Data>
    
  </EventData>
</Event>
<Event xmlns="http://schemas.microsoft.com/win/2004/08/events/event">
  <System>
    <Provider Name="Microsoft-Windows-Sysmon" Guid="{5770385f-c22a-43e0-bf4c-06f5698ffbd9}"/>
    <EventID>1</EventID>
    <Version>5</Version>
    <Level>4</Level>
    <Task>1</Task>
    <Opcode>0</Opcode>
    <Keywords>0x8000000000000000</Keywords>
    <TimeCreated SystemTime="2024-03-04T14:41:09.2533856Z"/>
    <EventRecordID>515059</EventRecordID>
    <Correlation/>
    <Execution ProcessID="2620" ThreadID="2068"/>
    <Channel>Microsoft-Windows-Sysmon/Operational</Channel>
    <Computer>WS-01.alderwoodpartners.com</Computer>
    <Security UserID="S-1-5-18"/>
  </System>
  <EventData>
    
    <Data Name="RuleName">-</Data>
    <Data Name="UtcTime">2024-03-04 14:41:09.233</Data>
    <Data Name="ProcessGuid">{641a7f09-dd85-65e5-6302-0010892dcb42}</Data>
    <Data Name="ProcessId">3832</Data>
    <Data Name="Image">C:\Program Files\Cisco Spark\Webex.exe</Data>
    <Data Name="FileVersion">44.4.0.28421</Data>
    <Data Name="Description">Cisco Webex</Data>
    <Data Name="Product">Cisco Webex</Data>
    <Data Name="Company">Cisco Systems, Inc.</Data>
    <Data Name="OriginalFileName">Webex.exe</Data>
    <Data Name="CommandLine">"C:\Program Files\Cisco Spark\Webex.exe" --autostart</Data>
    <Data Name="CurrentDirectory">C:\Program Files\Cisco Spark\</Data>
    <Data Name="User">ALDERWOODPARTNERS\dana.whitfield</Data>
    <Data Name="LogonGuid">{00000000-0000-0000-0000-000000000000}</Data>
    <Data Name="LogonId">0x1536397b</Data>
    <Data Name="TerminalSessionId">2</Data>
    <Data Name="IntegrityLevel">Medium</Data>
    <Data Name="Hashes">SHA1=B84116C0DEEB5E98ECB484DE9FA0CAA81BAFCC02,MD5=987DBA459398443115153DD36D50B70C,SHA256=3E21E31DECB72E6850C4A6CB9E06E4D86227AEAEC9CEDB6C2210B75E455290A6,IMPHASH=663DCA131FD22D5B403FB2FA0791FC1E</Data>
    <Data Name="ParentProcessGuid">{641a7f09-dd45-65e5-b500-00100e3e4f20}</Data>
    <Data Name="ParentProcessId">3820</Data>
    <Data Name="ParentImage">C:\Windows\explorer.exe</Data>
    <Data Name="ParentCommandLine">explorer.exe</Data>
    <Data Name="ParentUser">ALDERWOODPARTNERS\dana.whitfield</Data>
    
  </EventData>
</Event>
<Event xmlns="http://schemas.microsoft.com/win/2004/08/events/event">
  <System>
    <Provider Name="Microsoft-Windows-Sysmon" Guid="{5770385f-c22a-43e0-bf4c-06f5698ffbd9}"/>
    <EventID>7</EventID>
    <Version>3</Version>
    <Level>4</Level>
    <Task>7</Task>
    <Opcode>0</Opcode>
    <Keywords>0x8000000000000000</Keywords>
    <TimeCreated SystemTime="2024-03-04T14:41:09.3869694Z"/>
    <EventRecordID>515060</EventRecordID>
    <Correlation/>
    <Execution ProcessID="2620" ThreadID="2068"/>
    <Channel>Microsoft-Windows-Sysmon/Operational</Channel>
    <Computer>WS-01.alderwoodpartners.com</Computer>
    <Security UserID="S-1-5-18"/>
  </System>
  <EventData>
    
    <Data Name="RuleName">-</Data>
    <Data Name="UtcTime">2024-03-04 14:41:09.385</Data>
    <Data Name="ProcessGuid">{641a7f09-dd85-65e5-6302-0010892dcb42}</Data>
    <Data Name="ProcessId">3832</Data>
    <Data Name="Image">C:\Program Files\Cisco Spark\Webex.exe</Data>
    <Data Name="ImageLoaded">C:\Program Files\Cisco Spark\WebexHost.dll</Data>
    <Data Name="FileVersion">44.4.0.28421</Data>
    <Data Name="Description">Cisco Webex Host</Data>
    <Data Name="Product">Cisco Webex</Data>
    <Data Name="Company">Cisco Systems, Inc.</Data>
    <Data Name="OriginalFileName">WebexHost.dll</Data>
    <Data Name="Hashes">SHA1=A978906769A29ECD3E6C9151C247EB0CEBB51DE9,MD5=115D1BB2EC1C3BEBC5FF5B5889377D53,SHA256=97EFF9C07491810CD84F67CFC49A8FA96457B99703BD087826B40C2532122103,IMPHASH=41A61349BBA73F216990EAF13255F2EA</Data>
    <Data Name="Signed">true</Data>
    <Data Name="Signature">Cisco Systems, Inc.</Data>
    <Data Name="SignatureStatus">Valid</Data>
    <Data Name="User">ALDERWOODPARTNERS\dana.whitfield</Data>
    
  </EventData>
</Event>
