<Event xmlns="http://schemas.microsoft.com/win/2004/08/events/event">
  <System>
    <Provider Name="Microsoft-Windows-Sysmon" Guid="{5770385f-c22a-43e0-bf4c-06f5698ffbd9}"/>
    <EventID>13</EventID>
    <Version>2</Version>
    <Level>4</Level>
    <Task>13</Task>
    <Opcode>0</Opcode>
    <Keywords>0x8000000000000000</Keywords>
    <TimeCreated SystemTime="2024-03-04T15:44:43.2976998Z"/>
    <EventRecordID>515161</EventRecordID>
    <Correlation/>
    <Execution ProcessID="2620" ThreadID="2068"/>
    <Channel>Microsoft-Windows-Sysmon/Operational</Channel>
    <Computer>WS-01.alderwoodpartners.com</Computer>
    <Security UserID="S-1-5-18"/>
  </System>
  <EventData>
    
    <Data Name="RuleName">-</Data>
    <Data Name="EventType">SetValue</Data>
    <Data Name="UtcTime">2024-03-04 15:44:43.295</Data>
    <Data Name="ProcessGuid">{641a7f09-4702-65be-d802-000038d9816d}</Data>
    <Data Name="ProcessId">2396</Data>
    <Data Name="Image">C:\Windows\explorer.exe</Data>
    <Data Name="TargetObject">HKU\S-1-5-21-1198276704-1000000000-1000048801-24011\Software\Microsoft\Windows\CurrentVersion\Internet Settings\ProxyEnable</Data>
    <Data Name="Details">DWORD (0x00000000)</Data>
    <Data Name="User">ALDERWOODPARTNERS\dana.whitfield</Data>
    
  </EventData>
</Event>
<Event xmlns="http://schemas.microsoft.com/win/2004/08/events/event">
  <System>
    <Provider Name="Microsoft-Windows-Sysmon" Guid="{5770385f-c22a-43e0-bf4c-06f5698ffbd9}"/>
    <EventID>13</EventID>
    <Version>2</Version>
    <Level>4</Level>
    <Task>13</Task>
    <Opcode>0</Opcode>
    <Keywords>0x8000000000000000</Keywords>
    <TimeCreated SystemTime="2024-03-04T15:45:14.8158353Z"/>
    <EventRecordID>515164</EventRecordID>
    <Correlation/>
    <Execution ProcessID="2620" ThreadID="2068"/>
    <Channel>Microsoft-Windows-Sysmon/Operational</Channel>
    <Computer>WS-01.alderwoodpartners.com</Computer>
    <Security UserID="S-1-5-18"/>
  </System>
  <EventData>
    
    <Data Name="RuleName">-</Data>
    <Data Name="EventType">SetValue</Data>
    <Data Name="UtcTime">2024-03-04 15:45:14.814</Data>
    <Data Name="ProcessGuid">{641a7f09-4702-65be-d802-000038d9816d}</Data>
    <Data Name="ProcessId">2396</Data>
    <Data Name="Image">C:\Windows\explorer.exe</Data>
    <Data Name="TargetObject">HKU\S-1-5-21-1198276704-1000000000-1000048801-24011\Software\Microsoft\Windows\CurrentVersion\Explorer\UserAssist\{CEBFF5CD-ACE2-4F4F-9178-9926F41749EA}\Count\HRZR_EHACNGU:P:\Cebtenz Svyrf\Zvpebfbsg Bssvpr\ebbg\Bssvpr16\RKPRY.RKR</Data>
    <Data Name="Details">00 00 00 00 35 00 00 00 11 00 00 00 67 B9 12 00 00 00 00 00 00 00 00 00 00 00 00 00 00 00 00 00 00 00 00 00 00 00 00 00 00 00 00 00 00 00 00 00 00 00 00 00 00 00 00 00 00 00 00 00 80 8F 99 F3 58 7E DA 01 00 00 00 00</Data>
    <Data Name="User">ALDERWOODPARTNERS\dana.whitfield</Data>
    
  </EventData>
</Event>
<Event xmlns="http://schemas.microsoft.com/win/2004/08/events/event">
  <System>
    <Provider Name="Microsoft-Windows-Sysmon" Guid="{5770385f-c22a-43e0-bf4c-06f5698ffbd9}"/>
    <EventID>1</EventID>
    <Version>5</Version>
    <Level>4</Level>
    <Task>1</Task>
    <Opcode>0</Opcode>
    <Keywords>0x8000000000000000</Keywords>
    <TimeCreated SystemTime="2024-03-04T15:46:03.5171588Z"/>
    <EventRecordID>515167</EventRecordID>
    <Correlation/>
    <Execution ProcessID="2620" ThreadID="3392"/>
    <Channel>Microsoft-Windows-Sysmon/Operational</Channel>
    <Computer>WS-01.alderwoodpartners.com</Computer>
    <Security UserID="S-1-5-18"/>
  </System>
  <EventData>
    
    <Data Name="RuleName">-</Data>
    <Data Name="UtcTime">2024-03-04 15:46:03.515</Data>
    <Data Name="ProcessGuid">{641a7f09-ecbb-65e5-0b02-0010bfaa59c4}</Data>
    <Data Name="ProcessId">4112</Data>
    <Data Name="Image">C:\Program Files\HP\HP Image Assistant\HPImageAssistant.exe</Data>
    <Data Name="FileVersion">-</Data>
    <Data Name="Description">-</Data>
    <Data Name="Product">-</Data>
    <Data Name="Company">-</Data>
    <Data Name="OriginalFileName">-</Data>
    <Data Name="CommandLine">HPImageAssistant.exe /Operation:Analyze /Silent</Data>
    <Data Name="CurrentDirectory">C:\Windows\System32\</Data>
    <Data Name="User">NT AUTHORITY\SYSTEM</Data>
    <Data Name="LogonGuid">{00000000-0000-0000-0000-000000000000}</Data>
    <Data Name="LogonId">0x3e7</Data>
    <Data Name="TerminalSessionId">0</Data>
    <Data Name="IntegrityLevel">System</Data>
    <Data Name="Hashes">SHA1=A06EC1FA31BF4F03C1DC8B8448E2F00F263E607D,MD5=BBC9DE50239C7FBB3BE6EDCB9A0BE725,SHA256=EFA87B1039A292E477780A95DE6B3694F0A1777208659A359BB51CEE1163D2FE,IMPHASH=61542B51CAA457C075C1EA6EFFA060FC</Data>
    <Data Name="ParentProcessGuid">{641a7f09-46fe-65be-0c00-00106ccad867}</Data>
    <Data Name="ParentProcessId">2368</Data>
    <Data Name="ParentImage">C:\Windows\System32\taskhostw.exe</Data>
    <Data Name="ParentCommandLine">taskhostw.exe</Data>
    <Data Name="ParentUser">NT AUTHORITY\SYSTEM</Data>
    
  </EventData>
</Event>
<Event xmlns="http://schemas.microsoft.com/win/2004/08/events/event">
  <System>
    <Provider Name="Microsoft-Windows-Sysmon" Guid="{5770385f-c22a-43e0-bf4c-06f5698ffbd9}"/>
    <EventID>3</EventID>
    <Version>5</Version>
    <Level>4</Level>
    <Task>3</Task>
    <Opcode>0</Opcode>
    <Keywords>0x8000000000000000</Keywords>
    <TimeCreated SystemTime="2024-03-04T15:50:26.3330112Z"/>
    <EventRecordID>515172</EventRecordID>
    <Correlation/>
    <Execution ProcessID="2620" ThreadID="3392"/>
    <Channel>Microsoft-Windows-Sysmon/Operational</Channel>
    <Computer>WS-01.alderwoodpartners.com</Computer>
    <Security UserID="S-1-5-18"/>
  </System>
  <EventData>
    
    <Data Name="RuleName">-</Data>
    <Data Name="UtcTime">2024-03-04 15:50:26.330</Data>
    <Data Name="ProcessGuid">{641a7f09-46ec-65be-6200-0010b9fc7c2a}</Data>
    <Data Name="ProcessId">2176</Data>
    <Data Name="Image">C:\Windows\System32\svchost.exe</Data>
    <Data Name="User">NT AUTHORITY\LOCAL SERVICE</Data>
    <Data Name="Protocol">udp</Data>
    <Data Name="Initiated">true</Data>
    <Data Name="SourceIsIpv6">false</Data>
    <Data Name="SourceIp">10.40.12.11</Data>
    <Data Name="SourceHostname">WS-01.alderwoodpartners.com</Data>
    <Data Name="SourcePort">54906</Data>
    <Data Name="SourcePortName">-</Data>
    <Data Name="DestinationIsIpv6">false</Data>
    <Data Name="DestinationIp">1.0.0.1</Data>
    <Data Name="DestinationHostname">-</Data>
    <Data Name="DestinationPort">53</Data>
    <Data Name="DestinationPortName">domain</Data>
    
  </EventData>
</Event>
<Event xmlns="http://schemas.microsoft.com/win/2004/08/events/event">
  <System>
    <Provider Name="Microsoft-Windows-Sysmon" Guid="{5770385f-c22a-43e0-bf4c-06f5698ffbd9}"/>
    <EventID>13</EventID>
    <Version>2</Version>
    <Level>4</Level>
    <Task>13</Task>
    <Opcode>0</Opcode>
    <Keywords>0x8000000000000000</Keywords>
    <TimeCreated SystemTime="2024-03-04T15:50:57.4406515Z"/>
    <EventRecordID>515174</EventRecordID>
    <Correlation/>
    <Execution ProcessID="2620" ThreadID="2068"/>
    <Channel>Microsoft-Windows-Sysmon/Operational</Channel>
    <Computer>WS-01.alderwoodpartners.com</Computer>
    <Security UserID="S-1-5-18"/>
  </System>
  <EventData>
    
    <Data Name="RuleName">-</Data>
    <Data Name="EventType">SetValue</Data>
    <Data Name="UtcTime">2024-03-04 15:50:57.440</Data>
    <Data Name="ProcessGuid">{641a7f09-4702-65be-d802-000038d9816d}</Data>
    <Data Name="ProcessId">2396</Data>
    <Data Name="Image">C:\Windows\explorer.exe</Data>
    <Data Name="TargetObject">HKU\S-1-5-21-1198276704-1000000000-1000048801-24011\Software\Microsoft\Windows\CurrentVersion\Explorer\Advanced\HideFileExt</Data>
    <Data Name="Details">DWORD (0x00000001)</Data>
    <Data Name="User">ALDERWOODPARTNERS\dana.whitfield</Data>
    
  </EventData>
</Event>
<Event xmlns="http://schemas.microsoft.com/win/2004/08/events/event">
  <System>
    <Provider Name="Microsoft-Windows-Sysmon" Guid="{5770385f-c22a-43e0-bf4c-06f5698ffbd9}"/>
    <EventID>10</EventID>
    <Version>3</Version>
    <Level>4</Level>
    <Task>10</Task>
    <Opcode>0</Opcode>
    <Keywords>0x8000000000000000</Keywords>
    <TimeCreated SystemTime="2024-03-04T15:53:21.1187937Z"/>
    <EventRecordID>515177</EventRecordID>
    <Correlation/>
    <Execution ProcessID="2620" ThreadID="3392"/>
    <Channel>Microsoft-Windows-Sysmon/Operational</Channel>
    <Computer>WS-01.alderwoodpartners.com</Computer>
    <Security UserID="S-1-5-18"/>
  </System>
  <EventData>
    
    <Data Name="RuleName">-</Data>
    <Data Name="UtcTime">2024-03-04 15:53:21.118</Data>
    <Data Name="SourceProcessGUID">{641a7f09-46e4-65be-8e00-0000d760db59}</Data>
    <Data Name="SourceProcessId">2072</Data>
    <Data Name="SourceThreadId">13760</Data>
    <Data Name="SourceImage">C:\Windows\System32\services.exe</Data>
    <Data Name="TargetProcessGUID">{641a7f09-46f4-65be-0900-00004a508c29}</Data>
    <Data Name="TargetProcessId">2284</Data>
    <Data Name="TargetImage">C:\ProgramData\Microsoft\Windows Defender\Platform\4.18.24030.9-0\MsMpEng.exe</Data>
    <Data Name="GrantedAccess">0x0400</Data>
    <Data Name="CallTrace">C:\Windows\SYSTEM32\ntdll.dll+9DEE4|C:\Windows\SYSTEM32\KERNELBASE.dll+2C5AF|C:\Windows\SYSTEM32\sechost.dll+12944</Data>
    <Data Name="SourceUser">NT AUTHORITY\SYSTEM</Data>
    <Data Name="TargetUser">NT AUTHORITY\SYSTEM</Data>
    
  </EventData>
</Event>
<Event xmlns="http://schemas.microsoft.com/win/2004/08/events/event">
  <System>
    <Provider Name="Microsoft-Windows-Sysmon" Guid="{5770385f-c22a-43e0-bf4c-06f5698ffbd9}"/>
    <EventID>5</EventID>
    <Version>3</Version>
    <Level>4</Level>
    <Task>5</Task>
    <Opcode>0</Opcode>
    <Keywords>0x8000000000000000</Keywords>
    <TimeCreated SystemTime="2024-03-04T15:55:07.9164638Z"/>
    <EventRecordID>515179</EventRecordID>
    <Correlation/>
    <Execution ProcessID="2620" ThreadID="3392"/>
    <Channel>Microsoft-Windows-Sysmon/Operational</Channel>
    <Computer>WS-01.alderwoodpartners.com</Computer>
    <Security UserID="S-1-5-18"/>
  </System>
  <EventData>
    
    <Data Name="RuleName">-</Data>
    <Data Name="UtcTime">2024-03-04 15:55:07.914</Data>
    <Data Name="ProcessGuid">{641a7f09-ecbb-65e5-0b02-0010bfaa59c4}</Data>
    <Data Name="ProcessId">4112</Data>
    <Data Name="Image">C:\Program Files\HP\HP Image Assistant\HPImageAssistant.exe</Data>
    <Data Name="User">NT AUTHORITY\SYSTEM</Data>
    
  </EventData>
</Event>
</Events>
