<Event xmlns="http://schemas.microsoft.com/win/2004/08/events/event">
  <System>
    <Provider Name="Microsoft-Windows-Sysmon" Guid="{5770385f-c22a-43e0-bf4c-06f5698ffbd9}"/>
    <EventID>1</EventID>
    <Version>5</Version>
    <Level>4</Level>
    <Task>1</Task>
    <Opcode>0</Opcode>
    <Keywords>0x8000000000000000</Keywords>
    <TimeCreated SystemTime="2024-03-04T14:41:11.1487102Z"/>
    <EventRecordID>515061</EventRecordID>
    <Correlation/>
    <Execution ProcessID="2620" ThreadID="1884"/>
    <Channel>Microsoft-Windows-Sysmon/Operational</Channel>
    <Computer>WS-01.alderwoodpartners.com</Computer>
    <Security UserID="S-1-5-18"/>
  </System>
  <EventData>
    
    <Data Name="RuleName">-</Data>
    <Data Name="UtcTime">2024-03-04 14:41:11.146</Data>
    <Data Name="ProcessGuid">{641a7f09-dd87-65e5-3100-0000965b1fff}</Data>
    <Data Name="ProcessId">3836</Data>
    <Data Name="Image">C:\Program Files\Cisco Spark\CiscoCollabHost.exe</Data>
    <Data Name="FileVersion">44.4.0.28421</Data>
    <Data Name="Description">Cisco Webex</Data>
    <Data Name="Product">Cisco Webex</Data>
    <Data Name="Company">Cisco Systems, Inc.</Data>
    <Data Name="OriginalFileName">CiscoCollabHost.exe</Data>
    <Data Name="CommandLine">"C:\Program Files\Cisco Spark\CiscoCollabHost.exe" --type=renderer</Data>
    <Data Name="CurrentDirectory">C:\Program Files\Cisco Spark\</Data>
    <Data Name="User">ALDERWOODPARTNERS\dana.whitfield</Data>
    <Data Name="LogonGuid">{00000000-0000-0000-0000-000000000000}</Data>
    <Data Name="LogonId">0x1536397b</Data>
    <Data Name="TerminalSessionId">2</Data>
    <Data Name="IntegrityLevel">Medium</Data>
    <Data Name="Hashes">SHA1=279D54CCD685D665BB0B51D1BA0154EE4B1DCBBA,MD5=A66E9A3681607DCC9AB63E012CB58142,SHA256=3E93A76EFEAF0BB07D35F23E2D3E29C3A03192A9366F4ABD96CA39667EEA0A28,IMPHASH=59CB71864BC2622F5A1A2B7D7215535B</Data>
    <Data Name="ParentProcessGuid">{641a7f09-dd85-65e5-6302-0010892dcb42}</Data>
    <Data Name="ParentProcessId">3832</Data>
    <Data Name="ParentImage">C:\Program Files\Cisco Spark\Webex.exe</Data>
    <Data Name="ParentCommandLine">"C:\Program Files\Cisco Spark\Webex.exe" --autostart</Data>
    <Data Name="ParentUser">ALDERWOODPARTNERS\dana.whitfield</Data>
    
  </EventData>
</Event>
<Event xmlns="http://schemas.microsoft.com/win/2004/08/events/event">
  <System>
    <Provider Name="Microsoft-Windows-Sysmon" Guid="{5770385f-c22a-43e0-bf4c-06f5698ffbd9}"/>
    <EventID>1</EventID>
    <Version>5</Version>
    <Level>4</Level>
    <Task>1</Task>
    <Opcode>0</Opcode>
    <Keywords>0x8000000000000000</Keywords>
    <TimeCreated SystemTime="2024-03-04T14:41:12.0648892Z"/>
    <EventRecordID>515062</EventRecordID>
    <Correlation/>
    <Execution ProcessID="2620" ThreadID="1884"/>
    <Channel>Microsoft-Windows-Sysmon/Operational</Channel>
    <Computer>WS-01.alderwoodpartners.com</Computer>
    <Security UserID="S-1-5-18"/>
  </System>
  <EventData>
    
    <Data Name="RuleName">-</Data>
    <Data Name="UtcTime">2024-03-04 14:41:12.064</Data>
    <Data Name="ProcessGuid">{641a7f09-dd88-65e5-7900-00003af3e0ec}</Data>
    <Data Name="ProcessId">3844</Data>
    <Data Name="Image">C:\Program Files\Cisco Spark\CiscoCollabHost.exe</Data>
    <Data Name="FileVersion">44.4.0.28421</Data>
    <Data Name="Description">Cisco Webex</Data>
    <Data Name="Product">Cisco Webex</Data>
    <Data Name="Company">Cisco Systems, Inc.</Data>
    <Data Name="OriginalFileName">CiscoCollabHost.exe</Data>
    <Data Name="CommandLine">"C:\Program Files\Cisco Spark\CiscoCollabHost.exe" --type=gpu-process</Data>
    <Data Name="CurrentDirectory">C:\Program Files\Cisco Spark\</Data>
    <Data Name="User">ALDERWOODPARTNERS\dana.whitfield</Data>
    <Data Name="LogonGuid">{00000000-0000-0000-0000-000000000000}</Data>
    <Data Name="LogonId">0x1536397b</Data>
    <Data Name="TerminalSessionId">2</Data>
    <Data Name="IntegrityLevel">Medium</Data>
    <Data Name="Hashes">SHA1=279D54CCD685D665BB0B51D1BA0154EE4B1DCBBA,MD5=A66E9A3681607DCC9AB63E012CB58142,SHA256=3E93A76EFEAF0BB07D35F23E2D3E29C3A03192A9366F4ABD96CA39667EEA0A28,IMPHASH=59CB71864BC2622F5A1A2B7D7215535B</Data>
    <Data Name="ParentProcessGuid">{641a7f09-dd85-65e5-6302-0010892dcb42}</Data>
    <Data Name="ParentProcessId">3832</Data>
    <Data Name="ParentImage">C:\Program Files\Cisco Spark\Webex.exe</Data>
    <Data Name="ParentCommandLine">"C:\Program Files\Cisco Spark\Webex.exe" --autostart</Data>
    <Data Name="ParentUser">ALDERWOODPARTNERS\dana.whitfield</Data>
    
  </EventData>
</Event>
<Event xmlns="http://schemas.microsoft.com/win/2004/08/events/event">
  <System>
    <Provider Name="Microsoft-Windows-Sysmon" Guid="{5770385f-c22a-43e0-bf4c-06f5698ffbd9}"/>
    <EventID>1</EventID>
    <Version>5</Version>
    <Level>4</Level>
    <Task>1</Task>
    <Opcode>0</Opcode>
    <Keywords>0x8000000000000000</Keywords>
    <TimeCreated SystemTime="2024-03-04T14:41:33.0971555Z"/>
    <EventRecordID>515064</EventRecordID>
    <Correlation/>
    <Execution ProcessID="2620" ThreadID="3392"/>
    <Channel>Microsoft-Windows-Sysmon/Operational</Channel>
    <Computer>WS-01.alderwoodpartners.com</Computer>
    <Security UserID="S-1-5-18"/>
  </System>
  <EventData>
    
    <Data Name="RuleName">-</Data>
    <Data Name="UtcTime">2024-03-04 14:41:33.095</Data>
    <Data Name="ProcessGuid">{641a7f09-dd9d-65e5-c400-00106cd8cc38}</Data>
    <Data Name="ProcessId">3852</Data>
    <Data Name="Image">C:\Program Files\Google\Chrome\Application\chrome.exe</Data>
    <Data Name="FileVersion">120.0.6099.225</Data>
    <Data Name="Description">Google Chrome</Data>
    <Data Name="Product">Google Chrome</Data>
    <Data Name="Company">Google LLC</Data>
    <Data Name="OriginalFileName">chrome.exe</Data>
    <Data Name="CommandLine">"C:\Program Files\Google\Chrome\Application\chrome.exe" --single-argument http://news.ycombinator.com/ask</Data>
    <Data Name="CurrentDirectory">C:\Users\dana.whitfield\</Data>
    <Data Name="User">ALDERWOODPARTNERS\dana.whitfield</Data>
    <Data Name="LogonGuid">{00000000-0000-0000-0000-000000000000}</Data>
    <Data Name="LogonId">0x1536397b</Data>
    <Data Name="TerminalSessionId">2</Data>
    <Data Name="IntegrityLevel">Medium</Data>
    <Data Name="Hashes">SHA1=9A6ABFD71C6BF2F4EBB94D3F8749E823BCBA1599,MD5=9C138CF19782C37F8D6546E930658EC5,SHA256=70A3704619A118FFAE3B629CE7A4180B6A590C15315A1AF231BD743641F92879,IMPHASH=CEACCC3BA7E24A3EE7324A871B42715A</Data>
    <Data Name="ParentProcessGuid">{641a7f09-dd45-65e5-b500-00100e3e4f20}</Data>
    <Data Name="ParentProcessId">3820</Data>
    <Data Name="ParentImage">C:\Windows\explorer.exe</Data>
    <Data Name="ParentCommandLine">explorer.exe</Data>
    <Data Name="ParentUser">ALDERWOODPARTNERS\dana.whitfield</Data>
    
  </EventData>
</Event>
<Event xmlns="http://schemas.microsoft.com/win/2004/08/events/event">
  <System>
    <Provider Name="Microsoft-Windows-Sysmon" Guid="{5770385f-c22a-43e0-bf4c-06f5698ffbd9}"/>
    <EventID>7</EventID>
    <Version>3</Version>
    <Level>4</Level>
    <Task>7</Task>
    <Opcode>0</Opcode>
    <Keywords>0x8000000000000000</Keywords>
    <TimeCreated SystemTime="2024-03-04T14:41:33.3989922Z"/>
    <EventRecordID>515065</EventRecordID>
    <Correlation/>
    <Execution ProcessID="2620" ThreadID="1884"/>
    <Channel>Microsoft-Windows-Sysmon/Operational</Channel>
    <Computer>WS-01.alderwoodpartners.com</Computer>
    <Security UserID="S-1-5-18"/>
  </System>
  <EventData>
    
    <Data Name="RuleName">-</Data>
    <Data Name="UtcTime">2024-03-04 14:41:33.398</Data>
    <Data Name="ProcessGuid">{641a7f09-dd9d-65e5-c400-00106cd8cc38}</Data>
    <Data Name="ProcessId">3852</Data>
    <Data Name="Image">C:\Program Files\Google\Chrome\Application\chrome.exe</Data>
    <Data Name="ImageLoaded">C:\Program Files\Google\Chrome\Application\chrome_elf.dll</Data>
    <Data Name="FileVersion">120.0.6099.225</Data>
    <Data Name="Description">Google Chrome ELF</Data>
    <Data Name="Product">Google Chrome</Data>
    <Data Name="Company">Google LLC</Data>
    <Data Name="OriginalFileName">chrome_elf.dll</Data>
    <Data Name="Hashes">SHA1=98F2C46F436321DF47D29A18726967971BBA8B5D,MD5=2DFDCBCCB66CC7CA411D7399A5897E66,SHA256=8C4F880DC692201052696B65463DFD80CB5488164181D65755AD1522ABC726A2,IMPHASH=86D2DE677295CE14413467B53FCCFA41</Data>
    <Data Name="Signed">true</Data>
    <Data Name="Signature">Google LLC</Data>
    <Data Name="SignatureStatus">Valid</Data>
    <Data Name="User">ALDERWOODPARTNERS\dana.whitfield</Data>
    
  </EventData>
</Event>
<Event xmlns="http://schemas.microsoft.com/win/2004/08/events/event">
  <System>
    <Provider Name="Microsoft-Windows-Sysmon" Guid="{5770385f-c22a-43e0-bf4c-06f5698ffbd9}"/>
    <EventID>7</EventID>
    <Version>3</Version>
    <Level>4</Level>
    <Task>7</Task>
    <Opcode>0</Opcode>
    <Keywords>0x8000000000000000</Keywords>
    <TimeCreated SystemTime="2024-03-04T14:41:33.4375908Z"/>
    <EventRecordID>515066</EventRecordID>
    <Correlation/>
    <Execution ProcessID="2620" ThreadID="1884"/>
    <Channel>Microsoft-Windows-Sysmon/Operational</Channel>
    <Computer>WS-01.alderwoodpartners.com</Computer>
    <Security UserID="S-1-5-18"/>
  </System>
  <EventData>
    
    <Data Name="RuleName">-</Data>
    <Data Name="UtcTime">2024-03-04 14:41:33.435</Data>
    <Data Name="ProcessGuid">{641a7f09-dd9d-65e5-c400-00106cd8cc38}</Data>
    <Data Name="ProcessId">3852</Data>
    <Data Name="Image">C:\Program Files\Google\Chrome\Application\chrome.exe</Data>
    <Data Name="ImageLoaded">C:\Program Files\Google\Chrome\Application\libEGL.dll</Data>
    <Data Name="FileVersion">120.0.6099.225</Data>
    <Data Name="Description">ANGLE libEGL</Data>
    <Data Name="Product">Google Chrome</Data>
    <Data Name="Company">Google LLC</Data>
    <Data Name="OriginalFileName">libEGL.dll</Data>
    <Data Name="Hashes">SHA1=38ABAC2C266E5E11C4CDE0D5FE32B698D17E8A3F,MD5=635CC346EF0EFAB57DCE46897D2A6C7C,SHA256=F2A50EBBE0799B7707B8BA601A2A564D953E6C6F3EBC7FA1C7EA61921685211E,IMPHASH=41BB4F9E1CE32C093585BE0316BEE1D8</Data>
    <Data Name="Signed">true</Data>
    <Data Name="Signature">Google LLC</Data>
    <Data Name="SignatureStatus">Valid</Data>
    <Data Name="User">ALDERWOODPARTNERS\dana.whitfield</Data>
    
  </EventData>
</Event>
<Event xmlns="http://schemas.microsoft.com/win/2004/08/events/event">
  <System>
    <Provider Name="Microsoft-Windows-Sysmon" Guid="{5770385f-c22a-43e0-bf4c-06f5698ffbd9}"/>
    <EventID>7</EventID>
    <Version>3</Version>
    <Level>4</Level>
    <Task>7</Task>
    <Opcode>0</Opcode>
    <Keywords>0x8000000000000000</Keywords>
    <TimeCreated SystemTime="2024-03-04T14:41:33.4469742Z"/>
    <EventRecordID>515067</EventRecordID>
    <Correlation/>
    <Execution ProcessID="2620" ThreadID="1884"/>
    <Channel>Microsoft-Windows-Sysmon/Operational</Channel>
    <Computer>WS-01.alderwoodpartners.com</Computer>
    <Security UserID="S-1-5-18"/>
  </System>
  <EventData>
    
    <Data Name="RuleName">-</Data>
    <Data Name="UtcTime">2024-03-04 14:41:33.446</Data>
    <Data Name="ProcessGuid">{641a7f09-dd9d-65e5-c400-00106cd8cc38}</Data>
    <Data Name="ProcessId">3852</Data>
    <Data Name="Image">C:\Program Files\Google\Chrome\Application\chrome.exe</Data>
    <Data Name="ImageLoaded">C:\Program Files\Google\Chrome\Application\libGLESv2.dll</Data>
    <Data Name="FileVersion">120.0.6099.225</Data>
    <Data Name="Description">ANGLE libGLESv2</Data>
    <Data Name="Product">Google Chrome</Data>
    <Data Name="Company">Google LLC</Data>
    <Data Name="OriginalFileName">libGLESv2.dll</Data>
    <Data Name="Hashes">SHA1=2382B7BDA749A039BEE9067DA5228AB4E8A7BB47,MD5=B10F540002F7FA9F21C83E9A841C5346,SHA256=2D6B4ACFA96760A029683771E85F021DAEA7F43D2607CB25C8EDA6BBD92F92A0,IMPHASH=2E30E46968E1B465ED3DE5D1DE3F709C</Data>
    <Data Name="Signed">true</Data>
    <Data Name="Signature">Google LLC</Data>
    <Data Name="SignatureStatus">Valid</Data>
    <Data Name="User">ALDERWOODPARTNERS\dana.whitfield</Data>
    
  </EventData>
</Event>
<Event xmlns="http://schemas.microsoft.com/win/2004/08/events/event">
  <System>
    <Provider Name="Microsoft-Windows-Sysmon" Guid="{5770385f-c22a-43e0-bf4c-06f5698ffbd9}"/>
    <EventID>22</EventID>
    <Version>5</Version>
    <Level>4</Level>
    <Task>22</Task>
    <Opcode>0</Opcode>
    <Keywords>0x8000000000000000</Keywords>
    <TimeCreated SystemTime="2024-03-04T14:41:35.6565201Z"/>
    <EventRecordID>515068</EventRecordID>
    <Correlation/>
    <Execution ProcessID="2620" ThreadID="1884"/>
    <Channel>Microsoft-Windows-Sysmon/Operational</Channel>
    <Computer>WS-01.alderwoodpartners.com</Computer>
    <Security UserID="S-1-5-18"/>
  </System>
  <EventData>
    
    <Data Name="RuleName">-</Data>
    <Data Name="UtcTime">2024-03-04 14:41:35.654</Data>
    <Data Name="ProcessGuid">{641a7f09-46eb-65be-ba02-000026f61fe0}</Data>
    <Data Name="ProcessId">2156</Data>
    <Data Name="QueryName">news.ycombinator.com</Data>
    <Data Name="QueryStatus">0</Data>
    <Data Name="QueryResults">209.216.230.240;</Data>
    <Data Name="Image">C:\Windows\System32\svchost.exe</Data>
    <Data Name="User">NT AUTHORITY\NETWORK SERVICE</Data>
    
  </EventData>
</Event>
<Event xmlns="http://schemas.microsoft.com/win/2004/08/events/event">
  <System>
    <Provider Name="Microsoft-Windows-Sysmon" Guid="{5770385f-c22a-43e0-bf4c-06f5698ffbd9}"/>
    <EventID>22</EventID>
    <Version>5</Version>
    <Level>4</Level>
    <Task>22</Task>
    <Opcode>0</Opcode>
    <Keywords>0x8000000000000000</Keywords>
    <TimeCreated SystemTime="2024-03-04T14:43:20.6163083Z"/>
    <EventRecordID>515071</EventRecordID>
    <Correlation/>
    <Execution ProcessID="2620" ThreadID="2068"/>
    <Channel>Microsoft-Windows-Sysmon/Operational</Channel>
    <Computer>WS-01.alderwoodpartners.com</Computer>
    <Security UserID="S-1-5-18"/>
  </System>
  <EventData>
    
    <Data Name="RuleName">-</Data>
    <Data Name="UtcTime">2024-03-04 14:43:20.615</Data>
    <Data Name="ProcessGuid">{641a7f09-dd9d-65e5-c400-00106cd8cc38}</Data>
    <Data Name="ProcessId">3852</Data>
    <Data Name="QueryName">www.office.com</Data>
    <Data Name="QueryStatus">0</Data>
    <Data Name="QueryResults">2603:1000:7e1c::13;</Data>
    <Data Name="Image">C:\Program Files\Google\Chrome\Application\chrome.exe</Data>
    <Data Name="User">ALDERWOODPARTNERS\dana.whitfield</Data>
    
  </EventData>
</Event>
<Event xmlns="http://schemas.microsoft.com/win/2004/08/events/event">
  <System>
    <Provider Name="Microsoft-Windows-Sysmon" Guid="{5770385f-c22a-43e0-bf4c-06f5698ffbd9}"/>
    <EventID>22</EventID>
    <Version>5</Version>
    <Level>4</Level>
    <Task>22</Task>
    <Opcode>0</Opcode>
    <Keywords>0x8000000000000000</Keywords>
    <TimeCreated SystemTime="2024-03-04T14:43:20.9760768Z"/>
    <EventRecordID>515072</EventRecordID>
    <Correlation/>
    <Execution ProcessID="2620" ThreadID="2068"/>
    <Channel>Microsoft-Windows-Sysmon/Operational</Channel>
    <Computer>WS-01.alderwoodpartners.com</Computer>
    <Security UserID="S-1-5-18"/>
  </System>
  <EventData>
    
    <Data Name="RuleName">-</Data>
    <Data Name="UtcTime">2024-03-04 14:43:20.975</Data>
    <Data Name="ProcessGuid">{641a7f09-dd9d-65e5-c400-00106cd8cc38}</Data>
    <Data Name="ProcessId">3852</Data>
    <Data Name="QueryName">www.office.com</Data>
    <Data Name="QueryStatus">0</Data>
    <Data Name="QueryResults">13.107.42.15;13.107.42.14;</Data>
    <Data Name="Image">C:\Program Files\Google\Chrome\Application\chrome.exe</Data>
    <Data Name="User">ALDERWOODPARTNERS\dana.whitfield</Data>
    
  </EventData>
</Event>
<Event xmlns="http://schemas.microsoft.com/win/2004/08/events/event">
  <System>
    <Provider Name="Microsoft-Windows-Sysmon" Guid="{5770385f-c22a-43e0-bf4c-06f5698ffbd9}"/>
    <EventID>22</EventID>
    <Version>5</Version>
    <Level>4</Level>
    <Task>22</Task>
    <Opcode>0</Opcode>
    <Keywords>0x8000000000000000</Keywords>
    <TimeCreated SystemTime="2024-03-04T14:43:23.2186577Z"/>
    <EventRecordID>515073</EventRecordID>
    <Correlation/>
    <Execution ProcessID="2620" ThreadID="2068"/>
    <Channel>Microsoft-Windows-Sysmon/Operational</Channel>
    <Computer>WS-01.alderwoodpartners.com</Computer>
    <Security UserID="S-1-5-18"/>
  </System>
  <EventData>
    
    <Data Name="RuleName">-</Data>
    <Data Name="UtcTime">2024-03-04 14:43:23.217</Data>
    <Data Name="ProcessGuid">{641a7f09-dd9d-65e5-c400-00106cd8cc38}</Data>
    <Data Name="ProcessId">3852</Data>
    <Data Name="QueryName">res.cdn.office.net</Data>
    <Data Name="QueryStatus">0</Data>
    <Data Name="QueryResults">13.107.6.171;13.107.9.171;</Data>
    <Data Name="Image">C:\Program Files\Google\Chrome\Application\chrome.exe</Data>
    <Data Name="User">ALDERWOODPARTNERS\dana.whitfield</Data>
    
  </EventData>
</Event>
<Event xmlns="http://schemas.microsoft.com/win/2004/08/events/event">
  <System>
    <Provider Name="Microsoft-Windows-Sysmon" Guid="{5770385f-c22a-43e0-bf4c-06f5698ffbd9}"/>
    <EventID>22</EventID>
    <Version>5</Version>
    <Level>4</Level>
    <Task>22</Task>
    <Opcode>0</Opcode>
    <Keywords>0x8000000000000000</Keywords>
    <TimeCreated SystemTime="2024-03-04T14:43:23.6254556Z"/>
    <EventRecordID>515074</EventRecordID>
    <Correlation/>
    <Execution ProcessID="2620" ThreadID="2068"/>
    <Channel>Microsoft-Windows-Sysmon/Operational</Channel>
    <Computer>WS-01.alderwoodpartners.com</Computer>
    <Security UserID="S-1-5-18"/>
  </System>
  <EventData>
    
    <Data Name="RuleName">-</Data>
    <Data Name="UtcTime">2024-03-04 14:43:23.623</Data>
    <Data Name="ProcessGuid">{641a7f09-dd9d-65e5-c400-00106cd8cc38}</Data>
    <Data Name="ProcessId">3852</Data>
    <Data Name="QueryName">c.s-microsoft.com</Data>
    <Data Name="QueryStatus">0</Data>
    <Data Name="QueryResults">13.107.9.160;13.107.6.160;</Data>
    <Data Name="Image">C:\Program Files\Google\Chrome\Application\chrome.exe</Data>
    <Data Name="User">ALDERWOODPARTNERS\dana.whitfield</Data>
    
  </EventData>
</Event>
<Event xmlns="http://schemas.microsoft.com/win/2004/08/events/event">
  <System>
    <Provider Name="Microsoft-Windows-Sysmon" Guid="{5770385f-c22a-43e0-bf4c-06f5698ffbd9}"/>
    <EventID>22</EventID>
    <Version>5</Version>
    <Level>4</Level>
    <Task>22</Task>
    <Opcode>0</Opcode>
    <Keywords>0x8000000000000000</Keywords>
    <TimeCreated SystemTime="2024-03-04T14:44:03.7738835Z"/>
    <EventRecordID>515075</EventRecordID>
    <Correlation/>
    <Execution ProcessID="2620" ThreadID="3392"/>
    <Channel>Microsoft-Windows-Sysmon/Operational</Channel>
    <Computer>WS-01.alderwoodpartners.com</Computer>
    <Security UserID="S-1-5-18"/>
  </System>
  <EventData>
    
    <Data Name="RuleName">-</Data>
    <Data Name="UtcTime">2024-03-04 14:44:03.765</Data>
    <Data Name="ProcessGuid">{641a7f09-dd9d-65e5-c400-00106cd8cc38}</Data>
    <Data Name="ProcessId">3852</Data>
    <Data Name="QueryName">www.office.com</Data>
    <Data Name="QueryStatus">0</Data>
    <Data Name="QueryResults">13.107.42.15;13.107.42.14;</Data>
    <Data Name="Image">C:\Program Files\Google\Chrome\Application\chrome.exe</Data>
    <Data Name="User">ALDERWOODPARTNERS\dana.whitfield</Data>
    
  </EventData>
</Event>
<Event xmlns="http://schemas.microsoft.com/win/2004/08/events/event">
  <System>
    <Provider Name="Microsoft-Windows-Sysmon" Guid="{5770385f-c22a-43e0-bf4c-06f5698ffbd9}"/>
    <EventID>22</EventID>
    <Version>5</Version>
    <Level>4</Level>
    <Task>22</Task>
    <Opcode>0</Opcode>
    <Keywords>0x8000000000000000</Keywords>
    <TimeCreated SystemTime="2024-03-04T14:44:04.0011096Z"/>
    <EventRecordID>515076</EventRecordID>
    <Correlation/>
    <Execution ProcessID="2620" ThreadID="1884"/>
    <Channel>Microsoft-Windows-Sysmon/Operational</Channel>
    <Computer>WS-01.alderwoodpartners.com</Computer>
    <Security UserID="S-1-5-18"/>
  </System>
  <EventData>
    
    <Data Name="RuleName">-</Data>
    <Data Name="UtcTime">2024-03-04 14:44:04.000</Data>
    <Data Name="ProcessGuid">{641a7f09-dd9d-65e5-c400-00106cd8cc38}</Data>
    <Data Name="ProcessId">3852</Data>
    <Data Name="QueryName">www.office.com</Data>
    <Data Name="QueryStatus">0</Data>
    <Data Name="QueryResults">2603:1000:7e1c::13;</Data>
    <Data Name="Image">C:\Program Files\Google\Chrome\Application\chrome.exe</Data>
    <Data Name="User">ALDERWOODPARTNERS\dana.whitfield</Data>
    
  </EventData>
</Event>
<Event xmlns="http://schemas.microsoft.com/win/2004/08/events/event">
  <System>
    <Provider Name="Microsoft-Windows-Sysmon" Guid="{5770385f-c22a-43e0-bf4c-06f5698ffbd9}"/>
    <EventID>3</EventID>
    <Version>5</Version>
    <Level>4</Level>
    <Task>3</Task>
    <Opcode>0</Opcode>
    <Keywords>0x8000000000000000</Keywords>
    <TimeCreated SystemTime="2024-03-04T14:44:08.0373532Z"/>
    <EventRecordID>515077</EventRecordID>
    <Correlation/>
    <Execution ProcessID="2620" ThreadID="1884"/>
    <Channel>Microsoft-Windows-Sysmon/Operational</Channel>
    <Computer>WS-01.alderwoodpartners.com</Computer>
    <Security UserID="S-1-5-18"/>
  </System>
  <EventData>
    
    <Data Name="RuleName">-</Data>
    <Data Name="UtcTime">2024-03-04 14:44:08.035</Data>
    <Data Name="ProcessGuid">{641a7f09-dd9d-65e5-c400-00106cd8cc38}</Data>
    <Data Name="ProcessId">3852</Data>
    <Data Name="Image">C:\Program Files\Google\Chrome\Application\chrome.exe</Data>
    <Data Name="User">ALDERWOODPARTNERS\dana.whitfield</Data>
    <Data Name="Protocol">tcp</Data>
    <Data Name="Initiated">true</Data>
    <Data Name="SourceIsIpv6">false</Data>
    <Data Name="SourceIp">10.40.12.11</Data>
    <Data Name="SourceHostname">WS-01.alderwoodpartners.com</Data>
    <Data Name="SourcePort">63470</Data>
    <Data Name="SourcePortName">-</Data>
    <Data Name="DestinationIsIpv6">false</Data>
    <Data Name="DestinationIp">13.107.6.171</Data>
    <Data Name="DestinationHostname">res.cdn.office.net</Data>
    <Data Name="DestinationPort">443</Data>
    <Data Name="DestinationPortName">https</Data>
    
  </EventData>
</Event>
<Event xmlns="http://schemas.microsoft.com/win/2004/08/events/event">
  <System>
    <Provider Name="Microsoft-Windows-Sysmon" Guid="{5770385f-c22a-43e0-bf4c-06f5698ffbd9}"/>
    <EventID>22</EventID>
    <Version>5</Version>
    <Level>4</Level>
    <Task>22</Task>
    <Opcode>0</Opcode>
    <Keywords>0x8000000000000000</Keywords>
    <TimeCreated SystemTime="2024-03-04T14:44:45.4388642Z"/>
    <EventRecordID>515079</EventRecordID>
    <Correlation/>
    <Execution ProcessID="2620" ThreadID="1884"/>
    <Channel>Microsoft-Windows-Sysmon/Operational</Channel>
    <Computer>WS-01.alderwoodpartners.com</Computer>
    <Security UserID="S-1-5-18"/>
  </System>
  <EventData>
    
    <Data Name="RuleName">-</Data>
    <Data Name="UtcTime">2024-03-04 14:44:45.438</Data>
    <Data Name="ProcessGuid">{641a7f09-46eb-65be-ba02-000026f61fe0}</Data>
    <Data Name="ProcessId">2156</Data>
    <Data Name="QueryName">ctldl.windowsupdate.com</Data>
    <Data Name="QueryStatus">0</Data>
    <Data Name="QueryResults">52.114.128.40;52.114.132.73;</Data>
    <Data Name="Image">C:\Windows\System32\svchost.exe</Data>
    <Data Name="User">NT AUTHORITY\NETWORK SERVICE</Data>
    
  </EventData>
</Event>
<Event xmlns="http://schemas.microsoft.com/win/2004/08/events/event">
  <System>
    <Provider Name="Microsoft-Windows-Sysmon" Guid="{5770385f-c22a-43e0-bf4c-06f5698ffbd9}"/>
    <EventID>22</EventID>
    <Version>5</Version>
    <Level>4</Level>
    <Task>22</Task>
    <Opcode>0</Opcode>
    <Keywords>0x8000000000000000</Keywords>
    <TimeCreated SystemTime="2024-03-04T14:45:04.6857327Z"/>
    <EventRecordID>515080</EventRecordID>
    <Correlation/>
    <Execution ProcessID="2620" ThreadID="1884"/>
    <Channel>Microsoft-Windows-Sysmon/Operational</Channel>
    <Computer>WS-01.alderwoodpartners.com</Computer>
    <Security UserID="S-1-5-18"/>
  </System>
  <EventData>
    
    <Data Name="RuleName">-</Data>
    <Data Name="UtcTime">2024-03-04 14:45:04.681</Data>
    <Data Name="ProcessGuid">{641a7f09-46eb-65be-ba02-000026f61fe0}</Data>
    <Data Name="ProcessId">2156</Data>
    <Data Name="QueryName">arc.msn.com</Data>
    <Data Name="QueryStatus">0</Data>
    <Data Name="QueryResults">13.107.246.42;204.79.197.203;</Data>
    <Data Name="Image">C:\Windows\System32\svchost.exe</Data>
    <Data Name="User">NT AUTHORITY\NETWORK SERVICE</Data>
    
  </EventData>
</Event>
<Event xmlns="http://schemas.microsoft.com/win/2004/08/events/event">
  <System>
    <Provider Name="Microsoft-Windows-Sysmon" Guid="{5770385f-c22a-43e0-bf4c-06f5698ffbd9}"/>
    <EventID>3</EventID>
    <Version>5</Version>
    <Level>4</Level>
    <Task>3</Task>
    <Opcode>0</Opcode>
    <Keywords>0x8000000000000000</Keywords>
    <TimeCreated SystemTime="2024-03-04T14:45:05.5227521Z"/>
    <EventRecordID>515081</EventRecordID>
    <Correlation/>
    <Execution ProcessID="2620" ThreadID="1884"/>
    <Channel>Microsoft-Windows-Sysmon/Operational</Channel>
    <Computer>WS-01.alderwoodpartners.com</Computer>
    <Security UserID="S-1-5-18"/>
  </System>
  <EventData>
    
    <Data Name="RuleName">-</Data>
    <Data Name="UtcTime">2024-03-04 14:45:05.522</Data>
    <Data Name="ProcessGuid">{641a7f09-46eb-65be-ba02-000026f61fe0}</Data>
    <Data Name="ProcessId">2156</Data>
    <Data Name="Image">C:\Windows\System32\svchost.exe</Data>
    <Data Name="User">NT AUTHORITY\NETWORK SERVICE</Data>
    <Data Name="Protocol">tcp</Data>
    <Data Name="Initiated">true</Data>
    <Data Name="SourceIsIpv6">false</Data>
    <Data Name="SourceIp">10.40.12.11</Data>
    <Data Name="SourceHostname">WS-01.alderwoodpartners.com</Data>
    <Data Name="SourcePort">53485</Data>
    <Data Name="SourcePortName">-</Data>
    <Data Name="DestinationIsIpv6">false</Data>
    <Data Name="DestinationIp">13.107.246.42</Data>
    <Data Name="DestinationHostname">arc.msn.com</Data>
    <Data Name="DestinationPort">443</Data>
    <Data Name="DestinationPortName">https</Data>
    
  </EventData>
</Event>
<Event xmlns="http://schemas.microsoft.com/win/2004/08/events/event">
  <System>
    <Provider Name="Microsoft-Windows-Sysmon" Guid="{5770385f-c22a-43e0-bf4c-06f5698ffbd9}"/>
    <EventID>3</EventID>
    <Version>5</Version>
    <Level>4</Level>
    <Task>3</Task>
    <Opcode>0</Opcode>
    <Keywords>0x8000000000000000</Keywords>
    <TimeCreated SystemTime="2024-03-04T14:45:08.3497029Z"/>
    <EventRecordID>515082</EventRecordID>
    <Correlation/>
    <Execution ProcessID="2620" ThreadID="2068"/>
    <Channel>Microsoft-Windows-Sysmon/Operational</Channel>
    <Computer>WS-01.alderwoodpartners.com</Computer>
    <Security UserID="S-1-5-18"/>
  </System>
  <EventData>
    
    <Data Name="RuleName">-</Data>
    <Data Name="UtcTime">2024-03-04 14:45:08.347</Data>
    <Data Name="ProcessGuid">{641a7f09-46ec-65be-6200-0010b9fc7c2a}</Data>
    <Data Name="ProcessId">2176</Data>
    <Data Name="Image">C:\Windows\System32\svchost.exe</Data>
    <Data Name="User">NT AUTHORITY\LOCAL SERVICE</Data>
    <Data Name="Protocol">udp</Data>
    <Data Name="Initiated">true</Data>
    <Data Name="SourceIsIpv6">false</Data>
    <Data Name="SourceIp">10.40.12.11</Data>
    <Data Name="SourceHostname">WS-01.alderwoodpartners.com</Data>
    <Data Name="SourcePort">52641</Data>
    <Data Name="SourcePortName">-</Data>
    <Data Name="DestinationIsIpv6">false</Data>
    <Data Name="DestinationIp">1.0.0.1</Data>
    <Data Name="DestinationHostname">-</Data>
    <Data Name="DestinationPort">53</Data>
    <Data Name="DestinationPortName">domain</Data>
    
  </EventData>
</Event>
<Event xmlns="http://schemas.microsoft.com/win/2004/08/events/event">
  <System>
    <Provider Name="Microsoft-Windows-Sysmon" Guid="{5770385f-c22a-43e0-bf4c-06f5698ffbd9}"/>
    <EventID>22</EventID>
    <Version>5</Version>
    <Level>4</Level>
    <Task>22</Task>
    <Opcode>0</Opcode>
    <Keywords>0x8000000000000000</Keywords>
    <TimeCreated SystemTime="2024-03-04T14:46:10.6719586Z"/>
    <EventRecordID>515084</EventRecordID>
    <Correlation/>
    <Execution ProcessID="2620" ThreadID="3392"/>
    <Channel>Microsoft-Windows-Sysmon/Operational</Channel>
    <Computer>WS-01.alderwoodpartners.com</Computer>
    <Security UserID="S-1-5-18"/>
  </System>
  <EventData>
    
    <Data Name="RuleName">-</Data>
    <Data Name="UtcTime">2024-03-04 14:46:10.670</Data>
    <Data Name="ProcessGuid">{641a7f09-46eb-65be-ba02-000026f61fe0}</Data>
    <Data Name="ProcessId">2156</Data>
    <Data Name="QueryName">cdn.patientiq.com</Data>
    <Data Name="QueryStatus">0</Data>
    <Data Name="QueryResults">23.72.255.40;</Data>
    <Data Name="Image">C:\Windows\System32\svchost.exe</Data>
    <Data Name="User">NT AUTHORITY\NETWORK SERVICE</Data>
    
  </EventData>
</Event>
<Event xmlns="http://schemas.microsoft.com/win/2004/08/events/event">
  <System>
    <Provider Name="Microsoft-Windows-Sysmon" Guid="{5770385f-c22a-43e0-bf4c-06f5698ffbd9}"/>
    <EventID>3</EventID>
    <Version>5</Version>
    <Level>4</Level>
    <Task>3</Task>
    <Opcode>0</Opcode>
    <Keywords>0x8000000000000000</Keywords>
    <TimeCreated SystemTime="2024-03-04T14:46:13.1858564Z"/>
    <EventRecordID>515085</EventRecordID>
    <Correlation/>
    <Execution ProcessID="2620" ThreadID="2068"/>
    <Channel>Microsoft-Windows-Sysmon/Operational</Channel>
    <Computer>WS-01.alderwoodpartners.com</Computer>
    <Security UserID="S-1-5-18"/>
  </System>
  <EventData>
    
    <Data Name="RuleName">-</Data>
    <Data Name="UtcTime">2024-03-04 14:46:13.184</Data>
    <Data Name="ProcessGuid">{641a7f09-dd9d-65e5-c400-00106cd8cc38}</Data>
    <Data Name="ProcessId">3852</Data>
    <Data Name="Image">C:\Program Files\Google\Chrome\Application\chrome.exe</Data>
    <Data Name="User">ALDERWOODPARTNERS\dana.whitfield</Data>
    <Data Name="Protocol">tcp</Data>
    <Data Name="Initiated">true</Data>
    <Data Name="SourceIsIpv6">false</Data>
    <Data Name="SourceIp">10.40.12.11</Data>
    <Data Name="SourceHostname">WS-01.alderwoodpartners.com</Data>
    <Data Name="SourcePort">55606</Data>
    <Data Name="SourcePortName">-</Data>
    <Data Name="DestinationIsIpv6">false</Data>
    <Data Name="DestinationIp">23.72.255.40</Data>
    <Data Name="DestinationHostname">-</Data>
    <Data Name="DestinationPort">80</Data>
    <Data Name="DestinationPortName">http</Data>
    
  </EventData>
</Event>
<Event xmlns="http://schemas.microsoft.com/win/2004/08/events/event">
  <System>
    <Provider Name="Microsoft-Windows-Sysmon" Guid="{5770385f-c22a-43e0-bf4c-06f5698ffbd9}"/>
    <EventID>22</EventID>
    <Version>5</Version>
    <Level>4</Level>
    <Task>22</Task>
    <Opcode>0</Opcode>
    <Keywords>0x8000000000000000</Keywords>
    <TimeCreated SystemTime="2024-03-04T14:46:20.5311145Z"/>
    <EventRecordID>515086</EventRecordID>
    <Correlation/>
    <Execution ProcessID="2620" ThreadID="1884"/>
    <Channel>Microsoft-Windows-Sysmon/Operational</Channel>
    <Computer>WS-01.alderwoodpartners.com</Computer>
    <Security UserID="S-1-5-18"/>
  </System>
  <EventData>
    
    <Data Name="RuleName">-</Data>
    <Data Name="UtcTime">2024-03-04 14:46:20.529</Data>
    <Data Name="ProcessGuid">{641a7f09-46eb-65be-ba02-000026f61fe0}</Data>
    <Data Name="ProcessId">2156</Data>
    <Data Name="QueryName">online.tableau.com</Data>
    <Data Name="QueryStatus">0</Data>
    <Data Name="QueryResults">13.248.160.137;76.223.34.124;</Data>
    <Data Name="Image">C:\Windows\System32\svchost.exe</Data>
    <Data Name="User">NT AUTHORITY\NETWORK SERVICE</Data>
    
  </EventData>
</Event>
<Event xmlns="http://schemas.microsoft.com/win/2004/08/events/event">
  <System>
    <Provider Name="Microsoft-Windows-Sysmon" Guid="{5770385f-c22a-43e0-bf4c-06f5698ffbd9}"/>
    <EventID>22</EventID>
    <Version>5</Version>
    <Level>4</Level>
    <Task>22</Task>
    <Opcode>0</Opcode>
    <Keywords>0x8000000000000000</Keywords>
    <TimeCreated SystemTime="2024-03-04T14:46:23.3887063Z"/>
    <EventRecordID>515087</EventRecordID>
    <Correlation/>
    <Execution ProcessID="2620" ThreadID="3392"/>
    <Channel>Microsoft-Windows-Sysmon/Operational</Channel>
    <Computer>WS-01.alderwoodpartners.com</Computer>
    <Security UserID="S-1-5-18"/>
  </System>
  <EventData>
    
    <Data Name="RuleName">-</Data>
    <Data Name="UtcTime">2024-03-04 14:46:23.375</Data>
    <Data Name="ProcessGuid">{641a7f09-46eb-65be-ba02-000026f61fe0}</Data>
    <Data Name="ProcessId">2156</Data>
    <Data Name="QueryName">ocsp.globalsign.com</Data>
    <Data Name="QueryStatus">0</Data>
    <Data Name="QueryResults">104.18.26.243;104.18.25.243;</Data>
    <Data Name="Image">C:\Windows\System32\svchost.exe</Data>
    <Data Name="User">NT AUTHORITY\NETWORK SERVICE</Data>
    
  </EventData>
</Event>
<Event xmlns="http://schemas.microsoft.com/win/2004/08/events/event">
  <System>
    <Provider Name="Microsoft-Windows-Sysmon" Guid="{5770385f-c22a-43e0-bf4c-06f5698ffbd9}"/>
    <EventID>22</EventID>
    <Version>5</Version>
    <Level>4</Level>
    <Task>22</Task>
    <Opcode>0</Opcode>
    <Keywords>0x8000000000000000</Keywords>
    <TimeCreated SystemTime="2024-03-04T14:46:50.2366637Z"/>
    <EventRecordID>515088</EventRecordID>
    <Correlation/>
    <Execution ProcessID="2620" ThreadID="2068"/>
    <Channel>Microsoft-Windows-Sysmon/Operational</Channel>
    <Computer>WS-01.alderwoodpartners.com</Computer>
    <Security UserID="S-1-5-18"/>
  </System>
  <EventData>
    
    <Data Name="RuleName">-</Data>
    <Data Name="UtcTime">2024-03-04 14:46:50.226</Data>
    <Data Name="ProcessGuid">{641a7f09-46eb-65be-ba02-000026f61fe0}</Data>
    <Data Name="ProcessId">2156</Data>
    <Data Name="QueryName">cdn.jsdelivr.net</Data>
    <Data Name="QueryStatus">0</Data>
    <Data Name="QueryResults">151.101.65.229;151.101.1.229;</Data>
    <Data Name="Image">C:\Windows\System32\svchost.exe</Data>
    <Data Name="User">NT AUTHORITY\NETWORK SERVICE</Data>
    
  </EventData>
</Event>
<Event xmlns="http://schemas.microsoft.com/win/2004/08/events/event">
  <System>
    <Provider Name="Microsoft-Windows-Sysmon" Guid="{5770385f-c22a-43e0-bf4c-06f5698ffbd9}"/>
    <EventID>22</EventID>
    <Version>5</Version>
    <Level>4</Level>
    <Task>22</Task>
    <Opcode>0</Opcode>
    <Keywords>0x8000000000000000</Keywords>
    <TimeCreated SystemTime="2024-03-04T14:46:53.9446406Z"/>
    <EventRecordID>515089</EventRecordID>
    <Correlation/>
    <Execution ProcessID="2620" ThreadID="2068"/>
    <Channel>Microsoft-Windows-Sysmon/Operational</Channel>
    <Computer>WS-01.alderwoodpartners.com</Computer>
    <Security UserID="S-1-5-18"/>
  </System>
  <EventData>
    
    <Data Name="RuleName">-</Data>
    <Data Name="UtcTime">2024-03-04 14:46:53.944</Data>
    <Data Name="ProcessGuid">{641a7f09-46eb-65be-ba02-000026f61fe0}</Data>
    <Data Name="ProcessId">2156</Data>
    <Data Name="QueryName">99.191.250.142.in-addr.arpa</Data>
    <Data Name="QueryStatus">0</Data>
    <Data Name="QueryResults">mail-191-99.google.com;</Data>
    <Data Name="Image">C:\Windows\System32\svchost.exe</Data>
    <Data Name="User">NT AUTHORITY\NETWORK SERVICE</Data>
    
  </EventData>
</Event>
<Event xmlns="http://schemas.microsoft.com/win/2004/08/events/event">
  <System>
    <Provider Name="Microsoft-Windows-Sysmon" Guid="{5770385f-c22a-43e0-bf4c-06f5698ffbd9}"/>
    <EventID>22</EventID>
    <Version>5</Version>
    <Level>4</Level>
    <Task>22</Task>
    <Opcode>0</Opcode>
    <Keywords>0x8000000000000000</Keywords>
    <TimeCreated SystemTime="2024-03-04T14:46:54.0028215Z"/>
    <EventRecordID>515090</EventRecordID>
    <Correlation/>
    <Execution ProcessID="2620" ThreadID="2068"/>
    <Channel>Microsoft-Windows-Sysmon/Operational</Channel>
    <Computer>WS-01.alderwoodpartners.com</Computer>
    <Security UserID="S-1-5-18"/>
  </System>
  <EventData>
    
    <Data Name="RuleName">-</Data>
    <Data Name="UtcTime">2024-03-04 14:46:54.002</Data>
    <Data Name="ProcessGuid">{641a7f09-46eb-65be-ba02-000026f61fe0}</Data>
    <Data Name="ProcessId">2156</Data>
    <Data Name="QueryName">ocsp.pki.goog</Data>
    <Data Name="QueryStatus">0</Data>
    <Data Name="QueryResults">142.250.191.99;142.250.190.99;</Data>
    <Data Name="Image">C:\Windows\System32\svchost.exe</Data>
    <Data Name="User">NT AUTHORITY\NETWORK SERVICE</Data>
    
  </EventData>
</Event>
<Event xmlns="http://schemas.microsoft.com/win/2004/08/events/event">
  <System>
    <Provider Name="Microsoft-Windows-Sysmon" Guid="{5770385f-c22a-43e0-bf4c-06f5698ffbd9}"/>
    <EventID>1</EventID>
    <Version>5</Version>
    <Level>4</Level>
    <Task>1</Task>
    <Opcode>0</Opcode>
    <Keywords>0x8000000000000000</Keywords>
    <TimeCreated SystemTime="2024-03-04T14:50:14.0096535Z"/>
    <EventRecordID>515093</EventRecordID>
    <Correlation/>
    <Execution ProcessID="2620" ThreadID="3392"/>
    <Channel>Microsoft-Windows-Sysmon/Operational</Channel>
    <Computer>WS-01.alderwoodpartners.com</Computer>
    <Security UserID="S-1-5-18"/>
  </System>
  <EventData>
    
    <Data Name="RuleName">-</Data>
    <Data Name="UtcTime">2024-03-04 14:50:14.009</Data>
    <Data Name="ProcessGuid">{641a7f09-dfa6-65e5-9402-0000e78d990a}</Data>
    <Data Name="ProcessId">3948</Data>
    <Data Name="Image">C:\Windows\System32\wsqmcons.exe</Data>
    <Data Name="FileVersion">10.0.22621.1</Data>
    <Data Name="Description">Windows SQM Consolidator</Data>
    <Data Name="Product">Microsoft Windows Operating System</Data>
    <Data Name="Company">Microsoft Corporation</Data>
    <Data Name="OriginalFileName">wsqmcons.exe</Data>
    <Data Name="CommandLine">wsqmcons.exe</Data>
    <Data Name="CurrentDirectory">C:\Windows\System32\</Data>
    <Data Name="User">NT AUTHORITY\SYSTEM</Data>
    <Data Name="LogonGuid">{00000000-0000-0000-0000-000000000000}</Data>
    <Data Name="LogonId">0x3e7</Data>
    <Data Name="TerminalSessionId">0</Data>
    <Data Name="IntegrityLevel">System</Data>
    <Data Name="Hashes">SHA1=F9FA354F4840B7E9239DE64F32FA74DB394F6F72,MD5=D4E8C66AECA0321FE0E5C5FCAE1AB0D3,SHA256=3CBD8272C2210AA1B9F2408BDD09CAA39B433E5384314C95B4F8C468A687B86E,IMPHASH=E70CA8B5A14A3E20D3AF153C870448D1</Data>
    <Data Name="ParentProcessGuid">{641a7f09-46e8-65be-6502-00007c3c2c5a}</Data>
    <Data Name="ParentProcessId">2152</Data>
    <Data Name="ParentImage">C:\Windows\System32\svchost.exe</Data>
    <Data Name="ParentCommandLine">svchost.exe -k LocalSystem</Data>
    <Data Name="ParentUser">NT AUTHORITY\SYSTEM</Data>
    
  </EventData>
</Event>
<Event xmlns="http://schemas.microsoft.com/win/2004/08/events/event">
  <System>
    <Provider Name="Microsoft-Windows-Sysmon" Guid="{5770385f-c22a-43e0-bf4c-06f5698ffbd9}"/>
    <EventID>5</EventID>
    <Version>3</Version>
    <Level>4</Level>
    <Task>5</Task>
    <Opcode>0</Opcode>
    <Keywords>0x8000000000000000</Keywords>
    <TimeCreated SystemTime="2024-03-04T14:50:18.6759211Z"/>
    <EventRecordID>515094</EventRecordID>
    <Correlation/>
    <Execution ProcessID="2620" ThreadID="1884"/>
    <Channel>Microsoft-Windows-Sysmon/Operational</Channel>
    <Computer>WS-01.alderwoodpartners.com</Computer>
    <Security UserID="S-1-5-18"/>
  </System>
  <EventData>
    
    <Data Name="RuleName">-</Data>
    <Data Name="UtcTime">2024-03-04 14:50:18.674</Data>
    <Data Name="ProcessGuid">{641a7f09-dfa6-65e5-9402-0000e78d990a}</Data>
    <Data Name="ProcessId">3948</Data>
    <Data Name="Image">C:\Windows\System32\wsqmcons.exe</Data>
    <Data Name="User">NT AUTHORITY\SYSTEM</Data>
    
  </EventData>
</Event>
<Event xmlns="http://schemas.microsoft.com/win/2004/08/events/event">
  <System>
    <Provider Name="Microsoft-Windows-Sysmon" Guid="{5770385f-c22a-43e0-bf4c-06f5698ffbd9}"/>
    <EventID>22</EventID>
    <Version>5</Version>
    <Level>4</Level>
    <Task>22</Task>
    <Opcode>0</Opcode>
    <Keywords>0x8000000000000000</Keywords>
    <TimeCreated SystemTime="2024-03-04T14:50:53.9349907Z"/>
    <EventRecordID>515096</EventRecordID>
    <Correlation/>
    <Execution ProcessID="2620" ThreadID="2068"/>
    <Channel>Microsoft-Windows-Sysmon/Operational</Channel>
    <Computer>WS-01.alderwoodpartners.com</Computer>
    <Security UserID="S-1-5-18"/>
  </System>
  <EventData>
    
    <Data Name="RuleName">-</Data>
    <Data Name="UtcTime">2024-03-04 14:50:53.933</Data>
    <Data Name="ProcessGuid">{641a7f09-46eb-65be-ba02-000026f61fe0}</Data>
    <Data Name="ProcessId">2156</Data>
    <Data Name="QueryName">portal.azure.com</Data>
    <Data Name="QueryStatus">0</Data>
    <Data Name="QueryResults">40.90.218.198;20.190.151.70;</Data>
    <Data Name="Image">C:\Windows\System32\svchost.exe</Data>
    <Data Name="User">NT AUTHORITY\NETWORK SERVICE</Data>
    
  </EventData>
</Event>
<Event xmlns="http://schemas.microsoft.com/win/2004/08/events/event">
  <System>
    <Provider Name="Microsoft-Windows-Sysmon" Guid="{5770385f-c22a-43e0-bf4c-06f5698ffbd9}"/>
    <EventID>22</EventID>
    <Version>5</Version>
    <Level>4</Level>
    <Task>22</Task>
    <Opcode>0</Opcode>
    <Keywords>0x8000000000000000</Keywords>
    <TimeCreated SystemTime="2024-03-04T14:50:54.4396096Z"/>
    <EventRecordID>515097</EventRecordID>
    <Correlation/>
    <Execution ProcessID="2620" ThreadID="2068"/>
    <Channel>Microsoft-Windows-Sysmon/Operational</Channel>
    <Computer>WS-01.alderwoodpartners.com</Computer>
    <Security UserID="S-1-5-18"/>
  </System>
  <EventData>
    
    <Data Name="RuleName">-</Data>
    <Data Name="UtcTime">2024-03-04 14:50:54.439</Data>
    <Data Name="ProcessGuid">{641a7f09-46eb-65be-ba02-000026f61fe0}</Data>
    <Data Name="ProcessId">2156</Data>
    <Data Name="QueryName">portal.azure.com</Data>
    <Data Name="QueryStatus">0</Data>
    <Data Name="QueryResults">2620:1ec:c11::200;</Data>
    <Data Name="Image">C:\Windows\System32\svchost.exe</Data>
    <Data Name="User">NT AUTHORITY\NETWORK SERVICE</Data>
    
  </EventData>
</Event>
<Event xmlns="http://schemas.microsoft.com/win/2004/08/events/event">
  <System>
    <Provider Name="Microsoft-Windows-Sysmon" Guid="{5770385f-c22a-43e0-bf4c-06f5698ffbd9}"/>
    <EventID>3</EventID>
    <Version>5</Version>
    <Level>4</Level>
    <Task>3</Task>
    <Opcode>0</Opcode>
    <Keywords>0x8000000000000000</Keywords>
    <TimeCreated SystemTime="2024-03-04T14:50:57.2156160Z"/>
    <EventRecordID>515098</EventRecordID>
    <Correlation/>
    <Execution ProcessID="2620" ThreadID="2068"/>
    <Channel>Microsoft-Windows-Sysmon/Operational</Channel>
    <Computer>WS-01.alderwoodpartners.com</Computer>
    <Security UserID="S-1-5-18"/>
  </System>
  <EventData>
    
    <Data Name="RuleName">-</Data>
    <Data Name="UtcTime">2024-03-04 14:50:57.209</Data>
    <Data Name="ProcessGuid">{641a7f09-46eb-65be-ba02-000026f61fe0}</Data>
    <Data Name="ProcessId">2156</Data>
    <Data Name="Image">C:\Windows\System32\svchost.exe</Data>
    <Data Name="User">NT AUTHORITY\NETWORK SERVICE</Data>
    <Data Name="Protocol">tcp</Data>
    <Data Name="Initiated">true</Data>
    <Data Name="SourceIsIpv6">false</Data>
    <Data Name="SourceIp">10.40.12.11</Data>
    <Data Name="SourceHostname">WS-01.alderwoodpartners.com</Data>
    <Data Name="SourcePort">61418</Data>
    <Data Name="SourcePortName">-</Data>
    <Data Name="DestinationIsIpv6">false</Data>
    <Data Name="DestinationIp">40.90.218.198</Data>
    <Data Name="DestinationHostname">portal.azure.com</Data>
    <Data Name="DestinationPort">443</Data>
    <Data Name="DestinationPortName">https</Data>
    
  </EventData>
</Event>
<Event xmlns="http://schemas.microsoft.com/win/2004/08/events/event">
  <System>
    <Provider Name="Microsoft-Windows-Sysmon" Guid="{5770385f-c22a-43e0-bf4c-06f5698ffbd9}"/>
    <EventID>1</EventID>
    <Version>5</Version>
    <Level>4</Level>
    <Task>1</Task>
    <Opcode>0</Opcode>
    <Keywords>0x8000000000000000</Keywords>
    <TimeCreated SystemTime="2024-03-04T14:53:38.7060976Z"/>
    <EventRecordID>515100</EventRecordID>
    <Correlation/>
    <Execution ProcessID="2620" ThreadID="2068"/>
    <Channel>Microsoft-Windows-Sysmon/Operational</Channel>
    <Computer>WS-01.alderwoodpartners.com</Computer>
    <Security UserID="S-1-5-18"/>
  </System>
  <EventData>
    
    <Data Name="RuleName">-</Data>
    <Data Name="UtcTime">2024-03-04 14:53:38.705</Data>
    <Data Name="ProcessGuid">{641a7f09-e072-65e5-2002-0000dd8499b8}</Data>
    <Data Name="ProcessId">3864</Data>
    <Data Name="Image">C:\Windows\System32\wbem\WmiPrvSE.exe</Data>
    <Data Name="FileVersion">10.0.22621.1</Data>
    <Data Name="Description">WMI Provider Host</Data>
    <Data Name="Product">Microsoft Windows Operating System</Data>
    <Data Name="Company">Microsoft Corporation</Data>
    <Data Name="OriginalFileName">WmiPrvSE.exe</Data>
    <Data Name="CommandLine">WmiPrvSE.exe -Embedding</Data>
    <Data Name="CurrentDirectory">C:\Windows\System32\</Data>
    <Data Name="User">NT AUTHORITY\SYSTEM</Data>
    <Data Name="LogonGuid">{00000000-0000-0000-0000-000000000000}</Data>
    <Data Name="LogonId">0x3e7</Data>
    <Data Name="TerminalSessionId">0</Data>
    <Data Name="IntegrityLevel">System</Data>
    <Data Name="Hashes">SHA1=46ED812F7B5C135F9B5C3B57477D88A786683FF2,MD5=AAEAE0631E80D5742B02ED7046F7C425,SHA256=894ABE128AA86E96E7CD29A302C0E058BF88455F7D54C53BF1C01C3669D49661,IMPHASH=2AF1A337C33BBA81DFC20C21850217EF</Data>
    <Data Name="ParentProcessGuid">{641a7f09-46e8-65be-2d00-00006bccf361}</Data>
    <Data Name="ParentProcessId">2148</Data>
    <Data Name="ParentImage">C:\Windows\System32\svchost.exe</Data>
    <Data Name="ParentCommandLine">svchost.exe -k DcomLaunch</Data>
    <Data Name="ParentUser">NT AUTHORITY\SYSTEM</Data>
    
  </EventData>
</Event>
<Event xmlns="http://schemas.microsoft.com/win/2004/08/events/event">
  <System>
    <Provider Name="Microsoft-Windows-Sysmon" Guid="{5770385f-c22a-43e0-bf4c-06f5698ffbd9}"/>
    <EventID>10</EventID>
    <Version>3</Version>
    <Level>4</Level>
    <Task>10</Task>
    <Opcode>0</Opcode>
    <Keywords>0x8000000000000000</Keywords>
    <TimeCreated SystemTime="2024-03-04T14:56:36.8066655Z"/>
    <EventRecordID>515102</EventRecordID>
    <Correlation/>
    <Execution ProcessID="2620" ThreadID="3392"/>
    <Channel>Microsoft-Windows-Sysmon/Operational</Channel>
    <Computer>WS-01.alderwoodpartners.com</Computer>
    <Security UserID="S-1-5-18"/>
  </System>
  <EventData>
    
    <Data Name="RuleName">-</Data>
    <Data Name="UtcTime">2024-03-04 14:56:36.806</Data>
    <Data Name="SourceProcessGUID">{641a7f09-46f4-65be-0900-00004a508c29}</Data>
    <Data Name="SourceProcessId">2284</Data>
    <Data Name="SourceThreadId">14100</Data>
    <Data Name="SourceImage">C:\ProgramData\Microsoft\Windows Defender\Platform\4.18.24030.9-0\MsMpEng.exe</Data>
    <Data Name="TargetProcessGUID">{641a7f09-46eb-65be-ba02-000026f61fe0}</Data>
    <Data Name="TargetProcessId">2156</Data>
    <Data Name="TargetImage">C:\Windows\System32\svchost.exe</Data>
    <Data Name="GrantedAccess">0x1410</Data>
    <Data Name="CallTrace">C:\Windows\SYSTEM32\ntdll.dll+9EA8F|C:\Windows\SYSTEM32\KERNELBASE.dll+2D337|C:\Windows\SYSTEM32\advapi32.dll+4AA36</Data>
    <Data Name="SourceUser">NT AUTHORITY\SYSTEM</Data>
    <Data Name="TargetUser">NT AUTHORITY\NETWORK SERVICE</Data>
    
  </EventData>
</Event>
<Event xmlns="http://schemas.microsoft.com/win/2004/08/events/event">
  <System>
    <Provider Name="Microsoft-Windows-Sysmon" Guid="{5770385f-c22a-43e0-bf4c-06f5698ffbd9}"/>
    <EventID>5</EventID>
    <Version>3</Version>
    <Level>4</Level>
    <Task>5</Task>
    <Opcode>0</Opcode>
    <Keywords>0x8000000000000000</Keywords>
    <TimeCreated SystemTime="2024-03-04T14:57:05.8518859Z"/>
    <EventRecordID>515103</EventRecordID>
    <Correlation/>
    <Execution ProcessID="2620" ThreadID="2068"/>
    <Channel>Microsoft-Windows-Sysmon/Operational</Channel>
    <Computer>WS-01.alderwoodpartners.com</Computer>
    <Security UserID="S-1-5-18"/>
  </System>
  <EventData>
    
    <Data Name="RuleName">-</Data>
    <Data Name="UtcTime">2024-03-04 14:57:05.849</Data>
    <Data Name="ProcessGuid">{641a7f09-dcae-65e5-8402-001000bd0005}</Data>
    <Data Name="ProcessId">3912</Data>
    <Data Name="Image">C:\Windows\System32\wbem\WmiPrvSE.exe</Data>
    <Data Name="User">NT AUTHORITY\SYSTEM</Data>
    
  </EventData>
</Event>
<Event xmlns="http://schemas.microsoft.com/win/2004/08/events/event">
  <System>
    <Provider Name="Microsoft-Windows-Sysmon" Guid="{5770385f-c22a-43e0-bf4c-06f5698ffbd9}"/>
    <EventID>22</EventID>
    <Version>5</Version>
    <Level>4</Level>
    <Task>22</Task>
    <Opcode>0</Opcode>
    <Keywords>0x8000000000000000</Keywords>
    <TimeCreated SystemTime="2024-03-04T15:02:53.8099265Z"/>
    <EventRecordID>515108</EventRecordID>
    <Correlation/>
    <Execution ProcessID="2620" ThreadID="1884"/>
    <Channel>Microsoft-Windows-Sysmon/Operational</Channel>
    <Computer>WS-01.alderwoodpartners.com</Computer>
    <Security UserID="S-1-5-18"/>
  </System>
  <EventData>
    
    <Data Name="RuleName">-</Data>
    <Data Name="UtcTime">2024-03-04 15:02:53.807</Data>
    <Data Name="ProcessGuid">{641a7f09-46eb-65be-ba02-000026f61fe0}</Data>
    <Data Name="ProcessId">2156</Data>
    <Data Name="QueryName">update.googleapis.com</Data>
    <Data Name="QueryStatus">0</Data>
    <Data Name="QueryResults">142.250.190.74;172.217.164.138;</Data>
    <Data Name="Image">C:\Windows\System32\svchost.exe</Data>
    <Data Name="User">NT AUTHORITY\NETWORK SERVICE</Data>
    
  </EventData>
</Event>
