<Event xmlns="http://schemas.microsoft.com/win/2004/08/events/event">
  <System>
    <Provider Name="Microsoft-Windows-Sysmon" Guid="{5770385f-c22a-43e0-bf4c-06f5698ffbd9}"/>
    <EventID>22</EventID>
    <Version>5</Version>
    <Level>4</Level>
    <Task>22</Task>
    <Opcode>0</Opcode>
    <Keywords>0x8000000000000000</Keywords>
    <TimeCreated SystemTime="2024-03-04T15:02:54.0179451Z"/>
    <EventRecordID>515109</EventRecordID>
    <Correlation/>
    <Execution ProcessID="2620" ThreadID="1884"/>
    <Channel>Microsoft-Windows-Sysmon/Operational</Channel>
    <Computer>WS-01.alderwoodpartners.com</Computer>
    <Security UserID="S-1-5-18"/>
  </System>
  <EventData>
    
    <Data Name="RuleName">-</Data>
    <Data Name="UtcTime">2024-03-04 15:02:54.017</Data>
    <Data Name="ProcessGuid">{641a7f09-46eb-65be-ba02-000026f61fe0}</Data>
    <Data Name="ProcessId">2156</Data>
    <Data Name="QueryName">isatap</Data>
    <Data Name="QueryStatus">9003</Data>
    <Data Name="QueryResults">-</Data>
    <Data Name="Image">C:\Windows\System32\svchost.exe</Data>
    <Data Name="User">NT AUTHORITY\NETWORK SERVICE</Data>
    
  </EventData>
</Event>
<Event xmlns="http://schemas.microsoft.com/win/2004/08/events/event">
  <System>
    <Provider Name="Microsoft-Windows-Sysmon" Guid="{5770385f-c22a-43e0-bf4c-06f5698ffbd9}"/>
    <EventID>7</EventID>
    <Version>3</Version>
    <Level>4</Level>
    <Task>7</Task>
    <Opcode>0</Opcode>
    <Keywords>0x8000000000000000</Keywords>
    <TimeCreated SystemTime="2024-03-04T15:05:06.6387400Z"/>
    <EventRecordID>515112</EventRecordID>
    <Correlation/>
    <Execution ProcessID="2620" ThreadID="1884"/>
    <Channel>Microsoft-Windows-Sysmon/Operational</Channel>
    <Computer>WS-01.alderwoodpartners.com</Computer>
    <Security UserID="S-1-5-18"/>
  </System>
  <EventData>
    
    <Data Name="RuleName">-</Data>
    <Data Name="UtcTime">2024-03-04 15:05:06.637</Data>
    <Data Name="ProcessGuid">{641a7f09-d4e2-65e5-6e02-0010d534f768}</Data>
    <Data Name="ProcessId">3968</Data>
    <Data Name="Image">C:\Windows\explorer.exe</Data>
    <Data Name="ImageLoaded">C:\Program Files\7-Zip\7-zip.dll</Data>
    <Data Name="FileVersion">23.01.0.0</Data>
    <Data Name="Description">7-Zip Shell Extension</Data>
    <Data Name="Product">7-Zip</Data>
    <Data Name="Company">Igor Pavlov</Data>
    <Data Name="OriginalFileName">7-zip.dll</Data>
    <Data Name="Hashes">SHA1=BF2619160C548067C80B010F0B9F5D224435A4AA,MD5=4FFC4040B68D405900BE629547DF0786,SHA256=A34E512691EB799A505E71B1CD8F01B889912AFB7CCB2D5DEC396F8C366E9BEE,IMPHASH=D6D3685D4A430A287607E444371EB5F5</Data>
    <Data Name="Signed">false</Data>
    <Data Name="Signature">-</Data>
    <Data Name="SignatureStatus">Unavailable</Data>
    <Data Name="User">ALDERWOODPARTNERS\dana.whitfield</Data>
    
  </EventData>
</Event>
<Event xmlns="http://schemas.microsoft.com/win/2004/08/events/event">
  <System>
    <Provider Name="Microsoft-Windows-Sysmon" Guid="{5770385f-c22a-43e0-bf4c-06f5698ffbd9}"/>
    <EventID>10</EventID>
    <Version>3</Version>
    <Level>4</Level>
    <Task>10</Task>
    <Opcode>0</Opcode>
    <Keywords>0x8000000000000000</Keywords>
    <TimeCreated SystemTime="2024-03-04T15:05:13.8156257Z"/>
    <EventRecordID>515113</EventRecordID>
    <Correlation/>
    <Execution ProcessID="2620" ThreadID="3392"/>
    <Channel>Microsoft-Windows-Sysmon/Operational</Channel>
    <Computer>WS-01.alderwoodpartners.com</Computer>
    <Security UserID="S-1-5-18"/>
  </System>
  <EventData>
    
    <Data Name="RuleName">-</Data>
    <Data Name="UtcTime">2024-03-04 15:05:13.815</Data>
    <Data Name="SourceProcessGUID">{641a7f09-46f9-65be-f902-00005cc2c27e}</Data>
    <Data Name="SourceProcessId">2304</Data>
    <Data Name="SourceThreadId">14204</Data>
    <Data Name="SourceImage">C:\Windows\System32\dllhost.exe</Data>
    <Data Name="TargetProcessGUID">{641a7f09-4702-65be-d802-000038d9816d}</Data>
    <Data Name="TargetProcessId">2396</Data>
    <Data Name="TargetImage">C:\Windows\explorer.exe</Data>
    <Data Name="GrantedAccess">0x1000</Data>
    <Data Name="CallTrace">C:\Windows\SYSTEM32\ntdll.dll+9EBBC|C:\Windows\SYSTEM32\KERNELBASE.dll+2C95F</Data>
    <Data Name="SourceUser">NT AUTHORITY\SYSTEM</Data>
    <Data Name="TargetUser">ALDERWOODPARTNERS\dana.whitfield</Data>
    
  </EventData>
</Event>
<Event xmlns="http://schemas.microsoft.com/win/2004/08/events/event">
  <System>
    <Provider Name="Microsoft-Windows-Sysmon" Guid="{5770385f-c22a-43e0-bf4c-06f5698ffbd9}"/>
    <EventID>1</EventID>
    <Version>5</Version>
    <Level>4</Level>
    <Task>1</Task>
    <Opcode>0</Opcode>
    <Keywords>0x8000000000000000</Keywords>
    <TimeCreated SystemTime="2024-03-04T15:05:40.1332501Z"/>
    <EventRecordID>515114</EventRecordID>
    <Correlation/>
    <Execution ProcessID="2620" ThreadID="2068"/>
    <Channel>Microsoft-Windows-Sysmon/Operational</Channel>
    <Computer>WS-01.alderwoodpartners.com</Computer>
    <Security UserID="S-1-5-18"/>
  </System>
  <EventData>
    
    <Data Name="RuleName">-</Data>
    <Data Name="UtcTime">2024-03-04 15:05:40.130</Data>
    <Data Name="ProcessGuid">{641a7f09-e344-65e5-be00-0010491f6b5f}</Data>
    <Data Name="ProcessId">4108</Data>
    <Data Name="Image">C:\Windows\System32\spoolsv.exe</Data>
    <Data Name="FileVersion">10.0.22621.1</Data>
    <Data Name="Description">Spooler SubSystem App</Data>
    <Data Name="Product">Microsoft Windows Operating System</Data>
    <Data Name="Company">Microsoft Corporation</Data>
    <Data Name="OriginalFileName">spoolsv.exe</Data>
    <Data Name="CommandLine">spoolsv.exe</Data>
    <Data Name="CurrentDirectory">C:\Windows\System32\</Data>
    <Data Name="User">NT AUTHORITY\SYSTEM</Data>
    <Data Name="LogonGuid">{00000000-0000-0000-0000-000000000000}</Data>
    <Data Name="LogonId">0x3e7</Data>
    <Data Name="TerminalSessionId">0</Data>
    <Data Name="IntegrityLevel">System</Data>
    <Data Name="Hashes">SHA1=D7EA37840FF44A245AD18E5E207AE4901C4C18FB,MD5=F60B5C571AD75771ABD1D35C7765DC04,SHA256=C62074641183B84BD60F329FFC8412BB060770B6F2D3BE7F21CBE926B78AF568,IMPHASH=6C5BCD2285686A422084A17A03042505</Data>
    <Data Name="ParentProcessGuid">{641a7f09-46e4-65be-8e00-0000d760db59}</Data>
    <Data Name="ParentProcessId">2072</Data>
    <Data Name="ParentImage">C:\Windows\System32\services.exe</Data>
    <Data Name="ParentCommandLine">services.exe</Data>
    <Data Name="ParentUser">NT AUTHORITY\SYSTEM</Data>
    
  </EventData>
</Event>
<Event xmlns="http://schemas.microsoft.com/win/2004/08/events/event">
  <System>
    <Provider Name="Microsoft-Windows-Sysmon" Guid="{5770385f-c22a-43e0-bf4c-06f5698ffbd9}"/>
    <EventID>5</EventID>
    <Version>3</Version>
    <Level>4</Level>
    <Task>5</Task>
    <Opcode>0</Opcode>
    <Keywords>0x8000000000000000</Keywords>
    <TimeCreated SystemTime="2024-03-04T15:07:48.3034577Z"/>
    <EventRecordID>515115</EventRecordID>
    <Correlation/>
    <Execution ProcessID="2620" ThreadID="2068"/>
    <Channel>Microsoft-Windows-Sysmon/Operational</Channel>
    <Computer>WS-01.alderwoodpartners.com</Computer>
    <Security UserID="S-1-5-18"/>
  </System>
  <EventData>
    
    <Data Name="RuleName">-</Data>
    <Data Name="UtcTime">2024-03-04 15:07:48.303</Data>
    <Data Name="ProcessGuid">{641a7f09-e072-65e5-2002-0000dd8499b8}</Data>
    <Data Name="ProcessId">3864</Data>
    <Data Name="Image">C:\Windows\System32\wbem\WmiPrvSE.exe</Data>
    <Data Name="User">NT AUTHORITY\SYSTEM</Data>
    
  </EventData>
</Event>
<Event xmlns="http://schemas.microsoft.com/win/2004/08/events/event">
  <System>
    <Provider Name="Microsoft-Windows-Sysmon" Guid="{5770385f-c22a-43e0-bf4c-06f5698ffbd9}"/>
    <EventID>22</EventID>
    <Version>5</Version>
    <Level>4</Level>
    <Task>22</Task>
    <Opcode>0</Opcode>
    <Keywords>0x8000000000000000</Keywords>
    <TimeCreated SystemTime="2024-03-04T15:11:22.8939794Z"/>
    <EventRecordID>515117</EventRecordID>
    <Correlation/>
    <Execution ProcessID="2620" ThreadID="3392"/>
    <Channel>Microsoft-Windows-Sysmon/Operational</Channel>
    <Computer>WS-01.alderwoodpartners.com</Computer>
    <Security UserID="S-1-5-18"/>
  </System>
  <EventData>
    
    <Data Name="RuleName">-</Data>
    <Data Name="UtcTime">2024-03-04 15:11:22.890</Data>
    <Data Name="ProcessGuid">{641a7f09-dd9d-65e5-c400-00106cd8cc38}</Data>
    <Data Name="ProcessId">3852</Data>
    <Data Name="QueryName">docs.google.com</Data>
    <Data Name="QueryStatus">0</Data>
    <Data Name="QueryResults">142.250.185.206;142.250.80.110;</Data>
    <Data Name="Image">C:\Program Files\Google\Chrome\Application\chrome.exe</Data>
    <Data Name="User">ALDERWOODPARTNERS\dana.whitfield</Data>
    
  </EventData>
</Event>
<Event xmlns="http://schemas.microsoft.com/win/2004/08/events/event">
  <System>
    <Provider Name="Microsoft-Windows-Sysmon" Guid="{5770385f-c22a-43e0-bf4c-06f5698ffbd9}"/>
    <EventID>22</EventID>
    <Version>5</Version>
    <Level>4</Level>
    <Task>22</Task>
    <Opcode>0</Opcode>
    <Keywords>0x8000000000000000</Keywords>
    <TimeCreated SystemTime="2024-03-04T15:11:23.7875659Z"/>
    <EventRecordID>515118</EventRecordID>
    <Correlation/>
    <Execution ProcessID="2620" ThreadID="3392"/>
    <Channel>Microsoft-Windows-Sysmon/Operational</Channel>
    <Computer>WS-01.alderwoodpartners.com</Computer>
    <Security UserID="S-1-5-18"/>
  </System>
  <EventData>
    
    <Data Name="RuleName">-</Data>
    <Data Name="UtcTime">2024-03-04 15:11:23.778</Data>
    <Data Name="ProcessGuid">{641a7f09-dd9d-65e5-c400-00106cd8cc38}</Data>
    <Data Name="ProcessId">3852</Data>
    <Data Name="QueryName">ssl.gstatic.com</Data>
    <Data Name="QueryStatus">0</Data>
    <Data Name="QueryResults">142.250.190.67;172.217.164.99;</Data>
    <Data Name="Image">C:\Program Files\Google\Chrome\Application\chrome.exe</Data>
    <Data Name="User">ALDERWOODPARTNERS\dana.whitfield</Data>
    
  </EventData>
</Event>
<Event xmlns="http://schemas.microsoft.com/win/2004/08/events/event">
  <System>
    <Provider Name="Microsoft-Windows-Sysmon" Guid="{5770385f-c22a-43e0-bf4c-06f5698ffbd9}"/>
    <EventID>3</EventID>
    <Version>5</Version>
    <Level>4</Level>
    <Task>3</Task>
    <Opcode>0</Opcode>
    <Keywords>0x8000000000000000</Keywords>
    <TimeCreated SystemTime="2024-03-04T15:11:23.8866223Z"/>
    <EventRecordID>515119</EventRecordID>
    <Correlation/>
    <Execution ProcessID="2620" ThreadID="3392"/>
    <Channel>Microsoft-Windows-Sysmon/Operational</Channel>
    <Computer>WS-01.alderwoodpartners.com</Computer>
    <Security UserID="S-1-5-18"/>
  </System>
  <EventData>
    
    <Data Name="RuleName">-</Data>
    <Data Name="UtcTime">2024-03-04 15:11:23.881</Data>
    <Data Name="ProcessGuid">{641a7f09-46ec-65be-6200-0010b9fc7c2a}</Data>
    <Data Name="ProcessId">2176</Data>
    <Data Name="Image">C:\Windows\System32\svchost.exe</Data>
    <Data Name="User">NT AUTHORITY\LOCAL SERVICE</Data>
    <Data Name="Protocol">udp</Data>
    <Data Name="Initiated">true</Data>
    <Data Name="SourceIsIpv6">false</Data>
    <Data Name="SourceIp">10.40.12.11</Data>
    <Data Name="SourceHostname">WS-01.alderwoodpartners.com</Data>
    <Data Name="SourcePort">59078</Data>
    <Data Name="SourcePortName">-</Data>
    <Data Name="DestinationIsIpv6">false</Data>
    <Data Name="DestinationIp">1.1.1.1</Data>
    <Data Name="DestinationHostname">-</Data>
    <Data Name="DestinationPort">53</Data>
    <Data Name="DestinationPortName">domain</Data>
    
  </EventData>
</Event>
<Event xmlns="http://schemas.microsoft.com/win/2004/08/events/event">
  <System>
    <Provider Name="Microsoft-Windows-Sysmon" Guid="{5770385f-c22a-43e0-bf4c-06f5698ffbd9}"/>
    <EventID>22</EventID>
    <Version>5</Version>
    <Level>4</Level>
    <Task>22</Task>
    <Opcode>0</Opcode>
    <Keywords>0x8000000000000000</Keywords>
    <TimeCreated SystemTime="2024-03-04T15:11:24.6411971Z"/>
    <EventRecordID>515120</EventRecordID>
    <Correlation/>
    <Execution ProcessID="2620" ThreadID="1884"/>
    <Channel>Microsoft-Windows-Sysmon/Operational</Channel>
    <Computer>WS-01.alderwoodpartners.com</Computer>
    <Security UserID="S-1-5-18"/>
  </System>
  <EventData>
    
    <Data Name="RuleName">-</Data>
    <Data Name="UtcTime">2024-03-04 15:11:24.638</Data>
    <Data Name="ProcessGuid">{641a7f09-dd9d-65e5-c400-00106cd8cc38}</Data>
    <Data Name="ProcessId">3852</Data>
    <Data Name="QueryName">ssl.gstatic.com</Data>
    <Data Name="QueryStatus">0</Data>
    <Data Name="QueryResults">142.250.190.67;172.217.164.99;</Data>
    <Data Name="Image">C:\Program Files\Google\Chrome\Application\chrome.exe</Data>
    <Data Name="User">ALDERWOODPARTNERS\dana.whitfield</Data>
    
  </EventData>
</Event>
<Event xmlns="http://schemas.microsoft.com/win/2004/08/events/event">
  <System>
    <Provider Name="Microsoft-Windows-Sysmon" Guid="{5770385f-c22a-43e0-bf4c-06f5698ffbd9}"/>
    <EventID>3</EventID>
    <Version>5</Version>
    <Level>4</Level>
    <Task>3</Task>
    <Opcode>0</Opcode>
    <Keywords>0x8000000000000000</Keywords>
    <TimeCreated SystemTime="2024-03-04T15:11:26.7745475Z"/>
    <EventRecordID>515121</EventRecordID>
    <Correlation/>
    <Execution ProcessID="2620" ThreadID="1884"/>
    <Channel>Microsoft-Windows-Sysmon/Operational</Channel>
    <Computer>WS-01.alderwoodpartners.com</Computer>
    <Security UserID="S-1-5-18"/>
  </System>
  <EventData>
    
    <Data Name="RuleName">-</Data>
    <Data Name="UtcTime">2024-03-04 15:11:26.771</Data>
    <Data Name="ProcessGuid">{641a7f09-dd9d-65e5-c400-00106cd8cc38}</Data>
    <Data Name="ProcessId">3852</Data>
    <Data Name="Image">C:\Program Files\Google\Chrome\Application\chrome.exe</Data>
    <Data Name="User">ALDERWOODPARTNERS\dana.whitfield</Data>
    <Data Name="Protocol">tcp</Data>
    <Data Name="Initiated">true</Data>
    <Data Name="SourceIsIpv6">false</Data>
    <Data Name="SourceIp">10.40.12.11</Data>
    <Data Name="SourceHostname">WS-01.alderwoodpartners.com</Data>
    <Data Name="SourcePort">62782</Data>
    <Data Name="SourcePortName">-</Data>
    <Data Name="DestinationIsIpv6">false</Data>
    <Data Name="DestinationIp">142.250.185.206</Data>
    <Data Name="DestinationHostname">accounts.google.com</Data>
    <Data Name="DestinationPort">443</Data>
    <Data Name="DestinationPortName">https</Data>
    
  </EventData>
</Event>
<Event xmlns="http://schemas.microsoft.com/win/2004/08/events/event">
  <System>
    <Provider Name="Microsoft-Windows-Sysmon" Guid="{5770385f-c22a-43e0-bf4c-06f5698ffbd9}"/>
    <EventID>22</EventID>
    <Version>5</Version>
    <Level>4</Level>
    <Task>22</Task>
    <Opcode>0</Opcode>
    <Keywords>0x8000000000000000</Keywords>
    <TimeCreated SystemTime="2024-03-04T15:11:58.4718206Z"/>
    <EventRecordID>515122</EventRecordID>
    <Correlation/>
    <Execution ProcessID="2620" ThreadID="2068"/>
    <Channel>Microsoft-Windows-Sysmon/Operational</Channel>
    <Computer>WS-01.alderwoodpartners.com</Computer>
    <Security UserID="S-1-5-18"/>
  </System>
  <EventData>
    
    <Data Name="RuleName">-</Data>
    <Data Name="UtcTime">2024-03-04 15:11:58.463</Data>
    <Data Name="ProcessGuid">{641a7f09-46eb-65be-ba02-000026f61fe0}</Data>
    <Data Name="ProcessId">2156</Data>
    <Data Name="QueryName">static.xx.fbcdn.net</Data>
    <Data Name="QueryStatus">0</Data>
    <Data Name="QueryResults">31.13.65.38;31.13.65.39;</Data>
    <Data Name="Image">C:\Windows\System32\svchost.exe</Data>
    <Data Name="User">NT AUTHORITY\NETWORK SERVICE</Data>
    
  </EventData>
</Event>
<Event xmlns="http://schemas.microsoft.com/win/2004/08/events/event">
  <System>
    <Provider Name="Microsoft-Windows-Sysmon" Guid="{5770385f-c22a-43e0-bf4c-06f5698ffbd9}"/>
    <EventID>3</EventID>
    <Version>5</Version>
    <Level>4</Level>
    <Task>3</Task>
    <Opcode>0</Opcode>
    <Keywords>0x8000000000000000</Keywords>
    <TimeCreated SystemTime="2024-03-04T15:12:41.5103091Z"/>
    <EventRecordID>515125</EventRecordID>
    <Correlation/>
    <Execution ProcessID="2620" ThreadID="2068"/>
    <Channel>Microsoft-Windows-Sysmon/Operational</Channel>
    <Computer>WS-01.alderwoodpartners.com</Computer>
    <Security UserID="S-1-5-18"/>
  </System>
  <EventData>
    
    <Data Name="RuleName">-</Data>
    <Data Name="UtcTime">2024-03-04 15:12:41.509</Data>
    <Data Name="ProcessGuid">{641a7f09-46ec-65be-6200-0010b9fc7c2a}</Data>
    <Data Name="ProcessId">2176</Data>
    <Data Name="Image">C:\Windows\System32\svchost.exe</Data>
    <Data Name="User">NT AUTHORITY\LOCAL SERVICE</Data>
    <Data Name="Protocol">udp</Data>
    <Data Name="Initiated">true</Data>
    <Data Name="SourceIsIpv6">false</Data>
    <Data Name="SourceIp">10.40.12.11</Data>
    <Data Name="SourceHostname">WS-01.alderwoodpartners.com</Data>
    <Data Name="SourcePort">52024</Data>
    <Data Name="SourcePortName">-</Data>
    <Data Name="DestinationIsIpv6">false</Data>
    <Data Name="DestinationIp">1.1.1.1</Data>
    <Data Name="DestinationHostname">-</Data>
    <Data Name="DestinationPort">53</Data>
    <Data Name="DestinationPortName">domain</Data>
    
  </EventData>
</Event>
<Event xmlns="http://schemas.microsoft.com/win/2004/08/events/event">
  <System>
    <Provider Name="Microsoft-Windows-Sysmon" Guid="{5770385f-c22a-43e0-bf4c-06f5698ffbd9}"/>
    <EventID>22</EventID>
    <Version>5</Version>
    <Level>4</Level>
    <Task>22</Task>
    <Opcode>0</Opcode>
    <Keywords>0x8000000000000000</Keywords>
    <TimeCreated SystemTime="2024-03-04T15:12:41.5422759Z"/>
    <EventRecordID>515126</EventRecordID>
    <Correlation/>
    <Execution ProcessID="2620" ThreadID="1884"/>
    <Channel>Microsoft-Windows-Sysmon/Operational</Channel>
    <Computer>WS-01.alderwoodpartners.com</Computer>
    <Security UserID="S-1-5-18"/>
  </System>
  <EventData>
    
    <Data Name="RuleName">-</Data>
    <Data Name="UtcTime">2024-03-04 15:12:41.540</Data>
    <Data Name="ProcessGuid">{641a7f09-46ec-65be-6200-0010b9fc7c2a}</Data>
    <Data Name="ProcessId">2176</Data>
    <Data Name="QueryName">printer01.alderwoodpartners.com</Data>
    <Data Name="QueryStatus">9003</Data>
    <Data Name="QueryResults">-</Data>
    <Data Name="Image">C:\Windows\System32\svchost.exe</Data>
    <Data Name="User">NT AUTHORITY\LOCAL SERVICE</Data>
    
  </EventData>
</Event>
<Event xmlns="http://schemas.microsoft.com/win/2004/08/events/event">
  <System>
    <Provider Name="Microsoft-Windows-Sysmon" Guid="{5770385f-c22a-43e0-bf4c-06f5698ffbd9}"/>
    <EventID>22</EventID>
    <Version>5</Version>
    <Level>4</Level>
    <Task>22</Task>
    <Opcode>0</Opcode>
    <Keywords>0x8000000000000000</Keywords>
    <TimeCreated SystemTime="2024-03-04T15:12:41.6871929Z"/>
    <EventRecordID>515127</EventRecordID>
    <Correlation/>
    <Execution ProcessID="2620" ThreadID="1884"/>
    <Channel>Microsoft-Windows-Sysmon/Operational</Channel>
    <Computer>WS-01.alderwoodpartners.com</Computer>
    <Security UserID="S-1-5-18"/>
  </System>
  <EventData>
    
    <Data Name="RuleName">-</Data>
    <Data Name="UtcTime">2024-03-04 15:12:41.682</Data>
    <Data Name="ProcessGuid">{641a7f09-46ec-65be-6200-0010b9fc7c2a}</Data>
    <Data Name="ProcessId">2176</Data>
    <Data Name="QueryName">onedrive.live.com</Data>
    <Data Name="QueryStatus">0</Data>
    <Data Name="QueryResults">13.107.18.11;13.107.18.10;</Data>
    <Data Name="Image">C:\Windows\System32\svchost.exe</Data>
    <Data Name="User">NT AUTHORITY\LOCAL SERVICE</Data>
    
  </EventData>
</Event>
<Event xmlns="http://schemas.microsoft.com/win/2004/08/events/event">
  <System>
    <Provider Name="Microsoft-Windows-Sysmon" Guid="{5770385f-c22a-43e0-bf4c-06f5698ffbd9}"/>
    <EventID>1</EventID>
    <Version>5</Version>
    <Level>4</Level>
    <Task>1</Task>
    <Opcode>0</Opcode>
    <Keywords>0x8000000000000000</Keywords>
    <TimeCreated SystemTime="2024-03-04T15:12:41.8201951Z"/>
    <EventRecordID>515128</EventRecordID>
    <Correlation/>
    <Execution ProcessID="2620" ThreadID="1884"/>
    <Channel>Microsoft-Windows-Sysmon/Operational</Channel>
    <Computer>WS-01.alderwoodpartners.com</Computer>
    <Security UserID="S-1-5-18"/>
  </System>
  <EventData>
    
    <Data Name="RuleName">-</Data>
    <Data Name="UtcTime">2024-03-04 15:12:41.819</Data>
    <Data Name="ProcessGuid">{641a7f09-e4e9-65e5-5e02-001028a9e1a5}</Data>
    <Data Name="ProcessId">4044</Data>
    <Data Name="Image">C:\Users\dana.whitfield\AppData\Roaming\Zoom\bin\Zoom.exe</Data>
    <Data Name="FileVersion">6.0.11.39959</Data>
    <Data Name="Description">Zoom Meetings</Data>
    <Data Name="Product">Zoom Workplace</Data>
    <Data Name="Company">Zoom Video Communications, Inc.</Data>
    <Data Name="OriginalFileName">Zoom.exe</Data>
    <Data Name="CommandLine">"C:\Users\dana.whitfield\AppData\Roaming\Zoom\bin\Zoom.exe" --background</Data>
    <Data Name="CurrentDirectory">C:\Users\dana.whitfield\AppData\Roaming\Zoom\bin\</Data>
    <Data Name="User">ALDERWOODPARTNERS\dana.whitfield</Data>
    <Data Name="LogonGuid">{00000000-0000-0000-0000-000000000000}</Data>
    <Data Name="LogonId">0x1531bd72</Data>
    <Data Name="TerminalSessionId">5</Data>
    <Data Name="IntegrityLevel">Medium</Data>
    <Data Name="Hashes">SHA1=CE3445ECE76D72CFFF4526C78B21735EFC8C685C,MD5=C11E77CDC7B5A7625B0A7879DE8218AB,SHA256=C743A12FABD32BF04C7C05A666D08B9FC616549EA463DDE7B51FF3B74E0D94FA,IMPHASH=ABCA4B576510CF9E671CF91A3C22B81A</Data>
    <Data Name="ParentProcessGuid">{641a7f09-d4e2-65e5-6e02-0010d534f768}</Data>
    <Data Name="ParentProcessId">3968</Data>
    <Data Name="ParentImage">C:\Windows\explorer.exe</Data>
    <Data Name="ParentCommandLine">explorer.exe</Data>
    <Data Name="ParentUser">ALDERWOODPARTNERS\dana.whitfield</Data>
    
  </EventData>
</Event>
<Event xmlns="http://schemas.microsoft.com/win/2004/08/events/event">
  <System>
    <Provider Name="Microsoft-Windows-Sysmon" Guid="{5770385f-c22a-43e0-bf4c-06f5698ffbd9}"/>
    <EventID>7</EventID>
    <Version>3</Version>
    <Level>4</Level>
    <Task>7</Task>
    <Opcode>0</Opcode>
    <Keywords>0x8000000000000000</Keywords>
    <TimeCreated SystemTime="2024-03-04T15:12:41.9294725Z"/>
    <EventRecordID>515129</EventRecordID>
    <Correlation/>
    <Execution ProcessID="2620" ThreadID="3392"/>
    <Channel>Microsoft-Windows-Sysmon/Operational</Channel>
    <Computer>WS-01.alderwoodpartners.com</Computer>
    <Security UserID="S-1-5-18"/>
  </System>
  <EventData>
    
    <Data Name="RuleName">-</Data>
    <Data Name="UtcTime">2024-03-04 15:12:41.926</Data>
    <Data Name="ProcessGuid">{641a7f09-e4e9-65e5-5e02-001028a9e1a5}</Data>
    <Data Name="ProcessId">4044</Data>
    <Data Name="Image">C:\Users\dana.whitfield\AppData\Roaming\Zoom\bin\Zoom.exe</Data>
    <Data Name="ImageLoaded">C:\Users\dana.whitfield\AppData\Roaming\Zoom\bin\zVideoApp.dll</Data>
    <Data Name="FileVersion">6.0.11.39959</Data>
    <Data Name="Description">Zoom Video App</Data>
    <Data Name="Product">Zoom Workplace</Data>
    <Data Name="Company">Zoom Video Communications, Inc.</Data>
    <Data Name="OriginalFileName">zVideoApp.dll</Data>
    <Data Name="Hashes">SHA1=DB3C2393BF45795446088941AD47C36377606E1B,MD5=460615CA219B4EDE365E40A3984DAB99,SHA256=BE96C9B3DE6EC66545D29C5C70D02F7ACBDF9E4ADE14477811D7EAA8F741B7F9,IMPHASH=6A26100CF29F07656C76EC895BBC0EB1</Data>
    <Data Name="Signed">true</Data>
    <Data Name="Signature">Zoom Video Communications, Inc.</Data>
    <Data Name="SignatureStatus">Valid</Data>
    <Data Name="User">ALDERWOODPARTNERS\dana.whitfield</Data>
    
  </EventData>
</Event>
<Event xmlns="http://schemas.microsoft.com/win/2004/08/events/event">
  <System>
    <Provider Name="Microsoft-Windows-Sysmon" Guid="{5770385f-c22a-43e0-bf4c-06f5698ffbd9}"/>
    <EventID>22</EventID>
    <Version>5</Version>
    <Level>4</Level>
    <Task>22</Task>
    <Opcode>0</Opcode>
    <Keywords>0x8000000000000000</Keywords>
    <TimeCreated SystemTime="2024-03-04T15:12:44.0800340Z"/>
    <EventRecordID>515130</EventRecordID>
    <Correlation/>
    <Execution ProcessID="2620" ThreadID="1884"/>
    <Channel>Microsoft-Windows-Sysmon/Operational</Channel>
    <Computer>WS-01.alderwoodpartners.com</Computer>
    <Security UserID="S-1-5-18"/>
  </System>
  <EventData>
    
    <Data Name="RuleName">-</Data>
    <Data Name="UtcTime">2024-03-04 15:12:44.078</Data>
    <Data Name="ProcessGuid">{641a7f09-e4e9-65e5-5e02-001028a9e1a5}</Data>
    <Data Name="ProcessId">4044</Data>
    <Data Name="QueryName">res.cdn.office.net</Data>
    <Data Name="QueryStatus">0</Data>
    <Data Name="QueryResults">13.107.6.171;13.107.9.171;</Data>
    <Data Name="Image">C:\Users\dana.whitfield\AppData\Roaming\Zoom\bin\Zoom.exe</Data>
    <Data Name="User">ALDERWOODPARTNERS\dana.whitfield</Data>
    
  </EventData>
</Event>
<Event xmlns="http://schemas.microsoft.com/win/2004/08/events/event">
  <System>
    <Provider Name="Microsoft-Windows-Sysmon" Guid="{5770385f-c22a-43e0-bf4c-06f5698ffbd9}"/>
    <EventID>3</EventID>
    <Version>5</Version>
    <Level>4</Level>
    <Task>3</Task>
    <Opcode>0</Opcode>
    <Keywords>0x8000000000000000</Keywords>
    <TimeCreated SystemTime="2024-03-04T15:12:44.2743107Z"/>
    <EventRecordID>515131</EventRecordID>
    <Correlation/>
    <Execution ProcessID="2620" ThreadID="1884"/>
    <Channel>Microsoft-Windows-Sysmon/Operational</Channel>
    <Computer>WS-01.alderwoodpartners.com</Computer>
    <Security UserID="S-1-5-18"/>
  </System>
  <EventData>
    
    <Data Name="RuleName">-</Data>
    <Data Name="UtcTime">2024-03-04 15:12:44.269</Data>
    <Data Name="ProcessGuid">{641a7f09-46ec-65be-6200-0010b9fc7c2a}</Data>
    <Data Name="ProcessId">2176</Data>
    <Data Name="Image">C:\Windows\System32\svchost.exe</Data>
    <Data Name="User">NT AUTHORITY\LOCAL SERVICE</Data>
    <Data Name="Protocol">udp</Data>
    <Data Name="Initiated">true</Data>
    <Data Name="SourceIsIpv6">false</Data>
    <Data Name="SourceIp">10.40.12.11</Data>
    <Data Name="SourceHostname">WS-01.alderwoodpartners.com</Data>
    <Data Name="SourcePort">55954</Data>
    <Data Name="SourcePortName">-</Data>
    <Data Name="DestinationIsIpv6">false</Data>
    <Data Name="DestinationIp">1.0.0.1</Data>
    <Data Name="DestinationHostname">-</Data>
    <Data Name="DestinationPort">53</Data>
    <Data Name="DestinationPortName">domain</Data>
    
  </EventData>
</Event>
<Event xmlns="http://schemas.microsoft.com/win/2004/08/events/event">
  <System>
    <Provider Name="Microsoft-Windows-Sysmon" Guid="{5770385f-c22a-43e0-bf4c-06f5698ffbd9}"/>
    <EventID>22</EventID>
    <Version>5</Version>
    <Level>4</Level>
    <Task>22</Task>
    <Opcode>0</Opcode>
    <Keywords>0x8000000000000000</Keywords>
    <TimeCreated SystemTime="2024-03-04T15:14:20.5168906Z"/>
    <EventRecordID>515132</EventRecordID>
    <Correlation/>
    <Execution ProcessID="2620" ThreadID="2068"/>
    <Channel>Microsoft-Windows-Sysmon/Operational</Channel>
    <Computer>WS-01.alderwoodpartners.com</Computer>
    <Security UserID="S-1-5-18"/>
  </System>
  <EventData>
    
    <Data Name="RuleName">-</Data>
    <Data Name="UtcTime">2024-03-04 15:14:20.514</Data>
    <Data Name="ProcessGuid">{641a7f09-dd9d-65e5-c400-00106cd8cc38}</Data>
    <Data Name="ProcessId">3852</Data>
    <Data Name="QueryName">login.salesforce.com</Data>
    <Data Name="QueryStatus">0</Data>
    <Data Name="QueryResults">2620:1ec:6c00:0014::1;</Data>
    <Data Name="Image">C:\Program Files\Google\Chrome\Application\chrome.exe</Data>
    <Data Name="User">ALDERWOODPARTNERS\dana.whitfield</Data>
    
  </EventData>
</Event>
<Event xmlns="http://schemas.microsoft.com/win/2004/08/events/event">
  <System>
    <Provider Name="Microsoft-Windows-Sysmon" Guid="{5770385f-c22a-43e0-bf4c-06f5698ffbd9}"/>
    <EventID>22</EventID>
    <Version>5</Version>
    <Level>4</Level>
    <Task>22</Task>
    <Opcode>0</Opcode>
    <Keywords>0x8000000000000000</Keywords>
    <TimeCreated SystemTime="2024-03-04T15:14:21.2894678Z"/>
    <EventRecordID>515133</EventRecordID>
    <Correlation/>
    <Execution ProcessID="2620" ThreadID="2068"/>
    <Channel>Microsoft-Windows-Sysmon/Operational</Channel>
    <Computer>WS-01.alderwoodpartners.com</Computer>
    <Security UserID="S-1-5-18"/>
  </System>
  <EventData>
    
    <Data Name="RuleName">-</Data>
    <Data Name="UtcTime">2024-03-04 15:14:21.288</Data>
    <Data Name="ProcessGuid">{641a7f09-dd9d-65e5-c400-00106cd8cc38}</Data>
    <Data Name="ProcessId">3852</Data>
    <Data Name="QueryName">login.salesforce.com</Data>
    <Data Name="QueryStatus">0</Data>
    <Data Name="QueryResults">13.108.0.20;13.108.0.21;</Data>
    <Data Name="Image">C:\Program Files\Google\Chrome\Application\chrome.exe</Data>
    <Data Name="User">ALDERWOODPARTNERS\dana.whitfield</Data>
    
  </EventData>
</Event>
<Event xmlns="http://schemas.microsoft.com/win/2004/08/events/event">
  <System>
    <Provider Name="Microsoft-Windows-Sysmon" Guid="{5770385f-c22a-43e0-bf4c-06f5698ffbd9}"/>
    <EventID>3</EventID>
    <Version>5</Version>
    <Level>4</Level>
    <Task>3</Task>
    <Opcode>0</Opcode>
    <Keywords>0x8000000000000000</Keywords>
    <TimeCreated SystemTime="2024-03-04T15:14:21.5669880Z"/>
    <EventRecordID>515134</EventRecordID>
    <Correlation/>
    <Execution ProcessID="2620" ThreadID="2068"/>
    <Channel>Microsoft-Windows-Sysmon/Operational</Channel>
    <Computer>WS-01.alderwoodpartners.com</Computer>
    <Security UserID="S-1-5-18"/>
  </System>
  <EventData>
    
    <Data Name="RuleName">-</Data>
    <Data Name="UtcTime">2024-03-04 15:14:21.561</Data>
    <Data Name="ProcessGuid">{641a7f09-46ec-65be-6200-0010b9fc7c2a}</Data>
    <Data Name="ProcessId">2176</Data>
    <Data Name="Image">C:\Windows\System32\svchost.exe</Data>
    <Data Name="User">NT AUTHORITY\LOCAL SERVICE</Data>
    <Data Name="Protocol">udp</Data>
    <Data Name="Initiated">true</Data>
    <Data Name="SourceIsIpv6">false</Data>
    <Data Name="SourceIp">10.40.12.11</Data>
    <Data Name="SourceHostname">WS-01.alderwoodpartners.com</Data>
    <Data Name="SourcePort">51658</Data>
    <Data Name="SourcePortName">-</Data>
    <Data Name="DestinationIsIpv6">false</Data>
    <Data Name="DestinationIp">1.1.1.1</Data>
    <Data Name="DestinationHostname">-</Data>
    <Data Name="DestinationPort">53</Data>
    <Data Name="DestinationPortName">domain</Data>
    
  </EventData>
</Event>
<Event xmlns="http://schemas.microsoft.com/win/2004/08/events/event">
  <System>
    <Provider Name="Microsoft-Windows-Sysmon" Guid="{5770385f-c22a-43e0-bf4c-06f5698ffbd9}"/>
    <EventID>22</EventID>
    <Version>5</Version>
    <Level>4</Level>
    <Task>22</Task>
    <Opcode>0</Opcode>
    <Keywords>0x8000000000000000</Keywords>
    <TimeCreated SystemTime="2024-03-04T15:26:06.1557938Z"/>
    <EventRecordID>515139</EventRecordID>
    <Correlation/>
    <Execution ProcessID="2620" ThreadID="1884"/>
    <Channel>Microsoft-Windows-Sysmon/Operational</Channel>
    <Computer>WS-01.alderwoodpartners.com</Computer>
    <Security UserID="S-1-5-18"/>
  </System>
  <EventData>
    
    <Data Name="RuleName">-</Data>
    <Data Name="UtcTime">2024-03-04 15:26:06.155</Data>
    <Data Name="ProcessGuid">{641a7f09-dd9d-65e5-c400-00106cd8cc38}</Data>
    <Data Name="ProcessId">3852</Data>
    <Data Name="QueryName">news.ycombinator.com</Data>
    <Data Name="QueryStatus">0</Data>
    <Data Name="QueryResults">209.216.230.240;</Data>
    <Data Name="Image">C:\Program Files\Google\Chrome\Application\chrome.exe</Data>
    <Data Name="User">ALDERWOODPARTNERS\dana.whitfield</Data>
    
  </EventData>
</Event>
<Event xmlns="http://schemas.microsoft.com/win/2004/08/events/event">
  <System>
    <Provider Name="Microsoft-Windows-Sysmon" Guid="{5770385f-c22a-43e0-bf4c-06f5698ffbd9}"/>
    <EventID>22</EventID>
    <Version>5</Version>
    <Level>4</Level>
    <Task>22</Task>
    <Opcode>0</Opcode>
    <Keywords>0x8000000000000000</Keywords>
    <TimeCreated SystemTime="2024-03-04T15:27:22.3079105Z"/>
    <EventRecordID>515140</EventRecordID>
    <Correlation/>
    <Execution ProcessID="2620" ThreadID="2068"/>
    <Channel>Microsoft-Windows-Sysmon/Operational</Channel>
    <Computer>WS-01.alderwoodpartners.com</Computer>
    <Security UserID="S-1-5-18"/>
  </System>
  <EventData>
    
    <Data Name="RuleName">-</Data>
    <Data Name="UtcTime">2024-03-04 15:27:22.303</Data>
    <Data Name="ProcessGuid">{641a7f09-46eb-65be-ba02-000026f61fe0}</Data>
    <Data Name="ProcessId">2156</Data>
    <Data Name="QueryName">updates.paloaltonetworks.com</Data>
    <Data Name="QueryStatus">0</Data>
    <Data Name="QueryResults">199.167.52.137;199.167.52.138;</Data>
    <Data Name="Image">C:\Windows\System32\svchost.exe</Data>
    <Data Name="User">NT AUTHORITY\NETWORK SERVICE</Data>
    
  </EventData>
</Event>
<Event xmlns="http://schemas.microsoft.com/win/2004/08/events/event">
  <System>
    <Provider Name="Microsoft-Windows-Sysmon" Guid="{5770385f-c22a-43e0-bf4c-06f5698ffbd9}"/>
    <EventID>22</EventID>
    <Version>5</Version>
    <Level>4</Level>
    <Task>22</Task>
    <Opcode>0</Opcode>
    <Keywords>0x8000000000000000</Keywords>
    <TimeCreated SystemTime="2024-03-04T15:28:06.4908031Z"/>
    <EventRecordID>515142</EventRecordID>
    <Correlation/>
    <Execution ProcessID="2620" ThreadID="1884"/>
    <Channel>Microsoft-Windows-Sysmon/Operational</Channel>
    <Computer>WS-01.alderwoodpartners.com</Computer>
    <Security UserID="S-1-5-18"/>
  </System>
  <EventData>
    
    <Data Name="RuleName">-</Data>
    <Data Name="UtcTime">2024-03-04 15:28:06.489</Data>
    <Data Name="ProcessGuid">{641a7f09-46eb-65be-ba02-000026f61fe0}</Data>
    <Data Name="ProcessId">2156</Data>
    <Data Name="QueryName">updates.paloaltonetworks.com</Data>
    <Data Name="QueryStatus">0</Data>
    <Data Name="QueryResults">199.167.52.137;199.167.52.138;</Data>
    <Data Name="Image">C:\Windows\System32\svchost.exe</Data>
    <Data Name="User">NT AUTHORITY\NETWORK SERVICE</Data>
    
  </EventData>
</Event>
<Event xmlns="http://schemas.microsoft.com/win/2004/08/events/event">
  <System>
    <Provider Name="Microsoft-Windows-Sysmon" Guid="{5770385f-c22a-43e0-bf4c-06f5698ffbd9}"/>
    <EventID>3</EventID>
    <Version>5</Version>
    <Level>4</Level>
    <Task>3</Task>
    <Opcode>0</Opcode>
    <Keywords>0x8000000000000000</Keywords>
    <TimeCreated SystemTime="2024-03-04T15:28:08.4832014Z"/>
    <EventRecordID>515143</EventRecordID>
    <Correlation/>
    <Execution ProcessID="2620" ThreadID="3392"/>
    <Channel>Microsoft-Windows-Sysmon/Operational</Channel>
    <Computer>WS-01.alderwoodpartners.com</Computer>
    <Security UserID="S-1-5-18"/>
  </System>
  <EventData>
    
    <Data Name="RuleName">-</Data>
    <Data Name="UtcTime">2024-03-04 15:28:08.481</Data>
    <Data Name="ProcessGuid">{641a7f09-46eb-65be-ba02-000026f61fe0}</Data>
    <Data Name="ProcessId">2156</Data>
    <Data Name="Image">C:\Windows\System32\svchost.exe</Data>
    <Data Name="User">NT AUTHORITY\NETWORK SERVICE</Data>
    <Data Name="Protocol">tcp</Data>
    <Data Name="Initiated">true</Data>
    <Data Name="SourceIsIpv6">false</Data>
    <Data Name="SourceIp">10.40.12.11</Data>
    <Data Name="SourceHostname">WS-01.alderwoodpartners.com</Data>
    <Data Name="SourcePort">49694</Data>
    <Data Name="SourcePortName">-</Data>
    <Data Name="DestinationIsIpv6">false</Data>
    <Data Name="DestinationIp">199.167.52.137</Data>
    <Data Name="DestinationHostname">updates.paloaltonetworks.com</Data>
    <Data Name="DestinationPort">443</Data>
    <Data Name="DestinationPortName">https</Data>
    
  </EventData>
</Event>
<Event xmlns="http://schemas.microsoft.com/win/2004/08/events/event">
  <System>
    <Provider Name="Microsoft-Windows-Sysmon" Guid="{5770385f-c22a-43e0-bf4c-06f5698ffbd9}"/>
    <EventID>22</EventID>
    <Version>5</Version>
    <Level>4</Level>
    <Task>22</Task>
    <Opcode>0</Opcode>
    <Keywords>0x8000000000000000</Keywords>
    <TimeCreated SystemTime="2024-03-04T15:28:23.7117321Z"/>
    <EventRecordID>515144</EventRecordID>
    <Correlation/>
    <Execution ProcessID="2620" ThreadID="3392"/>
    <Channel>Microsoft-Windows-Sysmon/Operational</Channel>
    <Computer>WS-01.alderwoodpartners.com</Computer>
    <Security UserID="S-1-5-18"/>
  </System>
  <EventData>
    
    <Data Name="RuleName">-</Data>
    <Data Name="UtcTime">2024-03-04 15:28:23.711</Data>
    <Data Name="ProcessGuid">{641a7f09-46eb-65be-ba02-000026f61fe0}</Data>
    <Data Name="ProcessId">2156</Data>
    <Data Name="QueryName">ctldl.windowsupdate.com</Data>
    <Data Name="QueryStatus">0</Data>
    <Data Name="QueryResults">52.114.128.40;52.114.132.73;</Data>
    <Data Name="Image">C:\Windows\System32\svchost.exe</Data>
    <Data Name="User">NT AUTHORITY\NETWORK SERVICE</Data>
    
  </EventData>
</Event>
<Event xmlns="http://schemas.microsoft.com/win/2004/08/events/event">
  <System>
    <Provider Name="Microsoft-Windows-Sysmon" Guid="{5770385f-c22a-43e0-bf4c-06f5698ffbd9}"/>
    <EventID>22</EventID>
    <Version>5</Version>
    <Level>4</Level>
    <Task>22</Task>
    <Opcode>0</Opcode>
    <Keywords>0x8000000000000000</Keywords>
    <TimeCreated SystemTime="2024-03-04T15:28:49.4527277Z"/>
    <EventRecordID>515145</EventRecordID>
    <Correlation/>
    <Execution ProcessID="2620" ThreadID="3392"/>
    <Channel>Microsoft-Windows-Sysmon/Operational</Channel>
    <Computer>WS-01.alderwoodpartners.com</Computer>
    <Security UserID="S-1-5-18"/>
  </System>
  <EventData>
    
    <Data Name="RuleName">-</Data>
    <Data Name="UtcTime">2024-03-04 15:28:49.451</Data>
    <Data Name="ProcessGuid">{641a7f09-46eb-65be-ba02-000026f61fe0}</Data>
    <Data Name="ProcessId">2156</Data>
    <Data Name="QueryName">ctldl.windowsupdate.com</Data>
    <Data Name="QueryStatus">0</Data>
    <Data Name="QueryResults">52.114.128.40;52.114.132.73;</Data>
    <Data Name="Image">C:\Windows\System32\svchost.exe</Data>
    <Data Name="User">NT AUTHORITY\NETWORK SERVICE</Data>
    
  </EventData>
</Event>
<Event xmlns="http://schemas.microsoft.com/win/2004/08/events/event">
  <System>
    <Provider Name="Microsoft-Windows-Sysmon" Guid="{5770385f-c22a-43e0-bf4c-06f5698ffbd9}"/>
    <EventID>22</EventID>
    <Version>5</Version>
    <Level>4</Level>
    <Task>22</Task>
    <Opcode>0</Opcode>
    <Keywords>0x8000000000000000</Keywords>
    <TimeCreated SystemTime="2024-03-04T15:28:49.7041274Z"/>
    <EventRecordID>515146</EventRecordID>
    <Correlation/>
    <Execution ProcessID="2620" ThreadID="2068"/>
    <Channel>Microsoft-Windows-Sysmon/Operational</Channel>
    <Computer>WS-01.alderwoodpartners.com</Computer>
    <Security UserID="S-1-5-18"/>
  </System>
  <EventData>
    
    <Data Name="RuleName">-</Data>
    <Data Name="UtcTime">2024-03-04 15:28:49.703</Data>
    <Data Name="ProcessGuid">{641a7f09-46eb-65be-ba02-000026f61fe0}</Data>
    <Data Name="ProcessId">2156</Data>
    <Data Name="QueryName">ctldl.windowsupdate.com</Data>
    <Data Name="QueryStatus">0</Data>
    <Data Name="QueryResults">2620:1ec:46::40;</Data>
    <Data Name="Image">C:\Windows\System32\svchost.exe</Data>
    <Data Name="User">NT AUTHORITY\NETWORK SERVICE</Data>
    
  </EventData>
</Event>
<Event xmlns="http://schemas.microsoft.com/win/2004/08/events/event">
  <System>
    <Provider Name="Microsoft-Windows-Sysmon" Guid="{5770385f-c22a-43e0-bf4c-06f5698ffbd9}"/>
    <EventID>22</EventID>
    <Version>5</Version>
    <Level>4</Level>
    <Task>22</Task>
    <Opcode>0</Opcode>
    <Keywords>0x8000000000000000</Keywords>
    <TimeCreated SystemTime="2024-03-04T15:29:11.6518899Z"/>
    <EventRecordID>515147</EventRecordID>
    <Correlation/>
    <Execution ProcessID="2620" ThreadID="3392"/>
    <Channel>Microsoft-Windows-Sysmon/Operational</Channel>
    <Computer>WS-01.alderwoodpartners.com</Computer>
    <Security UserID="S-1-5-18"/>
  </System>
  <EventData>
    
    <Data Name="RuleName">-</Data>
    <Data Name="UtcTime">2024-03-04 15:29:11.649</Data>
    <Data Name="ProcessGuid">{641a7f09-46eb-65be-ba02-000026f61fe0}</Data>
    <Data Name="ProcessId">2156</Data>
    <Data Name="QueryName">ca.slack-edge.com</Data>
    <Data Name="QueryStatus">0</Data>
    <Data Name="QueryResults">34.237.160.44;34.237.160.45;</Data>
    <Data Name="Image">C:\Windows\System32\svchost.exe</Data>
    <Data Name="User">NT AUTHORITY\NETWORK SERVICE</Data>
    
  </EventData>
</Event>
<Event xmlns="http://schemas.microsoft.com/win/2004/08/events/event">
  <System>
    <Provider Name="Microsoft-Windows-Sysmon" Guid="{5770385f-c22a-43e0-bf4c-06f5698ffbd9}"/>
    <EventID>1</EventID>
    <Version>5</Version>
    <Level>4</Level>
    <Task>1</Task>
    <Opcode>0</Opcode>
    <Keywords>0x8000000000000000</Keywords>
    <TimeCreated SystemTime="2024-03-04T15:38:37.2141644Z"/>
    <EventRecordID>515151</EventRecordID>
    <Correlation/>
    <Execution ProcessID="2620" ThreadID="1884"/>
    <Channel>Microsoft-Windows-Sysmon/Operational</Channel>
    <Computer>WS-01.alderwoodpartners.com</Computer>
    <Security UserID="S-1-5-18"/>
  </System>
  <EventData>
    
    <Data Name="RuleName">-</Data>
    <Data Name="UtcTime">2024-03-04 15:38:37.213</Data>
    <Data Name="ProcessGuid">{641a7f09-eafd-65e5-5c00-0010794a809b}</Data>
    <Data Name="ProcessId">4048</Data>
    <Data Name="Image">C:\Program Files (x86)\Dropbox\Update\DropboxUpdate.exe</Data>
    <Data Name="FileVersion">-</Data>
    <Data Name="Description">-</Data>
    <Data Name="Product">-</Data>
    <Data Name="Company">-</Data>
    <Data Name="OriginalFileName">-</Data>
    <Data Name="CommandLine">DropboxUpdate.exe /svc</Data>
    <Data Name="CurrentDirectory">C:\Windows\System32\</Data>
    <Data Name="User">NT AUTHORITY\SYSTEM</Data>
    <Data Name="LogonGuid">{00000000-0000-0000-0000-000000000000}</Data>
    <Data Name="LogonId">0x3e7</Data>
    <Data Name="TerminalSessionId">0</Data>
    <Data Name="IntegrityLevel">System</Data>
    <Data Name="Hashes">SHA1=9C9553118846730CD57BE76D7FD1D6569396BDDD,MD5=28D8439028ABA7E4A3E3734E1C47A9CC,SHA256=C1E09E737846E713E9AC8D9DB04CB231377706742CC76F187A9C586FE4928980,IMPHASH=E3D92598470BD2B25DC52DD1D8A4CD13</Data>
    <Data Name="ParentProcessGuid">{641a7f09-46e4-65be-8e00-0000d760db59}</Data>
    <Data Name="ParentProcessId">2072</Data>
    <Data Name="ParentImage">C:\Windows\System32\services.exe</Data>
    <Data Name="ParentCommandLine">services.exe</Data>
    <Data Name="ParentUser">NT AUTHORITY\SYSTEM</Data>
    
  </EventData>
</Event>
<Event xmlns="http://schemas.microsoft.com/win/2004/08/events/event">
  <System>
    <Provider Name="Microsoft-Windows-Sysmon" Guid="{5770385f-c22a-43e0-bf4c-06f5698ffbd9}"/>
    <EventID>22</EventID>
    <Version>5</Version>
    <Level>4</Level>
    <Task>22</Task>
    <Opcode>0</Opcode>
    <Keywords>0x8000000000000000</Keywords>
    <TimeCreated SystemTime="2024-03-04T15:38:51.2947597Z"/>
    <EventRecordID>515152</EventRecordID>
    <Correlation/>
    <Execution ProcessID="2620" ThreadID="2068"/>
    <Channel>Microsoft-Windows-Sysmon/Operational</Channel>
    <Computer>WS-01.alderwoodpartners.com</Computer>
    <Security UserID="S-1-5-18"/>
  </System>
  <EventData>
    
    <Data Name="RuleName">-</Data>
    <Data Name="UtcTime">2024-03-04 15:38:51.281</Data>
    <Data Name="ProcessGuid">{641a7f09-dd9d-65e5-c400-00106cd8cc38}</Data>
    <Data Name="ProcessId">3852</Data>
    <Data Name="QueryName">isatap.alderwoodpartners.com</Data>
    <Data Name="QueryStatus">9003</Data>
    <Data Name="QueryResults">-</Data>
    <Data Name="Image">C:\Program Files\Google\Chrome\Application\chrome.exe</Data>
    <Data Name="User">ALDERWOODPARTNERS\dana.whitfield</Data>
    
  </EventData>
</Event>
<Event xmlns="http://schemas.microsoft.com/win/2004/08/events/event">
  <System>
    <Provider Name="Microsoft-Windows-Sysmon" Guid="{5770385f-c22a-43e0-bf4c-06f5698ffbd9}"/>
    <EventID>22</EventID>
    <Version>5</Version>
    <Level>4</Level>
    <Task>22</Task>
    <Opcode>0</Opcode>
    <Keywords>0x8000000000000000</Keywords>
    <TimeCreated SystemTime="2024-03-04T15:38:52.0212085Z"/>
    <EventRecordID>515153</EventRecordID>
    <Correlation/>
    <Execution ProcessID="2620" ThreadID="2068"/>
    <Channel>Microsoft-Windows-Sysmon/Operational</Channel>
    <Computer>WS-01.alderwoodpartners.com</Computer>
    <Security UserID="S-1-5-18"/>
  </System>
  <EventData>
    
    <Data Name="RuleName">-</Data>
    <Data Name="UtcTime">2024-03-04 15:38:52.013</Data>
    <Data Name="ProcessGuid">{641a7f09-dd9d-65e5-c400-00106cd8cc38}</Data>
    <Data Name="ProcessId">3852</Data>
    <Data Name="QueryName">spoprod-a.akamaihd.net</Data>
    <Data Name="QueryStatus">0</Data>
    <Data Name="QueryResults">23.45.101.61;23.45.101.60;</Data>
    <Data Name="Image">C:\Program Files\Google\Chrome\Application\chrome.exe</Data>
    <Data Name="User">ALDERWOODPARTNERS\dana.whitfield</Data>
    
  </EventData>
</Event>
<Event xmlns="http://schemas.microsoft.com/win/2004/08/events/event">
  <System>
    <Provider Name="Microsoft-Windows-Sysmon" Guid="{5770385f-c22a-43e0-bf4c-06f5698ffbd9}"/>
    <EventID>1</EventID>
    <Version>5</Version>
    <Level>4</Level>
    <Task>1</Task>
    <Opcode>0</Opcode>
    <Keywords>0x8000000000000000</Keywords>
    <TimeCreated SystemTime="2024-03-04T15:39:35.8232373Z"/>
    <EventRecordID>515155</EventRecordID>
    <Correlation/>
    <Execution ProcessID="2620" ThreadID="1884"/>
    <Channel>Microsoft-Windows-Sysmon/Operational</Channel>
    <Computer>WS-01.alderwoodpartners.com</Computer>
    <Security UserID="S-1-5-18"/>
  </System>
  <EventData>
    
    <Data Name="RuleName">-</Data>
    <Data Name="UtcTime">2024-03-04 15:39:35.822</Data>
    <Data Name="ProcessGuid">{641a7f09-eb37-65e5-2b00-0000056f0fac}</Data>
    <Data Name="ProcessId">4072</Data>
    <Data Name="Image">C:\Program Files (x86)\Dropbox\Update\DropboxUpdate.exe</Data>
    <Data Name="FileVersion">-</Data>
    <Data Name="Description">-</Data>
    <Data Name="Product">-</Data>
    <Data Name="Company">-</Data>
    <Data Name="OriginalFileName">-</Data>
    <Data Name="CommandLine">DropboxUpdate.exe /svc</Data>
    <Data Name="CurrentDirectory">C:\Windows\System32\</Data>
    <Data Name="User">NT AUTHORITY\SYSTEM</Data>
    <Data Name="LogonGuid">{00000000-0000-0000-0000-000000000000}</Data>
    <Data Name="LogonId">0x3e7</Data>
    <Data Name="TerminalSessionId">0</Data>
    <Data Name="IntegrityLevel">System</Data>
    <Data Name="Hashes">SHA1=9C9553118846730CD57BE76D7FD1D6569396BDDD,MD5=28D8439028ABA7E4A3E3734E1C47A9CC,SHA256=C1E09E737846E713E9AC8D9DB04CB231377706742CC76F187A9C586FE4928980,IMPHASH=E3D92598470BD2B25DC52DD1D8A4CD13</Data>
    <Data Name="ParentProcessGuid">{641a7f09-46e4-65be-8e00-0000d760db59}</Data>
    <Data Name="ParentProcessId">2072</Data>
    <Data Name="ParentImage">C:\Windows\System32\services.exe</Data>
    <Data Name="ParentCommandLine">services.exe</Data>
    <Data Name="ParentUser">NT AUTHORITY\SYSTEM</Data>
    
  </EventData>
</Event>
<Event xmlns="http://schemas.microsoft.com/win/2004/08/events/event">
  <System>
    <Provider Name="Microsoft-Windows-Sysmon" Guid="{5770385f-c22a-43e0-bf4c-06f5698ffbd9}"/>
    <EventID>5</EventID>
    <Version>3</Version>
    <Level>4</Level>
    <Task>5</Task>
    <Opcode>0</Opcode>
    <Keywords>0x8000000000000000</Keywords>
    <TimeCreated SystemTime="2024-03-04T15:39:42.4016225Z"/>
    <EventRecordID>515156</EventRecordID>
    <Correlation/>
    <Execution ProcessID="2620" ThreadID="1884"/>
    <Channel>Microsoft-Windows-Sysmon/Operational</Channel>
    <Computer>WS-01.alderwoodpartners.com</Computer>
    <Security UserID="S-1-5-18"/>
  </System>
  <EventData>
    
    <Data Name="RuleName">-</Data>
    <Data Name="UtcTime">2024-03-04 15:39:42.401</Data>
    <Data Name="ProcessGuid">{641a7f09-eafd-65e5-5c00-0010794a809b}</Data>
    <Data Name="ProcessId">4048</Data>
    <Data Name="Image">C:\Program Files (x86)\Dropbox\Update\DropboxUpdate.exe</Data>
    <Data Name="User">NT AUTHORITY\SYSTEM</Data>
    
  </EventData>
</Event>
<Event xmlns="http://schemas.microsoft.com/win/2004/08/events/event">
  <System>
    <Provider Name="Microsoft-Windows-Sysmon" Guid="{5770385f-c22a-43e0-bf4c-06f5698ffbd9}"/>
    <EventID>5</EventID>
    <Version>3</Version>
    <Level>4</Level>
    <Task>5</Task>
    <Opcode>0</Opcode>
    <Keywords>0x8000000000000000</Keywords>
    <TimeCreated SystemTime="2024-03-04T15:44:19.0439736Z"/>
    <EventRecordID>515158</EventRecordID>
    <Correlation/>
    <Execution ProcessID="2620" ThreadID="2068"/>
    <Channel>Microsoft-Windows-Sysmon/Operational</Channel>
    <Computer>WS-01.alderwoodpartners.com</Computer>
    <Security UserID="S-1-5-18"/>
  </System>
  <EventData>
    
    <Data Name="RuleName">-</Data>
    <Data Name="UtcTime">2024-03-04 15:44:19.043</Data>
    <Data Name="ProcessGuid">{641a7f09-eb37-65e5-2b00-0000056f0fac}</Data>
    <Data Name="ProcessId">4072</Data>
    <Data Name="Image">C:\Program Files (x86)\Dropbox\Update\DropboxUpdate.exe</Data>
    <Data Name="User">NT AUTHORITY\SYSTEM</Data>
    
  </EventData>
</Event>
