<Event xmlns="http://schemas.microsoft.com/win/2004/08/events/event">
  <System>
    <Provider Name="Microsoft-Windows-Sysmon" Guid="{5770385f-c22a-43e0-bf4c-06f5698ffbd9}"/>
    <EventID>10</EventID>
    <Version>3</Version>
    <Level>4</Level>
    <Task>10</Task>
    <Opcode>0</Opcode>
    <Keywords>0x8000000000000000</Keywords>
    <TimeCreated SystemTime="2024-03-04T14:54:40.7189250Z"/>
    <EventRecordID>43906</EventRecordID>
    <Correlation/>
    <Execution ProcessID="1828" ThreadID="3784"/>
    <Channel>Microsoft-Windows-Sysmon/Operational</Channel>
    <Computer>WS-02.alderwoodpartners.com</Computer>
    <Security UserID="S-1-5-18"/>
  </System>
  <EventData>
    
    <Data Name="RuleName">-</Data>
    <Data Name="UtcTime">2024-03-04 14:54:40.717</Data>
    <Data Name="SourceProcessGUID">{d6e97cde-a4fc-65d8-0700-001084ea293f}</Data>
    <Data Name="SourceProcessId">5632</Data>
    <Data Name="SourceThreadId">20148</Data>
    <Data Name="SourceImage">C:\ProgramData\Microsoft\Windows Defender\Platform\4.18.24010.12-0\MpCmdRun.exe</Data>
    <Data Name="TargetProcessGUID">{d6e97cde-a4f7-65d8-6402-0000758d76b2}</Data>
    <Data Name="TargetProcessId">5572</Data>
    <Data Name="TargetImage">C:\ProgramData\Microsoft\Windows Defender\Platform\4.18.24010.12-0\MsMpEng.exe</Data>
    <Data Name="GrantedAccess">0x1010</Data>
    <Data Name="CallTrace">C:\Windows\SYSTEM32\ntdll.dll+9CAB3|C:\Windows\SYSTEM32\KERNELBASE.dll+2CD87|C:\Windows\SYSTEM32\advapi32.dll+4B70B</Data>
    <Data Name="SourceUser">NT AUTHORITY\SYSTEM</Data>
    <Data Name="TargetUser">NT AUTHORITY\SYSTEM</Data>
    
  </EventData>
</Event>
<Event xmlns="http://schemas.microsoft.com/win/2004/08/events/event">
  <System>
    <Provider Name="Microsoft-Windows-Sysmon" Guid="{5770385f-c22a-43e0-bf4c-06f5698ffbd9}"/>
    <EventID>1</EventID>
    <Version>5</Version>
    <Level>4</Level>
    <Task>1</Task>
    <Opcode>0</Opcode>
    <Keywords>0x8000000000000000</Keywords>
    <TimeCreated SystemTime="2024-03-04T14:59:04.7122015Z"/>
    <EventRecordID>43912</EventRecordID>
    <Correlation/>
    <Execution ProcessID="1828" ThreadID="3784"/>
    <Channel>Microsoft-Windows-Sysmon/Operational</Channel>
    <Computer>WS-02.alderwoodpartners.com</Computer>
    <Security UserID="S-1-5-18"/>
  </System>
  <EventData>
    
    <Data Name="RuleName">-</Data>
    <Data Name="UtcTime">2024-03-04 14:59:04.711</Data>
    <Data Name="ProcessGuid">{d6e97cde-e1b8-65e5-b500-001065d7589b}</Data>
    <Data Name="ProcessId">6544</Data>
    <Data Name="Image">C:\Windows\System32\wbem\WmiPrvSE.exe</Data>
    <Data Name="FileVersion">10.0.22621.1</Data>
    <Data Name="Description">WMI Provider Host</Data>
    <Data Name="Product">Microsoft Windows Operating System</Data>
    <Data Name="Company">Microsoft Corporation</Data>
    <Data Name="OriginalFileName">WmiPrvSE.exe</Data>
    <Data Name="CommandLine">WmiPrvSE.exe -Embedding</Data>
    <Data Name="CurrentDirectory">C:\Windows\System32\</Data>
    <Data Name="User">NT AUTHORITY\SYSTEM</Data>
    <Data Name="LogonGuid">{00000000-0000-0000-0000-000000000000}</Data>
    <Data Name="LogonId">0x3e7</Data>
    <Data Name="TerminalSessionId">0</Data>
    <Data Name="IntegrityLevel">System</Data>
    <Data Name="Hashes">SHA1=46ED812F7B5C135F9B5C3B57477D88A786683FF2,MD5=AAEAE0631E80D5742B02ED7046F7C425,SHA256=894ABE128AA86E96E7CD29A302C0E058BF88455F7D54C53BF1C01C3669D49661,IMPHASH=2AF1A337C33BBA81DFC20C21850217EF</Data>
    <Data Name="ParentProcessGuid">{d6e97cde-a4ec-65d8-6e02-0000142d51c7}</Data>
    <Data Name="ParentProcessId">5444</Data>
    <Data Name="ParentImage">C:\Windows\System32\svchost.exe</Data>
    <Data Name="ParentCommandLine">svchost.exe -k DcomLaunch</Data>
    <Data Name="ParentUser">NT AUTHORITY\SYSTEM</Data>
    
  </EventData>
</Event>
<Event xmlns="http://schemas.microsoft.com/win/2004/08/events/event">
  <System>
    <Provider Name="Microsoft-Windows-Sysmon" Guid="{5770385f-c22a-43e0-bf4c-06f5698ffbd9}"/>
    <EventID>10</EventID>
    <Version>3</Version>
    <Level>4</Level>
    <Task>10</Task>
    <Opcode>0</Opcode>
    <Keywords>0x8000000000000000</Keywords>
    <TimeCreated SystemTime="2024-03-04T15:00:36.8462426Z"/>
    <EventRecordID>43914</EventRecordID>
    <Correlation/>
    <Execution ProcessID="1828" ThreadID="2760"/>
    <Channel>Microsoft-Windows-Sysmon/Operational</Channel>
    <Computer>WS-02.alderwoodpartners.com</Computer>
    <Security UserID="S-1-5-18"/>
  </System>
  <EventData>
    
    <Data Name="RuleName">-</Data>
    <Data Name="UtcTime">2024-03-04 15:00:36.842</Data>
    <Data Name="SourceProcessGUID">{d6e97cde-a4e4-65d8-1002-0010fb9e2d8b}</Data>
    <Data Name="SourceProcessId">5404</Data>
    <Data Name="SourceThreadId">19620</Data>
    <Data Name="SourceImage">C:\Windows\System32\csrss.exe</Data>
    <Data Name="TargetProcessGUID">{d6e97cde-a4e9-65d8-1700-00008cd41e46}</Data>
    <Data Name="TargetProcessId">5428</Data>
    <Data Name="TargetImage">C:\Windows\System32\lsass.exe</Data>
    <Data Name="GrantedAccess">0x1000</Data>
    <Data Name="CallTrace">C:\Windows\SYSTEM32\ntdll.dll+9E36D</Data>
    <Data Name="SourceUser">NT AUTHORITY\SYSTEM</Data>
    <Data Name="TargetUser">NT AUTHORITY\SYSTEM</Data>
    
  </EventData>
</Event>
<Event xmlns="http://schemas.microsoft.com/win/2004/08/events/event">
  <System>
    <Provider Name="Microsoft-Windows-Sysmon" Guid="{5770385f-c22a-43e0-bf4c-06f5698ffbd9}"/>
    <EventID>22</EventID>
    <Version>5</Version>
    <Level>4</Level>
    <Task>22</Task>
    <Opcode>0</Opcode>
    <Keywords>0x8000000000000000</Keywords>
    <TimeCreated SystemTime="2024-03-04T15:07:32.8855135Z"/>
    <EventRecordID>43938</EventRecordID>
    <Correlation/>
    <Execution ProcessID="1828" ThreadID="2760"/>
    <Channel>Microsoft-Windows-Sysmon/Operational</Channel>
    <Computer>WS-02.alderwoodpartners.com</Computer>
    <Security UserID="S-1-5-18"/>
  </System>
  <EventData>
    
    <Data Name="RuleName">-</Data>
    <Data Name="UtcTime">2024-03-04 15:07:32.884</Data>
    <Data Name="ProcessGuid">{d6e97cde-a4ef-65d8-0002-00009351f939}</Data>
    <Data Name="ProcessId">5456</Data>
    <Data Name="QueryName">login.service-now.com</Data>
    <Data Name="QueryStatus">0</Data>
    <Data Name="QueryResults">149.96.18.45;149.96.19.45;</Data>
    <Data Name="Image">C:\Windows\System32\svchost.exe</Data>
    <Data Name="User">NT AUTHORITY\NETWORK SERVICE</Data>
    
  </EventData>
</Event>
<Event xmlns="http://schemas.microsoft.com/win/2004/08/events/event">
  <System>
    <Provider Name="Microsoft-Windows-Sysmon" Guid="{5770385f-c22a-43e0-bf4c-06f5698ffbd9}"/>
    <EventID>10</EventID>
    <Version>3</Version>
    <Level>4</Level>
    <Task>10</Task>
    <Opcode>0</Opcode>
    <Keywords>0x8000000000000000</Keywords>
    <TimeCreated SystemTime="2024-03-04T15:14:57.3081213Z"/>
    <EventRecordID>43956</EventRecordID>
    <Correlation/>
    <Execution ProcessID="1828" ThreadID="2760"/>
    <Channel>Microsoft-Windows-Sysmon/Operational</Channel>
    <Computer>WS-02.alderwoodpartners.com</Computer>
    <Security UserID="S-1-5-18"/>
  </System>
  <EventData>
    
    <Data Name="RuleName">-</Data>
    <Data Name="UtcTime">2024-03-04 15:14:57.307</Data>
    <Data Name="SourceProcessGUID">{d6e97cde-a4e7-65d8-f802-00109dbe6025}</Data>
    <Data Name="SourceProcessId">5420</Data>
    <Data Name="SourceThreadId">19704</Data>
    <Data Name="SourceImage">C:\Windows\System32\services.exe</Data>
    <Data Name="TargetProcessGUID">{d6e97cde-a4e9-65d8-1700-00008cd41e46}</Data>
    <Data Name="TargetProcessId">5428</Data>
    <Data Name="TargetImage">C:\Windows\System32\lsass.exe</Data>
    <Data Name="GrantedAccess">0x1000</Data>
    <Data Name="CallTrace">C:\Windows\SYSTEM32\ntdll.dll+9D636|C:\Windows\SYSTEM32\KERNELBASE.dll+2D43F|C:\Windows\SYSTEM32\sechost.dll+1241F</Data>
    <Data Name="SourceUser">NT AUTHORITY\SYSTEM</Data>
    <Data Name="TargetUser">NT AUTHORITY\SYSTEM</Data>
    
  </EventData>
</Event>
<Event xmlns="http://schemas.microsoft.com/win/2004/08/events/event">
  <System>
    <Provider Name="Microsoft-Windows-Sysmon" Guid="{5770385f-c22a-43e0-bf4c-06f5698ffbd9}"/>
    <EventID>10</EventID>
    <Version>3</Version>
    <Level>4</Level>
    <Task>10</Task>
    <Opcode>0</Opcode>
    <Keywords>0x8000000000000000</Keywords>
    <TimeCreated SystemTime="2024-03-04T15:16:05.5014971Z"/>
    <EventRecordID>43962</EventRecordID>
    <Correlation/>
    <Execution ProcessID="1828" ThreadID="1860"/>
    <Channel>Microsoft-Windows-Sysmon/Operational</Channel>
    <Computer>WS-02.alderwoodpartners.com</Computer>
    <Security UserID="S-1-5-18"/>
  </System>
  <EventData>
    
    <Data Name="RuleName">-</Data>
    <Data Name="UtcTime">2024-03-04 15:16:05.500</Data>
    <Data Name="SourceProcessGUID">{d6e97cde-a4f8-65d8-8002-0010f1d636b8}</Data>
    <Data Name="SourceProcessId">5576</Data>
    <Data Name="SourceThreadId">20068</Data>
    <Data Name="SourceImage">C:\Windows\System32\SearchIndexer.exe</Data>
    <Data Name="TargetProcessGUID">{d6e97cde-a4fb-65d8-3700-0010301699ee}</Data>
    <Data Name="TargetProcessId">5628</Data>
    <Data Name="TargetImage">C:\Windows\System32\SearchProtocolHost.exe</Data>
    <Data Name="GrantedAccess">0x0400</Data>
    <Data Name="CallTrace">C:\Windows\SYSTEM32\ntdll.dll+9D0CC|C:\Windows\SYSTEM32\KERNELBASE.dll+2D1C8</Data>
    <Data Name="SourceUser">NT AUTHORITY\SYSTEM</Data>
    <Data Name="TargetUser">NT AUTHORITY\SYSTEM</Data>
    
  </EventData>
</Event>
<Event xmlns="http://schemas.microsoft.com/win/2004/08/events/event">
  <System>
    <Provider Name="Microsoft-Windows-Sysmon" Guid="{5770385f-c22a-43e0-bf4c-06f5698ffbd9}"/>
    <EventID>1</EventID>
    <Version>5</Version>
    <Level>4</Level>
    <Task>1</Task>
    <Opcode>0</Opcode>
    <Keywords>0x8000000000000000</Keywords>
    <TimeCreated SystemTime="2024-03-04T15:16:17.1791511Z"/>
    <EventRecordID>43963</EventRecordID>
    <Correlation/>
    <Execution ProcessID="1828" ThreadID="3784"/>
    <Channel>Microsoft-Windows-Sysmon/Operational</Channel>
    <Computer>WS-02.alderwoodpartners.com</Computer>
    <Security UserID="S-1-5-18"/>
  </System>
  <EventData>
    
    <Data Name="RuleName">-</Data>
    <Data Name="UtcTime">2024-03-04 15:16:17.178</Data>
    <Data Name="ProcessGuid">{d6e97cde-e5c1-65e5-c700-0010c203ef44}</Data>
    <Data Name="ProcessId">6680</Data>
    <Data Name="Image">C:\Windows\System32\conhost.exe</Data>
    <Data Name="FileVersion">10.0.22621.1</Data>
    <Data Name="Description">Console Window Host</Data>
    <Data Name="Product">Microsoft Windows Operating System</Data>
    <Data Name="Company">Microsoft Corporation</Data>
    <Data Name="OriginalFileName">conhost.exe</Data>
    <Data Name="CommandLine">\??\C:\Windows\system32\conhost.exe 0xffffffff -ForceV1</Data>
    <Data Name="CurrentDirectory">C:\Windows\System32\</Data>
    <Data Name="User">NT AUTHORITY\SYSTEM</Data>
    <Data Name="LogonGuid">{00000000-0000-0000-0000-000000000000}</Data>
    <Data Name="LogonId">0x3e7</Data>
    <Data Name="TerminalSessionId">0</Data>
    <Data Name="IntegrityLevel">System</Data>
    <Data Name="Hashes">SHA1=C5BD601C27AA1527E53242CF6DCE1C779AB58F54,MD5=C7180D6EF3169C4CFD9152F2E0F718D6,SHA256=14986A25CAF24462E361E0E3D07934E9926D2E0D36D1C8FEFCDE00AB59AF67C6,IMPHASH=8E63419D15B3090A0F7E22048F46A007</Data>
    <Data Name="ParentProcessGuid">{d6e97cde-a4e4-65d8-1002-0010fb9e2d8b}</Data>
    <Data Name="ParentProcessId">5404</Data>
    <Data Name="ParentImage">C:\Windows\System32\csrss.exe</Data>
    <Data Name="ParentCommandLine">csrss.exe</Data>
    <Data Name="ParentUser">NT AUTHORITY\SYSTEM</Data>
    
  </EventData>
</Event>
<Event xmlns="http://schemas.microsoft.com/win/2004/08/events/event">
  <System>
    <Provider Name="Microsoft-Windows-Sysmon" Guid="{5770385f-c22a-43e0-bf4c-06f5698ffbd9}"/>
    <EventID>5</EventID>
    <Version>3</Version>
    <Level>4</Level>
    <Task>5</Task>
    <Opcode>0</Opcode>
    <Keywords>0x8000000000000000</Keywords>
    <TimeCreated SystemTime="2024-03-04T15:16:19.9456507Z"/>
    <EventRecordID>43964</EventRecordID>
    <Correlation/>
    <Execution ProcessID="1828" ThreadID="3676"/>
    <Channel>Microsoft-Windows-Sysmon/Operational</Channel>
    <Computer>WS-02.alderwoodpartners.com</Computer>
    <Security UserID="S-1-5-18"/>
  </System>
  <EventData>
    
    <Data Name="RuleName">-</Data>
    <Data Name="UtcTime">2024-03-04 15:16:19.944</Data>
    <Data Name="ProcessGuid">{d6e97cde-e5c1-65e5-c700-0010c203ef44}</Data>
    <Data Name="ProcessId">6680</Data>
    <Data Name="Image">C:\Windows\System32\conhost.exe</Data>
    <Data Name="User">NT AUTHORITY\SYSTEM</Data>
    
  </EventData>
</Event>
<Event xmlns="http://schemas.microsoft.com/win/2004/08/events/event">
  <System>
    <Provider Name="Microsoft-Windows-Sysmon" Guid="{5770385f-c22a-43e0-bf4c-06f5698ffbd9}"/>
    <EventID>1</EventID>
    <Version>5</Version>
    <Level>4</Level>
    <Task>1</Task>
    <Opcode>0</Opcode>
    <Keywords>0x8000000000000000</Keywords>
    <TimeCreated SystemTime="2024-03-04T15:17:59.8140953Z"/>
    <EventRecordID>43968</EventRecordID>
    <Correlation/>
    <Execution ProcessID="1828" ThreadID="3784"/>
    <Channel>Microsoft-Windows-Sysmon/Operational</Channel>
    <Computer>WS-02.alderwoodpartners.com</Computer>
    <Security UserID="S-1-5-18"/>
  </System>
  <EventData>
    
    <Data Name="RuleName">-</Data>
    <Data Name="UtcTime">2024-03-04 15:17:59.812</Data>
    <Data Name="ProcessGuid">{d6e97cde-e627-65e5-3400-00005c83a35f}</Data>
    <Data Name="ProcessId">6664</Data>
    <Data Name="Image">C:\Windows\System32\SearchProtocolHost.exe</Data>
    <Data Name="FileVersion">10.0.22621.1</Data>
    <Data Name="Description">Microsoft Windows Search Protocol Host</Data>
    <Data Name="Product">Microsoft Windows Operating System</Data>
    <Data Name="Company">Microsoft Corporation</Data>
    <Data Name="OriginalFileName">SearchProtocolHost.exe</Data>
    <Data Name="CommandLine">SearchProtocolHost.exe Global\UsGthrFltPipeMssGthrPipe_S-1-5-21-371235759-513400749-677150092-5678 Global\UsGthrCtrlFltPipeMssGthrPipe_S-1-5-21-371235759-513400749-677150092-5678 1</Data>
    <Data Name="CurrentDirectory">C:\Windows\System32\</Data>
    <Data Name="User">NT AUTHORITY\SYSTEM</Data>
    <Data Name="LogonGuid">{00000000-0000-0000-0000-000000000000}</Data>
    <Data Name="LogonId">0x3e7</Data>
    <Data Name="TerminalSessionId">0</Data>
    <Data Name="IntegrityLevel">System</Data>
    <Data Name="Hashes">SHA1=43216957F6B1F6C0C1C954D1CFC7F9CE3FC72B60,MD5=BA242BD070D4A866C5D58169DB10ED02,SHA256=D48FE4EDB7B572D8CF8A37CD1AFC0882D88CA17A0BE3F4615C9E5A4F608E954A,IMPHASH=E495A5C3FEEEA98E32665B0ADE2B5A18</Data>
    <Data Name="ParentProcessGuid">{d6e97cde-a4f8-65d8-8002-0010f1d636b8}</Data>
    <Data Name="ParentProcessId">5576</Data>
    <Data Name="ParentImage">C:\Windows\System32\SearchIndexer.exe</Data>
    <Data Name="ParentCommandLine">SearchIndexer.exe</Data>
    <Data Name="ParentUser">NT AUTHORITY\SYSTEM</Data>
    
  </EventData>
</Event>
<Event xmlns="http://schemas.microsoft.com/win/2004/08/events/event">
  <System>
    <Provider Name="Microsoft-Windows-Sysmon" Guid="{5770385f-c22a-43e0-bf4c-06f5698ffbd9}"/>
    <EventID>10</EventID>
    <Version>3</Version>
    <Level>4</Level>
    <Task>10</Task>
    <Opcode>0</Opcode>
    <Keywords>0x8000000000000000</Keywords>
    <TimeCreated SystemTime="2024-03-04T15:23:25.3150901Z"/>
    <EventRecordID>43985</EventRecordID>
    <Correlation/>
    <Execution ProcessID="1828" ThreadID="3676"/>
    <Channel>Microsoft-Windows-Sysmon/Operational</Channel>
    <Computer>WS-02.alderwoodpartners.com</Computer>
    <Security UserID="S-1-5-18"/>
  </System>
  <EventData>
    
    <Data Name="RuleName">-</Data>
    <Data Name="UtcTime">2024-03-04 15:23:25.311</Data>
    <Data Name="SourceProcessGUID">{d6e97cde-a4f8-65d8-8002-0010f1d636b8}</Data>
    <Data Name="SourceProcessId">5576</Data>
    <Data Name="SourceThreadId">20068</Data>
    <Data Name="SourceImage">C:\Windows\System32\SearchIndexer.exe</Data>
    <Data Name="TargetProcessGUID">{d6e97cde-a4fb-65d8-3700-0010301699ee}</Data>
    <Data Name="TargetProcessId">5628</Data>
    <Data Name="TargetImage">C:\Windows\System32\SearchProtocolHost.exe</Data>
    <Data Name="GrantedAccess">0x1010</Data>
    <Data Name="CallTrace">C:\Windows\SYSTEM32\ntdll.dll+9C5AE|C:\Windows\SYSTEM32\RPCRT4.dll+7E9B4|C:\Windows\SYSTEM32\KERNELBASE.dll+2D2AE</Data>
    <Data Name="SourceUser">NT AUTHORITY\SYSTEM</Data>
    <Data Name="TargetUser">NT AUTHORITY\SYSTEM</Data>
    
  </EventData>
</Event>
<Event xmlns="http://schemas.microsoft.com/win/2004/08/events/event">
  <System>
    <Provider Name="Microsoft-Windows-Sysmon" Guid="{5770385f-c22a-43e0-bf4c-06f5698ffbd9}"/>
    <EventID>1</EventID>
    <Version>5</Version>
    <Level>4</Level>
    <Task>1</Task>
    <Opcode>0</Opcode>
    <Keywords>0x8000000000000000</Keywords>
    <TimeCreated SystemTime="2024-03-04T15:27:44.8941886Z"/>
    <EventRecordID>43991</EventRecordID>
    <Correlation/>
    <Execution ProcessID="1828" ThreadID="3676"/>
    <Channel>Microsoft-Windows-Sysmon/Operational</Channel>
    <Computer>WS-02.alderwoodpartners.com</Computer>
    <Security UserID="S-1-5-18"/>
  </System>
  <EventData>
    
    <Data Name="RuleName">-</Data>
    <Data Name="UtcTime">2024-03-04 15:27:44.893</Data>
    <Data Name="ProcessGuid">{d6e97cde-e870-65e5-9502-0010d58d9604}</Data>
    <Data Name="ProcessId">6696</Data>
    <Data Name="Image">C:\Windows\System32\usoclient.exe</Data>
    <Data Name="FileVersion">10.0.22621.1</Data>
    <Data Name="Description">Update Session Orchestrator</Data>
    <Data Name="Product">Microsoft Windows Operating System</Data>
    <Data Name="Company">Microsoft Corporation</Data>
    <Data Name="OriginalFileName">UsoClient.exe</Data>
    <Data Name="CommandLine">usoclient.exe StartInteractiveScan</Data>
    <Data Name="CurrentDirectory">C:\Windows\System32\</Data>
    <Data Name="User">NT AUTHORITY\SYSTEM</Data>
    <Data Name="LogonGuid">{00000000-0000-0000-0000-000000000000}</Data>
    <Data Name="LogonId">0x3e7</Data>
    <Data Name="TerminalSessionId">0</Data>
    <Data Name="IntegrityLevel">System</Data>
    <Data Name="Hashes">SHA1=DEAE519CC8D8C503A432813C4968754C52F6DB97,MD5=3A074B184BE25D823D3AF652979C2D04,SHA256=B2BBBB51C3AD901A06C19DB66A2DF647EB929A55B74D3BFA45F53A6D18BCD23B,IMPHASH=8F111E68C0A9D829ABC0486DDC0EBA9A</Data>
    <Data Name="ParentProcessGuid">{d6e97cde-a4f4-65d8-9e02-00009a4b05b7}</Data>
    <Data Name="ParentProcessId">5536</Data>
    <Data Name="ParentImage">C:\Windows\System32\svchost.exe</Data>
    <Data Name="ParentCommandLine">svchost.exe -k wusvcs</Data>
    <Data Name="ParentUser">NT AUTHORITY\SYSTEM</Data>
    
  </EventData>
</Event>
<Event xmlns="http://schemas.microsoft.com/win/2004/08/events/event">
  <System>
    <Provider Name="Microsoft-Windows-Sysmon" Guid="{5770385f-c22a-43e0-bf4c-06f5698ffbd9}"/>
    <EventID>5</EventID>
    <Version>3</Version>
    <Level>4</Level>
    <Task>5</Task>
    <Opcode>0</Opcode>
    <Keywords>0x8000000000000000</Keywords>
    <TimeCreated SystemTime="2024-03-04T15:28:45.2037447Z"/>
    <EventRecordID>43993</EventRecordID>
    <Correlation/>
    <Execution ProcessID="1828" ThreadID="3676"/>
    <Channel>Microsoft-Windows-Sysmon/Operational</Channel>
    <Computer>WS-02.alderwoodpartners.com</Computer>
    <Security UserID="S-1-5-18"/>
  </System>
  <EventData>
    
    <Data Name="RuleName">-</Data>
    <Data Name="UtcTime">2024-03-04 15:28:45.203</Data>
    <Data Name="ProcessGuid">{d6e97cde-e870-65e5-9502-0010d58d9604}</Data>
    <Data Name="ProcessId">6696</Data>
    <Data Name="Image">C:\Windows\System32\usoclient.exe</Data>
    <Data Name="User">NT AUTHORITY\SYSTEM</Data>
    
  </EventData>
</Event>
<Event xmlns="http://schemas.microsoft.com/win/2004/08/events/event">
  <System>
    <Provider Name="Microsoft-Windows-Sysmon" Guid="{5770385f-c22a-43e0-bf4c-06f5698ffbd9}"/>
    <EventID>1</EventID>
    <Version>5</Version>
    <Level>4</Level>
    <Task>1</Task>
    <Opcode>0</Opcode>
    <Keywords>0x8000000000000000</Keywords>
    <TimeCreated SystemTime="2024-03-04T15:30:51.0402584Z"/>
    <EventRecordID>44001</EventRecordID>
    <Correlation/>
    <Execution ProcessID="1828" ThreadID="3676"/>
    <Channel>Microsoft-Windows-Sysmon/Operational</Channel>
    <Computer>WS-02.alderwoodpartners.com</Computer>
    <Security UserID="S-1-5-18"/>
  </System>
  <EventData>
    
    <Data Name="RuleName">-</Data>
    <Data Name="UtcTime">2024-03-04 15:30:51.039</Data>
    <Data Name="ProcessGuid">{d6e97cde-e92b-65e5-1400-0000764d3045}</Data>
    <Data Name="ProcessId">6684</Data>
    <Data Name="Image">C:\Windows\System32\conhost.exe</Data>
    <Data Name="FileVersion">10.0.22621.1</Data>
    <Data Name="Description">Console Window Host</Data>
    <Data Name="Product">Microsoft Windows Operating System</Data>
    <Data Name="Company">Microsoft Corporation</Data>
    <Data Name="OriginalFileName">conhost.exe</Data>
    <Data Name="CommandLine">\??\C:\Windows\system32\conhost.exe 0xffffffff -ForceV1</Data>
    <Data Name="CurrentDirectory">C:\Windows\System32\</Data>
    <Data Name="User">NT AUTHORITY\SYSTEM</Data>
    <Data Name="LogonGuid">{00000000-0000-0000-0000-000000000000}</Data>
    <Data Name="LogonId">0x3e7</Data>
    <Data Name="TerminalSessionId">0</Data>
    <Data Name="IntegrityLevel">System</Data>
    <Data Name="Hashes">SHA1=C5BD601C27AA1527E53242CF6DCE1C779AB58F54,MD5=C7180D6EF3169C4CFD9152F2E0F718D6,SHA256=14986A25CAF24462E361E0E3D07934E9926D2E0D36D1C8FEFCDE00AB59AF67C6,IMPHASH=8E63419D15B3090A0F7E22048F46A007</Data>
    <Data Name="ParentProcessGuid">{d6e97cde-a4e4-65d8-1002-0010fb9e2d8b}</Data>
    <Data Name="ParentProcessId">5404</Data>
    <Data Name="ParentImage">C:\Windows\System32\csrss.exe</Data>
    <Data Name="ParentCommandLine">csrss.exe</Data>
    <Data Name="ParentUser">NT AUTHORITY\SYSTEM</Data>
    
  </EventData>
</Event>
<Event xmlns="http://schemas.microsoft.com/win/2004/08/events/event">
  <System>
    <Provider Name="Microsoft-Windows-Sysmon" Guid="{5770385f-c22a-43e0-bf4c-06f5698ffbd9}"/>
    <EventID>10</EventID>
    <Version>3</Version>
    <Level>4</Level>
    <Task>10</Task>
    <Opcode>0</Opcode>
    <Keywords>0x8000000000000000</Keywords>
    <TimeCreated SystemTime="2024-03-04T15:39:12.2871096Z"/>
    <EventRecordID>44020</EventRecordID>
    <Correlation/>
    <Execution ProcessID="1828" ThreadID="2760"/>
    <Channel>Microsoft-Windows-Sysmon/Operational</Channel>
    <Computer>WS-02.alderwoodpartners.com</Computer>
    <Security UserID="S-1-5-18"/>
  </System>
  <EventData>
    
    <Data Name="RuleName">-</Data>
    <Data Name="UtcTime">2024-03-04 15:39:12.286</Data>
    <Data Name="SourceProcessGUID">{d6e97cde-a4ef-65d8-0002-00009351f939}</Data>
    <Data Name="SourceProcessId">5456</Data>
    <Data Name="SourceThreadId">19840</Data>
    <Data Name="SourceImage">C:\Windows\System32\svchost.exe</Data>
    <Data Name="TargetProcessGUID">{d6e97cde-a4e9-65d8-1700-00008cd41e46}</Data>
    <Data Name="TargetProcessId">5428</Data>
    <Data Name="TargetImage">C:\Windows\System32\lsass.exe</Data>
    <Data Name="GrantedAccess">0x1000</Data>
    <Data Name="CallTrace">C:\Windows\SYSTEM32\ntdll.dll+9C5AE|C:\Windows\SYSTEM32\RPCRT4.dll+7E9B4|C:\Windows\SYSTEM32\KERNELBASE.dll+2D2AE</Data>
    <Data Name="SourceUser">NT AUTHORITY\NETWORK SERVICE</Data>
    <Data Name="TargetUser">NT AUTHORITY\SYSTEM</Data>
    
  </EventData>
</Event>
<Event xmlns="http://schemas.microsoft.com/win/2004/08/events/event">
  <System>
    <Provider Name="Microsoft-Windows-Sysmon" Guid="{5770385f-c22a-43e0-bf4c-06f5698ffbd9}"/>
    <EventID>1</EventID>
    <Version>5</Version>
    <Level>4</Level>
    <Task>1</Task>
    <Opcode>0</Opcode>
    <Keywords>0x8000000000000000</Keywords>
    <TimeCreated SystemTime="2024-03-04T15:39:49.9281530Z"/>
    <EventRecordID>44022</EventRecordID>
    <Correlation/>
    <Execution ProcessID="1828" ThreadID="2760"/>
    <Channel>Microsoft-Windows-Sysmon/Operational</Channel>
    <Computer>WS-02.alderwoodpartners.com</Computer>
    <Security UserID="S-1-5-18"/>
  </System>
  <EventData>
    
    <Data Name="RuleName">-</Data>
    <Data Name="UtcTime">2024-03-04 15:39:49.926</Data>
    <Data Name="ProcessGuid">{d6e97cde-eb45-65e5-f202-0010e87559d0}</Data>
    <Data Name="ProcessId">6656</Data>
    <Data Name="Image">C:\Windows\System32\SearchProtocolHost.exe</Data>
    <Data Name="FileVersion">10.0.22621.1</Data>
    <Data Name="Description">Microsoft Windows Search Protocol Host</Data>
    <Data Name="Product">Microsoft Windows Operating System</Data>
    <Data Name="Company">Microsoft Corporation</Data>
    <Data Name="OriginalFileName">SearchProtocolHost.exe</Data>
    <Data Name="CommandLine">SearchProtocolHost.exe Global\UsGthrFltPipeMssGthrPipe_S-1-5-20 Global\UsGthrCtrlFltPipeMssGthrPipe_S-1-5-20 1</Data>
    <Data Name="CurrentDirectory">C:\Windows\System32\</Data>
    <Data Name="User">NT AUTHORITY\SYSTEM</Data>
    <Data Name="LogonGuid">{00000000-0000-0000-0000-000000000000}</Data>
    <Data Name="LogonId">0x3e7</Data>
    <Data Name="TerminalSessionId">0</Data>
    <Data Name="IntegrityLevel">System</Data>
    <Data Name="Hashes">SHA1=43216957F6B1F6C0C1C954D1CFC7F9CE3FC72B60,MD5=BA242BD070D4A866C5D58169DB10ED02,SHA256=D48FE4EDB7B572D8CF8A37CD1AFC0882D88CA17A0BE3F4615C9E5A4F608E954A,IMPHASH=E495A5C3FEEEA98E32665B0ADE2B5A18</Data>
    <Data Name="ParentProcessGuid">{d6e97cde-a4f8-65d8-8002-0010f1d636b8}</Data>
    <Data Name="ParentProcessId">5576</Data>
    <Data Name="ParentImage">C:\Windows\System32\SearchIndexer.exe</Data>
    <Data Name="ParentCommandLine">SearchIndexer.exe</Data>
    <Data Name="ParentUser">NT AUTHORITY\SYSTEM</Data>
    
  </EventData>
</Event>
<Event xmlns="http://schemas.microsoft.com/win/2004/08/events/event">
  <System>
    <Provider Name="Microsoft-Windows-Sysmon" Guid="{5770385f-c22a-43e0-bf4c-06f5698ffbd9}"/>
    <EventID>5</EventID>
    <Version>3</Version>
    <Level>4</Level>
    <Task>5</Task>
    <Opcode>0</Opcode>
    <Keywords>0x8000000000000000</Keywords>
    <TimeCreated SystemTime="2024-03-04T15:39:53.1647984Z"/>
    <EventRecordID>44024</EventRecordID>
    <Correlation/>
    <Execution ProcessID="1828" ThreadID="3676"/>
    <Channel>Microsoft-Windows-Sysmon/Operational</Channel>
    <Computer>WS-02.alderwoodpartners.com</Computer>
    <Security UserID="S-1-5-18"/>
  </System>
  <EventData>
    
    <Data Name="RuleName">-</Data>
    <Data Name="UtcTime">2024-03-04 15:39:53.163</Data>
    <Data Name="ProcessGuid">{d6e97cde-e92b-65e5-1400-0000764d3045}</Data>
    <Data Name="ProcessId">6684</Data>
    <Data Name="Image">C:\Windows\System32\conhost.exe</Data>
    <Data Name="User">NT AUTHORITY\SYSTEM</Data>
    
  </EventData>
</Event>
<Event xmlns="http://schemas.microsoft.com/win/2004/08/events/event">
  <System>
    <Provider Name="Microsoft-Windows-Sysmon" Guid="{5770385f-c22a-43e0-bf4c-06f5698ffbd9}"/>
    <EventID>1</EventID>
    <Version>5</Version>
    <Level>4</Level>
    <Task>1</Task>
    <Opcode>0</Opcode>
    <Keywords>0x8000000000000000</Keywords>
    <TimeCreated SystemTime="2024-03-04T15:42:48.5749582Z"/>
    <EventRecordID>44033</EventRecordID>
    <Correlation/>
    <Execution ProcessID="1828" ThreadID="1156"/>
    <Channel>Microsoft-Windows-Sysmon/Operational</Channel>
    <Computer>WS-02.alderwoodpartners.com</Computer>
    <Security UserID="S-1-5-18"/>
  </System>
  <EventData>
    
    <Data Name="RuleName">-</Data>
    <Data Name="UtcTime">2024-03-04 15:42:48.574</Data>
    <Data Name="ProcessGuid">{d6e97cde-ebf8-65e5-6602-0000a2ee22cc}</Data>
    <Data Name="ProcessId">6700</Data>
    <Data Name="Image">C:\Windows\System32\svchost.exe</Data>
    <Data Name="FileVersion">10.0.22621.1</Data>
    <Data Name="Description">Host Process for Windows Services</Data>
    <Data Name="Product">Microsoft Windows Operating System</Data>
    <Data Name="Company">Microsoft Corporation</Data>
    <Data Name="OriginalFileName">svchost.exe</Data>
    <Data Name="CommandLine">svchost.exe -k netsvcs -p -s wuauserv</Data>
    <Data Name="CurrentDirectory">C:\Windows\System32\</Data>
    <Data Name="User">NT AUTHORITY\SYSTEM</Data>
    <Data Name="LogonGuid">{00000000-0000-0000-0000-000000000000}</Data>
    <Data Name="LogonId">0x3e7</Data>
    <Data Name="TerminalSessionId">0</Data>
    <Data Name="IntegrityLevel">System</Data>
    <Data Name="Hashes">SHA1=368D2441944693B0CBA629E5ADBC34A8407C40C3,MD5=8CF7DD20664F50F77B71A622747C3D66,SHA256=139556DF0A11AAA4D60AE41B55524114829D5C419E8E043A1F46FC360C93693A,IMPHASH=FC6BB923636A32BB4D62A5991B95FB0D</Data>
    <Data Name="ParentProcessGuid">{d6e97cde-a4e7-65d8-f802-00109dbe6025}</Data>
    <Data Name="ParentProcessId">5420</Data>
    <Data Name="ParentImage">C:\Windows\System32\services.exe</Data>
    <Data Name="ParentCommandLine">services.exe</Data>
    <Data Name="ParentUser">NT AUTHORITY\SYSTEM</Data>
    
  </EventData>
</Event>
<Event xmlns="http://schemas.microsoft.com/win/2004/08/events/event">
  <System>
    <Provider Name="Microsoft-Windows-Sysmon" Guid="{5770385f-c22a-43e0-bf4c-06f5698ffbd9}"/>
    <EventID>22</EventID>
    <Version>5</Version>
    <Level>4</Level>
    <Task>22</Task>
    <Opcode>0</Opcode>
    <Keywords>0x8000000000000000</Keywords>
    <TimeCreated SystemTime="2024-03-04T15:47:06.6851385Z"/>
    <EventRecordID>44038</EventRecordID>
    <Correlation/>
    <Execution ProcessID="1828" ThreadID="1156"/>
    <Channel>Microsoft-Windows-Sysmon/Operational</Channel>
    <Computer>WS-02.alderwoodpartners.com</Computer>
    <Security UserID="S-1-5-18"/>
  </System>
  <EventData>
    
    <Data Name="RuleName">-</Data>
    <Data Name="UtcTime">2024-03-04 15:47:06.680</Data>
    <Data Name="ProcessGuid">{d6e97cde-a4ef-65d8-0002-00009351f939}</Data>
    <Data Name="ProcessId">5456</Data>
    <Data Name="QueryName">www.bing.com</Data>
    <Data Name="QueryStatus">0</Data>
    <Data Name="QueryResults">13.107.21.200;204.79.197.200;</Data>
    <Data Name="Image">C:\Windows\System32\svchost.exe</Data>
    <Data Name="User">NT AUTHORITY\NETWORK SERVICE</Data>
    
  </EventData>
</Event>
<Event xmlns="http://schemas.microsoft.com/win/2004/08/events/event">
  <System>
    <Provider Name="Microsoft-Windows-Sysmon" Guid="{5770385f-c22a-43e0-bf4c-06f5698ffbd9}"/>
    <EventID>1</EventID>
    <Version>5</Version>
    <Level>4</Level>
    <Task>1</Task>
    <Opcode>0</Opcode>
    <Keywords>0x8000000000000000</Keywords>
    <TimeCreated SystemTime="2024-03-04T15:47:21.0245588Z"/>
    <EventRecordID>44039</EventRecordID>
    <Correlation/>
    <Execution ProcessID="1828" ThreadID="1156"/>
    <Channel>Microsoft-Windows-Sysmon/Operational</Channel>
    <Computer>WS-02.alderwoodpartners.com</Computer>
    <Security UserID="S-1-5-18"/>
  </System>
  <EventData>
    
    <Data Name="RuleName">-</Data>
    <Data Name="UtcTime">2024-03-04 15:47:21.023</Data>
    <Data Name="ProcessGuid">{d6e97cde-ed09-65e5-0402-0000efc11d4e}</Data>
    <Data Name="ProcessId">6740</Data>
    <Data Name="Image">C:\Windows\System32\taskhostw.exe</Data>
    <Data Name="FileVersion">10.0.22621.1</Data>
    <Data Name="Description">Host Process for Windows Tasks</Data>
    <Data Name="Product">Microsoft Windows Operating System</Data>
    <Data Name="Company">Microsoft Corporation</Data>
    <Data Name="OriginalFileName">taskhostw.exe</Data>
    <Data Name="CommandLine">taskhostw.exe</Data>
    <Data Name="CurrentDirectory">C:\Windows\System32\</Data>
    <Data Name="User">NT AUTHORITY\SYSTEM</Data>
    <Data Name="LogonGuid">{00000000-0000-0000-0000-000000000000}</Data>
    <Data Name="LogonId">0x3e7</Data>
    <Data Name="TerminalSessionId">0</Data>
    <Data Name="IntegrityLevel">System</Data>
    <Data Name="Hashes">SHA1=43D2778A530C049762799D2A49B4003FE63197E8,MD5=9CBB25D7316E690FD9A7B5A94FE435BA,SHA256=20F9EA7819597F0D2417814292A93F7DA3C7C772624D93C8D2EBBDEBEFCA7FBA,IMPHASH=6665061B5B72EBC3024E458910E50591</Data>
    <Data Name="ParentProcessGuid">{d6e97cde-a4ee-65d8-cd00-00002b01b5ec}</Data>
    <Data Name="ParentProcessId">5452</Data>
    <Data Name="ParentImage">C:\Windows\System32\svchost.exe</Data>
    <Data Name="ParentCommandLine">svchost.exe -k LocalSystem</Data>
    <Data Name="ParentUser">NT AUTHORITY\SYSTEM</Data>
    
  </EventData>
</Event>
<Event xmlns="http://schemas.microsoft.com/win/2004/08/events/event">
  <System>
    <Provider Name="Microsoft-Windows-Sysmon" Guid="{5770385f-c22a-43e0-bf4c-06f5698ffbd9}"/>
    <EventID>10</EventID>
    <Version>3</Version>
    <Level>4</Level>
    <Task>10</Task>
    <Opcode>0</Opcode>
    <Keywords>0x8000000000000000</Keywords>
    <TimeCreated SystemTime="2024-03-04T15:47:31.2677760Z"/>
    <EventRecordID>44040</EventRecordID>
    <Correlation/>
    <Execution ProcessID="1828" ThreadID="2760"/>
    <Channel>Microsoft-Windows-Sysmon/Operational</Channel>
    <Computer>WS-02.alderwoodpartners.com</Computer>
    <Security UserID="S-1-5-18"/>
  </System>
  <EventData>
    
    <Data Name="RuleName">-</Data>
    <Data Name="UtcTime">2024-03-04 15:47:31.267</Data>
    <Data Name="SourceProcessGUID">{d6e97cde-a4f8-65d8-8002-0010f1d636b8}</Data>
    <Data Name="SourceProcessId">5576</Data>
    <Data Name="SourceThreadId">20068</Data>
    <Data Name="SourceImage">C:\Windows\System32\SearchIndexer.exe</Data>
    <Data Name="TargetProcessGUID">{d6e97cde-a4fb-65d8-3700-0010301699ee}</Data>
    <Data Name="TargetProcessId">5628</Data>
    <Data Name="TargetImage">C:\Windows\System32\SearchProtocolHost.exe</Data>
    <Data Name="GrantedAccess">0x0400</Data>
    <Data Name="CallTrace">C:\Windows\SYSTEM32\ntdll.dll+9D0CC|C:\Windows\SYSTEM32\KERNELBASE.dll+2D1C8</Data>
    <Data Name="SourceUser">NT AUTHORITY\SYSTEM</Data>
    <Data Name="TargetUser">NT AUTHORITY\SYSTEM</Data>
    
  </EventData>
</Event>
<Event xmlns="http://schemas.microsoft.com/win/2004/08/events/event">
  <System>
    <Provider Name="Microsoft-Windows-Sysmon" Guid="{5770385f-c22a-43e0-bf4c-06f5698ffbd9}"/>
    <EventID>5</EventID>
    <Version>3</Version>
    <Level>4</Level>
    <Task>5</Task>
    <Opcode>0</Opcode>
    <Keywords>0x8000000000000000</Keywords>
    <TimeCreated SystemTime="2024-03-04T15:47:39.0770171Z"/>
    <EventRecordID>44041</EventRecordID>
    <Correlation/>
    <Execution ProcessID="1828" ThreadID="1156"/>
    <Channel>Microsoft-Windows-Sysmon/Operational</Channel>
    <Computer>WS-02.alderwoodpartners.com</Computer>
    <Security UserID="S-1-5-18"/>
  </System>
  <EventData>
    
    <Data Name="RuleName">-</Data>
    <Data Name="UtcTime">2024-03-04 15:47:39.075</Data>
    <Data Name="ProcessGuid">{d6e97cde-ed09-65e5-0402-0000efc11d4e}</Data>
    <Data Name="ProcessId">6740</Data>
    <Data Name="Image">C:\Windows\System32\taskhostw.exe</Data>
    <Data Name="User">NT AUTHORITY\SYSTEM</Data>
    
  </EventData>
</Event>
<Event xmlns="http://schemas.microsoft.com/win/2004/08/events/event">
  <System>
    <Provider Name="Microsoft-Windows-Sysmon" Guid="{5770385f-c22a-43e0-bf4c-06f5698ffbd9}"/>
    <EventID>10</EventID>
    <Version>3</Version>
    <Level>4</Level>
    <Task>10</Task>
    <Opcode>0</Opcode>
    <Keywords>0x8000000000000000</Keywords>
    <TimeCreated SystemTime="2024-03-04T15:48:28.3033082Z"/>
    <EventRecordID>44043</EventRecordID>
    <Correlation/>
    <Execution ProcessID="1828" ThreadID="2760"/>
    <Channel>Microsoft-Windows-Sysmon/Operational</Channel>
    <Computer>WS-02.alderwoodpartners.com</Computer>
    <Security UserID="S-1-5-18"/>
  </System>
  <EventData>
    
    <Data Name="RuleName">-</Data>
    <Data Name="UtcTime">2024-03-04 15:48:28.302</Data>
    <Data Name="SourceProcessGUID">{d6e97cde-a4e7-65d8-f802-00109dbe6025}</Data>
    <Data Name="SourceProcessId">5420</Data>
    <Data Name="SourceThreadId">19704</Data>
    <Data Name="SourceImage">C:\Windows\System32\services.exe</Data>
    <Data Name="TargetProcessGUID">{d6e97cde-a4e9-65d8-1700-00008cd41e46}</Data>
    <Data Name="TargetProcessId">5428</Data>
    <Data Name="TargetImage">C:\Windows\System32\lsass.exe</Data>
    <Data Name="GrantedAccess">0x0400</Data>
    <Data Name="CallTrace">C:\Windows\SYSTEM32\ntdll.dll+9D636|C:\Windows\SYSTEM32\KERNELBASE.dll+2D43F|C:\Windows\SYSTEM32\sechost.dll+1241F</Data>
    <Data Name="SourceUser">NT AUTHORITY\SYSTEM</Data>
    <Data Name="TargetUser">NT AUTHORITY\SYSTEM</Data>
    
  </EventData>
</Event>
<Event xmlns="http://schemas.microsoft.com/win/2004/08/events/event">
  <System>
    <Provider Name="Microsoft-Windows-Sysmon" Guid="{5770385f-c22a-43e0-bf4c-06f5698ffbd9}"/>
    <EventID>10</EventID>
    <Version>3</Version>
    <Level>4</Level>
    <Task>10</Task>
    <Opcode>0</Opcode>
    <Keywords>0x8000000000000000</Keywords>
    <TimeCreated SystemTime="2024-03-04T15:50:47.9600770Z"/>
    <EventRecordID>44047</EventRecordID>
    <Correlation/>
    <Execution ProcessID="1828" ThreadID="2760"/>
    <Channel>Microsoft-Windows-Sysmon/Operational</Channel>
    <Computer>WS-02.alderwoodpartners.com</Computer>
    <Security UserID="S-1-5-18"/>
  </System>
  <EventData>
    
    <Data Name="RuleName">-</Data>
    <Data Name="UtcTime">2024-03-04 15:50:47.959</Data>
    <Data Name="SourceProcessGUID">{d6e97cde-a4f7-65d8-6402-0000758d76b2}</Data>
    <Data Name="SourceProcessId">5572</Data>
    <Data Name="SourceThreadId">20012</Data>
    <Data Name="SourceImage">C:\ProgramData\Microsoft\Windows Defender\Platform\4.18.24010.12-0\MsMpEng.exe</Data>
    <Data Name="TargetProcessGUID">{d6e97cde-a501-65d8-9900-00005ed89b4e}</Data>
    <Data Name="TargetProcessId">5752</Data>
    <Data Name="TargetImage">C:\Windows\System32\winlogon.exe</Data>
    <Data Name="GrantedAccess">0x1010</Data>
    <Data Name="CallTrace">C:\Windows\SYSTEM32\ntdll.dll+9CAB3|C:\Windows\SYSTEM32\KERNELBASE.dll+2CD87|C:\Windows\SYSTEM32\advapi32.dll+4B70B</Data>
    <Data Name="SourceUser">NT AUTHORITY\SYSTEM</Data>
    <Data Name="TargetUser">NT AUTHORITY\SYSTEM</Data>
    
  </EventData>
</Event>
<Event xmlns="http://schemas.microsoft.com/win/2004/08/events/event">
  <System>
    <Provider Name="Microsoft-Windows-Sysmon" Guid="{5770385f-c22a-43e0-bf4c-06f5698ffbd9}"/>
    <EventID>11</EventID>
    <Version>2</Version>
    <Level>4</Level>
    <Task>11</Task>
    <Opcode>0</Opcode>
    <Keywords>0x8000000000000000</Keywords>
    <TimeCreated SystemTime="2024-03-04T15:53:32.8577522Z"/>
    <EventRecordID>44052</EventRecordID>
    <Correlation/>
    <Execution ProcessID="1828" ThreadID="3676"/>
    <Channel>Microsoft-Windows-Sysmon/Operational</Channel>
    <Computer>WS-02.alderwoodpartners.com</Computer>
    <Security UserID="S-1-5-18"/>
  </System>
  <EventData>
    
    <Data Name="RuleName">-</Data>
    <Data Name="UtcTime">2024-03-04 15:53:32.853</Data>
    <Data Name="ProcessGuid">{d6e97cde-a4fc-65d8-0700-001084ea293f}</Data>
    <Data Name="ProcessId">5632</Data>
    <Data Name="Image">C:\ProgramData\Microsoft\Windows Defender\Platform\4.18.24010.12-0\MpCmdRun.exe</Data>
    <Data Name="TargetFilename">C:\ProgramData\Microsoft\Windows Defender\Scans\History\Service\DetectionHistory\70534</Data>
    <Data Name="CreationUtcTime">2024-03-04 15:53:32.853</Data>
    <Data Name="User">NT AUTHORITY\SYSTEM</Data>
    
  </EventData>
</Event>
<Event xmlns="http://schemas.microsoft.com/win/2004/08/events/event">
  <System>
    <Provider Name="Microsoft-Windows-Sysmon" Guid="{5770385f-c22a-43e0-bf4c-06f5698ffbd9}"/>
    <EventID>5</EventID>
    <Version>3</Version>
    <Level>4</Level>
    <Task>5</Task>
    <Opcode>0</Opcode>
    <Keywords>0x8000000000000000</Keywords>
    <TimeCreated SystemTime="2024-03-04T15:53:42.7312985Z"/>
    <EventRecordID>44053</EventRecordID>
    <Correlation/>
    <Execution ProcessID="1828" ThreadID="3676"/>
    <Channel>Microsoft-Windows-Sysmon/Operational</Channel>
    <Computer>WS-02.alderwoodpartners.com</Computer>
    <Security UserID="S-1-5-18"/>
  </System>
  <EventData>
    
    <Data Name="RuleName">-</Data>
    <Data Name="UtcTime">2024-03-04 15:53:42.730</Data>
    <Data Name="ProcessGuid">{d6e97cde-e1b8-65e5-b500-001065d7589b}</Data>
    <Data Name="ProcessId">6544</Data>
    <Data Name="Image">C:\Windows\System32\wbem\WmiPrvSE.exe</Data>
    <Data Name="User">NT AUTHORITY\SYSTEM</Data>
    
  </EventData>
</Event>
</Events>
